<?xml version="1.0" encoding="UTF-8"?>
<testsuites name="Denvergov" time="213" tests="38" failures="4" errors="0">
   <testsuite name="Denvergov" tests="38" failures="4" errors="0" time="213" timestamp="2018-10-30 12:52:14" hostname="134527 - TSD77V9282.gov.dnvr" id="Test Suites/Denvergov">
      <properties>
         <property name="deviceName" value=""/>
         <property name="devicePlatform" value=""/>
         <property name="logFolder" value="C:\\Users\\134527\\git\\CCD Prod Validation\\Reports\\Denvergov\\20181030_125212"/>
         <property name="logFiles" value="C:\\Users\\134527\\git\\CCD Prod Validation\\Reports\\Denvergov\\20181030_125212\\execution0.log"/>
         <property name="attachments" value="C:\\Users\\134527\\git\\CCD Prod Validation\\Reports\\Denvergov\\20181030_125212\\1540925614596.png, C:\\Users\\134527\\git\\CCD Prod Validation\\Reports\\Denvergov\\20181030_125212\\1540925692318.png, C:\\Users\\134527\\git\\CCD Prod Validation\\Reports\\Denvergov\\20181030_125212\\1540925699705.png, C:\\Users\\134527\\git\\CCD Prod Validation\\Reports\\Denvergov\\20181030_125212\\1540925739246.png"/>
         <property name="hostName" value="134527 - TSD77V9282.gov.dnvr"/>
         <property name="os" value="Windows 7 64bit"/>
         <property name="katalonVersion" value="5.8.0.1"/>
         <property name="browser" value="Chrome 64.0.3282.167"/>
         <property name="hostAddress" value="10.128.49.18"/>
         <property name="sessionId" value="3f2399c95d26cac5ec63a38fcb3c9faf"/>
         <property name="seleniumVersion" value="3.7.1"/>
         <property name="proxyInformation" value="ProxyInformation{proxyOption=USE_SYSTEM, proxyServerType=HTTP, password=, proxyServerAddress=, proxyServerPort=0}"/>
         <property name="platform" value="Windows 7"/>
      </properties>
      <testcase name="Test Cases/Denvergov/Denvergov - ArtsVenues-EventSettlement" classname="Test Cases/Denvergov/Denvergov - ArtsVenues-EventSettlement" status="PASSED">
         <system-out><![CDATA[2018-10-30 12:52:20 - [TEST_CASE][PASSED] - Test Cases/Denvergov/Denvergov - ArtsVenues-EventSettlement: Test Cases/Denvergov/Denvergov - ArtsVenues-EventSettlement

2018-10-30 12:52:20 - [TEST_STEP][PASSED] - navigateToUrl: Navigate to 'https://www.denvergov.org/content/denvergov/en/city-of-denver-home/online-services-center/arts-and-venues-event-settlement-payment.html' successfully

2018-10-30 12:52:22 - [MESSAGE][PASSED] - Navigate to 'https://www.denvergov.org/content/denvergov/en/city-of-denver-home/online-services-center/arts-and-venues-event-settlement-payment.html' successfully

2018-10-30 12:52:22 - [TEST_STEP][PASSED] - waitForElementPresent: Object 'Object Repository/Page_Arts and Venues Event Settleme/iframe_Arts and Venues Event S' is present

2018-10-30 12:52:22 - [MESSAGE][PASSED] - Object 'Object Repository/Page_Arts and Venues Event Settleme/iframe_Arts and Venues Event S' is present

2018-10-30 12:52:22 - [TEST_STEP][PASSED] - setText: Text 'Test' is set on object 'Object Repository/Page_Arts and Venues Event Settleme/input__RESULT_TextField-0'

2018-10-30 12:52:23 - [MESSAGE][PASSED] - Text 'Test' is set on object 'Object Repository/Page_Arts and Venues Event Settleme/input__RESULT_TextField-0']]></system-out>
         <system-err><![CDATA[]]></system-err>
      </testcase>
      <testcase name="Test Cases/Denvergov/Denvergov - pocketgov" classname="Test Cases/Denvergov/Denvergov - pocketgov" status="PASSED">
         <system-out><![CDATA[2018-10-30 12:52:23 - [TEST_CASE][PASSED] - Test Cases/Denvergov/Denvergov - pocketgov: Test Cases/Denvergov/Denvergov - pocketgov

2018-10-30 12:52:23 - [TEST_STEP][PASSED] - navigateToUrl: Navigate to 'https://www.denvergov.org/pocketgov/#/' successfully

2018-10-30 12:52:24 - [MESSAGE][PASSED] - Navigate to 'https://www.denvergov.org/pocketgov/#/' successfully

2018-10-30 12:52:24 - [TEST_STEP][PASSED] - click: Object: 'Object Repository/Page_pocketgov/a_Report a Problem' is clicked on

2018-10-30 12:52:25 - [MESSAGE][PASSED] - Object: 'Object Repository/Page_pocketgov/a_Report a Problem' is clicked on

2018-10-30 12:52:25 - [TEST_STEP][PASSED] - waitForElementPresent: Object 'Object Repository/Page_pocketgov  Report a Problem/select_Select CategoryAbandone' is present

2018-10-30 12:52:25 - [MESSAGE][PASSED] - Object 'Object Repository/Page_pocketgov  Report a Problem/select_Select CategoryAbandone' is present

2018-10-30 12:52:25 - [TEST_STEP][PASSED] - selectOptionByValue: All options with value 'REP_GRAFFITI' are selected in object 'Object Repository/Page_pocketgov  Report a Problem/select_Select CategoryAbandone'  using regular expression

2018-10-30 12:52:25 - [MESSAGE][PASSED] - All options with value 'REP_GRAFFITI' are selected in object 'Object Repository/Page_pocketgov  Report a Problem/select_Select CategoryAbandone'  using regular expression]]></system-out>
         <system-err><![CDATA[]]></system-err>
      </testcase>
      <testcase name="Test Cases/Denvergov/Denvergov - Checkbook" classname="Test Cases/Denvergov/Denvergov - Checkbook" status="PASSED">
         <system-out><![CDATA[2018-10-30 12:52:25 - [TEST_CASE][PASSED] - Test Cases/Denvergov/Denvergov - Checkbook: Test Cases/Denvergov/Denvergov - Checkbook

2018-10-30 12:52:25 - [TEST_STEP][PASSED] - navigateToUrl: Navigate to 'https://www.denvergov.org/transparency/checkbook' successfully

2018-10-30 12:52:30 - [MESSAGE][PASSED] - Navigate to 'https://www.denvergov.org/transparency/checkbook' successfully

2018-10-30 12:52:30 - [TEST_STEP][PASSED] - setText: Text 'Denver' is set on object 'Object Repository/Page_Denvers Online Checkbook  City/input_Filter by Year_form-cont'

2018-10-30 12:52:37 - [MESSAGE][PASSED] - Text 'Denver' is set on object 'Object Repository/Page_Denvers Online Checkbook  City/input_Filter by Year_form-cont'

2018-10-30 12:52:37 - [TEST_STEP][PASSED] - click: Object: 'Object Repository/Page_Denvers Online Checkbook  City/div_Search' is clicked on

2018-10-30 12:52:37 - [MESSAGE][PASSED] - Object: 'Object Repository/Page_Denvers Online Checkbook  City/div_Search' is clicked on

2018-10-30 12:52:37 - [TEST_STEP][PASSED] - click: Object: 'Object Repository/Page_Denvers Online Checkbook  City/div_Search Results' is clicked on

2018-10-30 12:52:38 - [MESSAGE][PASSED] - Object: 'Object Repository/Page_Denvers Online Checkbook  City/div_Search Results' is clicked on]]></system-out>
         <system-err><![CDATA[]]></system-err>
      </testcase>
      <testcase name="Test Cases/Denvergov/Denvergov - Transparency" classname="Test Cases/Denvergov/Denvergov - Transparency" status="PASSED">
         <system-out><![CDATA[2018-10-30 12:52:38 - [TEST_CASE][PASSED] - Test Cases/Denvergov/Denvergov - Transparency: Test Cases/Denvergov/Denvergov - Transparency

2018-10-30 12:52:38 - [TEST_STEP][PASSED] - navigateToUrl: Navigate to 'https://www.denvergov.org/content/denvergov/en/transparent-denver.html' successfully

2018-10-30 12:52:39 - [MESSAGE][PASSED] - Navigate to 'https://www.denvergov.org/content/denvergov/en/transparent-denver.html' successfully

2018-10-30 12:52:39 - [TEST_STEP][PASSED] - waitForElementClickable: Object 'Object Repository/Page_Transparent Denver  Open. Visi/img' is clickable

2018-10-30 12:52:39 - [MESSAGE][PASSED] - Object 'Object Repository/Page_Transparent Denver  Open. Visi/img' is clickable

2018-10-30 12:52:39 - [TEST_STEP][PASSED] - click: Object: 'Object Repository/Page_Transparent Denver  Open. Visi/img' is clicked on

2018-10-30 12:52:39 - [MESSAGE][PASSED] - Object: 'Object Repository/Page_Transparent Denver  Open. Visi/img' is clicked on

2018-10-30 12:52:39 - [TEST_STEP][PASSED] - delay: Delayed 3 second(s)

2018-10-30 12:52:42 - [MESSAGE][PASSED] - Delayed 3 second(s)

2018-10-30 12:52:42 - [TEST_STEP][PASSED] - switchToWindowUrl: Switched to window with url: 'https://www.denvergov.org/transparency/checkbook#/home?year=2018'

2018-10-30 12:52:45 - [MESSAGE][PASSED] - Switched to window with url: 'https://www.denvergov.org/transparency/checkbook#/home?year=2018'

2018-10-30 12:52:45 - [TEST_STEP][PASSED] - closeWindowIndex: Window with index 1 is closed

2018-10-30 12:52:46 - [MESSAGE][PASSED] - Window with index 1 is closed

2018-10-30 12:52:46 - [TEST_STEP][PASSED] - switchToWindowIndex: Switched to window with index: '0'

2018-10-30 12:52:46 - [MESSAGE][PASSED] - Switched to window with index: '0']]></system-out>
         <system-err><![CDATA[]]></system-err>
      </testcase>
      <testcase name="Test Cases/Denvergov/Denvergov - ContractorLicenses" classname="Test Cases/Denvergov/Denvergov - ContractorLicenses" status="PASSED">
         <system-out><![CDATA[2018-10-30 12:52:46 - [TEST_CASE][PASSED] - Test Cases/Denvergov/Denvergov - ContractorLicenses: Test Cases/Denvergov/Denvergov - ContractorLicenses

2018-10-30 12:52:46 - [TEST_STEP][PASSED] - navigateToUrl: Navigate to 'https://www.denvergov.org/contractorlicenses' successfully

2018-10-30 12:52:46 - [MESSAGE][PASSED] - Navigate to 'https://www.denvergov.org/contractorlicenses' successfully

2018-10-30 12:52:46 - [TEST_STEP][PASSED] - setText: Text 'Denver' is set on object 'Object Repository/Page_Verify a Contractors License/input_Check whether a contract'

2018-10-30 12:52:46 - [MESSAGE][PASSED] - Text 'Denver' is set on object 'Object Repository/Page_Verify a Contractors License/input_Check whether a contract'

2018-10-30 12:52:46 - [TEST_STEP][PASSED] - click: Object: 'Object Repository/Page_Verify a Contractors License/button_Search' is clicked on

2018-10-30 12:52:46 - [MESSAGE][PASSED] - Object: 'Object Repository/Page_Verify a Contractors License/button_Search' is clicked on

2018-10-30 12:52:46 - [TEST_STEP][PASSED] - waitForElementNotVisible: Object 'Object Repository/Page_Verify a Contractors License/div_Searching...' is NOT visible

2018-10-30 12:52:49 - [MESSAGE][PASSED] - Object 'Object Repository/Page_Verify a Contractors License/div_Searching...' is NOT visible

2018-10-30 12:52:49 - [TEST_STEP][PASSED] - click: Object: 'Object Repository/Page_Verify a Contractors License/div_DENVER DRYWALL COMPANY' is clicked on

2018-10-30 12:52:49 - [MESSAGE][PASSED] - Object: 'Object Repository/Page_Verify a Contractors License/div_DENVER DRYWALL COMPANY' is clicked on]]></system-out>
         <system-err><![CDATA[]]></system-err>
      </testcase>
      <testcase name="Test Cases/Denvergov/Denvergov - VoterList" classname="Test Cases/Denvergov/Denvergov - VoterList" status="PASSED">
         <system-out><![CDATA[2018-10-30 12:52:49 - [TEST_CASE][PASSED] - Test Cases/Denvergov/Denvergov - VoterList: Test Cases/Denvergov/Denvergov - VoterList

2018-10-30 12:52:49 - [TEST_STEP][PASSED] - navigateToUrl: Navigate to 'https://www.denvergov.org/content/denvergov/en/denver-elections-divison/campaign-information/voter-data/voter-list-downloads.html' successfully

2018-10-30 12:52:50 - [MESSAGE][PASSED] - Navigate to 'https://www.denvergov.org/content/denvergov/en/denver-elections-divison/campaign-information/voter-data/voter-list-downloads.html' successfully

2018-10-30 12:52:50 - [TEST_STEP][PASSED] - click: Object: 'Object Repository/Page_Denver Elections Division  Vot/div_alert alert-dismissable al' is clicked on

2018-10-30 12:52:50 - [MESSAGE][PASSED] - Object: 'Object Repository/Page_Denver Elections Division  Vot/div_alert alert-dismissable al' is clicked on]]></system-out>
         <system-err><![CDATA[]]></system-err>
      </testcase>
      <testcase name="Test Cases/Denvergov/Denvergov - RecyclingSignup" classname="Test Cases/Denvergov/Denvergov - RecyclingSignup" status="FAILED">
         <failure type="FAILED" message="(Stack trace: com.kms.katalon.core.exception.StepFailedException: Unable to click on object 'Object Repository/Page_Home Page/a_201  ACOMA ST' (Root cause: com.kms.katalon.core.webui.exception.WebElementNotFoundException: Web element with id: 'Object Repository/Page_Home Page/a_201  ACOMA ST' located by 'By.xpath: //*[(text() = '201  ACOMA ST' or . = '201  ACOMA ST')]' not found)
	at com.kms.katalon.core.keyword.internal.KeywordMain.stepFailed(KeywordMain.groovy:36)
	at com.kms.katalon.core.webui.keyword.internal.WebUIKeywordMain.stepFailed(WebUIKeywordMain.groovy:65)
	at com.kms.katalon.core.webui.keyword.internal.WebUIKeywordMain.runKeyword(WebUIKeywordMain.groovy:27)
	at com.kms.katalon.core.webui.keyword.builtin.ClickKeyword.click(ClickKeyword.groovy:86)
	at com.kms.katalon.core.webui.keyword.builtin.ClickKeyword.execute(ClickKeyword.groovy:67)
	at com.kms.katalon.core.keyword.internal.KeywordExecutor.executeKeywordForPlatform(KeywordExecutor.groovy:53)
	at com.kms.katalon.core.webui.keyword.WebUiBuiltInKeywords.click(WebUiBuiltInKeywords.groovy:616)
	at com.kms.katalon.core.webui.keyword.WebUiBuiltInKeywords$click$4.call(Unknown Source)
	at org.codehaus.groovy.runtime.callsite.CallSiteArray.defaultCall(CallSiteArray.java:48)
	at org.codehaus.groovy.runtime.callsite.AbstractCallSite.call(AbstractCallSite.java:113)
	at org.codehaus.groovy.runtime.callsite.AbstractCallSite.call(AbstractCallSite.java:125)
	at Script1540242502279.run(Script1540242502279.groovy:24)
	at com.kms.katalon.core.main.ScriptEngine.run(ScriptEngine.java:183)
	at com.kms.katalon.core.main.ScriptEngine.runScriptAsRawText(ScriptEngine.java:108)
	at com.kms.katalon.core.main.TestCaseExecutor.runScript(TestCaseExecutor.java:294)
	at com.kms.katalon.core.main.TestCaseExecutor.doExecute(TestCaseExecutor.java:285)
	at com.kms.katalon.core.main.TestCaseExecutor.processExecutionPhase(TestCaseExecutor.java:264)
	at com.kms.katalon.core.main.TestCaseExecutor.accessMainPhase(TestCaseExecutor.java:256)
	at com.kms.katalon.core.main.TestCaseExecutor.execute(TestCaseExecutor.java:200)
	at com.kms.katalon.core.main.TestSuiteExecutor.accessTestCaseMainPhase(TestSuiteExecutor.java:129)
	at com.kms.katalon.core.main.TestSuiteExecutor.accessTestSuiteMainPhase(TestSuiteExecutor.java:112)
	at com.kms.katalon.core.main.TestSuiteExecutor.execute(TestSuiteExecutor.java:81)
	at com.kms.katalon.core.main.TestCaseMain.startTestSuite(TestCaseMain.java:142)
	at com.kms.katalon.core.main.TestCaseMain$startTestSuite$0.call(Unknown Source)
	at org.codehaus.groovy.runtime.callsite.CallSiteArray.defaultCall(CallSiteArray.java:48)
	at org.codehaus.groovy.runtime.callsite.AbstractCallSite.call(AbstractCallSite.java:113)
	at org.codehaus.groovy.runtime.callsite.AbstractCallSite.call(AbstractCallSite.java:141)
	at TempTestSuite1540925532185.run(TempTestSuite1540925532185.groovy:36)
	at groovy.lang.GroovyShell.runScriptOrMainOrTestOrRunnable(GroovyShell.java:263)
	at groovy.lang.GroovyShell.run(GroovyShell.java:518)
	at groovy.lang.GroovyShell.run(GroovyShell.java:507)
	at groovy.ui.GroovyMain.processOnce(GroovyMain.java:653)
	at groovy.ui.GroovyMain.run(GroovyMain.java:384)
	at groovy.ui.GroovyMain.process(GroovyMain.java:370)
	at groovy.ui.GroovyMain.processArgs(GroovyMain.java:129)
	at groovy.ui.GroovyMain.main(GroovyMain.java:109)
	at sun.reflect.NativeMethodAccessorImpl.invoke0(Native Method)
	at sun.reflect.NativeMethodAccessorImpl.invoke(NativeMethodAccessorImpl.java:62)
	at sun.reflect.DelegatingMethodAccessorImpl.invoke(DelegatingMethodAccessorImpl.java:43)
	at java.lang.reflect.Method.invoke(Method.java:498)
	at org.codehaus.groovy.tools.GroovyStarter.rootLoader(GroovyStarter.java:109)
	at org.codehaus.groovy.tools.GroovyStarter.main(GroovyStarter.java:131)
)"/>
         <system-out><![CDATA[2018-10-30 12:52:50 - [TEST_CASE][FAILED] - Test Cases/Denvergov/Denvergov - RecyclingSignup: Test Cases/Denvergov/Denvergov - RecyclingSignup FAILED because (of) (Stack trace: com.kms.katalon.core.exception.StepFailedException: Unable to click on object 'Object Repository/Page_Home Page/a_201  ACOMA ST' (Root cause: com.kms.katalon.core.webui.exception.WebElementNotFoundException: Web element with id: 'Object Repository/Page_Home Page/a_201  ACOMA ST' located by 'By.xpath: //*[(text() = '201  ACOMA ST' or . = '201  ACOMA ST')]' not found)
	at com.kms.katalon.core.keyword.internal.KeywordMain.stepFailed(KeywordMain.groovy:36)
	at com.kms.katalon.core.webui.keyword.internal.WebUIKeywordMain.stepFailed(WebUIKeywordMain.groovy:65)
	at com.kms.katalon.core.webui.keyword.internal.WebUIKeywordMain.runKeyword(WebUIKeywordMain.groovy:27)
	at com.kms.katalon.core.webui.keyword.builtin.ClickKeyword.click(ClickKeyword.groovy:86)
	at com.kms.katalon.core.webui.keyword.builtin.ClickKeyword.execute(ClickKeyword.groovy:67)
	at com.kms.katalon.core.keyword.internal.KeywordExecutor.executeKeywordForPlatform(KeywordExecutor.groovy:53)
	at com.kms.katalon.core.webui.keyword.WebUiBuiltInKeywords.click(WebUiBuiltInKeywords.groovy:616)
	at com.kms.katalon.core.webui.keyword.WebUiBuiltInKeywords$click$4.call(Unknown Source)
	at org.codehaus.groovy.runtime.callsite.CallSiteArray.defaultCall(CallSiteArray.java:48)
	at org.codehaus.groovy.runtime.callsite.AbstractCallSite.call(AbstractCallSite.java:113)
	at org.codehaus.groovy.runtime.callsite.AbstractCallSite.call(AbstractCallSite.java:125)
	at Script1540242502279.run(Script1540242502279.groovy:24)
	at com.kms.katalon.core.main.ScriptEngine.run(ScriptEngine.java:183)
	at com.kms.katalon.core.main.ScriptEngine.runScriptAsRawText(ScriptEngine.java:108)
	at com.kms.katalon.core.main.TestCaseExecutor.runScript(TestCaseExecutor.java:294)
	at com.kms.katalon.core.main.TestCaseExecutor.doExecute(TestCaseExecutor.java:285)
	at com.kms.katalon.core.main.TestCaseExecutor.processExecutionPhase(TestCaseExecutor.java:264)
	at com.kms.katalon.core.main.TestCaseExecutor.accessMainPhase(TestCaseExecutor.java:256)
	at com.kms.katalon.core.main.TestCaseExecutor.execute(TestCaseExecutor.java:200)
	at com.kms.katalon.core.main.TestSuiteExecutor.accessTestCaseMainPhase(TestSuiteExecutor.java:129)
	at com.kms.katalon.core.main.TestSuiteExecutor.accessTestSuiteMainPhase(TestSuiteExecutor.java:112)
	at com.kms.katalon.core.main.TestSuiteExecutor.execute(TestSuiteExecutor.java:81)
	at com.kms.katalon.core.main.TestCaseMain.startTestSuite(TestCaseMain.java:142)
	at com.kms.katalon.core.main.TestCaseMain$startTestSuite$0.call(Unknown Source)
	at org.codehaus.groovy.runtime.callsite.CallSiteArray.defaultCall(CallSiteArray.java:48)
	at org.codehaus.groovy.runtime.callsite.AbstractCallSite.call(AbstractCallSite.java:113)
	at org.codehaus.groovy.runtime.callsite.AbstractCallSite.call(AbstractCallSite.java:141)
	at TempTestSuite1540925532185.run(TempTestSuite1540925532185.groovy:36)
	at groovy.lang.GroovyShell.runScriptOrMainOrTestOrRunnable(GroovyShell.java:263)
	at groovy.lang.GroovyShell.run(GroovyShell.java:518)
	at groovy.lang.GroovyShell.run(GroovyShell.java:507)
	at groovy.ui.GroovyMain.processOnce(GroovyMain.java:653)
	at groovy.ui.GroovyMain.run(GroovyMain.java:384)
	at groovy.ui.GroovyMain.process(GroovyMain.java:370)
	at groovy.ui.GroovyMain.processArgs(GroovyMain.java:129)
	at groovy.ui.GroovyMain.main(GroovyMain.java:109)
	at sun.reflect.NativeMethodAccessorImpl.invoke0(Native Method)
	at sun.reflect.NativeMethodAccessorImpl.invoke(NativeMethodAccessorImpl.java:62)
	at sun.reflect.DelegatingMethodAccessorImpl.invoke(DelegatingMethodAccessorImpl.java:43)
	at java.lang.reflect.Method.invoke(Method.java:498)
	at org.codehaus.groovy.tools.GroovyStarter.rootLoader(GroovyStarter.java:109)
	at org.codehaus.groovy.tools.GroovyStarter.main(GroovyStarter.java:131)
)

2018-10-30 12:52:51 - [TEST_STEP][PASSED] - navigateToUrl: Navigate to 'https://www.denvergov.org/recyclingsignup' successfully

2018-10-30 12:52:53 - [MESSAGE][PASSED] - Navigate to 'https://www.denvergov.org/recyclingsignup' successfully

2018-10-30 12:52:53 - [TEST_STEP][PASSED] - setText: Text '201' is set on object 'Object Repository/Page_Home Page/input_Number_form-control ng-u (1)'

2018-10-30 12:52:53 - [MESSAGE][PASSED] - Text '201' is set on object 'Object Repository/Page_Home Page/input_Number_form-control ng-u (1)'

2018-10-30 12:52:53 - [TEST_STEP][PASSED] - click: Object: 'Object Repository/Page_Home Page/button_Search' is clicked on

2018-10-30 12:52:54 - [MESSAGE][PASSED] - Object: 'Object Repository/Page_Home Page/button_Search' is clicked on

2018-10-30 12:52:54 - [TEST_STEP][PASSED] - waitForElementPresent: Object 'Object Repository/Page_Home Page/a_201  ACOMA ST' is not present after 8 second(s)

2018-10-30 12:53:03 - [MESSAGE][WARNING] - Object 'Object Repository/Page_Home Page/a_201  ACOMA ST' is not present after 8 second(s)

2018-10-30 12:53:03 - [TEST_STEP][FAILED] - click: Unable to click on object 'Object Repository/Page_Home Page/a_201  ACOMA ST' (Root cause: com.kms.katalon.core.webui.exception.WebElementNotFoundException: Web element with id: 'Object Repository/Page_Home Page/a_201  ACOMA ST' located by 'By.xpath: //*[(text() = '201  ACOMA ST' or . = '201  ACOMA ST')]' not found)

2018-10-30 12:53:35 - [MESSAGE][FAILED] - Unable to click on object 'Object Repository/Page_Home Page/a_201  ACOMA ST' (Root cause: com.kms.katalon.core.webui.exception.WebElementNotFoundException: Web element with id: 'Object Repository/Page_Home Page/a_201  ACOMA ST' located by 'By.xpath: //*[(text() = '201  ACOMA ST' or . = '201  ACOMA ST')]' not found)
[[ATTACHMENT|C:\\Users\\134527\\git\\CCD Prod Validation\\Reports\\Denvergov\\20181030_125212\\1540925614596.png]]]]></system-out>
         <system-err><![CDATA[2018-10-30 12:52:50 - [TEST_CASE][FAILED] - Test Cases/Denvergov/Denvergov - RecyclingSignup: Test Cases/Denvergov/Denvergov - RecyclingSignup FAILED because (of) (Stack trace: com.kms.katalon.core.exception.StepFailedException: Unable to click on object 'Object Repository/Page_Home Page/a_201  ACOMA ST' (Root cause: com.kms.katalon.core.webui.exception.WebElementNotFoundException: Web element with id: 'Object Repository/Page_Home Page/a_201  ACOMA ST' located by 'By.xpath: //*[(text() = '201  ACOMA ST' or . = '201  ACOMA ST')]' not found)
	at com.kms.katalon.core.keyword.internal.KeywordMain.stepFailed(KeywordMain.groovy:36)
	at com.kms.katalon.core.webui.keyword.internal.WebUIKeywordMain.stepFailed(WebUIKeywordMain.groovy:65)
	at com.kms.katalon.core.webui.keyword.internal.WebUIKeywordMain.runKeyword(WebUIKeywordMain.groovy:27)
	at com.kms.katalon.core.webui.keyword.builtin.ClickKeyword.click(ClickKeyword.groovy:86)
	at com.kms.katalon.core.webui.keyword.builtin.ClickKeyword.execute(ClickKeyword.groovy:67)
	at com.kms.katalon.core.keyword.internal.KeywordExecutor.executeKeywordForPlatform(KeywordExecutor.groovy:53)
	at com.kms.katalon.core.webui.keyword.WebUiBuiltInKeywords.click(WebUiBuiltInKeywords.groovy:616)
	at com.kms.katalon.core.webui.keyword.WebUiBuiltInKeywords$click$4.call(Unknown Source)
	at org.codehaus.groovy.runtime.callsite.CallSiteArray.defaultCall(CallSiteArray.java:48)
	at org.codehaus.groovy.runtime.callsite.AbstractCallSite.call(AbstractCallSite.java:113)
	at org.codehaus.groovy.runtime.callsite.AbstractCallSite.call(AbstractCallSite.java:125)
	at Script1540242502279.run(Script1540242502279.groovy:24)
	at com.kms.katalon.core.main.ScriptEngine.run(ScriptEngine.java:183)
	at com.kms.katalon.core.main.ScriptEngine.runScriptAsRawText(ScriptEngine.java:108)
	at com.kms.katalon.core.main.TestCaseExecutor.runScript(TestCaseExecutor.java:294)
	at com.kms.katalon.core.main.TestCaseExecutor.doExecute(TestCaseExecutor.java:285)
	at com.kms.katalon.core.main.TestCaseExecutor.processExecutionPhase(TestCaseExecutor.java:264)
	at com.kms.katalon.core.main.TestCaseExecutor.accessMainPhase(TestCaseExecutor.java:256)
	at com.kms.katalon.core.main.TestCaseExecutor.execute(TestCaseExecutor.java:200)
	at com.kms.katalon.core.main.TestSuiteExecutor.accessTestCaseMainPhase(TestSuiteExecutor.java:129)
	at com.kms.katalon.core.main.TestSuiteExecutor.accessTestSuiteMainPhase(TestSuiteExecutor.java:112)
	at com.kms.katalon.core.main.TestSuiteExecutor.execute(TestSuiteExecutor.java:81)
	at com.kms.katalon.core.main.TestCaseMain.startTestSuite(TestCaseMain.java:142)
	at com.kms.katalon.core.main.TestCaseMain$startTestSuite$0.call(Unknown Source)
	at org.codehaus.groovy.runtime.callsite.CallSiteArray.defaultCall(CallSiteArray.java:48)
	at org.codehaus.groovy.runtime.callsite.AbstractCallSite.call(AbstractCallSite.java:113)
	at org.codehaus.groovy.runtime.callsite.AbstractCallSite.call(AbstractCallSite.java:141)
	at TempTestSuite1540925532185.run(TempTestSuite1540925532185.groovy:36)
	at groovy.lang.GroovyShell.runScriptOrMainOrTestOrRunnable(GroovyShell.java:263)
	at groovy.lang.GroovyShell.run(GroovyShell.java:518)
	at groovy.lang.GroovyShell.run(GroovyShell.java:507)
	at groovy.ui.GroovyMain.processOnce(GroovyMain.java:653)
	at groovy.ui.GroovyMain.run(GroovyMain.java:384)
	at groovy.ui.GroovyMain.process(GroovyMain.java:370)
	at groovy.ui.GroovyMain.processArgs(GroovyMain.java:129)
	at groovy.ui.GroovyMain.main(GroovyMain.java:109)
	at sun.reflect.NativeMethodAccessorImpl.invoke0(Native Method)
	at sun.reflect.NativeMethodAccessorImpl.invoke(NativeMethodAccessorImpl.java:62)
	at sun.reflect.DelegatingMethodAccessorImpl.invoke(DelegatingMethodAccessorImpl.java:43)
	at java.lang.reflect.Method.invoke(Method.java:498)
	at org.codehaus.groovy.tools.GroovyStarter.rootLoader(GroovyStarter.java:109)
	at org.codehaus.groovy.tools.GroovyStarter.main(GroovyStarter.java:131)
)]]></system-err>
      </testcase>
      <testcase name="Test Cases/Denvergov/Denvergov - CampaignFinanceReports" classname="Test Cases/Denvergov/Denvergov - CampaignFinanceReports" status="PASSED">
         <system-out><![CDATA[2018-10-30 12:53:35 - [TEST_CASE][PASSED] - Test Cases/Denvergov/Denvergov - CampaignFinanceReports: Test Cases/Denvergov/Denvergov - CampaignFinanceReports

2018-10-30 12:53:35 - [TEST_STEP][PASSED] - navigateToUrl: Navigate to 'https://www.denvergov.org/content/denvergov/en/denver-elections-divison/campaign-information/campaign-finance/campaign-finance-archives.html' successfully

2018-10-30 12:53:36 - [MESSAGE][PASSED] - Navigate to 'https://www.denvergov.org/content/denvergov/en/denver-elections-divison/campaign-information/campaign-finance/campaign-finance-archives.html' successfully

2018-10-30 12:53:36 - [TEST_STEP][PASSED] - setText: Text '2018' is set on object 'Object Repository/Page_Denver Elections Division  Cam/input_concat(Search by Year Or'

2018-10-30 12:53:37 - [MESSAGE][PASSED] - Text '2018' is set on object 'Object Repository/Page_Denver Elections Division  Cam/input_concat(Search by Year Or'

2018-10-30 12:53:37 - [TEST_STEP][PASSED] - waitForElementPresent: Object 'Object Repository/Page_Denver Elections Division  Cam/NumberOfResults' is not present after 5 second(s)

2018-10-30 12:53:43 - [MESSAGE][WARNING] - Object 'Object Repository/Page_Denver Elections Division  Cam/NumberOfResults' is not present after 5 second(s)

2018-10-30 12:53:43 - [TEST_STEP][NOT_RUN] - Statement - attribute = com.kms.katalon.core.webui.keyword.WebUiBuiltInKeywords.getAttribute(com.kms.katalon.core.testobject.ObjectRepository.findTestObject(Page_Denver Elections Division  Cam/NumberOfResults), "value"): NOT_RUN: Statement - attribute = com.kms.katalon.core.webui.keyword.WebUiBuiltInKeywords.getAttribute(com.kms.katalon.core.testobject.ObjectRepository.findTestObject(Page_Denver Elections Division  Cam/NumberOfResults), "value")

2018-10-30 12:53:43 - [MESSAGE][NOT_RUN] - NOT_RUN: Statement - attribute = com.kms.katalon.core.webui.keyword.WebUiBuiltInKeywords.getAttribute(com.kms.katalon.core.testobject.ObjectRepository.findTestObject(Page_Denver Elections Division  Cam/NumberOfResults), "value")]]></system-out>
         <system-err><![CDATA[]]></system-err>
      </testcase>
      <testcase name="Test Cases/Denvergov/Denvergov - LandSurveyPlats" classname="Test Cases/Denvergov/Denvergov - LandSurveyPlats" status="PASSED">
         <system-out><![CDATA[2018-10-30 12:53:43 - [TEST_CASE][PASSED] - Test Cases/Denvergov/Denvergov - LandSurveyPlats: Test Cases/Denvergov/Denvergov - LandSurveyPlats

2018-10-30 12:53:43 - [TEST_STEP][PASSED] - navigateToUrl: Navigate to 'https://www.denvergov.org/landsurveysearch' successfully

2018-10-30 12:53:43 - [MESSAGE][PASSED] - Navigate to 'https://www.denvergov.org/landsurveysearch' successfully

2018-10-30 12:53:43 - [TEST_STEP][PASSED] - selectOptionByValue: All options with value '1' are selected in object 'Object Repository/Page_Search for Land Survey Plats i/select_Select11011121314151617'  using regular expression

2018-10-30 12:53:44 - [MESSAGE][PASSED] - All options with value '1' are selected in object 'Object Repository/Page_Search for Land Survey Plats i/select_Select11011121314151617'  using regular expression

2018-10-30 12:53:44 - [TEST_STEP][PASSED] - click: Object: 'Object Repository/Page_Search for Land Survey Plats i/button_Search' is clicked on

2018-10-30 12:53:44 - [MESSAGE][PASSED] - Object: 'Object Repository/Page_Search for Land Survey Plats i/button_Search' is clicked on]]></system-out>
         <system-err><![CDATA[]]></system-err>
      </testcase>
      <testcase name="Test Cases/Denvergov/Denvergov - City Attorney Search" classname="Test Cases/Denvergov/Denvergov - City Attorney Search" status="PASSED">
         <system-out><![CDATA[2018-10-30 12:53:44 - [TEST_CASE][PASSED] - Test Cases/Denvergov/Denvergov - City Attorney Search: Test Cases/Denvergov/Denvergov - City Attorney Search

2018-10-30 12:53:44 - [TEST_STEP][PASSED] - navigateToUrl: Navigate to 'https://www.denvergov.org/cityattorneydirectory' successfully

2018-10-30 12:53:45 - [MESSAGE][PASSED] - Navigate to 'https://www.denvergov.org/cityattorneydirectory' successfully

2018-10-30 12:53:45 - [TEST_STEP][PASSED] - setText: Text 'a' is set on object 'Object Repository/Page_Home Page/input_Search for attorneys by'

2018-10-30 12:53:45 - [MESSAGE][PASSED] - Text 'a' is set on object 'Object Repository/Page_Home Page/input_Search for attorneys by'

2018-10-30 12:53:45 - [TEST_STEP][PASSED] - click: Object: 'Object Repository/Page_Home Page/AttorneyResults' is clicked on

2018-10-30 12:53:45 - [MESSAGE][PASSED] - Object: 'Object Repository/Page_Home Page/AttorneyResults' is clicked on]]></system-out>
         <system-err><![CDATA[]]></system-err>
      </testcase>
      <testcase name="Test Cases/Denvergov/Denvergov - CityContracts" classname="Test Cases/Denvergov/Denvergov - CityContracts" status="PASSED">
         <system-out><![CDATA[2018-10-30 12:53:45 - [TEST_CASE][PASSED] - Test Cases/Denvergov/Denvergov - CityContracts: Test Cases/Denvergov/Denvergov - CityContracts

2018-10-30 12:53:45 - [TEST_STEP][PASSED] - navigateToUrl: Navigate to 'https://www.denvergov.org/content/denvergov/en/denver-office-of-the-clerk-and-recorder/city-clerk-records/city-contracts-2018.html' successfully

2018-10-30 12:53:46 - [MESSAGE][PASSED] - Navigate to 'https://www.denvergov.org/content/denvergov/en/denver-office-of-the-clerk-and-recorder/city-clerk-records/city-contracts-2018.html' successfully

2018-10-30 12:53:46 - [TEST_STEP][PASSED] - click: Object: 'Object Repository/Page_City Contracts 2018/p_Pleaseemail usforcity contra' is clicked on

2018-10-30 12:53:46 - [MESSAGE][PASSED] - Object: 'Object Repository/Page_City Contracts 2018/p_Pleaseemail usforcity contra' is clicked on]]></system-out>
         <system-err><![CDATA[]]></system-err>
      </testcase>
      <testcase name="Test Cases/Denvergov/Denvergov - Denver8Schedule" classname="Test Cases/Denvergov/Denvergov - Denver8Schedule" status="PASSED">
         <system-out><![CDATA[2018-10-30 12:53:46 - [TEST_CASE][PASSED] - Test Cases/Denvergov/Denvergov - Denver8Schedule: Test Cases/Denvergov/Denvergov - Denver8Schedule

2018-10-30 12:53:46 - [TEST_STEP][PASSED] - navigateToUrl: Navigate to 'https://www.denvergov.org/denver8schedule' successfully

2018-10-30 12:53:50 - [MESSAGE][PASSED] - Navigate to 'https://www.denvergov.org/denver8schedule' successfully

2018-10-30 12:53:50 - [TEST_STEP][PASSED] - click: Object: 'Object Repository/Page_Denver 8 Television Schedule/a_Denver 8 TV ProgramsAirtimes' is clicked on

2018-10-30 12:53:50 - [MESSAGE][PASSED] - Object: 'Object Repository/Page_Denver 8 Television Schedule/a_Denver 8 TV ProgramsAirtimes' is clicked on]]></system-out>
         <system-err><![CDATA[]]></system-err>
      </testcase>
      <testcase name="Test Cases/Denvergov/Denvergov - RecyclingAdmin" classname="Test Cases/Denvergov/Denvergov - RecyclingAdmin" status="PASSED">
         <system-out><![CDATA[2018-10-30 12:53:50 - [TEST_CASE][PASSED] - Test Cases/Denvergov/Denvergov - RecyclingAdmin: Test Cases/Denvergov/Denvergov - RecyclingAdmin

2018-10-30 12:53:50 - [TEST_STEP][PASSED] - navigateToUrl: Navigate to 'https://www.denvergov.org/recyclingadmin#/login' successfully

2018-10-30 12:53:53 - [MESSAGE][PASSED] - Navigate to 'https://www.denvergov.org/recyclingadmin#/login' successfully

2018-10-30 12:53:53 - [TEST_STEP][PASSED] - click: Object: 'Object Repository/Page_Home Page/div_Login' is clicked on

2018-10-30 12:53:53 - [MESSAGE][PASSED] - Object: 'Object Repository/Page_Home Page/div_Login' is clicked on]]></system-out>
         <system-err><![CDATA[]]></system-err>
      </testcase>
      <testcase name="Test Cases/Denvergov/Denvergov - OpenDataCatalog" classname="Test Cases/Denvergov/Denvergov - OpenDataCatalog" status="PASSED">
         <system-out><![CDATA[2018-10-30 12:53:53 - [TEST_CASE][PASSED] - Test Cases/Denvergov/Denvergov - OpenDataCatalog: Test Cases/Denvergov/Denvergov - OpenDataCatalog

2018-10-30 12:53:54 - [TEST_STEP][PASSED] - navigateToUrl: Navigate to 'https://www.denvergov.org/opendata' successfully

2018-10-30 12:53:54 - [MESSAGE][PASSED] - Navigate to 'https://www.denvergov.org/opendata' successfully

2018-10-30 12:53:54 - [TEST_STEP][PASSED] - click: Object: 'Object Repository/Page_Denver Open Data Catalog/a_View All Datasets' is clicked on

2018-10-30 12:53:55 - [MESSAGE][PASSED] - Object: 'Object Repository/Page_Denver Open Data Catalog/a_View All Datasets' is clicked on

2018-10-30 12:53:55 - [TEST_STEP][PASSED] - click: Object: 'Object Repository/Page_Denver Open Data Catalog Searc/h2_Results        ListTable' is clicked on

2018-10-30 12:53:55 - [MESSAGE][PASSED] - Object: 'Object Repository/Page_Denver Open Data Catalog Searc/h2_Results        ListTable' is clicked on]]></system-out>
         <system-err><![CDATA[]]></system-err>
      </testcase>
      <testcase name="Test Cases/Denvergov/Denvergov - CSAHearingsFileSearch" classname="Test Cases/Denvergov/Denvergov - CSAHearingsFileSearch" status="PASSED">
         <system-out><![CDATA[2018-10-30 12:53:55 - [TEST_CASE][PASSED] - Test Cases/Denvergov/Denvergov - CSAHearingsFileSearch: Test Cases/Denvergov/Denvergov - CSAHearingsFileSearch

2018-10-30 12:53:55 - [TEST_STEP][PASSED] - navigateToUrl: Navigate to 'https://www.denvergov.org/denverapps/csa-hearings-files/R-20170405-003/index_server.html' successfully

2018-10-30 12:53:56 - [MESSAGE][PASSED] - Navigate to 'https://www.denvergov.org/denverapps/csa-hearings-files/R-20170405-003/index_server.html' successfully

2018-10-30 12:53:56 - [TEST_STEP][PASSED] - setText: Text 'Test' is set on object 'Object Repository/Page_Angular 2 QuickStart/input_Username_Username'

2018-10-30 12:54:00 - [MESSAGE][PASSED] - Text 'Test' is set on object 'Object Repository/Page_Angular 2 QuickStart/input_Username_Username'

2018-10-30 12:54:00 - [TEST_STEP][PASSED] - setEncryptedText: Text ****** has been set on object 'Object Repository/Page_Angular 2 QuickStart/input_Password_Password'

2018-10-30 12:54:00 - [MESSAGE][PASSED] - Text ****** has been set on object 'Object Repository/Page_Angular 2 QuickStart/input_Password_Password'

2018-10-30 12:54:00 - [TEST_STEP][PASSED] - click: Object: 'Object Repository/Page_Angular 2 QuickStart/button_Submit' is clicked on

2018-10-30 12:54:00 - [MESSAGE][PASSED] - Object: 'Object Repository/Page_Angular 2 QuickStart/button_Submit' is clicked on]]></system-out>
         <system-err><![CDATA[]]></system-err>
      </testcase>
      <testcase name="Test Cases/Denvergov/Denvergov - AnimalShelter" classname="Test Cases/Denvergov/Denvergov - AnimalShelter" status="PASSED">
         <system-out><![CDATA[2018-10-30 12:54:00 - [TEST_CASE][PASSED] - Test Cases/Denvergov/Denvergov - AnimalShelter: Test Cases/Denvergov/Denvergov - AnimalShelter

2018-10-30 12:54:00 - [TEST_STEP][PASSED] - navigateToUrl: Navigate to 'https://www.denvergov.org/content/denvergov/en/denver-animal-shelter/donate/animal-shelter-donation-form.html' successfully

2018-10-30 12:54:02 - [MESSAGE][PASSED] - Navigate to 'https://www.denvergov.org/content/denvergov/en/denver-animal-shelter/donate/animal-shelter-donation-form.html' successfully

2018-10-30 12:54:02 - [TEST_STEP][PASSED] - setText: Text 'Test' is set on object 'Object Repository/Page_Animal Shelter Donation Form/input_First Name_firstName'

2018-10-30 12:54:03 - [MESSAGE][PASSED] - Text 'Test' is set on object 'Object Repository/Page_Animal Shelter Donation Form/input_First Name_firstName']]></system-out>
         <system-err><![CDATA[]]></system-err>
      </testcase>
      <testcase name="Test Cases/Denvergov/Denvergov - CampaignFinance" classname="Test Cases/Denvergov/Denvergov - CampaignFinance" status="PASSED">
         <system-out><![CDATA[2018-10-30 12:54:03 - [TEST_CASE][PASSED] - Test Cases/Denvergov/Denvergov - CampaignFinance: Test Cases/Denvergov/Denvergov - CampaignFinance

2018-10-30 12:54:03 - [TEST_STEP][PASSED] - navigateToUrl: Navigate to 'https://www.denvergov.org/campaignfinancereport/Account?ReturnUrl=%2fcampaignfinancereport' successfully

2018-10-30 12:54:03 - [MESSAGE][PASSED] - Navigate to 'https://www.denvergov.org/campaignfinancereport/Account?ReturnUrl=%2fcampaignfinancereport' successfully

2018-10-30 12:54:03 - [TEST_STEP][PASSED] - setText: Text 'loadtest@denvergov.org' is set on object 'Object Repository/Page_Login/input_Login_Email'

2018-10-30 12:54:04 - [MESSAGE][PASSED] - Text 'loadtest@denvergov.org' is set on object 'Object Repository/Page_Login/input_Login_Email'

2018-10-30 12:54:04 - [TEST_STEP][PASSED] - setEncryptedText: Text ****** has been set on object 'Object Repository/Page_Login/input_Login_Password'

2018-10-30 12:54:04 - [MESSAGE][PASSED] - Text ****** has been set on object 'Object Repository/Page_Login/input_Login_Password'

2018-10-30 12:54:04 - [TEST_STEP][PASSED] - click: Object: 'Object Repository/Page_Login/input_Login_btn btn-info' is clicked on

2018-10-30 12:54:06 - [MESSAGE][PASSED] - Object: 'Object Repository/Page_Login/input_Login_btn btn-info' is clicked on

2018-10-30 12:54:06 - [TEST_STEP][PASSED] - verifyElementPresent: Object 'Object Repository/Page_Home Page/div_Current User loadtestdenve' is present

2018-10-30 12:54:08 - [MESSAGE][PASSED] - Object 'Object Repository/Page_Home Page/div_Current User loadtestdenve' is present]]></system-out>
         <system-err><![CDATA[]]></system-err>
      </testcase>
      <testcase name="Test Cases/Denvergov/Denvergov - CSAHearingsAppeals" classname="Test Cases/Denvergov/Denvergov - CSAHearingsAppeals" status="PASSED">
         <system-out><![CDATA[2018-10-30 12:54:09 - [TEST_CASE][PASSED] - Test Cases/Denvergov/Denvergov - CSAHearingsAppeals: Test Cases/Denvergov/Denvergov - CSAHearingsAppeals

2018-10-30 12:54:09 - [TEST_STEP][PASSED] - navigateToUrl: Navigate to 'https://www.denvergov.org/content/denvergov/en/grievances-hearings-and-appeals/appeal-form.html' successfully

2018-10-30 12:54:10 - [MESSAGE][PASSED] - Navigate to 'https://www.denvergov.org/content/denvergov/en/grievances-hearings-and-appeals/appeal-form.html' successfully]]></system-out>
         <system-err><![CDATA[]]></system-err>
      </testcase>
      <testcase name="Test Cases/Denvergov/Denvergov - PlannedBuildingGroups" classname="Test Cases/Denvergov/Denvergov - PlannedBuildingGroups" status="PASSED">
         <system-out><![CDATA[2018-10-30 12:54:10 - [TEST_CASE][PASSED] - Test Cases/Denvergov/Denvergov - PlannedBuildingGroups: Test Cases/Denvergov/Denvergov - PlannedBuildingGroups

2018-10-30 12:54:10 - [TEST_STEP][PASSED] - navigateToUrl: Navigate to 'https://www.denvergov.org/plannedbuildinggroups' successfully

2018-10-30 12:54:12 - [MESSAGE][PASSED] - Navigate to 'https://www.denvergov.org/plannedbuildinggroups' successfully

2018-10-30 12:54:12 - [TEST_STEP][PASSED] - setText: Text 'denver' is set on object 'Object Repository/Page_Search for Planned Building Gr/input_Project Name_SubName'

2018-10-30 12:54:12 - [MESSAGE][PASSED] - Text 'denver' is set on object 'Object Repository/Page_Search for Planned Building Gr/input_Project Name_SubName'

2018-10-30 12:54:12 - [TEST_STEP][PASSED] - click: Object: 'Object Repository/Page_Search for Planned Building Gr/button_Search' is clicked on

2018-10-30 12:54:13 - [MESSAGE][PASSED] - Object: 'Object Repository/Page_Search for Planned Building Gr/button_Search' is clicked on

2018-10-30 12:54:13 - [TEST_STEP][PASSED] - click: Object: 'Object Repository/Page_Planned Building Groups in Den/PlannedBuildingGroupFirstResult' is clicked on

2018-10-30 12:54:16 - [MESSAGE][PASSED] - Object: 'Object Repository/Page_Planned Building Groups in Den/PlannedBuildingGroupFirstResult' is clicked on]]></system-out>
         <system-err><![CDATA[]]></system-err>
      </testcase>
      <testcase name="Test Cases/Denvergov/Denvergov - eBiz" classname="Test Cases/Denvergov/Denvergov - eBiz" status="PASSED">
         <system-out><![CDATA[2018-10-30 12:54:16 - [TEST_CASE][PASSED] - Test Cases/Denvergov/Denvergov - eBiz: Test Cases/Denvergov/Denvergov - eBiz

2018-10-30 12:54:16 - [TEST_STEP][PASSED] - navigateToUrl: Navigate to 'https://www.denvergov.org/ebiztax/_/' successfully

2018-10-30 12:54:17 - [MESSAGE][PASSED] - Navigate to 'https://www.denvergov.org/ebiztax/_/' successfully

2018-10-30 12:54:17 - [TEST_STEP][PASSED] - setText: Text 'Test' is set on object 'Object Repository/Page_Denver eBiz Tax Center  City a/input_Username_d-6'

2018-10-30 12:54:17 - [MESSAGE][PASSED] - Text 'Test' is set on object 'Object Repository/Page_Denver eBiz Tax Center  City a/input_Username_d-6'

2018-10-30 12:54:17 - [TEST_STEP][PASSED] - setEncryptedText: Text ****** has been set on object 'Object Repository/Page_Denver eBiz Tax Center  City a/input_Password_d-7'

2018-10-30 12:54:18 - [MESSAGE][PASSED] - Text ****** has been set on object 'Object Repository/Page_Denver eBiz Tax Center  City a/input_Password_d-7'

2018-10-30 12:54:18 - [TEST_STEP][PASSED] - click: Object: 'Object Repository/Page_Denver eBiz Tax Center  City a/button_Login' is clicked on

2018-10-30 12:54:18 - [MESSAGE][PASSED] - Object: 'Object Repository/Page_Denver eBiz Tax Center  City a/button_Login' is clicked on]]></system-out>
         <system-err><![CDATA[]]></system-err>
      </testcase>
      <testcase name="Test Cases/Denvergov/Denvergov - LicenseHearings" classname="Test Cases/Denvergov/Denvergov - LicenseHearings" status="FAILED">
         <failure type="FAILED" message="(Stack trace: com.kms.katalon.core.exception.StepFailedException: Unable to click on object 'Object Repository/Page_E  L Public Hearing Schedule/BusinessName_Liquor' (Root cause: com.kms.katalon.core.webui.exception.WebElementNotFoundException: Web element with id: 'Object Repository/Page_E  L Public Hearing Schedule/BusinessName_Liquor' located by 'By.xpath: id(&quot;Liquor&quot;)/table[@class=&quot;table table-striped table-hover&quot;]/tbody[1]/tr[@class=&quot;actionable&quot;]/td[@class=&quot;limit-width&quot;][count(. | //td[@data-bind = 'text: BusinessName']) = count(//td[@data-bind = 'text: BusinessName'])]' not found)
	at com.kms.katalon.core.keyword.internal.KeywordMain.stepFailed(KeywordMain.groovy:36)
	at com.kms.katalon.core.webui.keyword.internal.WebUIKeywordMain.stepFailed(WebUIKeywordMain.groovy:65)
	at com.kms.katalon.core.webui.keyword.internal.WebUIKeywordMain.runKeyword(WebUIKeywordMain.groovy:27)
	at com.kms.katalon.core.webui.keyword.builtin.ClickKeyword.click(ClickKeyword.groovy:86)
	at com.kms.katalon.core.webui.keyword.builtin.ClickKeyword.execute(ClickKeyword.groovy:67)
	at com.kms.katalon.core.keyword.internal.KeywordExecutor.executeKeywordForPlatform(KeywordExecutor.groovy:53)
	at com.kms.katalon.core.webui.keyword.WebUiBuiltInKeywords.click(WebUiBuiltInKeywords.groovy:616)
	at com.kms.katalon.core.webui.keyword.WebUiBuiltInKeywords$click$4.call(Unknown Source)
	at org.codehaus.groovy.runtime.callsite.CallSiteArray.defaultCall(CallSiteArray.java:48)
	at org.codehaus.groovy.runtime.callsite.AbstractCallSite.call(AbstractCallSite.java:113)
	at org.codehaus.groovy.runtime.callsite.AbstractCallSite.call(AbstractCallSite.java:125)
	at Script1540231019546.run(Script1540231019546.groovy:18)
	at com.kms.katalon.core.main.ScriptEngine.run(ScriptEngine.java:183)
	at com.kms.katalon.core.main.ScriptEngine.runScriptAsRawText(ScriptEngine.java:108)
	at com.kms.katalon.core.main.TestCaseExecutor.runScript(TestCaseExecutor.java:294)
	at com.kms.katalon.core.main.TestCaseExecutor.doExecute(TestCaseExecutor.java:285)
	at com.kms.katalon.core.main.TestCaseExecutor.processExecutionPhase(TestCaseExecutor.java:264)
	at com.kms.katalon.core.main.TestCaseExecutor.accessMainPhase(TestCaseExecutor.java:256)
	at com.kms.katalon.core.main.TestCaseExecutor.execute(TestCaseExecutor.java:200)
	at com.kms.katalon.core.main.TestSuiteExecutor.accessTestCaseMainPhase(TestSuiteExecutor.java:129)
	at com.kms.katalon.core.main.TestSuiteExecutor.accessTestSuiteMainPhase(TestSuiteExecutor.java:112)
	at com.kms.katalon.core.main.TestSuiteExecutor.execute(TestSuiteExecutor.java:81)
	at com.kms.katalon.core.main.TestCaseMain.startTestSuite(TestCaseMain.java:142)
	at com.kms.katalon.core.main.TestCaseMain$startTestSuite$0.call(Unknown Source)
	at org.codehaus.groovy.runtime.callsite.CallSiteArray.defaultCall(CallSiteArray.java:48)
	at org.codehaus.groovy.runtime.callsite.AbstractCallSite.call(AbstractCallSite.java:113)
	at org.codehaus.groovy.runtime.callsite.AbstractCallSite.call(AbstractCallSite.java:141)
	at TempTestSuite1540925532185.run(TempTestSuite1540925532185.groovy:36)
	at groovy.lang.GroovyShell.runScriptOrMainOrTestOrRunnable(GroovyShell.java:263)
	at groovy.lang.GroovyShell.run(GroovyShell.java:518)
	at groovy.lang.GroovyShell.run(GroovyShell.java:507)
	at groovy.ui.GroovyMain.processOnce(GroovyMain.java:653)
	at groovy.ui.GroovyMain.run(GroovyMain.java:384)
	at groovy.ui.GroovyMain.process(GroovyMain.java:370)
	at groovy.ui.GroovyMain.processArgs(GroovyMain.java:129)
	at groovy.ui.GroovyMain.main(GroovyMain.java:109)
	at sun.reflect.NativeMethodAccessorImpl.invoke0(Native Method)
	at sun.reflect.NativeMethodAccessorImpl.invoke(NativeMethodAccessorImpl.java:62)
	at sun.reflect.DelegatingMethodAccessorImpl.invoke(DelegatingMethodAccessorImpl.java:43)
	at java.lang.reflect.Method.invoke(Method.java:498)
	at org.codehaus.groovy.tools.GroovyStarter.rootLoader(GroovyStarter.java:109)
	at org.codehaus.groovy.tools.GroovyStarter.main(GroovyStarter.java:131)
)"/>
         <system-out><![CDATA[2018-10-30 12:54:18 - [TEST_CASE][FAILED] - Test Cases/Denvergov/Denvergov - LicenseHearings: Test Cases/Denvergov/Denvergov - LicenseHearings FAILED because (of) (Stack trace: com.kms.katalon.core.exception.StepFailedException: Unable to click on object 'Object Repository/Page_E  L Public Hearing Schedule/BusinessName_Liquor' (Root cause: com.kms.katalon.core.webui.exception.WebElementNotFoundException: Web element with id: 'Object Repository/Page_E  L Public Hearing Schedule/BusinessName_Liquor' located by 'By.xpath: id("Liquor")/table[@class="table table-striped table-hover"]/tbody[1]/tr[@class="actionable"]/td[@class="limit-width"][count(. | //td[@data-bind = 'text: BusinessName']) = count(//td[@data-bind = 'text: BusinessName'])]' not found)
	at com.kms.katalon.core.keyword.internal.KeywordMain.stepFailed(KeywordMain.groovy:36)
	at com.kms.katalon.core.webui.keyword.internal.WebUIKeywordMain.stepFailed(WebUIKeywordMain.groovy:65)
	at com.kms.katalon.core.webui.keyword.internal.WebUIKeywordMain.runKeyword(WebUIKeywordMain.groovy:27)
	at com.kms.katalon.core.webui.keyword.builtin.ClickKeyword.click(ClickKeyword.groovy:86)
	at com.kms.katalon.core.webui.keyword.builtin.ClickKeyword.execute(ClickKeyword.groovy:67)
	at com.kms.katalon.core.keyword.internal.KeywordExecutor.executeKeywordForPlatform(KeywordExecutor.groovy:53)
	at com.kms.katalon.core.webui.keyword.WebUiBuiltInKeywords.click(WebUiBuiltInKeywords.groovy:616)
	at com.kms.katalon.core.webui.keyword.WebUiBuiltInKeywords$click$4.call(Unknown Source)
	at org.codehaus.groovy.runtime.callsite.CallSiteArray.defaultCall(CallSiteArray.java:48)
	at org.codehaus.groovy.runtime.callsite.AbstractCallSite.call(AbstractCallSite.java:113)
	at org.codehaus.groovy.runtime.callsite.AbstractCallSite.call(AbstractCallSite.java:125)
	at Script1540231019546.run(Script1540231019546.groovy:18)
	at com.kms.katalon.core.main.ScriptEngine.run(ScriptEngine.java:183)
	at com.kms.katalon.core.main.ScriptEngine.runScriptAsRawText(ScriptEngine.java:108)
	at com.kms.katalon.core.main.TestCaseExecutor.runScript(TestCaseExecutor.java:294)
	at com.kms.katalon.core.main.TestCaseExecutor.doExecute(TestCaseExecutor.java:285)
	at com.kms.katalon.core.main.TestCaseExecutor.processExecutionPhase(TestCaseExecutor.java:264)
	at com.kms.katalon.core.main.TestCaseExecutor.accessMainPhase(TestCaseExecutor.java:256)
	at com.kms.katalon.core.main.TestCaseExecutor.execute(TestCaseExecutor.java:200)
	at com.kms.katalon.core.main.TestSuiteExecutor.accessTestCaseMainPhase(TestSuiteExecutor.java:129)
	at com.kms.katalon.core.main.TestSuiteExecutor.accessTestSuiteMainPhase(TestSuiteExecutor.java:112)
	at com.kms.katalon.core.main.TestSuiteExecutor.execute(TestSuiteExecutor.java:81)
	at com.kms.katalon.core.main.TestCaseMain.startTestSuite(TestCaseMain.java:142)
	at com.kms.katalon.core.main.TestCaseMain$startTestSuite$0.call(Unknown Source)
	at org.codehaus.groovy.runtime.callsite.CallSiteArray.defaultCall(CallSiteArray.java:48)
	at org.codehaus.groovy.runtime.callsite.AbstractCallSite.call(AbstractCallSite.java:113)
	at org.codehaus.groovy.runtime.callsite.AbstractCallSite.call(AbstractCallSite.java:141)
	at TempTestSuite1540925532185.run(TempTestSuite1540925532185.groovy:36)
	at groovy.lang.GroovyShell.runScriptOrMainOrTestOrRunnable(GroovyShell.java:263)
	at groovy.lang.GroovyShell.run(GroovyShell.java:518)
	at groovy.lang.GroovyShell.run(GroovyShell.java:507)
	at groovy.ui.GroovyMain.processOnce(GroovyMain.java:653)
	at groovy.ui.GroovyMain.run(GroovyMain.java:384)
	at groovy.ui.GroovyMain.process(GroovyMain.java:370)
	at groovy.ui.GroovyMain.processArgs(GroovyMain.java:129)
	at groovy.ui.GroovyMain.main(GroovyMain.java:109)
	at sun.reflect.NativeMethodAccessorImpl.invoke0(Native Method)
	at sun.reflect.NativeMethodAccessorImpl.invoke(NativeMethodAccessorImpl.java:62)
	at sun.reflect.DelegatingMethodAccessorImpl.invoke(DelegatingMethodAccessorImpl.java:43)
	at java.lang.reflect.Method.invoke(Method.java:498)
	at org.codehaus.groovy.tools.GroovyStarter.rootLoader(GroovyStarter.java:109)
	at org.codehaus.groovy.tools.GroovyStarter.main(GroovyStarter.java:131)
)

2018-10-30 12:54:18 - [TEST_STEP][PASSED] - navigateToUrl: Navigate to 'https://www.denvergov.org/licensehearings' successfully

2018-10-30 12:54:21 - [MESSAGE][PASSED] - Navigate to 'https://www.denvergov.org/licensehearings' successfully

2018-10-30 12:54:21 - [TEST_STEP][FAILED] - click: Unable to click on object 'Object Repository/Page_E  L Public Hearing Schedule/BusinessName_Liquor' (Root cause: com.kms.katalon.core.webui.exception.WebElementNotFoundException: Web element with id: 'Object Repository/Page_E  L Public Hearing Schedule/BusinessName_Liquor' located by 'By.xpath: id("Liquor")/table[@class="table table-striped table-hover"]/tbody[1]/tr[@class="actionable"]/td[@class="limit-width"][count(. | //td[@data-bind = 'text: BusinessName']) = count(//td[@data-bind = 'text: BusinessName'])]' not found)

2018-10-30 12:54:52 - [MESSAGE][FAILED] - Unable to click on object 'Object Repository/Page_E  L Public Hearing Schedule/BusinessName_Liquor' (Root cause: com.kms.katalon.core.webui.exception.WebElementNotFoundException: Web element with id: 'Object Repository/Page_E  L Public Hearing Schedule/BusinessName_Liquor' located by 'By.xpath: id("Liquor")/table[@class="table table-striped table-hover"]/tbody[1]/tr[@class="actionable"]/td[@class="limit-width"][count(. | //td[@data-bind = 'text: BusinessName']) = count(//td[@data-bind = 'text: BusinessName'])]' not found)
[[ATTACHMENT|C:\\Users\\134527\\git\\CCD Prod Validation\\Reports\\Denvergov\\20181030_125212\\1540925692318.png]]]]></system-out>
         <system-err><![CDATA[2018-10-30 12:54:18 - [TEST_CASE][FAILED] - Test Cases/Denvergov/Denvergov - LicenseHearings: Test Cases/Denvergov/Denvergov - LicenseHearings FAILED because (of) (Stack trace: com.kms.katalon.core.exception.StepFailedException: Unable to click on object 'Object Repository/Page_E  L Public Hearing Schedule/BusinessName_Liquor' (Root cause: com.kms.katalon.core.webui.exception.WebElementNotFoundException: Web element with id: 'Object Repository/Page_E  L Public Hearing Schedule/BusinessName_Liquor' located by 'By.xpath: id("Liquor")/table[@class="table table-striped table-hover"]/tbody[1]/tr[@class="actionable"]/td[@class="limit-width"][count(. | //td[@data-bind = 'text: BusinessName']) = count(//td[@data-bind = 'text: BusinessName'])]' not found)
	at com.kms.katalon.core.keyword.internal.KeywordMain.stepFailed(KeywordMain.groovy:36)
	at com.kms.katalon.core.webui.keyword.internal.WebUIKeywordMain.stepFailed(WebUIKeywordMain.groovy:65)
	at com.kms.katalon.core.webui.keyword.internal.WebUIKeywordMain.runKeyword(WebUIKeywordMain.groovy:27)
	at com.kms.katalon.core.webui.keyword.builtin.ClickKeyword.click(ClickKeyword.groovy:86)
	at com.kms.katalon.core.webui.keyword.builtin.ClickKeyword.execute(ClickKeyword.groovy:67)
	at com.kms.katalon.core.keyword.internal.KeywordExecutor.executeKeywordForPlatform(KeywordExecutor.groovy:53)
	at com.kms.katalon.core.webui.keyword.WebUiBuiltInKeywords.click(WebUiBuiltInKeywords.groovy:616)
	at com.kms.katalon.core.webui.keyword.WebUiBuiltInKeywords$click$4.call(Unknown Source)
	at org.codehaus.groovy.runtime.callsite.CallSiteArray.defaultCall(CallSiteArray.java:48)
	at org.codehaus.groovy.runtime.callsite.AbstractCallSite.call(AbstractCallSite.java:113)
	at org.codehaus.groovy.runtime.callsite.AbstractCallSite.call(AbstractCallSite.java:125)
	at Script1540231019546.run(Script1540231019546.groovy:18)
	at com.kms.katalon.core.main.ScriptEngine.run(ScriptEngine.java:183)
	at com.kms.katalon.core.main.ScriptEngine.runScriptAsRawText(ScriptEngine.java:108)
	at com.kms.katalon.core.main.TestCaseExecutor.runScript(TestCaseExecutor.java:294)
	at com.kms.katalon.core.main.TestCaseExecutor.doExecute(TestCaseExecutor.java:285)
	at com.kms.katalon.core.main.TestCaseExecutor.processExecutionPhase(TestCaseExecutor.java:264)
	at com.kms.katalon.core.main.TestCaseExecutor.accessMainPhase(TestCaseExecutor.java:256)
	at com.kms.katalon.core.main.TestCaseExecutor.execute(TestCaseExecutor.java:200)
	at com.kms.katalon.core.main.TestSuiteExecutor.accessTestCaseMainPhase(TestSuiteExecutor.java:129)
	at com.kms.katalon.core.main.TestSuiteExecutor.accessTestSuiteMainPhase(TestSuiteExecutor.java:112)
	at com.kms.katalon.core.main.TestSuiteExecutor.execute(TestSuiteExecutor.java:81)
	at com.kms.katalon.core.main.TestCaseMain.startTestSuite(TestCaseMain.java:142)
	at com.kms.katalon.core.main.TestCaseMain$startTestSuite$0.call(Unknown Source)
	at org.codehaus.groovy.runtime.callsite.CallSiteArray.defaultCall(CallSiteArray.java:48)
	at org.codehaus.groovy.runtime.callsite.AbstractCallSite.call(AbstractCallSite.java:113)
	at org.codehaus.groovy.runtime.callsite.AbstractCallSite.call(AbstractCallSite.java:141)
	at TempTestSuite1540925532185.run(TempTestSuite1540925532185.groovy:36)
	at groovy.lang.GroovyShell.runScriptOrMainOrTestOrRunnable(GroovyShell.java:263)
	at groovy.lang.GroovyShell.run(GroovyShell.java:518)
	at groovy.lang.GroovyShell.run(GroovyShell.java:507)
	at groovy.ui.GroovyMain.processOnce(GroovyMain.java:653)
	at groovy.ui.GroovyMain.run(GroovyMain.java:384)
	at groovy.ui.GroovyMain.process(GroovyMain.java:370)
	at groovy.ui.GroovyMain.processArgs(GroovyMain.java:129)
	at groovy.ui.GroovyMain.main(GroovyMain.java:109)
	at sun.reflect.NativeMethodAccessorImpl.invoke0(Native Method)
	at sun.reflect.NativeMethodAccessorImpl.invoke(NativeMethodAccessorImpl.java:62)
	at sun.reflect.DelegatingMethodAccessorImpl.invoke(DelegatingMethodAccessorImpl.java:43)
	at java.lang.reflect.Method.invoke(Method.java:498)
	at org.codehaus.groovy.tools.GroovyStarter.rootLoader(GroovyStarter.java:109)
	at org.codehaus.groovy.tools.GroovyStarter.main(GroovyStarter.java:131)
)]]></system-err>
      </testcase>
      <testcase name="Test Cases/Denvergov/Denvergov - RecyclingDirectory" classname="Test Cases/Denvergov/Denvergov - RecyclingDirectory" status="PASSED">
         <system-out><![CDATA[2018-10-30 12:54:52 - [TEST_CASE][PASSED] - Test Cases/Denvergov/Denvergov - RecyclingDirectory: Test Cases/Denvergov/Denvergov - RecyclingDirectory

2018-10-30 12:54:52 - [TEST_STEP][PASSED] - navigateToUrl: Navigate to 'https://www.denvergov.org/content/denvergov/en/trash-and-recycling/recycling/recycling-directory-dropoff-locations.html' successfully

2018-10-30 12:54:55 - [MESSAGE][PASSED] - Navigate to 'https://www.denvergov.org/content/denvergov/en/trash-and-recycling/recycling/recycling-directory-dropoff-locations.html' successfully

2018-10-30 12:54:55 - [TEST_STEP][PASSED] - setText: Text 'plastic' is set on object 'Object Repository/Page_Recycling Directory  Dropoff L/inputrow-input-0'

2018-10-30 12:54:56 - [MESSAGE][PASSED] - Text 'plastic' is set on object 'Object Repository/Page_Recycling Directory  Dropoff L/inputrow-input-0'

2018-10-30 12:54:56 - [TEST_STEP][PASSED] - click: Object: 'Object Repository/Page_Recycling Directory  Dropoff L/a_Search' is clicked on

2018-10-30 12:54:56 - [MESSAGE][PASSED] - Object: 'Object Repository/Page_Recycling Directory  Dropoff L/a_Search' is clicked on]]></system-out>
         <system-err><![CDATA[]]></system-err>
      </testcase>
      <testcase name="Test Cases/Denvergov/Denvergov - DIAPayments" classname="Test Cases/Denvergov/Denvergov - DIAPayments" status="PASSED">
         <system-out><![CDATA[2018-10-30 12:54:56 - [TEST_CASE][PASSED] - Test Cases/Denvergov/Denvergov - DIAPayments: Test Cases/Denvergov/Denvergov - DIAPayments

2018-10-30 12:54:56 - [TEST_STEP][PASSED] - navigateToUrl: Navigate to 'https://www.denvergov.org/payments/dia/vendors' successfully

2018-10-30 12:54:56 - [MESSAGE][PASSED] - Navigate to 'https://www.denvergov.org/payments/dia/vendors' successfully

2018-10-30 12:54:56 - [TEST_STEP][PASSED] - click: Object: 'Object Repository/Page_DEN Payments/div_Pay by customer code' is clicked on

2018-10-30 12:54:56 - [MESSAGE][PASSED] - Object: 'Object Repository/Page_DEN Payments/div_Pay by customer code' is clicked on

2018-10-30 12:54:56 - [TEST_STEP][PASSED] - waitForElementVisible: Object 'Object Repository/Page_DEN Payments/button_I accept' is visible

2018-10-30 12:54:57 - [MESSAGE][PASSED] - Object 'Object Repository/Page_DEN Payments/button_I accept' is visible

2018-10-30 12:54:57 - [TEST_STEP][PASSED] - click: Object: 'Object Repository/Page_DEN Payments/button_I accept' is clicked on

2018-10-30 12:54:58 - [MESSAGE][PASSED] - Object: 'Object Repository/Page_DEN Payments/button_I accept' is clicked on]]></system-out>
         <system-err><![CDATA[]]></system-err>
      </testcase>
      <testcase name="Test Cases/Denvergov/Denvergov - InmateSearch" classname="Test Cases/Denvergov/Denvergov - InmateSearch" status="FAILED">
         <failure type="FAILED" message="(Stack trace: com.kms.katalon.core.exception.StepFailedException: Unable to set text 'smith' of object 'Object Repository/Page_Inmate Search/input_Search_SearchBox' (Root cause: org.openqa.selenium.InvalidElementStateException: invalid element state: Element is not currently interactable and may not be manipulated
  (Session info: chrome=64.0.3282.167)
  (Driver info: chromedriver=2.35.528161 (5b82f2d2aae0ca24b877009200ced9065a772e73),platform=Windows NT 6.1.7601 SP1 x86_64) (WARNING: The server did not provide any stacktrace information)
Command duration or timeout: 0 milliseconds
Build info: version: '3.7.1', revision: '8a0099a', time: '2017-11-06T21:07:36.161Z'
System info: host: 'TSD77V9282', ip: '10.128.49.18', os.name: 'Windows 7', os.arch: 'amd64', os.version: '6.1', java.version: '1.8.0_181'
Driver info: com.kms.katalon.selenium.driver.CChromeDriver
Capabilities {acceptInsecureCerts: false, acceptSslCerts: false, applicationCacheEnabled: false, browserConnectionEnabled: false, browserName: chrome, chrome: {chromedriverVersion: 2.35.528161 (5b82f2d2aae0ca..., userDataDir: C:\Users\134527\AppData\Loc...}, cssSelectorsEnabled: true, databaseEnabled: false, handlesAlerts: true, hasTouchScreen: false, javascriptEnabled: true, locationContextEnabled: true, mobileEmulationEnabled: false, nativeEvents: true, networkConnectionEnabled: false, pageLoadStrategy: normal, platform: XP, platformName: XP, rotatable: false, setWindowRect: true, takesHeapSnapshot: true, takesScreenshot: true, unexpectedAlertBehaviour: , unhandledPromptBehavior: , version: 64.0.3282.167, webStorageEnabled: true}
Session ID: 3f2399c95d26cac5ec63a38fcb3c9faf)
	at com.kms.katalon.core.keyword.internal.KeywordMain.stepFailed(KeywordMain.groovy:36)
	at com.kms.katalon.core.webui.keyword.internal.WebUIKeywordMain.stepFailed(WebUIKeywordMain.groovy:65)
	at com.kms.katalon.core.webui.keyword.internal.WebUIKeywordMain.runKeyword(WebUIKeywordMain.groovy:27)
	at com.kms.katalon.core.webui.keyword.builtin.SetTextKeyword.setText(SetTextKeyword.groovy:65)
	at com.kms.katalon.core.webui.keyword.builtin.SetTextKeyword.execute(SetTextKeyword.groovy:37)
	at com.kms.katalon.core.keyword.internal.KeywordExecutor.executeKeywordForPlatform(KeywordExecutor.groovy:53)
	at com.kms.katalon.core.webui.keyword.WebUiBuiltInKeywords.setText(WebUiBuiltInKeywords.groovy:950)
	at com.kms.katalon.core.webui.keyword.WebUiBuiltInKeywords$setText$3.call(Unknown Source)
	at org.codehaus.groovy.runtime.callsite.CallSiteArray.defaultCall(CallSiteArray.java:48)
	at org.codehaus.groovy.runtime.callsite.AbstractCallSite.call(AbstractCallSite.java:113)
	at org.codehaus.groovy.runtime.callsite.AbstractCallSite.call(AbstractCallSite.java:133)
	at Script1540229564249.run(Script1540229564249.groovy:18)
	at com.kms.katalon.core.main.ScriptEngine.run(ScriptEngine.java:183)
	at com.kms.katalon.core.main.ScriptEngine.runScriptAsRawText(ScriptEngine.java:108)
	at com.kms.katalon.core.main.TestCaseExecutor.runScript(TestCaseExecutor.java:294)
	at com.kms.katalon.core.main.TestCaseExecutor.doExecute(TestCaseExecutor.java:285)
	at com.kms.katalon.core.main.TestCaseExecutor.processExecutionPhase(TestCaseExecutor.java:264)
	at com.kms.katalon.core.main.TestCaseExecutor.accessMainPhase(TestCaseExecutor.java:256)
	at com.kms.katalon.core.main.TestCaseExecutor.execute(TestCaseExecutor.java:200)
	at com.kms.katalon.core.main.TestSuiteExecutor.accessTestCaseMainPhase(TestSuiteExecutor.java:129)
	at com.kms.katalon.core.main.TestSuiteExecutor.accessTestSuiteMainPhase(TestSuiteExecutor.java:112)
	at com.kms.katalon.core.main.TestSuiteExecutor.execute(TestSuiteExecutor.java:81)
	at com.kms.katalon.core.main.TestCaseMain.startTestSuite(TestCaseMain.java:142)
	at com.kms.katalon.core.main.TestCaseMain$startTestSuite$0.call(Unknown Source)
	at org.codehaus.groovy.runtime.callsite.CallSiteArray.defaultCall(CallSiteArray.java:48)
	at org.codehaus.groovy.runtime.callsite.AbstractCallSite.call(AbstractCallSite.java:113)
	at org.codehaus.groovy.runtime.callsite.AbstractCallSite.call(AbstractCallSite.java:141)
	at TempTestSuite1540925532185.run(TempTestSuite1540925532185.groovy:36)
	at groovy.lang.GroovyShell.runScriptOrMainOrTestOrRunnable(GroovyShell.java:263)
	at groovy.lang.GroovyShell.run(GroovyShell.java:518)
	at groovy.lang.GroovyShell.run(GroovyShell.java:507)
	at groovy.ui.GroovyMain.processOnce(GroovyMain.java:653)
	at groovy.ui.GroovyMain.run(GroovyMain.java:384)
	at groovy.ui.GroovyMain.process(GroovyMain.java:370)
	at groovy.ui.GroovyMain.processArgs(GroovyMain.java:129)
	at groovy.ui.GroovyMain.main(GroovyMain.java:109)
	at sun.reflect.NativeMethodAccessorImpl.invoke0(Native Method)
	at sun.reflect.NativeMethodAccessorImpl.invoke(NativeMethodAccessorImpl.java:62)
	at sun.reflect.DelegatingMethodAccessorImpl.invoke(DelegatingMethodAccessorImpl.java:43)
	at java.lang.reflect.Method.invoke(Method.java:498)
	at org.codehaus.groovy.tools.GroovyStarter.rootLoader(GroovyStarter.java:109)
	at org.codehaus.groovy.tools.GroovyStarter.main(GroovyStarter.java:131)
)"/>
         <system-out><![CDATA[2018-10-30 12:54:58 - [TEST_CASE][FAILED] - Test Cases/Denvergov/Denvergov - InmateSearch: Test Cases/Denvergov/Denvergov - InmateSearch FAILED because (of) (Stack trace: com.kms.katalon.core.exception.StepFailedException: Unable to set text 'smith' of object 'Object Repository/Page_Inmate Search/input_Search_SearchBox' (Root cause: org.openqa.selenium.InvalidElementStateException: invalid element state: Element is not currently interactable and may not be manipulated
  (Session info: chrome=64.0.3282.167)
  (Driver info: chromedriver=2.35.528161 (5b82f2d2aae0ca24b877009200ced9065a772e73),platform=Windows NT 6.1.7601 SP1 x86_64) (WARNING: The server did not provide any stacktrace information)
Command duration or timeout: 0 milliseconds
Build info: version: '3.7.1', revision: '8a0099a', time: '2017-11-06T21:07:36.161Z'
System info: host: 'TSD77V9282', ip: '10.128.49.18', os.name: 'Windows 7', os.arch: 'amd64', os.version: '6.1', java.version: '1.8.0_181'
Driver info: com.kms.katalon.selenium.driver.CChromeDriver
Capabilities {acceptInsecureCerts: false, acceptSslCerts: false, applicationCacheEnabled: false, browserConnectionEnabled: false, browserName: chrome, chrome: {chromedriverVersion: 2.35.528161 (5b82f2d2aae0ca..., userDataDir: C:\Users\134527\AppData\Loc...}, cssSelectorsEnabled: true, databaseEnabled: false, handlesAlerts: true, hasTouchScreen: false, javascriptEnabled: true, locationContextEnabled: true, mobileEmulationEnabled: false, nativeEvents: true, networkConnectionEnabled: false, pageLoadStrategy: normal, platform: XP, platformName: XP, rotatable: false, setWindowRect: true, takesHeapSnapshot: true, takesScreenshot: true, unexpectedAlertBehaviour: , unhandledPromptBehavior: , version: 64.0.3282.167, webStorageEnabled: true}
Session ID: 3f2399c95d26cac5ec63a38fcb3c9faf)
	at com.kms.katalon.core.keyword.internal.KeywordMain.stepFailed(KeywordMain.groovy:36)
	at com.kms.katalon.core.webui.keyword.internal.WebUIKeywordMain.stepFailed(WebUIKeywordMain.groovy:65)
	at com.kms.katalon.core.webui.keyword.internal.WebUIKeywordMain.runKeyword(WebUIKeywordMain.groovy:27)
	at com.kms.katalon.core.webui.keyword.builtin.SetTextKeyword.setText(SetTextKeyword.groovy:65)
	at com.kms.katalon.core.webui.keyword.builtin.SetTextKeyword.execute(SetTextKeyword.groovy:37)
	at com.kms.katalon.core.keyword.internal.KeywordExecutor.executeKeywordForPlatform(KeywordExecutor.groovy:53)
	at com.kms.katalon.core.webui.keyword.WebUiBuiltInKeywords.setText(WebUiBuiltInKeywords.groovy:950)
	at com.kms.katalon.core.webui.keyword.WebUiBuiltInKeywords$setText$3.call(Unknown Source)
	at org.codehaus.groovy.runtime.callsite.CallSiteArray.defaultCall(CallSiteArray.java:48)
	at org.codehaus.groovy.runtime.callsite.AbstractCallSite.call(AbstractCallSite.java:113)
	at org.codehaus.groovy.runtime.callsite.AbstractCallSite.call(AbstractCallSite.java:133)
	at Script1540229564249.run(Script1540229564249.groovy:18)
	at com.kms.katalon.core.main.ScriptEngine.run(ScriptEngine.java:183)
	at com.kms.katalon.core.main.ScriptEngine.runScriptAsRawText(ScriptEngine.java:108)
	at com.kms.katalon.core.main.TestCaseExecutor.runScript(TestCaseExecutor.java:294)
	at com.kms.katalon.core.main.TestCaseExecutor.doExecute(TestCaseExecutor.java:285)
	at com.kms.katalon.core.main.TestCaseExecutor.processExecutionPhase(TestCaseExecutor.java:264)
	at com.kms.katalon.core.main.TestCaseExecutor.accessMainPhase(TestCaseExecutor.java:256)
	at com.kms.katalon.core.main.TestCaseExecutor.execute(TestCaseExecutor.java:200)
	at com.kms.katalon.core.main.TestSuiteExecutor.accessTestCaseMainPhase(TestSuiteExecutor.java:129)
	at com.kms.katalon.core.main.TestSuiteExecutor.accessTestSuiteMainPhase(TestSuiteExecutor.java:112)
	at com.kms.katalon.core.main.TestSuiteExecutor.execute(TestSuiteExecutor.java:81)
	at com.kms.katalon.core.main.TestCaseMain.startTestSuite(TestCaseMain.java:142)
	at com.kms.katalon.core.main.TestCaseMain$startTestSuite$0.call(Unknown Source)
	at org.codehaus.groovy.runtime.callsite.CallSiteArray.defaultCall(CallSiteArray.java:48)
	at org.codehaus.groovy.runtime.callsite.AbstractCallSite.call(AbstractCallSite.java:113)
	at org.codehaus.groovy.runtime.callsite.AbstractCallSite.call(AbstractCallSite.java:141)
	at TempTestSuite1540925532185.run(TempTestSuite1540925532185.groovy:36)
	at groovy.lang.GroovyShell.runScriptOrMainOrTestOrRunnable(GroovyShell.java:263)
	at groovy.lang.GroovyShell.run(GroovyShell.java:518)
	at groovy.lang.GroovyShell.run(GroovyShell.java:507)
	at groovy.ui.GroovyMain.processOnce(GroovyMain.java:653)
	at groovy.ui.GroovyMain.run(GroovyMain.java:384)
	at groovy.ui.GroovyMain.process(GroovyMain.java:370)
	at groovy.ui.GroovyMain.processArgs(GroovyMain.java:129)
	at groovy.ui.GroovyMain.main(GroovyMain.java:109)
	at sun.reflect.NativeMethodAccessorImpl.invoke0(Native Method)
	at sun.reflect.NativeMethodAccessorImpl.invoke(NativeMethodAccessorImpl.java:62)
	at sun.reflect.DelegatingMethodAccessorImpl.invoke(DelegatingMethodAccessorImpl.java:43)
	at java.lang.reflect.Method.invoke(Method.java:498)
	at org.codehaus.groovy.tools.GroovyStarter.rootLoader(GroovyStarter.java:109)
	at org.codehaus.groovy.tools.GroovyStarter.main(GroovyStarter.java:131)
)

2018-10-30 12:54:58 - [TEST_STEP][PASSED] - navigateToUrl: Navigate to 'https://www.denvergov.org/inmatesearch' successfully

2018-10-30 12:54:59 - [MESSAGE][PASSED] - Navigate to 'https://www.denvergov.org/inmatesearch' successfully

2018-10-30 12:54:59 - [TEST_STEP][FAILED] - setText: Unable to set text 'smith' of object 'Object Repository/Page_Inmate Search/input_Search_SearchBox' (Root cause: org.openqa.selenium.InvalidElementStateException: invalid element state: Element is not currently interactable and may not be manipulated
  (Session info: chrome=64.0.3282.167)
  (Driver info: chromedriver=2.35.528161 (5b82f2d2aae0ca24b877009200ced9065a772e73),platform=Windows NT 6.1.7601 SP1 x86_64) (WARNING: The server did not provide any stacktrace information)
Command duration or timeout: 0 milliseconds
Build info: version: '3.7.1', revision: '8a0099a', time: '2017-11-06T21:07:36.161Z'
System info: host: 'TSD77V9282', ip: '10.128.49.18', os.name: 'Windows 7', os.arch: 'amd64', os.version: '6.1', java.version: '1.8.0_181'
Driver info: com.kms.katalon.selenium.driver.CChromeDriver
Capabilities {acceptInsecureCerts: false, acceptSslCerts: false, applicationCacheEnabled: false, browserConnectionEnabled: false, browserName: chrome, chrome: {chromedriverVersion: 2.35.528161 (5b82f2d2aae0ca..., userDataDir: C:\Users\134527\AppData\Loc...}, cssSelectorsEnabled: true, databaseEnabled: false, handlesAlerts: true, hasTouchScreen: false, javascriptEnabled: true, locationContextEnabled: true, mobileEmulationEnabled: false, nativeEvents: true, networkConnectionEnabled: false, pageLoadStrategy: normal, platform: XP, platformName: XP, rotatable: false, setWindowRect: true, takesHeapSnapshot: true, takesScreenshot: true, unexpectedAlertBehaviour: , unhandledPromptBehavior: , version: 64.0.3282.167, webStorageEnabled: true}
Session ID: 3f2399c95d26cac5ec63a38fcb3c9faf)

2018-10-30 12:55:00 - [MESSAGE][FAILED] - Unable to set text 'smith' of object 'Object Repository/Page_Inmate Search/input_Search_SearchBox' (Root cause: org.openqa.selenium.InvalidElementStateException: invalid element state: Element is not currently interactable and may not be manipulated
  (Session info: chrome=64.0.3282.167)
  (Driver info: chromedriver=2.35.528161 (5b82f2d2aae0ca24b877009200ced9065a772e73),platform=Windows NT 6.1.7601 SP1 x86_64) (WARNING: The server did not provide any stacktrace information)
Command duration or timeout: 0 milliseconds
Build info: version: '3.7.1', revision: '8a0099a', time: '2017-11-06T21:07:36.161Z'
System info: host: 'TSD77V9282', ip: '10.128.49.18', os.name: 'Windows 7', os.arch: 'amd64', os.version: '6.1', java.version: '1.8.0_181'
Driver info: com.kms.katalon.selenium.driver.CChromeDriver
Capabilities {acceptInsecureCerts: false, acceptSslCerts: false, applicationCacheEnabled: false, browserConnectionEnabled: false, browserName: chrome, chrome: {chromedriverVersion: 2.35.528161 (5b82f2d2aae0ca..., userDataDir: C:\Users\134527\AppData\Loc...}, cssSelectorsEnabled: true, databaseEnabled: false, handlesAlerts: true, hasTouchScreen: false, javascriptEnabled: true, locationContextEnabled: true, mobileEmulationEnabled: false, nativeEvents: true, networkConnectionEnabled: false, pageLoadStrategy: normal, platform: XP, platformName: XP, rotatable: false, setWindowRect: true, takesHeapSnapshot: true, takesScreenshot: true, unexpectedAlertBehaviour: , unhandledPromptBehavior: , version: 64.0.3282.167, webStorageEnabled: true}
Session ID: 3f2399c95d26cac5ec63a38fcb3c9faf)
[[ATTACHMENT|C:\\Users\\134527\\git\\CCD Prod Validation\\Reports\\Denvergov\\20181030_125212\\1540925699705.png]]]]></system-out>
         <system-err><![CDATA[2018-10-30 12:54:58 - [TEST_CASE][FAILED] - Test Cases/Denvergov/Denvergov - InmateSearch: Test Cases/Denvergov/Denvergov - InmateSearch FAILED because (of) (Stack trace: com.kms.katalon.core.exception.StepFailedException: Unable to set text 'smith' of object 'Object Repository/Page_Inmate Search/input_Search_SearchBox' (Root cause: org.openqa.selenium.InvalidElementStateException: invalid element state: Element is not currently interactable and may not be manipulated
  (Session info: chrome=64.0.3282.167)
  (Driver info: chromedriver=2.35.528161 (5b82f2d2aae0ca24b877009200ced9065a772e73),platform=Windows NT 6.1.7601 SP1 x86_64) (WARNING: The server did not provide any stacktrace information)
Command duration or timeout: 0 milliseconds
Build info: version: '3.7.1', revision: '8a0099a', time: '2017-11-06T21:07:36.161Z'
System info: host: 'TSD77V9282', ip: '10.128.49.18', os.name: 'Windows 7', os.arch: 'amd64', os.version: '6.1', java.version: '1.8.0_181'
Driver info: com.kms.katalon.selenium.driver.CChromeDriver
Capabilities {acceptInsecureCerts: false, acceptSslCerts: false, applicationCacheEnabled: false, browserConnectionEnabled: false, browserName: chrome, chrome: {chromedriverVersion: 2.35.528161 (5b82f2d2aae0ca..., userDataDir: C:\Users\134527\AppData\Loc...}, cssSelectorsEnabled: true, databaseEnabled: false, handlesAlerts: true, hasTouchScreen: false, javascriptEnabled: true, locationContextEnabled: true, mobileEmulationEnabled: false, nativeEvents: true, networkConnectionEnabled: false, pageLoadStrategy: normal, platform: XP, platformName: XP, rotatable: false, setWindowRect: true, takesHeapSnapshot: true, takesScreenshot: true, unexpectedAlertBehaviour: , unhandledPromptBehavior: , version: 64.0.3282.167, webStorageEnabled: true}
Session ID: 3f2399c95d26cac5ec63a38fcb3c9faf)
	at com.kms.katalon.core.keyword.internal.KeywordMain.stepFailed(KeywordMain.groovy:36)
	at com.kms.katalon.core.webui.keyword.internal.WebUIKeywordMain.stepFailed(WebUIKeywordMain.groovy:65)
	at com.kms.katalon.core.webui.keyword.internal.WebUIKeywordMain.runKeyword(WebUIKeywordMain.groovy:27)
	at com.kms.katalon.core.webui.keyword.builtin.SetTextKeyword.setText(SetTextKeyword.groovy:65)
	at com.kms.katalon.core.webui.keyword.builtin.SetTextKeyword.execute(SetTextKeyword.groovy:37)
	at com.kms.katalon.core.keyword.internal.KeywordExecutor.executeKeywordForPlatform(KeywordExecutor.groovy:53)
	at com.kms.katalon.core.webui.keyword.WebUiBuiltInKeywords.setText(WebUiBuiltInKeywords.groovy:950)
	at com.kms.katalon.core.webui.keyword.WebUiBuiltInKeywords$setText$3.call(Unknown Source)
	at org.codehaus.groovy.runtime.callsite.CallSiteArray.defaultCall(CallSiteArray.java:48)
	at org.codehaus.groovy.runtime.callsite.AbstractCallSite.call(AbstractCallSite.java:113)
	at org.codehaus.groovy.runtime.callsite.AbstractCallSite.call(AbstractCallSite.java:133)
	at Script1540229564249.run(Script1540229564249.groovy:18)
	at com.kms.katalon.core.main.ScriptEngine.run(ScriptEngine.java:183)
	at com.kms.katalon.core.main.ScriptEngine.runScriptAsRawText(ScriptEngine.java:108)
	at com.kms.katalon.core.main.TestCaseExecutor.runScript(TestCaseExecutor.java:294)
	at com.kms.katalon.core.main.TestCaseExecutor.doExecute(TestCaseExecutor.java:285)
	at com.kms.katalon.core.main.TestCaseExecutor.processExecutionPhase(TestCaseExecutor.java:264)
	at com.kms.katalon.core.main.TestCaseExecutor.accessMainPhase(TestCaseExecutor.java:256)
	at com.kms.katalon.core.main.TestCaseExecutor.execute(TestCaseExecutor.java:200)
	at com.kms.katalon.core.main.TestSuiteExecutor.accessTestCaseMainPhase(TestSuiteExecutor.java:129)
	at com.kms.katalon.core.main.TestSuiteExecutor.accessTestSuiteMainPhase(TestSuiteExecutor.java:112)
	at com.kms.katalon.core.main.TestSuiteExecutor.execute(TestSuiteExecutor.java:81)
	at com.kms.katalon.core.main.TestCaseMain.startTestSuite(TestCaseMain.java:142)
	at com.kms.katalon.core.main.TestCaseMain$startTestSuite$0.call(Unknown Source)
	at org.codehaus.groovy.runtime.callsite.CallSiteArray.defaultCall(CallSiteArray.java:48)
	at org.codehaus.groovy.runtime.callsite.AbstractCallSite.call(AbstractCallSite.java:113)
	at org.codehaus.groovy.runtime.callsite.AbstractCallSite.call(AbstractCallSite.java:141)
	at TempTestSuite1540925532185.run(TempTestSuite1540925532185.groovy:36)
	at groovy.lang.GroovyShell.runScriptOrMainOrTestOrRunnable(GroovyShell.java:263)
	at groovy.lang.GroovyShell.run(GroovyShell.java:518)
	at groovy.lang.GroovyShell.run(GroovyShell.java:507)
	at groovy.ui.GroovyMain.processOnce(GroovyMain.java:653)
	at groovy.ui.GroovyMain.run(GroovyMain.java:384)
	at groovy.ui.GroovyMain.process(GroovyMain.java:370)
	at groovy.ui.GroovyMain.processArgs(GroovyMain.java:129)
	at groovy.ui.GroovyMain.main(GroovyMain.java:109)
	at sun.reflect.NativeMethodAccessorImpl.invoke0(Native Method)
	at sun.reflect.NativeMethodAccessorImpl.invoke(NativeMethodAccessorImpl.java:62)
	at sun.reflect.DelegatingMethodAccessorImpl.invoke(DelegatingMethodAccessorImpl.java:43)
	at java.lang.reflect.Method.invoke(Method.java:498)
	at org.codehaus.groovy.tools.GroovyStarter.rootLoader(GroovyStarter.java:109)
	at org.codehaus.groovy.tools.GroovyStarter.main(GroovyStarter.java:131)
)]]></system-err>
      </testcase>
      <testcase name="Test Cases/Denvergov/Denvergov - CouncilBills" classname="Test Cases/Denvergov/Denvergov - CouncilBills" status="PASSED">
         <system-out><![CDATA[2018-10-30 12:55:00 - [TEST_CASE][PASSED] - Test Cases/Denvergov/Denvergov - CouncilBills: Test Cases/Denvergov/Denvergov - CouncilBills

2018-10-30 12:55:00 - [TEST_STEP][PASSED] - navigateToUrl: Navigate to 'https://www.denvergov.org/councilbills' successfully

2018-10-30 12:55:02 - [MESSAGE][PASSED] - Navigate to 'https://www.denvergov.org/councilbills' successfully

2018-10-30 12:55:02 - [TEST_STEP][PASSED] - setText: Text 'Denver' is set on object 'Object Repository/Page_Home  Application/input_Subject or Keyword_subje'

2018-10-30 12:55:07 - [MESSAGE][PASSED] - Text 'Denver' is set on object 'Object Repository/Page_Home  Application/input_Subject or Keyword_subje'

2018-10-30 12:55:07 - [TEST_STEP][PASSED] - click: Object: 'Object Repository/Page_Home  Application/button_Search' is clicked on

2018-10-30 12:55:07 - [MESSAGE][PASSED] - Object: 'Object Repository/Page_Home  Application/button_Search' is clicked on

2018-10-30 12:55:07 - [TEST_STEP][PASSED] - click: Object: 'Object Repository/Page_Results  Application/div_Series2008-209R' is clicked on

2018-10-30 12:55:10 - [MESSAGE][PASSED] - Object: 'Object Repository/Page_Results  Application/div_Series2008-209R' is clicked on]]></system-out>
         <system-err><![CDATA[]]></system-err>
      </testcase>
      <testcase name="Test Cases/Denvergov/Denvergov - VoterRegistration" classname="Test Cases/Denvergov/Denvergov - VoterRegistration" status="PASSED">
         <system-out><![CDATA[2018-10-30 12:55:10 - [TEST_CASE][PASSED] - Test Cases/Denvergov/Denvergov - VoterRegistration: Test Cases/Denvergov/Denvergov - VoterRegistration

2018-10-30 12:55:10 - [TEST_STEP][PASSED] - navigateToUrl: Navigate to 'https://www.denvergov.org/content/denvergov/en/denver-elections-divison.html' successfully

2018-10-30 12:55:12 - [MESSAGE][PASSED] - Navigate to 'https://www.denvergov.org/content/denvergov/en/denver-elections-divison.html' successfully

2018-10-30 12:55:12 - [TEST_STEP][PASSED] - Statement - titleWindow = com.kms.katalon.core.webui.keyword.WebUiBuiltInKeywords.getWindowTitle(): Current window's title is: 'Denver Elections Division | DenverGov.org'

2018-10-30 12:55:12 - [MESSAGE][PASSED] - Current window's title is: 'Denver Elections Division | DenverGov.org'

2018-10-30 12:55:12 - [TEST_STEP][PASSED] - verifyMatch: Actual text 'Denver Elections Division | DenverGov.org' and expected text 'Denver Elections Division | DenverGov.org' are matched 

2018-10-30 12:55:12 - [MESSAGE][PASSED] - Actual text 'Denver Elections Division | DenverGov.org' and expected text 'Denver Elections Division | DenverGov.org' are matched]]></system-out>
         <system-err><![CDATA[]]></system-err>
      </testcase>
      <testcase name="Test Cases/Denvergov/Denvergov - ParkCitations" classname="Test Cases/Denvergov/Denvergov - ParkCitations" status="PASSED">
         <system-out><![CDATA[2018-10-30 12:55:12 - [TEST_CASE][PASSED] - Test Cases/Denvergov/Denvergov - ParkCitations: Test Cases/Denvergov/Denvergov - ParkCitations

2018-10-30 12:55:12 - [TEST_STEP][PASSED] - navigateToUrl: Navigate to 'https://www.denvergov.org/parkcitations' successfully

2018-10-30 12:55:14 - [MESSAGE][PASSED] - Navigate to 'https://www.denvergov.org/parkcitations' successfully

2018-10-30 12:55:14 - [TEST_STEP][PASSED] - click: Object: 'Object Repository/Page_Pay Park Citations/button_Submit' is clicked on

2018-10-30 12:55:14 - [MESSAGE][PASSED] - Object: 'Object Repository/Page_Pay Park Citations/button_Submit' is clicked on]]></system-out>
         <system-err><![CDATA[]]></system-err>
      </testcase>
      <testcase name="Test Cases/Denvergov/Denvergov - CSAHearingsMediation" classname="Test Cases/Denvergov/Denvergov - CSAHearingsMediation" status="PASSED">
         <system-out><![CDATA[2018-10-30 12:55:14 - [TEST_CASE][PASSED] - Test Cases/Denvergov/Denvergov - CSAHearingsMediation: Test Cases/Denvergov/Denvergov - CSAHearingsMediation

2018-10-30 12:55:14 - [TEST_STEP][PASSED] - navigateToUrl: Navigate to 'https://www.denvergov.org/content/denvergov/en/grievances-hearings-and-appeals/Mediations.html' successfully

2018-10-30 12:55:15 - [MESSAGE][PASSED] - Navigate to 'https://www.denvergov.org/content/denvergov/en/grievances-hearings-and-appeals/Mediations.html' successfully]]></system-out>
         <system-err><![CDATA[]]></system-err>
      </testcase>
      <testcase name="Test Cases/Denvergov/Denvergov - WaitlistEL" classname="Test Cases/Denvergov/Denvergov - WaitlistEL" status="PASSED">
         <system-out><![CDATA[2018-10-30 12:55:15 - [TEST_CASE][PASSED] - Test Cases/Denvergov/Denvergov - WaitlistEL: Test Cases/Denvergov/Denvergov - WaitlistEL

2018-10-30 12:55:15 - [TEST_STEP][PASSED] - navigateToUrl: Navigate to 'https://www.denvergov.org/content/denvergov/en/denver-business-licensing-center.html' successfully

2018-10-30 12:55:17 - [MESSAGE][PASSED] - Navigate to 'https://www.denvergov.org/content/denvergov/en/denver-business-licensing-center.html' successfully

2018-10-30 12:55:17 - [TEST_STEP][PASSED] - click: Object: 'Object Repository/Page_Business Licensing Center/div_x     Community Input Requ' is clicked on

2018-10-30 12:55:17 - [MESSAGE][PASSED] - Object: 'Object Repository/Page_Business Licensing Center/div_x     Community Input Requ' is clicked on

2018-10-30 12:55:17 - [TEST_STEP][PASSED] - click: Object: 'Object Repository/Page_Business Licensing Center/img' is clicked on

2018-10-30 12:55:17 - [MESSAGE][PASSED] - Object: 'Object Repository/Page_Business Licensing Center/img' is clicked on]]></system-out>
         <system-err><![CDATA[]]></system-err>
      </testcase>
      <testcase name="Test Cases/Denvergov/Denvergov - ElectionResults" classname="Test Cases/Denvergov/Denvergov - ElectionResults" status="PASSED">
         <system-out><![CDATA[2018-10-30 12:55:17 - [TEST_CASE][PASSED] - Test Cases/Denvergov/Denvergov - ElectionResults: Test Cases/Denvergov/Denvergov - ElectionResults

2018-10-30 12:55:17 - [TEST_STEP][PASSED] - navigateToUrl: Navigate to 'https://www.denvergov.org/electionresults' successfully

2018-10-30 12:55:18 - [MESSAGE][PASSED] - Navigate to 'https://www.denvergov.org/electionresults' successfully

2018-10-30 12:55:18 - [TEST_STEP][PASSED] - click: Object: 'Object Repository/Page_Denver Election Results/button_Select an election' is clicked on

2018-10-30 12:55:19 - [MESSAGE][PASSED] - Object: 'Object Repository/Page_Denver Election Results/button_Select an election' is clicked on]]></system-out>
         <system-err><![CDATA[]]></system-err>
      </testcase>
      <testcase name="Test Cases/Denvergov/Denvergov - PoliceRecords" classname="Test Cases/Denvergov/Denvergov - PoliceRecords" status="PASSED">
         <system-out><![CDATA[2018-10-30 12:55:19 - [TEST_CASE][PASSED] - Test Cases/Denvergov/Denvergov - PoliceRecords: Test Cases/Denvergov/Denvergov - PoliceRecords

2018-10-30 12:55:20 - [TEST_STEP][PASSED] - navigateToUrl: Navigate to 'https://www.denvergov.org/content/denvergov/en/police-department/records/request-records-online.html' successfully

2018-10-30 12:55:20 - [MESSAGE][PASSED] - Navigate to 'https://www.denvergov.org/content/denvergov/en/police-department/records/request-records-online.html' successfully

2018-10-30 12:55:20 - [TEST_STEP][PASSED] - setText: Text 'Test' is set on object 'Object Repository/Page_request-records-online/input_First Name_firstName'

2018-10-30 12:55:21 - [MESSAGE][PASSED] - Text 'Test' is set on object 'Object Repository/Page_request-records-online/input_First Name_firstName']]></system-out>
         <system-err><![CDATA[]]></system-err>
      </testcase>
      <testcase name="Test Cases/Denvergov/Denvergov - ArtsVenues-AdvancedDeposit" classname="Test Cases/Denvergov/Denvergov - ArtsVenues-AdvancedDeposit" status="PASSED">
         <system-out><![CDATA[2018-10-30 12:55:21 - [TEST_CASE][PASSED] - Test Cases/Denvergov/Denvergov - ArtsVenues-AdvancedDeposit: Test Cases/Denvergov/Denvergov - ArtsVenues-AdvancedDeposit

2018-10-30 12:55:21 - [TEST_STEP][PASSED] - navigateToUrl: Navigate to 'https://www.denvergov.org/content/denvergov/en/city-of-denver-home/online-services-center/arts-and-venues-advanced-deposit.html' successfully

2018-10-30 12:55:22 - [MESSAGE][PASSED] - Navigate to 'https://www.denvergov.org/content/denvergov/en/city-of-denver-home/online-services-center/arts-and-venues-advanced-deposit.html' successfully

2018-10-30 12:55:22 - [TEST_STEP][PASSED] - switchToFrame: Switched to iframe: 'Object Repository/Page_Arts and Venues Advanced Depos/iframe_Arts and Venues Advance'

2018-10-30 12:55:22 - [TEST_STEP][PASSED] - setText: Text 'Test' is set on object 'Object Repository/Page_Arts and Venues Advanced Depos/input__RESULT_TextField-0'

2018-10-30 12:55:22 - [MESSAGE][PASSED] - Text 'Test' is set on object 'Object Repository/Page_Arts and Venues Advanced Depos/input__RESULT_TextField-0']]></system-out>
         <system-err><![CDATA[]]></system-err>
      </testcase>
      <testcase name="Test Cases/Denvergov/Denvergov - eForclosure" classname="Test Cases/Denvergov/Denvergov - eForclosure" status="PASSED">
         <system-out><![CDATA[2018-10-30 12:55:22 - [TEST_CASE][PASSED] - Test Cases/Denvergov/Denvergov - eForclosure: Test Cases/Denvergov/Denvergov - eForclosure

2018-10-30 12:55:22 - [TEST_STEP][PASSED] - navigateToUrl: Navigate to 'https://www.denvergov.org/ForeclosurePortal/Home.aspx/Search' successfully

2018-10-30 12:55:24 - [MESSAGE][PASSED] - Navigate to 'https://www.denvergov.org/ForeclosurePortal/Home.aspx/Search' successfully

2018-10-30 12:55:24 - [TEST_STEP][PASSED] - click: Object: 'Object Repository/Page_Search/a_Search' is clicked on

2018-10-30 12:55:24 - [MESSAGE][PASSED] - Object: 'Object Repository/Page_Search/a_Search' is clicked on]]></system-out>
         <system-err><![CDATA[]]></system-err>
      </testcase>
      <testcase name="Test Cases/Denvergov/Denvergov - ElectionArchive" classname="Test Cases/Denvergov/Denvergov - ElectionArchive" status="PASSED">
         <system-out><![CDATA[2018-10-30 12:55:24 - [TEST_CASE][PASSED] - Test Cases/Denvergov/Denvergov - ElectionArchive: Test Cases/Denvergov/Denvergov - ElectionArchive

2018-10-30 12:55:24 - [TEST_STEP][PASSED] - navigateToUrl: Navigate to 'https://www.denvergov.org/content/denvergov/en/denver-elections-divison/election-archives-and-maps/elections-data-and-maps.html' successfully

2018-10-30 12:55:25 - [MESSAGE][PASSED] - Navigate to 'https://www.denvergov.org/content/denvergov/en/denver-elections-divison/election-archives-and-maps/elections-data-and-maps.html' successfully

2018-10-30 12:55:25 - [TEST_STEP][PASSED] - getWindowTitle: Current window's title is: 'Denver Elections Division | Data & Records | Historical Election Results & Maps'

2018-10-30 12:55:25 - [MESSAGE][PASSED] - Current window's title is: 'Denver Elections Division | Data & Records | Historical Election Results & Maps']]></system-out>
         <system-err><![CDATA[]]></system-err>
      </testcase>
      <testcase name="Test Cases/Denvergov/Denvergov - BuldingPermitStatus" classname="Test Cases/Denvergov/Denvergov - BuldingPermitStatus" status="PASSED">
         <system-out><![CDATA[2018-10-30 12:55:25 - [TEST_CASE][PASSED] - Test Cases/Denvergov/Denvergov - BuldingPermitStatus: Test Cases/Denvergov/Denvergov - BuldingPermitStatus

2018-10-30 12:55:25 - [TEST_STEP][PASSED] - navigateToUrl: Navigate to 'https://www.denvergov.org/buildingpermitstatus' successfully

2018-10-30 12:55:25 - [MESSAGE][PASSED] - Navigate to 'https://www.denvergov.org/buildingpermitstatus' successfully

2018-10-30 12:55:25 - [TEST_STEP][PASSED] - setText: Text '2017-LOG-0000920' is set on object 'Object Repository/Page_Building Permit Status/input_Enter your log number_tx'

2018-10-30 12:55:26 - [MESSAGE][PASSED] - Text '2017-LOG-0000920' is set on object 'Object Repository/Page_Building Permit Status/input_Enter your log number_tx'

2018-10-30 12:55:26 - [TEST_STEP][PASSED] - click: Object: 'Object Repository/Page_Building Permit Status/button_Search' is clicked on

2018-10-30 12:55:26 - [MESSAGE][PASSED] - Object: 'Object Repository/Page_Building Permit Status/button_Search' is clicked on

2018-10-30 12:55:26 - [TEST_STEP][PASSED] - verifyElementVisible: Object 'Object Repository/Page_Building Permit Status/h2_Project Log Number 2017-LOG' is visible

2018-10-30 12:55:26 - [MESSAGE][PASSED] - Object 'Object Repository/Page_Building Permit Status/h2_Project Log Number 2017-LOG' is visible]]></system-out>
         <system-err><![CDATA[]]></system-err>
      </testcase>
      <testcase name="Test Cases/Denvergov/Denvergov - TieBookSearch" classname="Test Cases/Denvergov/Denvergov - TieBookSearch" status="PASSED">
         <system-out><![CDATA[2018-10-30 12:55:26 - [TEST_CASE][PASSED] - Test Cases/Denvergov/Denvergov - TieBookSearch: Test Cases/Denvergov/Denvergov - TieBookSearch

2018-10-30 12:55:26 - [TEST_STEP][PASSED] - navigateToUrl: Navigate to 'https://www.denvergov.org/tiebooksearch' successfully

2018-10-30 12:55:28 - [MESSAGE][PASSED] - Navigate to 'https://www.denvergov.org/tiebooksearch' successfully

2018-10-30 12:55:28 - [TEST_STEP][PASSED] - setText: Text 'Broadway' is set on object 'Object Repository/Page_Tie Book Search/input_NorthSouth Street Name_n'

2018-10-30 12:55:28 - [MESSAGE][PASSED] - Text 'Broadway' is set on object 'Object Repository/Page_Tie Book Search/input_NorthSouth Street Name_n'

2018-10-30 12:55:28 - [TEST_STEP][PASSED] - setText: Text 'Colfax' is set on object 'Object Repository/Page_Tie Book Search/input_EastWest Avenue Name_eas'

2018-10-30 12:55:28 - [MESSAGE][PASSED] - Text 'Colfax' is set on object 'Object Repository/Page_Tie Book Search/input_EastWest Avenue Name_eas'

2018-10-30 12:55:28 - [TEST_STEP][PASSED] - click: Object: 'Object Repository/Page_Tie Book Search/button_Search' is clicked on

2018-10-30 12:55:32 - [MESSAGE][PASSED] - Object: 'Object Repository/Page_Tie Book Search/button_Search' is clicked on

2018-10-30 12:55:32 - [TEST_STEP][PASSED] - click: Object: 'Object Repository/Page_Tie Book Search Results/h3_Results' is clicked on

2018-10-30 12:55:32 - [MESSAGE][PASSED] - Object: 'Object Repository/Page_Tie Book Search Results/h3_Results' is clicked on]]></system-out>
         <system-err><![CDATA[]]></system-err>
      </testcase>
      <testcase name="Test Cases/Denvergov/Denvergov - PoliceClasses" classname="Test Cases/Denvergov/Denvergov - PoliceClasses" status="PASSED">
         <system-out><![CDATA[2018-10-30 12:55:32 - [TEST_CASE][PASSED] - Test Cases/Denvergov/Denvergov - PoliceClasses: Test Cases/Denvergov/Denvergov - PoliceClasses

2018-10-30 12:55:32 - [TEST_STEP][PASSED] - navigateToUrl: Navigate to 'https://www.denvergov.org/apps4/policeclasses/' successfully

2018-10-30 12:55:33 - [MESSAGE][PASSED] - Navigate to 'https://www.denvergov.org/apps4/policeclasses/' successfully

2018-10-30 12:55:33 - [TEST_STEP][PASSED] - click: Object: 'Object Repository/Page_Denver Police Academy/input_Denver Police Department' is clicked on

2018-10-30 12:55:33 - [MESSAGE][PASSED] - Object: 'Object Repository/Page_Denver Police Academy/input_Denver Police Department' is clicked on

2018-10-30 12:55:33 - [TEST_STEP][PASSED] - click: Object: 'Object Repository/Page_Denver Police Academy/input__PCController1ctl00btnLo' is clicked on

2018-10-30 12:55:33 - [MESSAGE][PASSED] - Object: 'Object Repository/Page_Denver Police Academy/input__PCController1ctl00btnLo' is clicked on]]></system-out>
         <system-err><![CDATA[]]></system-err>
      </testcase>
      <testcase name="Test Cases/Denvergov/Denvergov - Waitlist" classname="Test Cases/Denvergov/Denvergov - Waitlist" status="PASSED">
         <system-out><![CDATA[2018-10-30 12:55:33 - [TEST_CASE][PASSED] - Test Cases/Denvergov/Denvergov - Waitlist: Test Cases/Denvergov/Denvergov - Waitlist

2018-10-30 12:55:33 - [TEST_STEP][PASSED] - navigateToUrl: Navigate to 'https://www.denvergov.org/content/denvergov/en/denver-office-of-the-clerk-and-recorder.html' successfully

2018-10-30 12:55:36 - [MESSAGE][PASSED] - Navigate to 'https://www.denvergov.org/content/denvergov/en/denver-office-of-the-clerk-and-recorder.html' successfully

2018-10-30 12:55:36 - [TEST_STEP][PASSED] - Statement - title = com.kms.katalon.core.webui.keyword.WebUiBuiltInKeywords.getWindowTitle(): Current window's title is: 'Office of the Clerk and Recorder'

2018-10-30 12:55:36 - [MESSAGE][PASSED] - Current window's title is: 'Office of the Clerk and Recorder'

2018-10-30 12:55:36 - [TEST_STEP][PASSED] - verifyMatch: Actual text 'Office of the Clerk and Recorder' and expected text 'Office of the Clerk and Recorder' are matched 

2018-10-30 12:55:36 - [MESSAGE][PASSED] - Actual text 'Office of the Clerk and Recorder' and expected text 'Office of the Clerk and Recorder' are matched]]></system-out>
         <system-err><![CDATA[]]></system-err>
      </testcase>
      <testcase name="Test Cases/Denvergov/Denvergov - CompostSignup" classname="Test Cases/Denvergov/Denvergov - CompostSignup" status="FAILED">
         <failure type="FAILED" message="(Stack trace: com.kms.katalon.core.exception.StepFailedException: Unable to select option by value 'COLFAX' of object 'Object Repository/Page_Home  Application/select_Filter Street Name ....'  using regular expression (Root cause: No option matched.)
	at com.kms.katalon.core.keyword.internal.KeywordMain.stepFailed(KeywordMain.groovy:36)
	at com.kms.katalon.core.webui.keyword.internal.WebUIKeywordMain.stepFailed(WebUIKeywordMain.groovy:65)
	at com.kms.katalon.core.webui.keyword.internal.WebUIKeywordMain.runKeyword(WebUIKeywordMain.groovy:27)
	at com.kms.katalon.core.webui.keyword.builtin.SelectOptionByValueKeyword.selectOptionByValue(SelectOptionByValueKeyword.groovy:99)
	at com.kms.katalon.core.webui.keyword.builtin.SelectOptionByValueKeyword.execute(SelectOptionByValueKeyword.groovy:71)
	at com.kms.katalon.core.keyword.internal.KeywordExecutor.executeKeywordForPlatform(KeywordExecutor.groovy:53)
	at com.kms.katalon.core.webui.keyword.WebUiBuiltInKeywords.selectOptionByValue(WebUiBuiltInKeywords.groovy:1138)
	at com.kms.katalon.core.webui.keyword.WebUiBuiltInKeywords$selectOptionByValue$5.call(Unknown Source)
	at org.codehaus.groovy.runtime.callsite.CallSiteArray.defaultCall(CallSiteArray.java:48)
	at org.codehaus.groovy.runtime.callsite.AbstractCallSite.call(AbstractCallSite.java:113)
	at org.codehaus.groovy.runtime.callsite.AbstractCallSite.call(AbstractCallSite.java:141)
	at Script1539975566882.run(Script1539975566882.groovy:23)
	at com.kms.katalon.core.main.ScriptEngine.run(ScriptEngine.java:183)
	at com.kms.katalon.core.main.ScriptEngine.runScriptAsRawText(ScriptEngine.java:108)
	at com.kms.katalon.core.main.TestCaseExecutor.runScript(TestCaseExecutor.java:294)
	at com.kms.katalon.core.main.TestCaseExecutor.doExecute(TestCaseExecutor.java:285)
	at com.kms.katalon.core.main.TestCaseExecutor.processExecutionPhase(TestCaseExecutor.java:264)
	at com.kms.katalon.core.main.TestCaseExecutor.accessMainPhase(TestCaseExecutor.java:256)
	at com.kms.katalon.core.main.TestCaseExecutor.execute(TestCaseExecutor.java:200)
	at com.kms.katalon.core.main.TestSuiteExecutor.accessTestCaseMainPhase(TestSuiteExecutor.java:129)
	at com.kms.katalon.core.main.TestSuiteExecutor.accessTestSuiteMainPhase(TestSuiteExecutor.java:112)
	at com.kms.katalon.core.main.TestSuiteExecutor.execute(TestSuiteExecutor.java:81)
	at com.kms.katalon.core.main.TestCaseMain.startTestSuite(TestCaseMain.java:142)
	at com.kms.katalon.core.main.TestCaseMain$startTestSuite$0.call(Unknown Source)
	at org.codehaus.groovy.runtime.callsite.CallSiteArray.defaultCall(CallSiteArray.java:48)
	at org.codehaus.groovy.runtime.callsite.AbstractCallSite.call(AbstractCallSite.java:113)
	at org.codehaus.groovy.runtime.callsite.AbstractCallSite.call(AbstractCallSite.java:141)
	at TempTestSuite1540925532185.run(TempTestSuite1540925532185.groovy:36)
	at groovy.lang.GroovyShell.runScriptOrMainOrTestOrRunnable(GroovyShell.java:263)
	at groovy.lang.GroovyShell.run(GroovyShell.java:518)
	at groovy.lang.GroovyShell.run(GroovyShell.java:507)
	at groovy.ui.GroovyMain.processOnce(GroovyMain.java:653)
	at groovy.ui.GroovyMain.run(GroovyMain.java:384)
	at groovy.ui.GroovyMain.process(GroovyMain.java:370)
	at groovy.ui.GroovyMain.processArgs(GroovyMain.java:129)
	at groovy.ui.GroovyMain.main(GroovyMain.java:109)
	at sun.reflect.NativeMethodAccessorImpl.invoke0(Native Method)
	at sun.reflect.NativeMethodAccessorImpl.invoke(NativeMethodAccessorImpl.java:62)
	at sun.reflect.DelegatingMethodAccessorImpl.invoke(DelegatingMethodAccessorImpl.java:43)
	at java.lang.reflect.Method.invoke(Method.java:498)
	at org.codehaus.groovy.tools.GroovyStarter.rootLoader(GroovyStarter.java:109)
	at org.codehaus.groovy.tools.GroovyStarter.main(GroovyStarter.java:131)
)"/>
         <system-out><![CDATA[2018-10-30 12:55:36 - [TEST_CASE][FAILED] - Test Cases/Denvergov/Denvergov - CompostSignup: Test Cases/Denvergov/Denvergov - CompostSignup FAILED because (of) (Stack trace: com.kms.katalon.core.exception.StepFailedException: Unable to select option by value 'COLFAX' of object 'Object Repository/Page_Home  Application/select_Filter Street Name ....'  using regular expression (Root cause: No option matched.)
	at com.kms.katalon.core.keyword.internal.KeywordMain.stepFailed(KeywordMain.groovy:36)
	at com.kms.katalon.core.webui.keyword.internal.WebUIKeywordMain.stepFailed(WebUIKeywordMain.groovy:65)
	at com.kms.katalon.core.webui.keyword.internal.WebUIKeywordMain.runKeyword(WebUIKeywordMain.groovy:27)
	at com.kms.katalon.core.webui.keyword.builtin.SelectOptionByValueKeyword.selectOptionByValue(SelectOptionByValueKeyword.groovy:99)
	at com.kms.katalon.core.webui.keyword.builtin.SelectOptionByValueKeyword.execute(SelectOptionByValueKeyword.groovy:71)
	at com.kms.katalon.core.keyword.internal.KeywordExecutor.executeKeywordForPlatform(KeywordExecutor.groovy:53)
	at com.kms.katalon.core.webui.keyword.WebUiBuiltInKeywords.selectOptionByValue(WebUiBuiltInKeywords.groovy:1138)
	at com.kms.katalon.core.webui.keyword.WebUiBuiltInKeywords$selectOptionByValue$5.call(Unknown Source)
	at org.codehaus.groovy.runtime.callsite.CallSiteArray.defaultCall(CallSiteArray.java:48)
	at org.codehaus.groovy.runtime.callsite.AbstractCallSite.call(AbstractCallSite.java:113)
	at org.codehaus.groovy.runtime.callsite.AbstractCallSite.call(AbstractCallSite.java:141)
	at Script1539975566882.run(Script1539975566882.groovy:23)
	at com.kms.katalon.core.main.ScriptEngine.run(ScriptEngine.java:183)
	at com.kms.katalon.core.main.ScriptEngine.runScriptAsRawText(ScriptEngine.java:108)
	at com.kms.katalon.core.main.TestCaseExecutor.runScript(TestCaseExecutor.java:294)
	at com.kms.katalon.core.main.TestCaseExecutor.doExecute(TestCaseExecutor.java:285)
	at com.kms.katalon.core.main.TestCaseExecutor.processExecutionPhase(TestCaseExecutor.java:264)
	at com.kms.katalon.core.main.TestCaseExecutor.accessMainPhase(TestCaseExecutor.java:256)
	at com.kms.katalon.core.main.TestCaseExecutor.execute(TestCaseExecutor.java:200)
	at com.kms.katalon.core.main.TestSuiteExecutor.accessTestCaseMainPhase(TestSuiteExecutor.java:129)
	at com.kms.katalon.core.main.TestSuiteExecutor.accessTestSuiteMainPhase(TestSuiteExecutor.java:112)
	at com.kms.katalon.core.main.TestSuiteExecutor.execute(TestSuiteExecutor.java:81)
	at com.kms.katalon.core.main.TestCaseMain.startTestSuite(TestCaseMain.java:142)
	at com.kms.katalon.core.main.TestCaseMain$startTestSuite$0.call(Unknown Source)
	at org.codehaus.groovy.runtime.callsite.CallSiteArray.defaultCall(CallSiteArray.java:48)
	at org.codehaus.groovy.runtime.callsite.AbstractCallSite.call(AbstractCallSite.java:113)
	at org.codehaus.groovy.runtime.callsite.AbstractCallSite.call(AbstractCallSite.java:141)
	at TempTestSuite1540925532185.run(TempTestSuite1540925532185.groovy:36)
	at groovy.lang.GroovyShell.runScriptOrMainOrTestOrRunnable(GroovyShell.java:263)
	at groovy.lang.GroovyShell.run(GroovyShell.java:518)
	at groovy.lang.GroovyShell.run(GroovyShell.java:507)
	at groovy.ui.GroovyMain.processOnce(GroovyMain.java:653)
	at groovy.ui.GroovyMain.run(GroovyMain.java:384)
	at groovy.ui.GroovyMain.process(GroovyMain.java:370)
	at groovy.ui.GroovyMain.processArgs(GroovyMain.java:129)
	at groovy.ui.GroovyMain.main(GroovyMain.java:109)
	at sun.reflect.NativeMethodAccessorImpl.invoke0(Native Method)
	at sun.reflect.NativeMethodAccessorImpl.invoke(NativeMethodAccessorImpl.java:62)
	at sun.reflect.DelegatingMethodAccessorImpl.invoke(DelegatingMethodAccessorImpl.java:43)
	at java.lang.reflect.Method.invoke(Method.java:498)
	at org.codehaus.groovy.tools.GroovyStarter.rootLoader(GroovyStarter.java:109)
	at org.codehaus.groovy.tools.GroovyStarter.main(GroovyStarter.java:131)
)

2018-10-30 12:55:36 - [TEST_STEP][PASSED] - navigateToUrl: Navigate to 'https://www.denvergov.org/compostsignup' successfully

2018-10-30 12:55:38 - [MESSAGE][PASSED] - Navigate to 'https://www.denvergov.org/compostsignup' successfully

2018-10-30 12:55:38 - [TEST_STEP][PASSED] - setText: Text '201' is set on object 'Object Repository/Page_Home  Application/input_Number_form-control'

2018-10-30 12:55:39 - [MESSAGE][PASSED] - Text '201' is set on object 'Object Repository/Page_Home  Application/input_Number_form-control'

2018-10-30 12:55:39 - [TEST_STEP][PASSED] - selectOptionByValue: All options with value 'W' are selected in object 'Object Repository/Page_Home  Application/select_Filter Direction......N'  using regular expression

2018-10-30 12:55:39 - [MESSAGE][PASSED] - All options with value 'W' are selected in object 'Object Repository/Page_Home  Application/select_Filter Direction......N'  using regular expression

2018-10-30 12:55:39 - [TEST_STEP][FAILED] - selectOptionByValue: Unable to select option by value 'COLFAX' of object 'Object Repository/Page_Home  Application/select_Filter Street Name ....'  using regular expression (Root cause: No option matched.)

2018-10-30 12:55:39 - [MESSAGE][FAILED] - No option matched.

2018-10-30 12:55:39 - [MESSAGE][FAILED] - Unable to select option by value 'COLFAX' of object 'Object Repository/Page_Home  Application/select_Filter Street Name ....'  using regular expression (Root cause: No option matched.)
[[ATTACHMENT|C:\\Users\\134527\\git\\CCD Prod Validation\\Reports\\Denvergov\\20181030_125212\\1540925739246.png]]]]></system-out>
         <system-err><![CDATA[2018-10-30 12:55:36 - [TEST_CASE][FAILED] - Test Cases/Denvergov/Denvergov - CompostSignup: Test Cases/Denvergov/Denvergov - CompostSignup FAILED because (of) (Stack trace: com.kms.katalon.core.exception.StepFailedException: Unable to select option by value 'COLFAX' of object 'Object Repository/Page_Home  Application/select_Filter Street Name ....'  using regular expression (Root cause: No option matched.)
	at com.kms.katalon.core.keyword.internal.KeywordMain.stepFailed(KeywordMain.groovy:36)
	at com.kms.katalon.core.webui.keyword.internal.WebUIKeywordMain.stepFailed(WebUIKeywordMain.groovy:65)
	at com.kms.katalon.core.webui.keyword.internal.WebUIKeywordMain.runKeyword(WebUIKeywordMain.groovy:27)
	at com.kms.katalon.core.webui.keyword.builtin.SelectOptionByValueKeyword.selectOptionByValue(SelectOptionByValueKeyword.groovy:99)
	at com.kms.katalon.core.webui.keyword.builtin.SelectOptionByValueKeyword.execute(SelectOptionByValueKeyword.groovy:71)
	at com.kms.katalon.core.keyword.internal.KeywordExecutor.executeKeywordForPlatform(KeywordExecutor.groovy:53)
	at com.kms.katalon.core.webui.keyword.WebUiBuiltInKeywords.selectOptionByValue(WebUiBuiltInKeywords.groovy:1138)
	at com.kms.katalon.core.webui.keyword.WebUiBuiltInKeywords$selectOptionByValue$5.call(Unknown Source)
	at org.codehaus.groovy.runtime.callsite.CallSiteArray.defaultCall(CallSiteArray.java:48)
	at org.codehaus.groovy.runtime.callsite.AbstractCallSite.call(AbstractCallSite.java:113)
	at org.codehaus.groovy.runtime.callsite.AbstractCallSite.call(AbstractCallSite.java:141)
	at Script1539975566882.run(Script1539975566882.groovy:23)
	at com.kms.katalon.core.main.ScriptEngine.run(ScriptEngine.java:183)
	at com.kms.katalon.core.main.ScriptEngine.runScriptAsRawText(ScriptEngine.java:108)
	at com.kms.katalon.core.main.TestCaseExecutor.runScript(TestCaseExecutor.java:294)
	at com.kms.katalon.core.main.TestCaseExecutor.doExecute(TestCaseExecutor.java:285)
	at com.kms.katalon.core.main.TestCaseExecutor.processExecutionPhase(TestCaseExecutor.java:264)
	at com.kms.katalon.core.main.TestCaseExecutor.accessMainPhase(TestCaseExecutor.java:256)
	at com.kms.katalon.core.main.TestCaseExecutor.execute(TestCaseExecutor.java:200)
	at com.kms.katalon.core.main.TestSuiteExecutor.accessTestCaseMainPhase(TestSuiteExecutor.java:129)
	at com.kms.katalon.core.main.TestSuiteExecutor.accessTestSuiteMainPhase(TestSuiteExecutor.java:112)
	at com.kms.katalon.core.main.TestSuiteExecutor.execute(TestSuiteExecutor.java:81)
	at com.kms.katalon.core.main.TestCaseMain.startTestSuite(TestCaseMain.java:142)
	at com.kms.katalon.core.main.TestCaseMain$startTestSuite$0.call(Unknown Source)
	at org.codehaus.groovy.runtime.callsite.CallSiteArray.defaultCall(CallSiteArray.java:48)
	at org.codehaus.groovy.runtime.callsite.AbstractCallSite.call(AbstractCallSite.java:113)
	at org.codehaus.groovy.runtime.callsite.AbstractCallSite.call(AbstractCallSite.java:141)
	at TempTestSuite1540925532185.run(TempTestSuite1540925532185.groovy:36)
	at groovy.lang.GroovyShell.runScriptOrMainOrTestOrRunnable(GroovyShell.java:263)
	at groovy.lang.GroovyShell.run(GroovyShell.java:518)
	at groovy.lang.GroovyShell.run(GroovyShell.java:507)
	at groovy.ui.GroovyMain.processOnce(GroovyMain.java:653)
	at groovy.ui.GroovyMain.run(GroovyMain.java:384)
	at groovy.ui.GroovyMain.process(GroovyMain.java:370)
	at groovy.ui.GroovyMain.processArgs(GroovyMain.java:129)
	at groovy.ui.GroovyMain.main(GroovyMain.java:109)
	at sun.reflect.NativeMethodAccessorImpl.invoke0(Native Method)
	at sun.reflect.NativeMethodAccessorImpl.invoke(NativeMethodAccessorImpl.java:62)
	at sun.reflect.DelegatingMethodAccessorImpl.invoke(DelegatingMethodAccessorImpl.java:43)
	at java.lang.reflect.Method.invoke(Method.java:498)
	at org.codehaus.groovy.tools.GroovyStarter.rootLoader(GroovyStarter.java:109)
	at org.codehaus.groovy.tools.GroovyStarter.main(GroovyStarter.java:131)
)]]></system-err>
      </testcase>
      <testcase name="Test Cases/Denvergov/Denvergov - SubdivisionSurveys" classname="Test Cases/Denvergov/Denvergov - SubdivisionSurveys" status="PASSED">
         <system-out><![CDATA[2018-10-30 12:55:39 - [TEST_CASE][PASSED] - Test Cases/Denvergov/Denvergov - SubdivisionSurveys: Test Cases/Denvergov/Denvergov - SubdivisionSurveys

2018-10-30 12:55:39 - [TEST_STEP][PASSED] - navigateToUrl: Navigate to 'https://www.denvergov.org/subdivisionsurveys' successfully

2018-10-30 12:55:40 - [MESSAGE][PASSED] - Navigate to 'https://www.denvergov.org/subdivisionsurveys' successfully

2018-10-30 12:55:40 - [TEST_STEP][PASSED] - setText: Text 'washington park' is set on object 'Object Repository/Page_Search for Subdivision Plats i/input_Subdivision Name_SubName'

2018-10-30 12:55:40 - [MESSAGE][PASSED] - Text 'washington park' is set on object 'Object Repository/Page_Search for Subdivision Plats i/input_Subdivision Name_SubName'

2018-10-30 12:55:40 - [TEST_STEP][PASSED] - click: Object: 'Object Repository/Page_Search for Subdivision Plats i/button_Search' is clicked on

2018-10-30 12:55:41 - [MESSAGE][PASSED] - Object: 'Object Repository/Page_Search for Subdivision Plats i/button_Search' is clicked on

2018-10-30 12:55:41 - [TEST_STEP][PASSED] - click: Object: 'Object Repository/Page_Subdivision Plats in Denver/div_WASHINGTON PARK ADDITION I' is clicked on

2018-10-30 12:55:41 - [MESSAGE][PASSED] - Object: 'Object Repository/Page_Subdivision Plats in Denver/div_WASHINGTON PARK ADDITION I' is clicked on]]></system-out>
         <system-err><![CDATA[]]></system-err>
      </testcase>
      <testcase name="Test Cases/Denvergov/Denvergov - RestaurantInspections" classname="Test Cases/Denvergov/Denvergov - RestaurantInspections" status="PASSED">
         <system-out><![CDATA[2018-10-30 12:55:41 - [TEST_CASE][PASSED] - Test Cases/Denvergov/Denvergov - RestaurantInspections: Test Cases/Denvergov/Denvergov - RestaurantInspections

2018-10-30 12:55:41 - [TEST_STEP][PASSED] - navigateToUrl: Navigate to 'https://www.denvergov.org/restaurantinspections' successfully

2018-10-30 12:55:42 - [MESSAGE][PASSED] - Navigate to 'https://www.denvergov.org/restaurantinspections' successfully

2018-10-30 12:55:42 - [TEST_STEP][PASSED] - setText: Text 'McDonalds' is set on object 'Object Repository/Page_Restaurant Health Inspection S/input_Business Name_Restaurant'

2018-10-30 12:55:42 - [MESSAGE][PASSED] - Text 'McDonalds' is set on object 'Object Repository/Page_Restaurant Health Inspection S/input_Business Name_Restaurant'

2018-10-30 12:55:42 - [TEST_STEP][PASSED] - click: Object: 'Object Repository/Page_Restaurant Health Inspection S/button_Search' is clicked on

2018-10-30 12:55:43 - [MESSAGE][PASSED] - Object: 'Object Repository/Page_Restaurant Health Inspection S/button_Search' is clicked on

2018-10-30 12:55:43 - [TEST_STEP][PASSED] - click: Object: 'Object Repository/Page_Business Results/a_McDONALDS  6201 E COLFAX AVE' is clicked on

2018-10-30 12:55:43 - [MESSAGE][PASSED] - Object: 'Object Repository/Page_Business Results/a_McDONALDS  6201 E COLFAX AVE' is clicked on]]></system-out>
         <system-err><![CDATA[]]></system-err>
      </testcase>
      <testcase name="Test Cases/Denvergov/Denvergov - Property" classname="Test Cases/Denvergov/Denvergov - Property" status="PASSED">
         <system-out><![CDATA[2018-10-30 12:55:43 - [TEST_CASE][PASSED] - Test Cases/Denvergov/Denvergov - Property: Test Cases/Denvergov/Denvergov - Property

2018-10-30 12:55:43 - [TEST_STEP][PASSED] - navigateToUrl: Navigate to 'https://www.denvergov.org/property' successfully

2018-10-30 12:55:45 - [MESSAGE][PASSED] - Navigate to 'https://www.denvergov.org/property' successfully

2018-10-30 12:55:45 - [TEST_STEP][PASSED] - setText: Text '201 w colfax ave' is set on object 'Object Repository/Page_Denver Property Taxation and A/input_Note_search'

2018-10-30 12:55:45 - [MESSAGE][PASSED] - Text '201 w colfax ave' is set on object 'Object Repository/Page_Denver Property Taxation and A/input_Note_search'

2018-10-30 12:55:45 - [TEST_STEP][PASSED] - click: Object: 'Object Repository/Page_Denver Property Taxation and A/button_Search' is clicked on

2018-10-30 12:55:45 - [MESSAGE][PASSED] - Object: 'Object Repository/Page_Denver Property Taxation and A/button_Search' is clicked on

2018-10-30 12:55:45 - [TEST_STEP][PASSED] - click: Object: 'Object Repository/Page_Denver Property Taxation and A/a_201 W COLFAX AVE' is clicked on

2018-10-30 12:55:47 - [MESSAGE][PASSED] - Object: 'Object Repository/Page_Denver Property Taxation and A/a_201 W COLFAX AVE' is clicked on

2018-10-30 12:55:47 - [TEST_STEP][PASSED] - verifyElementPresent: Object 'Object Repository/Page_201 W COLFAX AVE  160965341/h1_201 W COLFAX AVE' is present

2018-10-30 12:55:47 - [MESSAGE][PASSED] - Object 'Object Repository/Page_201 W COLFAX AVE  160965341/h1_201 W COLFAX AVE' is present]]></system-out>
         <system-err><![CDATA[]]></system-err>
      </testcase>
      <system-out><![CDATA[2018-10-30 12:52:14 - [TEST_SUITE][FAILED] - Denvergov: Test Cases/Denvergov/Denvergov - RecyclingSignup FAILED because (of) (Stack trace: com.kms.katalon.core.exception.StepFailedException: Unable to click on object 'Object Repository/Page_Home Page/a_201  ACOMA ST' (Root cause: com.kms.katalon.core.webui.exception.WebElementNotFoundException: Web element with id: 'Object Repository/Page_Home Page/a_201  ACOMA ST' located by 'By.xpath: //*[(text() = '201  ACOMA ST' or . = '201  ACOMA ST')]' not found)
	at com.kms.katalon.core.keyword.internal.KeywordMain.stepFailed(KeywordMain.groovy:36)
	at com.kms.katalon.core.webui.keyword.internal.WebUIKeywordMain.stepFailed(WebUIKeywordMain.groovy:65)
	at com.kms.katalon.core.webui.keyword.internal.WebUIKeywordMain.runKeyword(WebUIKeywordMain.groovy:27)
	at com.kms.katalon.core.webui.keyword.builtin.ClickKeyword.click(ClickKeyword.groovy:86)
	at com.kms.katalon.core.webui.keyword.builtin.ClickKeyword.execute(ClickKeyword.groovy:67)
	at com.kms.katalon.core.keyword.internal.KeywordExecutor.executeKeywordForPlatform(KeywordExecutor.groovy:53)
	at com.kms.katalon.core.webui.keyword.WebUiBuiltInKeywords.click(WebUiBuiltInKeywords.groovy:616)
	at com.kms.katalon.core.webui.keyword.WebUiBuiltInKeywords$click$4.call(Unknown Source)
	at org.codehaus.groovy.runtime.callsite.CallSiteArray.defaultCall(CallSiteArray.java:48)
	at org.codehaus.groovy.runtime.callsite.AbstractCallSite.call(AbstractCallSite.java:113)
	at org.codehaus.groovy.runtime.callsite.AbstractCallSite.call(AbstractCallSite.java:125)
	at Script1540242502279.run(Script1540242502279.groovy:24)
	at com.kms.katalon.core.main.ScriptEngine.run(ScriptEngine.java:183)
	at com.kms.katalon.core.main.ScriptEngine.runScriptAsRawText(ScriptEngine.java:108)
	at com.kms.katalon.core.main.TestCaseExecutor.runScript(TestCaseExecutor.java:294)
	at com.kms.katalon.core.main.TestCaseExecutor.doExecute(TestCaseExecutor.java:285)
	at com.kms.katalon.core.main.TestCaseExecutor.processExecutionPhase(TestCaseExecutor.java:264)
	at com.kms.katalon.core.main.TestCaseExecutor.accessMainPhase(TestCaseExecutor.java:256)
	at com.kms.katalon.core.main.TestCaseExecutor.execute(TestCaseExecutor.java:200)
	at com.kms.katalon.core.main.TestSuiteExecutor.accessTestCaseMainPhase(TestSuiteExecutor.java:129)
	at com.kms.katalon.core.main.TestSuiteExecutor.accessTestSuiteMainPhase(TestSuiteExecutor.java:112)
	at com.kms.katalon.core.main.TestSuiteExecutor.execute(TestSuiteExecutor.java:81)
	at com.kms.katalon.core.main.TestCaseMain.startTestSuite(TestCaseMain.java:142)
	at com.kms.katalon.core.main.TestCaseMain$startTestSuite$0.call(Unknown Source)
	at org.codehaus.groovy.runtime.callsite.CallSiteArray.defaultCall(CallSiteArray.java:48)
	at org.codehaus.groovy.runtime.callsite.AbstractCallSite.call(AbstractCallSite.java:113)
	at org.codehaus.groovy.runtime.callsite.AbstractCallSite.call(AbstractCallSite.java:141)
	at TempTestSuite1540925532185.run(TempTestSuite1540925532185.groovy:36)
	at groovy.lang.GroovyShell.runScriptOrMainOrTestOrRunnable(GroovyShell.java:263)
	at groovy.lang.GroovyShell.run(GroovyShell.java:518)
	at groovy.lang.GroovyShell.run(GroovyShell.java:507)
	at groovy.ui.GroovyMain.processOnce(GroovyMain.java:653)
	at groovy.ui.GroovyMain.run(GroovyMain.java:384)
	at groovy.ui.GroovyMain.process(GroovyMain.java:370)
	at groovy.ui.GroovyMain.processArgs(GroovyMain.java:129)
	at groovy.ui.GroovyMain.main(GroovyMain.java:109)
	at sun.reflect.NativeMethodAccessorImpl.invoke0(Native Method)
	at sun.reflect.NativeMethodAccessorImpl.invoke(NativeMethodAccessorImpl.java:62)
	at sun.reflect.DelegatingMethodAccessorImpl.invoke(DelegatingMethodAccessorImpl.java:43)
	at java.lang.reflect.Method.invoke(Method.java:498)
	at org.codehaus.groovy.tools.GroovyStarter.rootLoader(GroovyStarter.java:109)
	at org.codehaus.groovy.tools.GroovyStarter.main(GroovyStarter.java:131)
)]]></system-out>
      <system-err><![CDATA[2018-10-30 12:52:14 - [TEST_SUITE][FAILED] - Denvergov: Test Cases/Denvergov/Denvergov - RecyclingSignup FAILED because (of) (Stack trace: com.kms.katalon.core.exception.StepFailedException: Unable to click on object 'Object Repository/Page_Home Page/a_201  ACOMA ST' (Root cause: com.kms.katalon.core.webui.exception.WebElementNotFoundException: Web element with id: 'Object Repository/Page_Home Page/a_201  ACOMA ST' located by 'By.xpath: //*[(text() = '201  ACOMA ST' or . = '201  ACOMA ST')]' not found)
	at com.kms.katalon.core.keyword.internal.KeywordMain.stepFailed(KeywordMain.groovy:36)
	at com.kms.katalon.core.webui.keyword.internal.WebUIKeywordMain.stepFailed(WebUIKeywordMain.groovy:65)
	at com.kms.katalon.core.webui.keyword.internal.WebUIKeywordMain.runKeyword(WebUIKeywordMain.groovy:27)
	at com.kms.katalon.core.webui.keyword.builtin.ClickKeyword.click(ClickKeyword.groovy:86)
	at com.kms.katalon.core.webui.keyword.builtin.ClickKeyword.execute(ClickKeyword.groovy:67)
	at com.kms.katalon.core.keyword.internal.KeywordExecutor.executeKeywordForPlatform(KeywordExecutor.groovy:53)
	at com.kms.katalon.core.webui.keyword.WebUiBuiltInKeywords.click(WebUiBuiltInKeywords.groovy:616)
	at com.kms.katalon.core.webui.keyword.WebUiBuiltInKeywords$click$4.call(Unknown Source)
	at org.codehaus.groovy.runtime.callsite.CallSiteArray.defaultCall(CallSiteArray.java:48)
	at org.codehaus.groovy.runtime.callsite.AbstractCallSite.call(AbstractCallSite.java:113)
	at org.codehaus.groovy.runtime.callsite.AbstractCallSite.call(AbstractCallSite.java:125)
	at Script1540242502279.run(Script1540242502279.groovy:24)
	at com.kms.katalon.core.main.ScriptEngine.run(ScriptEngine.java:183)
	at com.kms.katalon.core.main.ScriptEngine.runScriptAsRawText(ScriptEngine.java:108)
	at com.kms.katalon.core.main.TestCaseExecutor.runScript(TestCaseExecutor.java:294)
	at com.kms.katalon.core.main.TestCaseExecutor.doExecute(TestCaseExecutor.java:285)
	at com.kms.katalon.core.main.TestCaseExecutor.processExecutionPhase(TestCaseExecutor.java:264)
	at com.kms.katalon.core.main.TestCaseExecutor.accessMainPhase(TestCaseExecutor.java:256)
	at com.kms.katalon.core.main.TestCaseExecutor.execute(TestCaseExecutor.java:200)
	at com.kms.katalon.core.main.TestSuiteExecutor.accessTestCaseMainPhase(TestSuiteExecutor.java:129)
	at com.kms.katalon.core.main.TestSuiteExecutor.accessTestSuiteMainPhase(TestSuiteExecutor.java:112)
	at com.kms.katalon.core.main.TestSuiteExecutor.execute(TestSuiteExecutor.java:81)
	at com.kms.katalon.core.main.TestCaseMain.startTestSuite(TestCaseMain.java:142)
	at com.kms.katalon.core.main.TestCaseMain$startTestSuite$0.call(Unknown Source)
	at org.codehaus.groovy.runtime.callsite.CallSiteArray.defaultCall(CallSiteArray.java:48)
	at org.codehaus.groovy.runtime.callsite.AbstractCallSite.call(AbstractCallSite.java:113)
	at org.codehaus.groovy.runtime.callsite.AbstractCallSite.call(AbstractCallSite.java:141)
	at TempTestSuite1540925532185.run(TempTestSuite1540925532185.groovy:36)
	at groovy.lang.GroovyShell.runScriptOrMainOrTestOrRunnable(GroovyShell.java:263)
	at groovy.lang.GroovyShell.run(GroovyShell.java:518)
	at groovy.lang.GroovyShell.run(GroovyShell.java:507)
	at groovy.ui.GroovyMain.processOnce(GroovyMain.java:653)
	at groovy.ui.GroovyMain.run(GroovyMain.java:384)
	at groovy.ui.GroovyMain.process(GroovyMain.java:370)
	at groovy.ui.GroovyMain.processArgs(GroovyMain.java:129)
	at groovy.ui.GroovyMain.main(GroovyMain.java:109)
	at sun.reflect.NativeMethodAccessorImpl.invoke0(Native Method)
	at sun.reflect.NativeMethodAccessorImpl.invoke(NativeMethodAccessorImpl.java:62)
	at sun.reflect.DelegatingMethodAccessorImpl.invoke(DelegatingMethodAccessorImpl.java:43)
	at java.lang.reflect.Method.invoke(Method.java:498)
	at org.codehaus.groovy.tools.GroovyStarter.rootLoader(GroovyStarter.java:109)
	at org.codehaus.groovy.tools.GroovyStarter.main(GroovyStarter.java:131)
)]]></system-err>
   </testsuite>
</testsuites>
