<?xml version="1.0" encoding="UTF-8"?>
<testsuites name="Denvergov" time="741" tests="32" failures="7" errors="0">
   <testsuite name="Denvergov" tests="32" failures="7" errors="0" time="741" timestamp="2018-10-29 07:42:26" hostname="134527 - TSD8LRSJM2.gov.dnvr" id="Test Suites/Denvergov">
      <properties>
         <property name="deviceName" value=""/>
         <property name="devicePlatform" value=""/>
         <property name="logFolder" value="S:\\_EAS\\_Quality_Management\\Automation\\Katalon\\CCD Prod Validation\\Reports\\Denvergov\\20181029_074155"/>
         <property name="logFiles" value="S:\\_EAS\\_Quality_Management\\Automation\\Katalon\\CCD Prod Validation\\Reports\\Denvergov\\20181029_074155\\execution0.log"/>
         <property name="attachments" value="S:\\_EAS\\_Quality_Management\\Automation\\Katalon\\CCD Prod Validation\\Reports\\Denvergov\\20181029_074155\\1540820710433.png, S:\\_EAS\\_Quality_Management\\Automation\\Katalon\\CCD Prod Validation\\Reports\\Denvergov\\20181029_074155\\1540820764261.png, S:\\_EAS\\_Quality_Management\\Automation\\Katalon\\CCD Prod Validation\\Reports\\Denvergov\\20181029_074155\\1540821001862.png, S:\\_EAS\\_Quality_Management\\Automation\\Katalon\\CCD Prod Validation\\Reports\\Denvergov\\20181029_074155\\1540821065200.png, S:\\_EAS\\_Quality_Management\\Automation\\Katalon\\CCD Prod Validation\\Reports\\Denvergov\\20181029_074155\\1540821167818.png, S:\\_EAS\\_Quality_Management\\Automation\\Katalon\\CCD Prod Validation\\Reports\\Denvergov\\20181029_074155\\1540821211747.png, S:\\_EAS\\_Quality_Management\\Automation\\Katalon\\CCD Prod Validation\\Reports\\Denvergov\\20181029_074155\\1540821260174.png"/>
         <property name="hostName" value="134527 - TSD8LRSJM2.gov.dnvr"/>
         <property name="os" value="Windows 10 64bit"/>
         <property name="katalonVersion" value="5.8.3.2"/>
         <property name="browser" value="Chrome 64.0.3282.186"/>
         <property name="hostAddress" value="10.151.6.250"/>
         <property name="sessionId" value="42f92312cc164a5cca3e7c97e160f4b4"/>
         <property name="seleniumVersion" value="3.7.1"/>
         <property name="proxyInformation" value="ProxyInformation{proxyOption=NO_PROXY, proxyServerType=HTTP, password=, proxyServerAddress=, proxyServerPort=0}"/>
         <property name="platform" value="Windows 10"/>
      </properties>
      <testcase name="Test Cases/Denvergov/Denvergov - ArtsVenues-EventSettlement" classname="Test Cases/Denvergov/Denvergov - ArtsVenues-EventSettlement" status="PASSED">
         <system-out><![CDATA[2018-10-29 07:43:21 - [TEST_CASE][PASSED] - Test Cases/Denvergov/Denvergov - ArtsVenues-EventSettlement: Test Cases/Denvergov/Denvergov - ArtsVenues-EventSettlement

2018-10-29 07:43:32 - [TEST_STEP][PASSED] - navigateToUrl: Navigate to 'https://www.denvergov.org/content/denvergov/en/city-of-denver-home/online-services-center/arts-and-venues-event-settlement-payment.html' successfully

2018-10-29 07:43:36 - [MESSAGE][PASSED] - Navigate to 'https://www.denvergov.org/content/denvergov/en/city-of-denver-home/online-services-center/arts-and-venues-event-settlement-payment.html' successfully

2018-10-29 07:43:36 - [TEST_STEP][PASSED] - waitForElementPresent: Object 'Object Repository/Page_Arts and Venues Event Settleme/iframe_Arts and Venues Event S' is present

2018-10-29 07:43:37 - [MESSAGE][PASSED] - Object 'Object Repository/Page_Arts and Venues Event Settleme/iframe_Arts and Venues Event S' is present

2018-10-29 07:43:37 - [TEST_STEP][PASSED] - setText: Text 'Test' is set on object 'Object Repository/Page_Arts and Venues Event Settleme/input__RESULT_TextField-0'

2018-10-29 07:43:38 - [MESSAGE][PASSED] - Text 'Test' is set on object 'Object Repository/Page_Arts and Venues Event Settleme/input__RESULT_TextField-0']]></system-out>
         <system-err><![CDATA[]]></system-err>
      </testcase>
      <testcase name="Test Cases/Denvergov/Denvergov - pocketgov" classname="Test Cases/Denvergov/Denvergov - pocketgov" status="PASSED">
         <system-out><![CDATA[2018-10-29 07:43:38 - [TEST_CASE][PASSED] - Test Cases/Denvergov/Denvergov - pocketgov: Test Cases/Denvergov/Denvergov - pocketgov

2018-10-29 07:43:49 - [TEST_STEP][PASSED] - navigateToUrl: Navigate to 'https://www.denvergov.org/pocketgov/#/' successfully

2018-10-29 07:43:50 - [MESSAGE][PASSED] - Navigate to 'https://www.denvergov.org/pocketgov/#/' successfully

2018-10-29 07:43:50 - [TEST_STEP][PASSED] - click: Object: 'Object Repository/Page_pocketgov/a_Report a Problem' is clicked on

2018-10-29 07:43:50 - [MESSAGE][PASSED] - Object: 'Object Repository/Page_pocketgov/a_Report a Problem' is clicked on

2018-10-29 07:43:50 - [TEST_STEP][PASSED] - waitForElementPresent: Object 'Object Repository/Page_pocketgov  Report a Problem/select_Select CategoryAbandone' is present

2018-10-29 07:43:51 - [MESSAGE][PASSED] - Object 'Object Repository/Page_pocketgov  Report a Problem/select_Select CategoryAbandone' is present

2018-10-29 07:43:51 - [TEST_STEP][PASSED] - selectOptionByValue: All options with value 'REP_GRAFFITI' are selected in object 'Object Repository/Page_pocketgov  Report a Problem/select_Select CategoryAbandone'  using regular expression

2018-10-29 07:43:51 - [MESSAGE][PASSED] - All options with value 'REP_GRAFFITI' are selected in object 'Object Repository/Page_pocketgov  Report a Problem/select_Select CategoryAbandone'  using regular expression]]></system-out>
         <system-err><![CDATA[]]></system-err>
      </testcase>
      <testcase name="Test Cases/Denvergov/Denvergov - Checkbook" classname="Test Cases/Denvergov/Denvergov - Checkbook" status="PASSED">
         <system-out><![CDATA[2018-10-29 07:43:51 - [TEST_CASE][PASSED] - Test Cases/Denvergov/Denvergov - Checkbook: Test Cases/Denvergov/Denvergov - Checkbook

2018-10-29 07:44:02 - [TEST_STEP][PASSED] - navigateToUrl: Navigate to 'https://www.denvergov.org/transparency/checkbook' successfully

2018-10-29 07:44:03 - [MESSAGE][PASSED] - Navigate to 'https://www.denvergov.org/transparency/checkbook' successfully

2018-10-29 07:44:03 - [TEST_STEP][PASSED] - setText: Text 'Denver' is set on object 'Object Repository/Page_Denvers Online Checkbook  City/input_Filter by Year_form-cont'

2018-10-29 07:44:10 - [MESSAGE][PASSED] - Text 'Denver' is set on object 'Object Repository/Page_Denvers Online Checkbook  City/input_Filter by Year_form-cont'

2018-10-29 07:44:10 - [TEST_STEP][PASSED] - click: Object: 'Object Repository/Page_Denvers Online Checkbook  City/div_Search' is clicked on

2018-10-29 07:44:10 - [MESSAGE][PASSED] - Object: 'Object Repository/Page_Denvers Online Checkbook  City/div_Search' is clicked on

2018-10-29 07:44:10 - [TEST_STEP][PASSED] - click: Object: 'Object Repository/Page_Denvers Online Checkbook  City/div_Search Results' is clicked on

2018-10-29 07:44:10 - [MESSAGE][PASSED] - Object: 'Object Repository/Page_Denvers Online Checkbook  City/div_Search Results' is clicked on]]></system-out>
         <system-err><![CDATA[]]></system-err>
      </testcase>
      <testcase name="Test Cases/Denvergov/Denvergov - Transparency" classname="Test Cases/Denvergov/Denvergov - Transparency" status="PASSED">
         <system-out><![CDATA[2018-10-29 07:44:10 - [TEST_CASE][PASSED] - Test Cases/Denvergov/Denvergov - Transparency: Test Cases/Denvergov/Denvergov - Transparency

2018-10-29 07:44:21 - [TEST_STEP][PASSED] - navigateToUrl: Navigate to 'https://www.denvergov.org/content/denvergov/en/transparent-denver.html' successfully

2018-10-29 07:44:22 - [MESSAGE][PASSED] - Navigate to 'https://www.denvergov.org/content/denvergov/en/transparent-denver.html' successfully

2018-10-29 07:44:22 - [TEST_STEP][PASSED] - waitForElementClickable: Object 'Object Repository/Page_Transparent Denver  Open. Visi/img' is clickable

2018-10-29 07:44:23 - [MESSAGE][PASSED] - Object 'Object Repository/Page_Transparent Denver  Open. Visi/img' is clickable

2018-10-29 07:44:23 - [TEST_STEP][PASSED] - click: Object: 'Object Repository/Page_Transparent Denver  Open. Visi/img' is clicked on

2018-10-29 07:44:23 - [MESSAGE][PASSED] - Object: 'Object Repository/Page_Transparent Denver  Open. Visi/img' is clicked on

2018-10-29 07:44:23 - [TEST_STEP][PASSED] - delay: Delayed 3 second(s)

2018-10-29 07:44:27 - [MESSAGE][PASSED] - Delayed 3 second(s)

2018-10-29 07:44:27 - [TEST_STEP][PASSED] - switchToWindowUrl: Switched to window with url: 'https://www.denvergov.org/transparency/checkbook#/home?year=2018'

2018-10-29 07:44:28 - [MESSAGE][PASSED] - Switched to window with url: 'https://www.denvergov.org/transparency/checkbook#/home?year=2018'

2018-10-29 07:44:28 - [TEST_STEP][PASSED] - closeWindowIndex: Window with index 1 is closed

2018-10-29 07:44:29 - [MESSAGE][PASSED] - Window with index 1 is closed

2018-10-29 07:44:29 - [TEST_STEP][PASSED] - switchToWindowIndex: Switched to window with index: '0'

2018-10-29 07:44:29 - [MESSAGE][PASSED] - Switched to window with index: '0']]></system-out>
         <system-err><![CDATA[]]></system-err>
      </testcase>
      <testcase name="Test Cases/Denvergov/Denvergov - ContractorLicenses" classname="Test Cases/Denvergov/Denvergov - ContractorLicenses" status="PASSED">
         <system-out><![CDATA[2018-10-29 07:44:29 - [TEST_CASE][PASSED] - Test Cases/Denvergov/Denvergov - ContractorLicenses: Test Cases/Denvergov/Denvergov - ContractorLicenses

2018-10-29 07:44:40 - [TEST_STEP][PASSED] - navigateToUrl: Navigate to 'https://www.denvergov.org/contractorlicenses' successfully

2018-10-29 07:44:40 - [MESSAGE][PASSED] - Navigate to 'https://www.denvergov.org/contractorlicenses' successfully

2018-10-29 07:44:40 - [TEST_STEP][PASSED] - setText: Text 'Denver' is set on object 'Object Repository/Page_Verify a Contractors License/input_Check whether a contract'

2018-10-29 07:44:40 - [MESSAGE][PASSED] - Text 'Denver' is set on object 'Object Repository/Page_Verify a Contractors License/input_Check whether a contract'

2018-10-29 07:44:41 - [TEST_STEP][PASSED] - click: Object: 'Object Repository/Page_Verify a Contractors License/button_Search' is clicked on

2018-10-29 07:44:41 - [MESSAGE][PASSED] - Object: 'Object Repository/Page_Verify a Contractors License/button_Search' is clicked on

2018-10-29 07:44:41 - [TEST_STEP][PASSED] - waitForElementNotVisible: Object 'Object Repository/Page_Verify a Contractors License/div_Searching...' is NOT visible

2018-10-29 07:44:44 - [MESSAGE][PASSED] - Object 'Object Repository/Page_Verify a Contractors License/div_Searching...' is NOT visible

2018-10-29 07:44:44 - [TEST_STEP][PASSED] - click: Object: 'Object Repository/Page_Verify a Contractors License/div_DENVER DRYWALL COMPANY' is clicked on

2018-10-29 07:44:44 - [MESSAGE][PASSED] - Object: 'Object Repository/Page_Verify a Contractors License/div_DENVER DRYWALL COMPANY' is clicked on]]></system-out>
         <system-err><![CDATA[]]></system-err>
      </testcase>
      <testcase name="Test Cases/Denvergov/Denvergov - VoterList" classname="Test Cases/Denvergov/Denvergov - VoterList" status="PASSED">
         <system-out><![CDATA[2018-10-29 07:44:44 - [TEST_CASE][PASSED] - Test Cases/Denvergov/Denvergov - VoterList: Test Cases/Denvergov/Denvergov - VoterList

2018-10-29 07:44:55 - [TEST_STEP][PASSED] - navigateToUrl: Navigate to 'https://www.denvergov.org/content/denvergov/en/denver-elections-divison/campaign-information/voter-data/voter-list-downloads.html' successfully

2018-10-29 07:44:57 - [MESSAGE][PASSED] - Navigate to 'https://www.denvergov.org/content/denvergov/en/denver-elections-divison/campaign-information/voter-data/voter-list-downloads.html' successfully

2018-10-29 07:44:57 - [TEST_STEP][PASSED] - click: Object: 'Object Repository/Page_Denver Elections Division  Vot/div_alert alert-dismissable al' is clicked on

2018-10-29 07:44:57 - [MESSAGE][PASSED] - Object: 'Object Repository/Page_Denver Elections Division  Vot/div_alert alert-dismissable al' is clicked on]]></system-out>
         <system-err><![CDATA[]]></system-err>
      </testcase>
      <testcase name="Test Cases/Denvergov/Denvergov - RecyclingSignup" classname="Test Cases/Denvergov/Denvergov - RecyclingSignup" status="FAILED">
         <failure type="FAILED" message="(Stack trace: com.kms.katalon.core.exception.StepFailedException: Unable to select option by value '4' of object 'Object Repository/Page_Home Page/select_Select Direction.......'  using regular expression (Root cause: No option matched.)
	at com.kms.katalon.core.keyword.internal.KeywordMain.stepFailed(KeywordMain.groovy:36)
	at com.kms.katalon.core.webui.keyword.internal.WebUIKeywordMain.stepFailed(WebUIKeywordMain.groovy:65)
	at com.kms.katalon.core.webui.keyword.internal.WebUIKeywordMain.runKeyword(WebUIKeywordMain.groovy:27)
	at com.kms.katalon.core.webui.keyword.builtin.SelectOptionByValueKeyword.selectOptionByValue(SelectOptionByValueKeyword.groovy:99)
	at com.kms.katalon.core.webui.keyword.builtin.SelectOptionByValueKeyword.execute(SelectOptionByValueKeyword.groovy:71)
	at com.kms.katalon.core.keyword.internal.KeywordExecutor.executeKeywordForPlatform(KeywordExecutor.groovy:53)
	at com.kms.katalon.core.webui.keyword.WebUiBuiltInKeywords.selectOptionByValue(WebUiBuiltInKeywords.groovy:1138)
	at com.kms.katalon.core.webui.keyword.WebUiBuiltInKeywords$selectOptionByValue$5.call(Unknown Source)
	at org.codehaus.groovy.runtime.callsite.CallSiteArray.defaultCall(CallSiteArray.java:48)
	at org.codehaus.groovy.runtime.callsite.AbstractCallSite.call(AbstractCallSite.java:113)
	at org.codehaus.groovy.runtime.callsite.AbstractCallSite.call(AbstractCallSite.java:141)
	at Script1540242502279.run(Script1540242502279.groovy:20)
	at com.kms.katalon.core.main.ScriptEngine.run(ScriptEngine.java:183)
	at com.kms.katalon.core.main.ScriptEngine.runScriptAsRawText(ScriptEngine.java:108)
	at com.kms.katalon.core.main.TestCaseExecutor.runScript(TestCaseExecutor.java:294)
	at com.kms.katalon.core.main.TestCaseExecutor.doExecute(TestCaseExecutor.java:285)
	at com.kms.katalon.core.main.TestCaseExecutor.processExecutionPhase(TestCaseExecutor.java:264)
	at com.kms.katalon.core.main.TestCaseExecutor.accessMainPhase(TestCaseExecutor.java:256)
	at com.kms.katalon.core.main.TestCaseExecutor.execute(TestCaseExecutor.java:200)
	at com.kms.katalon.core.main.TestSuiteExecutor.accessTestCaseMainPhase(TestSuiteExecutor.java:129)
	at com.kms.katalon.core.main.TestSuiteExecutor.accessTestSuiteMainPhase(TestSuiteExecutor.java:112)
	at com.kms.katalon.core.main.TestSuiteExecutor.execute(TestSuiteExecutor.java:81)
	at com.kms.katalon.core.main.TestCaseMain.startTestSuite(TestCaseMain.java:142)
	at com.kms.katalon.core.main.TestCaseMain$startTestSuite$0.call(Unknown Source)
	at org.codehaus.groovy.runtime.callsite.CallSiteArray.defaultCall(CallSiteArray.java:48)
	at org.codehaus.groovy.runtime.callsite.AbstractCallSite.call(AbstractCallSite.java:113)
	at org.codehaus.groovy.runtime.callsite.AbstractCallSite.call(AbstractCallSite.java:141)
	at TempTestSuite1540820515506.run(TempTestSuite1540820515506.groovy:36)
	at groovy.lang.GroovyShell.runScriptOrMainOrTestOrRunnable(GroovyShell.java:263)
	at groovy.lang.GroovyShell.run(GroovyShell.java:518)
	at groovy.lang.GroovyShell.run(GroovyShell.java:507)
	at groovy.ui.GroovyMain.processOnce(GroovyMain.java:653)
	at groovy.ui.GroovyMain.run(GroovyMain.java:384)
	at groovy.ui.GroovyMain.process(GroovyMain.java:370)
	at groovy.ui.GroovyMain.processArgs(GroovyMain.java:129)
	at groovy.ui.GroovyMain.main(GroovyMain.java:109)
	at sun.reflect.NativeMethodAccessorImpl.invoke0(Native Method)
	at sun.reflect.NativeMethodAccessorImpl.invoke(NativeMethodAccessorImpl.java:62)
	at sun.reflect.DelegatingMethodAccessorImpl.invoke(DelegatingMethodAccessorImpl.java:43)
	at java.lang.reflect.Method.invoke(Method.java:498)
	at org.codehaus.groovy.tools.GroovyStarter.rootLoader(GroovyStarter.java:109)
	at org.codehaus.groovy.tools.GroovyStarter.main(GroovyStarter.java:131)
)"/>
         <system-out><![CDATA[2018-10-29 07:44:57 - [TEST_CASE][FAILED] - Test Cases/Denvergov/Denvergov - RecyclingSignup: Test Cases/Denvergov/Denvergov - RecyclingSignup FAILED because (of) (Stack trace: com.kms.katalon.core.exception.StepFailedException: Unable to select option by value '4' of object 'Object Repository/Page_Home Page/select_Select Direction.......'  using regular expression (Root cause: No option matched.)
	at com.kms.katalon.core.keyword.internal.KeywordMain.stepFailed(KeywordMain.groovy:36)
	at com.kms.katalon.core.webui.keyword.internal.WebUIKeywordMain.stepFailed(WebUIKeywordMain.groovy:65)
	at com.kms.katalon.core.webui.keyword.internal.WebUIKeywordMain.runKeyword(WebUIKeywordMain.groovy:27)
	at com.kms.katalon.core.webui.keyword.builtin.SelectOptionByValueKeyword.selectOptionByValue(SelectOptionByValueKeyword.groovy:99)
	at com.kms.katalon.core.webui.keyword.builtin.SelectOptionByValueKeyword.execute(SelectOptionByValueKeyword.groovy:71)
	at com.kms.katalon.core.keyword.internal.KeywordExecutor.executeKeywordForPlatform(KeywordExecutor.groovy:53)
	at com.kms.katalon.core.webui.keyword.WebUiBuiltInKeywords.selectOptionByValue(WebUiBuiltInKeywords.groovy:1138)
	at com.kms.katalon.core.webui.keyword.WebUiBuiltInKeywords$selectOptionByValue$5.call(Unknown Source)
	at org.codehaus.groovy.runtime.callsite.CallSiteArray.defaultCall(CallSiteArray.java:48)
	at org.codehaus.groovy.runtime.callsite.AbstractCallSite.call(AbstractCallSite.java:113)
	at org.codehaus.groovy.runtime.callsite.AbstractCallSite.call(AbstractCallSite.java:141)
	at Script1540242502279.run(Script1540242502279.groovy:20)
	at com.kms.katalon.core.main.ScriptEngine.run(ScriptEngine.java:183)
	at com.kms.katalon.core.main.ScriptEngine.runScriptAsRawText(ScriptEngine.java:108)
	at com.kms.katalon.core.main.TestCaseExecutor.runScript(TestCaseExecutor.java:294)
	at com.kms.katalon.core.main.TestCaseExecutor.doExecute(TestCaseExecutor.java:285)
	at com.kms.katalon.core.main.TestCaseExecutor.processExecutionPhase(TestCaseExecutor.java:264)
	at com.kms.katalon.core.main.TestCaseExecutor.accessMainPhase(TestCaseExecutor.java:256)
	at com.kms.katalon.core.main.TestCaseExecutor.execute(TestCaseExecutor.java:200)
	at com.kms.katalon.core.main.TestSuiteExecutor.accessTestCaseMainPhase(TestSuiteExecutor.java:129)
	at com.kms.katalon.core.main.TestSuiteExecutor.accessTestSuiteMainPhase(TestSuiteExecutor.java:112)
	at com.kms.katalon.core.main.TestSuiteExecutor.execute(TestSuiteExecutor.java:81)
	at com.kms.katalon.core.main.TestCaseMain.startTestSuite(TestCaseMain.java:142)
	at com.kms.katalon.core.main.TestCaseMain$startTestSuite$0.call(Unknown Source)
	at org.codehaus.groovy.runtime.callsite.CallSiteArray.defaultCall(CallSiteArray.java:48)
	at org.codehaus.groovy.runtime.callsite.AbstractCallSite.call(AbstractCallSite.java:113)
	at org.codehaus.groovy.runtime.callsite.AbstractCallSite.call(AbstractCallSite.java:141)
	at TempTestSuite1540820515506.run(TempTestSuite1540820515506.groovy:36)
	at groovy.lang.GroovyShell.runScriptOrMainOrTestOrRunnable(GroovyShell.java:263)
	at groovy.lang.GroovyShell.run(GroovyShell.java:518)
	at groovy.lang.GroovyShell.run(GroovyShell.java:507)
	at groovy.ui.GroovyMain.processOnce(GroovyMain.java:653)
	at groovy.ui.GroovyMain.run(GroovyMain.java:384)
	at groovy.ui.GroovyMain.process(GroovyMain.java:370)
	at groovy.ui.GroovyMain.processArgs(GroovyMain.java:129)
	at groovy.ui.GroovyMain.main(GroovyMain.java:109)
	at sun.reflect.NativeMethodAccessorImpl.invoke0(Native Method)
	at sun.reflect.NativeMethodAccessorImpl.invoke(NativeMethodAccessorImpl.java:62)
	at sun.reflect.DelegatingMethodAccessorImpl.invoke(DelegatingMethodAccessorImpl.java:43)
	at java.lang.reflect.Method.invoke(Method.java:498)
	at org.codehaus.groovy.tools.GroovyStarter.rootLoader(GroovyStarter.java:109)
	at org.codehaus.groovy.tools.GroovyStarter.main(GroovyStarter.java:131)
)

2018-10-29 07:45:08 - [TEST_STEP][PASSED] - navigateToUrl: Navigate to 'https://www.denvergov.org/recyclingsignup' successfully

2018-10-29 07:45:09 - [MESSAGE][PASSED] - Navigate to 'https://www.denvergov.org/recyclingsignup' successfully

2018-10-29 07:45:09 - [TEST_STEP][PASSED] - setText: Text '201' is set on object 'Object Repository/Page_Home Page/input_Number_form-control ng-u'

2018-10-29 07:45:10 - [MESSAGE][PASSED] - Text '201' is set on object 'Object Repository/Page_Home Page/input_Number_form-control ng-u'

2018-10-29 07:45:10 - [TEST_STEP][FAILED] - selectOptionByValue: Unable to select option by value '4' of object 'Object Repository/Page_Home Page/select_Select Direction.......'  using regular expression (Root cause: No option matched.)

2018-10-29 07:45:10 - [MESSAGE][FAILED] - No option matched.

2018-10-29 07:45:11 - [MESSAGE][FAILED] - Unable to select option by value '4' of object 'Object Repository/Page_Home Page/select_Select Direction.......'  using regular expression (Root cause: No option matched.)
[[ATTACHMENT|S:\\_EAS\\_Quality_Management\\Automation\\Katalon\\CCD Prod Validation\\Reports\\Denvergov\\20181029_074155\\1540820710433.png]]]]></system-out>
         <system-err><![CDATA[2018-10-29 07:44:57 - [TEST_CASE][FAILED] - Test Cases/Denvergov/Denvergov - RecyclingSignup: Test Cases/Denvergov/Denvergov - RecyclingSignup FAILED because (of) (Stack trace: com.kms.katalon.core.exception.StepFailedException: Unable to select option by value '4' of object 'Object Repository/Page_Home Page/select_Select Direction.......'  using regular expression (Root cause: No option matched.)
	at com.kms.katalon.core.keyword.internal.KeywordMain.stepFailed(KeywordMain.groovy:36)
	at com.kms.katalon.core.webui.keyword.internal.WebUIKeywordMain.stepFailed(WebUIKeywordMain.groovy:65)
	at com.kms.katalon.core.webui.keyword.internal.WebUIKeywordMain.runKeyword(WebUIKeywordMain.groovy:27)
	at com.kms.katalon.core.webui.keyword.builtin.SelectOptionByValueKeyword.selectOptionByValue(SelectOptionByValueKeyword.groovy:99)
	at com.kms.katalon.core.webui.keyword.builtin.SelectOptionByValueKeyword.execute(SelectOptionByValueKeyword.groovy:71)
	at com.kms.katalon.core.keyword.internal.KeywordExecutor.executeKeywordForPlatform(KeywordExecutor.groovy:53)
	at com.kms.katalon.core.webui.keyword.WebUiBuiltInKeywords.selectOptionByValue(WebUiBuiltInKeywords.groovy:1138)
	at com.kms.katalon.core.webui.keyword.WebUiBuiltInKeywords$selectOptionByValue$5.call(Unknown Source)
	at org.codehaus.groovy.runtime.callsite.CallSiteArray.defaultCall(CallSiteArray.java:48)
	at org.codehaus.groovy.runtime.callsite.AbstractCallSite.call(AbstractCallSite.java:113)
	at org.codehaus.groovy.runtime.callsite.AbstractCallSite.call(AbstractCallSite.java:141)
	at Script1540242502279.run(Script1540242502279.groovy:20)
	at com.kms.katalon.core.main.ScriptEngine.run(ScriptEngine.java:183)
	at com.kms.katalon.core.main.ScriptEngine.runScriptAsRawText(ScriptEngine.java:108)
	at com.kms.katalon.core.main.TestCaseExecutor.runScript(TestCaseExecutor.java:294)
	at com.kms.katalon.core.main.TestCaseExecutor.doExecute(TestCaseExecutor.java:285)
	at com.kms.katalon.core.main.TestCaseExecutor.processExecutionPhase(TestCaseExecutor.java:264)
	at com.kms.katalon.core.main.TestCaseExecutor.accessMainPhase(TestCaseExecutor.java:256)
	at com.kms.katalon.core.main.TestCaseExecutor.execute(TestCaseExecutor.java:200)
	at com.kms.katalon.core.main.TestSuiteExecutor.accessTestCaseMainPhase(TestSuiteExecutor.java:129)
	at com.kms.katalon.core.main.TestSuiteExecutor.accessTestSuiteMainPhase(TestSuiteExecutor.java:112)
	at com.kms.katalon.core.main.TestSuiteExecutor.execute(TestSuiteExecutor.java:81)
	at com.kms.katalon.core.main.TestCaseMain.startTestSuite(TestCaseMain.java:142)
	at com.kms.katalon.core.main.TestCaseMain$startTestSuite$0.call(Unknown Source)
	at org.codehaus.groovy.runtime.callsite.CallSiteArray.defaultCall(CallSiteArray.java:48)
	at org.codehaus.groovy.runtime.callsite.AbstractCallSite.call(AbstractCallSite.java:113)
	at org.codehaus.groovy.runtime.callsite.AbstractCallSite.call(AbstractCallSite.java:141)
	at TempTestSuite1540820515506.run(TempTestSuite1540820515506.groovy:36)
	at groovy.lang.GroovyShell.runScriptOrMainOrTestOrRunnable(GroovyShell.java:263)
	at groovy.lang.GroovyShell.run(GroovyShell.java:518)
	at groovy.lang.GroovyShell.run(GroovyShell.java:507)
	at groovy.ui.GroovyMain.processOnce(GroovyMain.java:653)
	at groovy.ui.GroovyMain.run(GroovyMain.java:384)
	at groovy.ui.GroovyMain.process(GroovyMain.java:370)
	at groovy.ui.GroovyMain.processArgs(GroovyMain.java:129)
	at groovy.ui.GroovyMain.main(GroovyMain.java:109)
	at sun.reflect.NativeMethodAccessorImpl.invoke0(Native Method)
	at sun.reflect.NativeMethodAccessorImpl.invoke(NativeMethodAccessorImpl.java:62)
	at sun.reflect.DelegatingMethodAccessorImpl.invoke(DelegatingMethodAccessorImpl.java:43)
	at java.lang.reflect.Method.invoke(Method.java:498)
	at org.codehaus.groovy.tools.GroovyStarter.rootLoader(GroovyStarter.java:109)
	at org.codehaus.groovy.tools.GroovyStarter.main(GroovyStarter.java:131)
)]]></system-err>
      </testcase>
      <testcase name="Test Cases/Denvergov/Denvergov - CampaignFinanceReports" classname="Test Cases/Denvergov/Denvergov - CampaignFinanceReports" status="FAILED">
         <failure type="FAILED" message="(Stack trace: com.kms.katalon.core.exception.StepFailedException: Unable to get attribute 'value' of object 'Object Repository/Page_Denver Elections Division  Cam/NumberOfResults' (Root cause: com.kms.katalon.core.webui.exception.WebElementNotFoundException: Web element with id: 'Object Repository/Page_Denver Elections Division  Cam/NumberOfResults' located by 'By.xpath: //span[(text() = ' 82 ' or . = ' 82 ')]' not found)
	at com.kms.katalon.core.keyword.internal.KeywordMain.stepFailed(KeywordMain.groovy:36)
	at com.kms.katalon.core.webui.keyword.internal.WebUIKeywordMain.stepFailed(WebUIKeywordMain.groovy:65)
	at com.kms.katalon.core.webui.keyword.internal.WebUIKeywordMain.runKeyword(WebUIKeywordMain.groovy:27)
	at com.kms.katalon.core.webui.keyword.builtin.GetAttributeKeyword.getAttribute(GetAttributeKeyword.groovy:93)
	at com.kms.katalon.core.webui.keyword.builtin.GetAttributeKeyword.execute(GetAttributeKeyword.groovy:68)
	at com.kms.katalon.core.keyword.internal.KeywordExecutor.executeKeywordForPlatform(KeywordExecutor.groovy:53)
	at com.kms.katalon.core.webui.keyword.WebUiBuiltInKeywords.getAttribute(WebUiBuiltInKeywords.groovy:921)
	at com.kms.katalon.core.webui.keyword.WebUiBuiltInKeywords$getAttribute$11.call(Unknown Source)
	at org.codehaus.groovy.runtime.callsite.CallSiteArray.defaultCall(CallSiteArray.java:48)
	at org.codehaus.groovy.runtime.callsite.AbstractCallSite.call(AbstractCallSite.java:113)
	at org.codehaus.groovy.runtime.callsite.AbstractCallSite.call(AbstractCallSite.java:133)
	at Script1539963439249.run(Script1539963439249.groovy:24)
	at com.kms.katalon.core.main.ScriptEngine.run(ScriptEngine.java:183)
	at com.kms.katalon.core.main.ScriptEngine.runScriptAsRawText(ScriptEngine.java:108)
	at com.kms.katalon.core.main.TestCaseExecutor.runScript(TestCaseExecutor.java:294)
	at com.kms.katalon.core.main.TestCaseExecutor.doExecute(TestCaseExecutor.java:285)
	at com.kms.katalon.core.main.TestCaseExecutor.processExecutionPhase(TestCaseExecutor.java:264)
	at com.kms.katalon.core.main.TestCaseExecutor.accessMainPhase(TestCaseExecutor.java:256)
	at com.kms.katalon.core.main.TestCaseExecutor.execute(TestCaseExecutor.java:200)
	at com.kms.katalon.core.main.TestSuiteExecutor.accessTestCaseMainPhase(TestSuiteExecutor.java:129)
	at com.kms.katalon.core.main.TestSuiteExecutor.accessTestSuiteMainPhase(TestSuiteExecutor.java:112)
	at com.kms.katalon.core.main.TestSuiteExecutor.execute(TestSuiteExecutor.java:81)
	at com.kms.katalon.core.main.TestCaseMain.startTestSuite(TestCaseMain.java:142)
	at com.kms.katalon.core.main.TestCaseMain$startTestSuite$0.call(Unknown Source)
	at org.codehaus.groovy.runtime.callsite.CallSiteArray.defaultCall(CallSiteArray.java:48)
	at org.codehaus.groovy.runtime.callsite.AbstractCallSite.call(AbstractCallSite.java:113)
	at org.codehaus.groovy.runtime.callsite.AbstractCallSite.call(AbstractCallSite.java:141)
	at TempTestSuite1540820515506.run(TempTestSuite1540820515506.groovy:36)
	at groovy.lang.GroovyShell.runScriptOrMainOrTestOrRunnable(GroovyShell.java:263)
	at groovy.lang.GroovyShell.run(GroovyShell.java:518)
	at groovy.lang.GroovyShell.run(GroovyShell.java:507)
	at groovy.ui.GroovyMain.processOnce(GroovyMain.java:653)
	at groovy.ui.GroovyMain.run(GroovyMain.java:384)
	at groovy.ui.GroovyMain.process(GroovyMain.java:370)
	at groovy.ui.GroovyMain.processArgs(GroovyMain.java:129)
	at groovy.ui.GroovyMain.main(GroovyMain.java:109)
	at sun.reflect.NativeMethodAccessorImpl.invoke0(Native Method)
	at sun.reflect.NativeMethodAccessorImpl.invoke(NativeMethodAccessorImpl.java:62)
	at sun.reflect.DelegatingMethodAccessorImpl.invoke(DelegatingMethodAccessorImpl.java:43)
	at java.lang.reflect.Method.invoke(Method.java:498)
	at org.codehaus.groovy.tools.GroovyStarter.rootLoader(GroovyStarter.java:109)
	at org.codehaus.groovy.tools.GroovyStarter.main(GroovyStarter.java:131)
)"/>
         <system-out><![CDATA[2018-10-29 07:45:11 - [TEST_CASE][FAILED] - Test Cases/Denvergov/Denvergov - CampaignFinanceReports: Test Cases/Denvergov/Denvergov - CampaignFinanceReports FAILED because (of) (Stack trace: com.kms.katalon.core.exception.StepFailedException: Unable to get attribute 'value' of object 'Object Repository/Page_Denver Elections Division  Cam/NumberOfResults' (Root cause: com.kms.katalon.core.webui.exception.WebElementNotFoundException: Web element with id: 'Object Repository/Page_Denver Elections Division  Cam/NumberOfResults' located by 'By.xpath: //span[(text() = ' 82 ' or . = ' 82 ')]' not found)
	at com.kms.katalon.core.keyword.internal.KeywordMain.stepFailed(KeywordMain.groovy:36)
	at com.kms.katalon.core.webui.keyword.internal.WebUIKeywordMain.stepFailed(WebUIKeywordMain.groovy:65)
	at com.kms.katalon.core.webui.keyword.internal.WebUIKeywordMain.runKeyword(WebUIKeywordMain.groovy:27)
	at com.kms.katalon.core.webui.keyword.builtin.GetAttributeKeyword.getAttribute(GetAttributeKeyword.groovy:93)
	at com.kms.katalon.core.webui.keyword.builtin.GetAttributeKeyword.execute(GetAttributeKeyword.groovy:68)
	at com.kms.katalon.core.keyword.internal.KeywordExecutor.executeKeywordForPlatform(KeywordExecutor.groovy:53)
	at com.kms.katalon.core.webui.keyword.WebUiBuiltInKeywords.getAttribute(WebUiBuiltInKeywords.groovy:921)
	at com.kms.katalon.core.webui.keyword.WebUiBuiltInKeywords$getAttribute$11.call(Unknown Source)
	at org.codehaus.groovy.runtime.callsite.CallSiteArray.defaultCall(CallSiteArray.java:48)
	at org.codehaus.groovy.runtime.callsite.AbstractCallSite.call(AbstractCallSite.java:113)
	at org.codehaus.groovy.runtime.callsite.AbstractCallSite.call(AbstractCallSite.java:133)
	at Script1539963439249.run(Script1539963439249.groovy:24)
	at com.kms.katalon.core.main.ScriptEngine.run(ScriptEngine.java:183)
	at com.kms.katalon.core.main.ScriptEngine.runScriptAsRawText(ScriptEngine.java:108)
	at com.kms.katalon.core.main.TestCaseExecutor.runScript(TestCaseExecutor.java:294)
	at com.kms.katalon.core.main.TestCaseExecutor.doExecute(TestCaseExecutor.java:285)
	at com.kms.katalon.core.main.TestCaseExecutor.processExecutionPhase(TestCaseExecutor.java:264)
	at com.kms.katalon.core.main.TestCaseExecutor.accessMainPhase(TestCaseExecutor.java:256)
	at com.kms.katalon.core.main.TestCaseExecutor.execute(TestCaseExecutor.java:200)
	at com.kms.katalon.core.main.TestSuiteExecutor.accessTestCaseMainPhase(TestSuiteExecutor.java:129)
	at com.kms.katalon.core.main.TestSuiteExecutor.accessTestSuiteMainPhase(TestSuiteExecutor.java:112)
	at com.kms.katalon.core.main.TestSuiteExecutor.execute(TestSuiteExecutor.java:81)
	at com.kms.katalon.core.main.TestCaseMain.startTestSuite(TestCaseMain.java:142)
	at com.kms.katalon.core.main.TestCaseMain$startTestSuite$0.call(Unknown Source)
	at org.codehaus.groovy.runtime.callsite.CallSiteArray.defaultCall(CallSiteArray.java:48)
	at org.codehaus.groovy.runtime.callsite.AbstractCallSite.call(AbstractCallSite.java:113)
	at org.codehaus.groovy.runtime.callsite.AbstractCallSite.call(AbstractCallSite.java:141)
	at TempTestSuite1540820515506.run(TempTestSuite1540820515506.groovy:36)
	at groovy.lang.GroovyShell.runScriptOrMainOrTestOrRunnable(GroovyShell.java:263)
	at groovy.lang.GroovyShell.run(GroovyShell.java:518)
	at groovy.lang.GroovyShell.run(GroovyShell.java:507)
	at groovy.ui.GroovyMain.processOnce(GroovyMain.java:653)
	at groovy.ui.GroovyMain.run(GroovyMain.java:384)
	at groovy.ui.GroovyMain.process(GroovyMain.java:370)
	at groovy.ui.GroovyMain.processArgs(GroovyMain.java:129)
	at groovy.ui.GroovyMain.main(GroovyMain.java:109)
	at sun.reflect.NativeMethodAccessorImpl.invoke0(Native Method)
	at sun.reflect.NativeMethodAccessorImpl.invoke(NativeMethodAccessorImpl.java:62)
	at sun.reflect.DelegatingMethodAccessorImpl.invoke(DelegatingMethodAccessorImpl.java:43)
	at java.lang.reflect.Method.invoke(Method.java:498)
	at org.codehaus.groovy.tools.GroovyStarter.rootLoader(GroovyStarter.java:109)
	at org.codehaus.groovy.tools.GroovyStarter.main(GroovyStarter.java:131)
)

2018-10-29 07:45:21 - [TEST_STEP][PASSED] - openBrowser: Browser is opened with url: ''

2018-10-29 07:45:21 - [MESSAGE][WARNING] - A browser is already opened. Closing browser and opening a new one

2018-10-29 07:45:26 - [MESSAGE][PASSED] - Browser is opened with url: ''

2018-10-29 07:45:26 - [TEST_STEP][PASSED] - navigateToUrl: Navigate to 'https://www.denvergov.org/content/denvergov/en/denver-elections-divison/campaign-information/campaign-finance/campaign-finance-archives.html' successfully

2018-10-29 07:45:27 - [MESSAGE][PASSED] - Navigate to 'https://www.denvergov.org/content/denvergov/en/denver-elections-divison/campaign-information/campaign-finance/campaign-finance-archives.html' successfully

2018-10-29 07:45:27 - [TEST_STEP][PASSED] - setText: Text '2018' is set on object 'Object Repository/Page_Denver Elections Division  Cam/input_concat(Search by Year Or'

2018-10-29 07:45:27 - [MESSAGE][PASSED] - Text '2018' is set on object 'Object Repository/Page_Denver Elections Division  Cam/input_concat(Search by Year Or'

2018-10-29 07:45:27 - [TEST_STEP][PASSED] - waitForElementPresent: Object 'Object Repository/Page_Denver Elections Division  Cam/NumberOfResults' is not present after 5 second(s)

2018-10-29 07:45:33 - [MESSAGE][WARNING] - Object 'Object Repository/Page_Denver Elections Division  Cam/NumberOfResults' is not present after 5 second(s)

2018-10-29 07:45:33 - [TEST_STEP][FAILED] - Statement - attribute = com.kms.katalon.core.webui.keyword.WebUiBuiltInKeywords.getAttribute(com.kms.katalon.core.testobject.ObjectRepository.findTestObject(Page_Denver Elections Division  Cam/NumberOfResults), "value"): Unable to get attribute 'value' of object 'Object Repository/Page_Denver Elections Division  Cam/NumberOfResults' (Root cause: com.kms.katalon.core.webui.exception.WebElementNotFoundException: Web element with id: 'Object Repository/Page_Denver Elections Division  Cam/NumberOfResults' located by 'By.xpath: //span[(text() = ' 82 ' or . = ' 82 ')]' not found)

2018-10-29 07:46:04 - [MESSAGE][FAILED] - Unable to get attribute 'value' of object 'Object Repository/Page_Denver Elections Division  Cam/NumberOfResults' (Root cause: com.kms.katalon.core.webui.exception.WebElementNotFoundException: Web element with id: 'Object Repository/Page_Denver Elections Division  Cam/NumberOfResults' located by 'By.xpath: //span[(text() = ' 82 ' or . = ' 82 ')]' not found)
[[ATTACHMENT|S:\\_EAS\\_Quality_Management\\Automation\\Katalon\\CCD Prod Validation\\Reports\\Denvergov\\20181029_074155\\1540820764261.png]]]]></system-out>
         <system-err><![CDATA[2018-10-29 07:45:11 - [TEST_CASE][FAILED] - Test Cases/Denvergov/Denvergov - CampaignFinanceReports: Test Cases/Denvergov/Denvergov - CampaignFinanceReports FAILED because (of) (Stack trace: com.kms.katalon.core.exception.StepFailedException: Unable to get attribute 'value' of object 'Object Repository/Page_Denver Elections Division  Cam/NumberOfResults' (Root cause: com.kms.katalon.core.webui.exception.WebElementNotFoundException: Web element with id: 'Object Repository/Page_Denver Elections Division  Cam/NumberOfResults' located by 'By.xpath: //span[(text() = ' 82 ' or . = ' 82 ')]' not found)
	at com.kms.katalon.core.keyword.internal.KeywordMain.stepFailed(KeywordMain.groovy:36)
	at com.kms.katalon.core.webui.keyword.internal.WebUIKeywordMain.stepFailed(WebUIKeywordMain.groovy:65)
	at com.kms.katalon.core.webui.keyword.internal.WebUIKeywordMain.runKeyword(WebUIKeywordMain.groovy:27)
	at com.kms.katalon.core.webui.keyword.builtin.GetAttributeKeyword.getAttribute(GetAttributeKeyword.groovy:93)
	at com.kms.katalon.core.webui.keyword.builtin.GetAttributeKeyword.execute(GetAttributeKeyword.groovy:68)
	at com.kms.katalon.core.keyword.internal.KeywordExecutor.executeKeywordForPlatform(KeywordExecutor.groovy:53)
	at com.kms.katalon.core.webui.keyword.WebUiBuiltInKeywords.getAttribute(WebUiBuiltInKeywords.groovy:921)
	at com.kms.katalon.core.webui.keyword.WebUiBuiltInKeywords$getAttribute$11.call(Unknown Source)
	at org.codehaus.groovy.runtime.callsite.CallSiteArray.defaultCall(CallSiteArray.java:48)
	at org.codehaus.groovy.runtime.callsite.AbstractCallSite.call(AbstractCallSite.java:113)
	at org.codehaus.groovy.runtime.callsite.AbstractCallSite.call(AbstractCallSite.java:133)
	at Script1539963439249.run(Script1539963439249.groovy:24)
	at com.kms.katalon.core.main.ScriptEngine.run(ScriptEngine.java:183)
	at com.kms.katalon.core.main.ScriptEngine.runScriptAsRawText(ScriptEngine.java:108)
	at com.kms.katalon.core.main.TestCaseExecutor.runScript(TestCaseExecutor.java:294)
	at com.kms.katalon.core.main.TestCaseExecutor.doExecute(TestCaseExecutor.java:285)
	at com.kms.katalon.core.main.TestCaseExecutor.processExecutionPhase(TestCaseExecutor.java:264)
	at com.kms.katalon.core.main.TestCaseExecutor.accessMainPhase(TestCaseExecutor.java:256)
	at com.kms.katalon.core.main.TestCaseExecutor.execute(TestCaseExecutor.java:200)
	at com.kms.katalon.core.main.TestSuiteExecutor.accessTestCaseMainPhase(TestSuiteExecutor.java:129)
	at com.kms.katalon.core.main.TestSuiteExecutor.accessTestSuiteMainPhase(TestSuiteExecutor.java:112)
	at com.kms.katalon.core.main.TestSuiteExecutor.execute(TestSuiteExecutor.java:81)
	at com.kms.katalon.core.main.TestCaseMain.startTestSuite(TestCaseMain.java:142)
	at com.kms.katalon.core.main.TestCaseMain$startTestSuite$0.call(Unknown Source)
	at org.codehaus.groovy.runtime.callsite.CallSiteArray.defaultCall(CallSiteArray.java:48)
	at org.codehaus.groovy.runtime.callsite.AbstractCallSite.call(AbstractCallSite.java:113)
	at org.codehaus.groovy.runtime.callsite.AbstractCallSite.call(AbstractCallSite.java:141)
	at TempTestSuite1540820515506.run(TempTestSuite1540820515506.groovy:36)
	at groovy.lang.GroovyShell.runScriptOrMainOrTestOrRunnable(GroovyShell.java:263)
	at groovy.lang.GroovyShell.run(GroovyShell.java:518)
	at groovy.lang.GroovyShell.run(GroovyShell.java:507)
	at groovy.ui.GroovyMain.processOnce(GroovyMain.java:653)
	at groovy.ui.GroovyMain.run(GroovyMain.java:384)
	at groovy.ui.GroovyMain.process(GroovyMain.java:370)
	at groovy.ui.GroovyMain.processArgs(GroovyMain.java:129)
	at groovy.ui.GroovyMain.main(GroovyMain.java:109)
	at sun.reflect.NativeMethodAccessorImpl.invoke0(Native Method)
	at sun.reflect.NativeMethodAccessorImpl.invoke(NativeMethodAccessorImpl.java:62)
	at sun.reflect.DelegatingMethodAccessorImpl.invoke(DelegatingMethodAccessorImpl.java:43)
	at java.lang.reflect.Method.invoke(Method.java:498)
	at org.codehaus.groovy.tools.GroovyStarter.rootLoader(GroovyStarter.java:109)
	at org.codehaus.groovy.tools.GroovyStarter.main(GroovyStarter.java:131)
)]]></system-err>
      </testcase>
      <testcase name="Test Cases/Denvergov/Denvergov - LandSurveyPlats" classname="Test Cases/Denvergov/Denvergov - LandSurveyPlats" status="PASSED">
         <system-out><![CDATA[2018-10-29 07:46:04 - [TEST_CASE][PASSED] - Test Cases/Denvergov/Denvergov - LandSurveyPlats: Test Cases/Denvergov/Denvergov - LandSurveyPlats

2018-10-29 07:46:15 - [TEST_STEP][PASSED] - navigateToUrl: Navigate to 'https://www.denvergov.org/landsurveysearch' successfully

2018-10-29 07:46:16 - [MESSAGE][PASSED] - Navigate to 'https://www.denvergov.org/landsurveysearch' successfully

2018-10-29 07:46:16 - [TEST_STEP][PASSED] - selectOptionByValue: All options with value '1' are selected in object 'Object Repository/Page_Search for Land Survey Plats i/select_Select11011121314151617'  using regular expression

2018-10-29 07:46:17 - [MESSAGE][PASSED] - All options with value '1' are selected in object 'Object Repository/Page_Search for Land Survey Plats i/select_Select11011121314151617'  using regular expression

2018-10-29 07:46:17 - [TEST_STEP][PASSED] - click: Object: 'Object Repository/Page_Search for Land Survey Plats i/button_Search' is clicked on

2018-10-29 07:46:17 - [MESSAGE][PASSED] - Object: 'Object Repository/Page_Search for Land Survey Plats i/button_Search' is clicked on]]></system-out>
         <system-err><![CDATA[]]></system-err>
      </testcase>
      <testcase name="Test Cases/Denvergov/Denvergov - City Attorney Search" classname="Test Cases/Denvergov/Denvergov - City Attorney Search" status="PASSED">
         <system-out><![CDATA[2018-10-29 07:46:17 - [TEST_CASE][PASSED] - Test Cases/Denvergov/Denvergov - City Attorney Search: Test Cases/Denvergov/Denvergov - City Attorney Search

2018-10-29 07:46:28 - [TEST_STEP][PASSED] - openBrowser: Browser is opened with url: ''

2018-10-29 07:46:28 - [MESSAGE][WARNING] - A browser is already opened. Closing browser and opening a new one

2018-10-29 07:46:33 - [MESSAGE][PASSED] - Browser is opened with url: ''

2018-10-29 07:46:33 - [TEST_STEP][PASSED] - navigateToUrl: Navigate to 'https://www.denvergov.org/cityattorneydirectory' successfully

2018-10-29 07:46:35 - [MESSAGE][PASSED] - Navigate to 'https://www.denvergov.org/cityattorneydirectory' successfully

2018-10-29 07:46:35 - [TEST_STEP][PASSED] - setText: Text 'a' is set on object 'Object Repository/Page_Home Page/input_Search for attorneys by'

2018-10-29 07:46:36 - [MESSAGE][PASSED] - Text 'a' is set on object 'Object Repository/Page_Home Page/input_Search for attorneys by'

2018-10-29 07:46:36 - [TEST_STEP][PASSED] - click: Object: 'Object Repository/Page_Home Page/AttorneyResults' is clicked on

2018-10-29 07:46:39 - [MESSAGE][PASSED] - Object: 'Object Repository/Page_Home Page/AttorneyResults' is clicked on]]></system-out>
         <system-err><![CDATA[]]></system-err>
      </testcase>
      <testcase name="Test Cases/Denvergov/Denvergov - CityContracts" classname="Test Cases/Denvergov/Denvergov - CityContracts" status="PASSED">
         <system-out><![CDATA[2018-10-29 07:46:39 - [TEST_CASE][PASSED] - Test Cases/Denvergov/Denvergov - CityContracts: Test Cases/Denvergov/Denvergov - CityContracts

2018-10-29 07:46:50 - [TEST_STEP][PASSED] - navigateToUrl: Navigate to 'https://www.denvergov.org/content/denvergov/en/denver-office-of-the-clerk-and-recorder/city-clerk-records/city-contracts-2018.html' successfully

2018-10-29 07:46:51 - [MESSAGE][PASSED] - Navigate to 'https://www.denvergov.org/content/denvergov/en/denver-office-of-the-clerk-and-recorder/city-clerk-records/city-contracts-2018.html' successfully

2018-10-29 07:46:51 - [TEST_STEP][PASSED] - click: Object: 'Object Repository/Page_City Contracts 2018/p_Pleaseemail usforcity contra' is clicked on

2018-10-29 07:46:51 - [MESSAGE][PASSED] - Object: 'Object Repository/Page_City Contracts 2018/p_Pleaseemail usforcity contra' is clicked on]]></system-out>
         <system-err><![CDATA[]]></system-err>
      </testcase>
      <testcase name="Test Cases/Denvergov/Denvergov - Denver8Schedule" classname="Test Cases/Denvergov/Denvergov - Denver8Schedule" status="PASSED">
         <system-out><![CDATA[2018-10-29 07:46:51 - [TEST_CASE][PASSED] - Test Cases/Denvergov/Denvergov - Denver8Schedule: Test Cases/Denvergov/Denvergov - Denver8Schedule

2018-10-29 07:47:02 - [TEST_STEP][PASSED] - navigateToUrl: Navigate to 'https://www.denvergov.org/denver8schedule' successfully

2018-10-29 07:47:05 - [MESSAGE][PASSED] - Navigate to 'https://www.denvergov.org/denver8schedule' successfully

2018-10-29 07:47:05 - [TEST_STEP][PASSED] - click: Object: 'Object Repository/Page_Denver 8 Television Schedule/a_Denver 8 TV ProgramsAirtimes' is clicked on

2018-10-29 07:47:06 - [MESSAGE][PASSED] - Object: 'Object Repository/Page_Denver 8 Television Schedule/a_Denver 8 TV ProgramsAirtimes' is clicked on]]></system-out>
         <system-err><![CDATA[]]></system-err>
      </testcase>
      <testcase name="Test Cases/Denvergov/Denvergov - RecyclingAdmin" classname="Test Cases/Denvergov/Denvergov - RecyclingAdmin" status="PASSED">
         <system-out><![CDATA[2018-10-29 07:47:06 - [TEST_CASE][PASSED] - Test Cases/Denvergov/Denvergov - RecyclingAdmin: Test Cases/Denvergov/Denvergov - RecyclingAdmin

2018-10-29 07:47:17 - [TEST_STEP][PASSED] - navigateToUrl: Navigate to 'https://www.denvergov.org/recyclingadmin#/login' successfully

2018-10-29 07:47:19 - [MESSAGE][PASSED] - Navigate to 'https://www.denvergov.org/recyclingadmin#/login' successfully

2018-10-29 07:47:19 - [TEST_STEP][PASSED] - click: Object: 'Object Repository/Page_Home Page/div_Login' is clicked on

2018-10-29 07:47:19 - [MESSAGE][PASSED] - Object: 'Object Repository/Page_Home Page/div_Login' is clicked on]]></system-out>
         <system-err><![CDATA[]]></system-err>
      </testcase>
      <testcase name="Test Cases/Denvergov/Denvergov - OpenDataCatalog" classname="Test Cases/Denvergov/Denvergov - OpenDataCatalog" status="PASSED">
         <system-out><![CDATA[2018-10-29 07:47:19 - [TEST_CASE][PASSED] - Test Cases/Denvergov/Denvergov - OpenDataCatalog: Test Cases/Denvergov/Denvergov - OpenDataCatalog

2018-10-29 07:47:30 - [TEST_STEP][PASSED] - navigateToUrl: Navigate to 'https://www.denvergov.org/opendata' successfully

2018-10-29 07:47:31 - [MESSAGE][PASSED] - Navigate to 'https://www.denvergov.org/opendata' successfully

2018-10-29 07:47:31 - [TEST_STEP][PASSED] - click: Object: 'Object Repository/Page_Denver Open Data Catalog/a_View All Datasets' is clicked on

2018-10-29 07:47:32 - [MESSAGE][PASSED] - Object: 'Object Repository/Page_Denver Open Data Catalog/a_View All Datasets' is clicked on

2018-10-29 07:47:32 - [TEST_STEP][PASSED] - click: Object: 'Object Repository/Page_Denver Open Data Catalog Searc/h2_Results        ListTable' is clicked on

2018-10-29 07:47:32 - [MESSAGE][PASSED] - Object: 'Object Repository/Page_Denver Open Data Catalog Searc/h2_Results        ListTable' is clicked on]]></system-out>
         <system-err><![CDATA[]]></system-err>
      </testcase>
      <testcase name="Test Cases/Denvergov/Denvergov - CSAHearingsFileSearch" classname="Test Cases/Denvergov/Denvergov - CSAHearingsFileSearch" status="PASSED">
         <system-out><![CDATA[2018-10-29 07:47:32 - [TEST_CASE][PASSED] - Test Cases/Denvergov/Denvergov - CSAHearingsFileSearch: Test Cases/Denvergov/Denvergov - CSAHearingsFileSearch

2018-10-29 07:47:43 - [TEST_STEP][PASSED] - navigateToUrl: Navigate to 'https://www.denvergov.org/denverapps/csa-hearings-files/R-20170405-003/index_server.html' successfully

2018-10-29 07:47:43 - [MESSAGE][PASSED] - Navigate to 'https://www.denvergov.org/denverapps/csa-hearings-files/R-20170405-003/index_server.html' successfully

2018-10-29 07:47:43 - [TEST_STEP][PASSED] - setText: Text 'Test' is set on object 'Object Repository/Page_Angular 2 QuickStart/input_Username_Username'

2018-10-29 07:47:47 - [MESSAGE][PASSED] - Text 'Test' is set on object 'Object Repository/Page_Angular 2 QuickStart/input_Username_Username'

2018-10-29 07:47:47 - [TEST_STEP][PASSED] - setEncryptedText: Text ****** has been set on object 'Object Repository/Page_Angular 2 QuickStart/input_Password_Password'

2018-10-29 07:47:47 - [MESSAGE][PASSED] - Text ****** has been set on object 'Object Repository/Page_Angular 2 QuickStart/input_Password_Password'

2018-10-29 07:47:47 - [TEST_STEP][PASSED] - click: Object: 'Object Repository/Page_Angular 2 QuickStart/button_Submit' is clicked on

2018-10-29 07:47:48 - [MESSAGE][PASSED] - Object: 'Object Repository/Page_Angular 2 QuickStart/button_Submit' is clicked on]]></system-out>
         <system-err><![CDATA[]]></system-err>
      </testcase>
      <testcase name="Test Cases/Denvergov/Denvergov - AnimalShelter" classname="Test Cases/Denvergov/Denvergov - AnimalShelter" status="PASSED">
         <system-out><![CDATA[2018-10-29 07:47:48 - [TEST_CASE][PASSED] - Test Cases/Denvergov/Denvergov - AnimalShelter: Test Cases/Denvergov/Denvergov - AnimalShelter

2018-10-29 07:47:59 - [TEST_STEP][PASSED] - navigateToUrl: Navigate to 'https://www.denvergov.org/content/denvergov/en/denver-animal-shelter/donate/animal-shelter-donation-form.html' successfully

2018-10-29 07:47:59 - [MESSAGE][PASSED] - Navigate to 'https://www.denvergov.org/content/denvergov/en/denver-animal-shelter/donate/animal-shelter-donation-form.html' successfully

2018-10-29 07:47:59 - [TEST_STEP][PASSED] - setText: Text 'Test' is set on object 'Object Repository/Page_Animal Shelter Donation Form/input_First Name_firstName'

2018-10-29 07:48:00 - [MESSAGE][PASSED] - Text 'Test' is set on object 'Object Repository/Page_Animal Shelter Donation Form/input_First Name_firstName']]></system-out>
         <system-err><![CDATA[]]></system-err>
      </testcase>
      <testcase name="Test Cases/Denvergov/Denvergov - CampaignFinance" classname="Test Cases/Denvergov/Denvergov - CampaignFinance" status="PASSED">
         <system-out><![CDATA[2018-10-29 07:48:00 - [TEST_CASE][PASSED] - Test Cases/Denvergov/Denvergov - CampaignFinance: Test Cases/Denvergov/Denvergov - CampaignFinance

2018-10-29 07:48:12 - [TEST_STEP][PASSED] - navigateToUrl: Navigate to 'https://www.denvergov.org/campaignfinancereport/Account?ReturnUrl=%2fcampaignfinancereport' successfully

2018-10-29 07:48:12 - [MESSAGE][PASSED] - Navigate to 'https://www.denvergov.org/campaignfinancereport/Account?ReturnUrl=%2fcampaignfinancereport' successfully

2018-10-29 07:48:12 - [TEST_STEP][PASSED] - setText: Text 'loadtest@denvergov.org' is set on object 'Object Repository/Page_Login/input_Login_Email'

2018-10-29 07:48:12 - [MESSAGE][PASSED] - Text 'loadtest@denvergov.org' is set on object 'Object Repository/Page_Login/input_Login_Email'

2018-10-29 07:48:12 - [TEST_STEP][PASSED] - setEncryptedText: Text ****** has been set on object 'Object Repository/Page_Login/input_Login_Password'

2018-10-29 07:48:12 - [MESSAGE][PASSED] - Text ****** has been set on object 'Object Repository/Page_Login/input_Login_Password'

2018-10-29 07:48:12 - [TEST_STEP][PASSED] - click: Object: 'Object Repository/Page_Login/input_Login_btn btn-info' is clicked on

2018-10-29 07:48:27 - [MESSAGE][PASSED] - Object: 'Object Repository/Page_Login/input_Login_btn btn-info' is clicked on

2018-10-29 07:48:27 - [TEST_STEP][PASSED] - verifyElementPresent: Object 'Object Repository/Page_Home Page/div_Current User loadtestdenve' is present

2018-10-29 07:48:30 - [MESSAGE][PASSED] - Object 'Object Repository/Page_Home Page/div_Current User loadtestdenve' is present]]></system-out>
         <system-err><![CDATA[]]></system-err>
      </testcase>
      <testcase name="Test Cases/Denvergov/Denvergov - CSAHearingsAppeals" classname="Test Cases/Denvergov/Denvergov - CSAHearingsAppeals" status="PASSED">
         <system-out><![CDATA[2018-10-29 07:48:30 - [TEST_CASE][PASSED] - Test Cases/Denvergov/Denvergov - CSAHearingsAppeals: Test Cases/Denvergov/Denvergov - CSAHearingsAppeals

2018-10-29 07:48:41 - [TEST_STEP][PASSED] - navigateToUrl: Navigate to 'https://www.denvergov.org/content/denvergov/en/grievances-hearings-and-appeals/appeal-form.html' successfully

2018-10-29 07:48:42 - [MESSAGE][PASSED] - Navigate to 'https://www.denvergov.org/content/denvergov/en/grievances-hearings-and-appeals/appeal-form.html' successfully]]></system-out>
         <system-err><![CDATA[]]></system-err>
      </testcase>
      <testcase name="Test Cases/Denvergov/Denvergov - PlannedBuildingGroups" classname="Test Cases/Denvergov/Denvergov - PlannedBuildingGroups" status="PASSED">
         <system-out><![CDATA[2018-10-29 07:48:42 - [TEST_CASE][PASSED] - Test Cases/Denvergov/Denvergov - PlannedBuildingGroups: Test Cases/Denvergov/Denvergov - PlannedBuildingGroups

2018-10-29 07:48:54 - [TEST_STEP][PASSED] - navigateToUrl: Navigate to 'https://www.denvergov.org/plannedbuildinggroups' successfully

2018-10-29 07:48:57 - [MESSAGE][PASSED] - Navigate to 'https://www.denvergov.org/plannedbuildinggroups' successfully

2018-10-29 07:48:57 - [TEST_STEP][PASSED] - setText: Text 'denver' is set on object 'Object Repository/Page_Search for Planned Building Gr/input_Project Name_SubName'

2018-10-29 07:48:57 - [MESSAGE][PASSED] - Text 'denver' is set on object 'Object Repository/Page_Search for Planned Building Gr/input_Project Name_SubName'

2018-10-29 07:48:57 - [TEST_STEP][PASSED] - click: Object: 'Object Repository/Page_Search for Planned Building Gr/button_Search' is clicked on

2018-10-29 07:49:00 - [MESSAGE][PASSED] - Object: 'Object Repository/Page_Search for Planned Building Gr/button_Search' is clicked on

2018-10-29 07:49:00 - [TEST_STEP][PASSED] - click: Object: 'Object Repository/Page_Planned Building Groups in Den/PlannedBuildingGroupFirstResult' is clicked on

2018-10-29 07:49:03 - [MESSAGE][PASSED] - Object: 'Object Repository/Page_Planned Building Groups in Den/PlannedBuildingGroupFirstResult' is clicked on]]></system-out>
         <system-err><![CDATA[]]></system-err>
      </testcase>
      <testcase name="Test Cases/Denvergov/Denvergov - eBiz" classname="Test Cases/Denvergov/Denvergov - eBiz" status="PASSED">
         <system-out><![CDATA[2018-10-29 07:49:03 - [TEST_CASE][PASSED] - Test Cases/Denvergov/Denvergov - eBiz: Test Cases/Denvergov/Denvergov - eBiz

2018-10-29 07:49:14 - [TEST_STEP][PASSED] - navigateToUrl: Navigate to 'https://www.denvergov.org/ebiztax/_/' successfully

2018-10-29 07:49:15 - [MESSAGE][PASSED] - Navigate to 'https://www.denvergov.org/ebiztax/_/' successfully

2018-10-29 07:49:15 - [TEST_STEP][PASSED] - setText: Text 'Test' is set on object 'Object Repository/Page_Denver eBiz Tax Center  City a/input_Username_d-6'

2018-10-29 07:49:15 - [MESSAGE][PASSED] - Text 'Test' is set on object 'Object Repository/Page_Denver eBiz Tax Center  City a/input_Username_d-6'

2018-10-29 07:49:15 - [TEST_STEP][PASSED] - setEncryptedText: Text ****** has been set on object 'Object Repository/Page_Denver eBiz Tax Center  City a/input_Password_d-7'

2018-10-29 07:49:16 - [MESSAGE][PASSED] - Text ****** has been set on object 'Object Repository/Page_Denver eBiz Tax Center  City a/input_Password_d-7'

2018-10-29 07:49:16 - [TEST_STEP][PASSED] - click: Object: 'Object Repository/Page_Denver eBiz Tax Center  City a/button_Login' is clicked on

2018-10-29 07:49:16 - [MESSAGE][PASSED] - Object: 'Object Repository/Page_Denver eBiz Tax Center  City a/button_Login' is clicked on]]></system-out>
         <system-err><![CDATA[]]></system-err>
      </testcase>
      <testcase name="Test Cases/Denvergov/Denvergov - LicenseHearings" classname="Test Cases/Denvergov/Denvergov - LicenseHearings" status="FAILED">
         <failure type="FAILED" message="(Stack trace: com.kms.katalon.core.exception.StepFailedException: Unable to click on object 'Object Repository/Page_E  L Public Hearing Schedule/BusinessName_Liquor' (Root cause: com.kms.katalon.core.webui.exception.WebElementNotFoundException: Web element with id: 'Object Repository/Page_E  L Public Hearing Schedule/BusinessName_Liquor' located by 'By.xpath: id(&quot;Liquor&quot;)/table[@class=&quot;table table-striped table-hover&quot;]/tbody[1]/tr[@class=&quot;actionable&quot;]/td[@class=&quot;limit-width&quot;][count(. | //td[@data-bind = 'text: BusinessName']) = count(//td[@data-bind = 'text: BusinessName'])]' not found)
	at com.kms.katalon.core.keyword.internal.KeywordMain.stepFailed(KeywordMain.groovy:36)
	at com.kms.katalon.core.webui.keyword.internal.WebUIKeywordMain.stepFailed(WebUIKeywordMain.groovy:65)
	at com.kms.katalon.core.webui.keyword.internal.WebUIKeywordMain.runKeyword(WebUIKeywordMain.groovy:27)
	at com.kms.katalon.core.webui.keyword.builtin.ClickKeyword.click(ClickKeyword.groovy:86)
	at com.kms.katalon.core.webui.keyword.builtin.ClickKeyword.execute(ClickKeyword.groovy:67)
	at com.kms.katalon.core.keyword.internal.KeywordExecutor.executeKeywordForPlatform(KeywordExecutor.groovy:53)
	at com.kms.katalon.core.webui.keyword.WebUiBuiltInKeywords.click(WebUiBuiltInKeywords.groovy:616)
	at com.kms.katalon.core.webui.keyword.WebUiBuiltInKeywords$click$4.call(Unknown Source)
	at org.codehaus.groovy.runtime.callsite.CallSiteArray.defaultCall(CallSiteArray.java:48)
	at org.codehaus.groovy.runtime.callsite.AbstractCallSite.call(AbstractCallSite.java:113)
	at org.codehaus.groovy.runtime.callsite.AbstractCallSite.call(AbstractCallSite.java:125)
	at Script1540231019546.run(Script1540231019546.groovy:18)
	at com.kms.katalon.core.main.ScriptEngine.run(ScriptEngine.java:183)
	at com.kms.katalon.core.main.ScriptEngine.runScriptAsRawText(ScriptEngine.java:108)
	at com.kms.katalon.core.main.TestCaseExecutor.runScript(TestCaseExecutor.java:294)
	at com.kms.katalon.core.main.TestCaseExecutor.doExecute(TestCaseExecutor.java:285)
	at com.kms.katalon.core.main.TestCaseExecutor.processExecutionPhase(TestCaseExecutor.java:264)
	at com.kms.katalon.core.main.TestCaseExecutor.accessMainPhase(TestCaseExecutor.java:256)
	at com.kms.katalon.core.main.TestCaseExecutor.execute(TestCaseExecutor.java:200)
	at com.kms.katalon.core.main.TestSuiteExecutor.accessTestCaseMainPhase(TestSuiteExecutor.java:129)
	at com.kms.katalon.core.main.TestSuiteExecutor.accessTestSuiteMainPhase(TestSuiteExecutor.java:112)
	at com.kms.katalon.core.main.TestSuiteExecutor.execute(TestSuiteExecutor.java:81)
	at com.kms.katalon.core.main.TestCaseMain.startTestSuite(TestCaseMain.java:142)
	at com.kms.katalon.core.main.TestCaseMain$startTestSuite$0.call(Unknown Source)
	at org.codehaus.groovy.runtime.callsite.CallSiteArray.defaultCall(CallSiteArray.java:48)
	at org.codehaus.groovy.runtime.callsite.AbstractCallSite.call(AbstractCallSite.java:113)
	at org.codehaus.groovy.runtime.callsite.AbstractCallSite.call(AbstractCallSite.java:141)
	at TempTestSuite1540820515506.run(TempTestSuite1540820515506.groovy:36)
	at groovy.lang.GroovyShell.runScriptOrMainOrTestOrRunnable(GroovyShell.java:263)
	at groovy.lang.GroovyShell.run(GroovyShell.java:518)
	at groovy.lang.GroovyShell.run(GroovyShell.java:507)
	at groovy.ui.GroovyMain.processOnce(GroovyMain.java:653)
	at groovy.ui.GroovyMain.run(GroovyMain.java:384)
	at groovy.ui.GroovyMain.process(GroovyMain.java:370)
	at groovy.ui.GroovyMain.processArgs(GroovyMain.java:129)
	at groovy.ui.GroovyMain.main(GroovyMain.java:109)
	at sun.reflect.NativeMethodAccessorImpl.invoke0(Native Method)
	at sun.reflect.NativeMethodAccessorImpl.invoke(NativeMethodAccessorImpl.java:62)
	at sun.reflect.DelegatingMethodAccessorImpl.invoke(DelegatingMethodAccessorImpl.java:43)
	at java.lang.reflect.Method.invoke(Method.java:498)
	at org.codehaus.groovy.tools.GroovyStarter.rootLoader(GroovyStarter.java:109)
	at org.codehaus.groovy.tools.GroovyStarter.main(GroovyStarter.java:131)
)"/>
         <system-out><![CDATA[2018-10-29 07:49:16 - [TEST_CASE][FAILED] - Test Cases/Denvergov/Denvergov - LicenseHearings: Test Cases/Denvergov/Denvergov - LicenseHearings FAILED because (of) (Stack trace: com.kms.katalon.core.exception.StepFailedException: Unable to click on object 'Object Repository/Page_E  L Public Hearing Schedule/BusinessName_Liquor' (Root cause: com.kms.katalon.core.webui.exception.WebElementNotFoundException: Web element with id: 'Object Repository/Page_E  L Public Hearing Schedule/BusinessName_Liquor' located by 'By.xpath: id("Liquor")/table[@class="table table-striped table-hover"]/tbody[1]/tr[@class="actionable"]/td[@class="limit-width"][count(. | //td[@data-bind = 'text: BusinessName']) = count(//td[@data-bind = 'text: BusinessName'])]' not found)
	at com.kms.katalon.core.keyword.internal.KeywordMain.stepFailed(KeywordMain.groovy:36)
	at com.kms.katalon.core.webui.keyword.internal.WebUIKeywordMain.stepFailed(WebUIKeywordMain.groovy:65)
	at com.kms.katalon.core.webui.keyword.internal.WebUIKeywordMain.runKeyword(WebUIKeywordMain.groovy:27)
	at com.kms.katalon.core.webui.keyword.builtin.ClickKeyword.click(ClickKeyword.groovy:86)
	at com.kms.katalon.core.webui.keyword.builtin.ClickKeyword.execute(ClickKeyword.groovy:67)
	at com.kms.katalon.core.keyword.internal.KeywordExecutor.executeKeywordForPlatform(KeywordExecutor.groovy:53)
	at com.kms.katalon.core.webui.keyword.WebUiBuiltInKeywords.click(WebUiBuiltInKeywords.groovy:616)
	at com.kms.katalon.core.webui.keyword.WebUiBuiltInKeywords$click$4.call(Unknown Source)
	at org.codehaus.groovy.runtime.callsite.CallSiteArray.defaultCall(CallSiteArray.java:48)
	at org.codehaus.groovy.runtime.callsite.AbstractCallSite.call(AbstractCallSite.java:113)
	at org.codehaus.groovy.runtime.callsite.AbstractCallSite.call(AbstractCallSite.java:125)
	at Script1540231019546.run(Script1540231019546.groovy:18)
	at com.kms.katalon.core.main.ScriptEngine.run(ScriptEngine.java:183)
	at com.kms.katalon.core.main.ScriptEngine.runScriptAsRawText(ScriptEngine.java:108)
	at com.kms.katalon.core.main.TestCaseExecutor.runScript(TestCaseExecutor.java:294)
	at com.kms.katalon.core.main.TestCaseExecutor.doExecute(TestCaseExecutor.java:285)
	at com.kms.katalon.core.main.TestCaseExecutor.processExecutionPhase(TestCaseExecutor.java:264)
	at com.kms.katalon.core.main.TestCaseExecutor.accessMainPhase(TestCaseExecutor.java:256)
	at com.kms.katalon.core.main.TestCaseExecutor.execute(TestCaseExecutor.java:200)
	at com.kms.katalon.core.main.TestSuiteExecutor.accessTestCaseMainPhase(TestSuiteExecutor.java:129)
	at com.kms.katalon.core.main.TestSuiteExecutor.accessTestSuiteMainPhase(TestSuiteExecutor.java:112)
	at com.kms.katalon.core.main.TestSuiteExecutor.execute(TestSuiteExecutor.java:81)
	at com.kms.katalon.core.main.TestCaseMain.startTestSuite(TestCaseMain.java:142)
	at com.kms.katalon.core.main.TestCaseMain$startTestSuite$0.call(Unknown Source)
	at org.codehaus.groovy.runtime.callsite.CallSiteArray.defaultCall(CallSiteArray.java:48)
	at org.codehaus.groovy.runtime.callsite.AbstractCallSite.call(AbstractCallSite.java:113)
	at org.codehaus.groovy.runtime.callsite.AbstractCallSite.call(AbstractCallSite.java:141)
	at TempTestSuite1540820515506.run(TempTestSuite1540820515506.groovy:36)
	at groovy.lang.GroovyShell.runScriptOrMainOrTestOrRunnable(GroovyShell.java:263)
	at groovy.lang.GroovyShell.run(GroovyShell.java:518)
	at groovy.lang.GroovyShell.run(GroovyShell.java:507)
	at groovy.ui.GroovyMain.processOnce(GroovyMain.java:653)
	at groovy.ui.GroovyMain.run(GroovyMain.java:384)
	at groovy.ui.GroovyMain.process(GroovyMain.java:370)
	at groovy.ui.GroovyMain.processArgs(GroovyMain.java:129)
	at groovy.ui.GroovyMain.main(GroovyMain.java:109)
	at sun.reflect.NativeMethodAccessorImpl.invoke0(Native Method)
	at sun.reflect.NativeMethodAccessorImpl.invoke(NativeMethodAccessorImpl.java:62)
	at sun.reflect.DelegatingMethodAccessorImpl.invoke(DelegatingMethodAccessorImpl.java:43)
	at java.lang.reflect.Method.invoke(Method.java:498)
	at org.codehaus.groovy.tools.GroovyStarter.rootLoader(GroovyStarter.java:109)
	at org.codehaus.groovy.tools.GroovyStarter.main(GroovyStarter.java:131)
)

2018-10-29 07:49:28 - [TEST_STEP][PASSED] - navigateToUrl: Navigate to 'https://www.denvergov.org/licensehearings' successfully

2018-10-29 07:49:31 - [MESSAGE][PASSED] - Navigate to 'https://www.denvergov.org/licensehearings' successfully

2018-10-29 07:49:31 - [TEST_STEP][FAILED] - click: Unable to click on object 'Object Repository/Page_E  L Public Hearing Schedule/BusinessName_Liquor' (Root cause: com.kms.katalon.core.webui.exception.WebElementNotFoundException: Web element with id: 'Object Repository/Page_E  L Public Hearing Schedule/BusinessName_Liquor' located by 'By.xpath: id("Liquor")/table[@class="table table-striped table-hover"]/tbody[1]/tr[@class="actionable"]/td[@class="limit-width"][count(. | //td[@data-bind = 'text: BusinessName']) = count(//td[@data-bind = 'text: BusinessName'])]' not found)

2018-10-29 07:50:02 - [MESSAGE][FAILED] - Unable to click on object 'Object Repository/Page_E  L Public Hearing Schedule/BusinessName_Liquor' (Root cause: com.kms.katalon.core.webui.exception.WebElementNotFoundException: Web element with id: 'Object Repository/Page_E  L Public Hearing Schedule/BusinessName_Liquor' located by 'By.xpath: id("Liquor")/table[@class="table table-striped table-hover"]/tbody[1]/tr[@class="actionable"]/td[@class="limit-width"][count(. | //td[@data-bind = 'text: BusinessName']) = count(//td[@data-bind = 'text: BusinessName'])]' not found)
[[ATTACHMENT|S:\\_EAS\\_Quality_Management\\Automation\\Katalon\\CCD Prod Validation\\Reports\\Denvergov\\20181029_074155\\1540821001862.png]]]]></system-out>
         <system-err><![CDATA[2018-10-29 07:49:16 - [TEST_CASE][FAILED] - Test Cases/Denvergov/Denvergov - LicenseHearings: Test Cases/Denvergov/Denvergov - LicenseHearings FAILED because (of) (Stack trace: com.kms.katalon.core.exception.StepFailedException: Unable to click on object 'Object Repository/Page_E  L Public Hearing Schedule/BusinessName_Liquor' (Root cause: com.kms.katalon.core.webui.exception.WebElementNotFoundException: Web element with id: 'Object Repository/Page_E  L Public Hearing Schedule/BusinessName_Liquor' located by 'By.xpath: id("Liquor")/table[@class="table table-striped table-hover"]/tbody[1]/tr[@class="actionable"]/td[@class="limit-width"][count(. | //td[@data-bind = 'text: BusinessName']) = count(//td[@data-bind = 'text: BusinessName'])]' not found)
	at com.kms.katalon.core.keyword.internal.KeywordMain.stepFailed(KeywordMain.groovy:36)
	at com.kms.katalon.core.webui.keyword.internal.WebUIKeywordMain.stepFailed(WebUIKeywordMain.groovy:65)
	at com.kms.katalon.core.webui.keyword.internal.WebUIKeywordMain.runKeyword(WebUIKeywordMain.groovy:27)
	at com.kms.katalon.core.webui.keyword.builtin.ClickKeyword.click(ClickKeyword.groovy:86)
	at com.kms.katalon.core.webui.keyword.builtin.ClickKeyword.execute(ClickKeyword.groovy:67)
	at com.kms.katalon.core.keyword.internal.KeywordExecutor.executeKeywordForPlatform(KeywordExecutor.groovy:53)
	at com.kms.katalon.core.webui.keyword.WebUiBuiltInKeywords.click(WebUiBuiltInKeywords.groovy:616)
	at com.kms.katalon.core.webui.keyword.WebUiBuiltInKeywords$click$4.call(Unknown Source)
	at org.codehaus.groovy.runtime.callsite.CallSiteArray.defaultCall(CallSiteArray.java:48)
	at org.codehaus.groovy.runtime.callsite.AbstractCallSite.call(AbstractCallSite.java:113)
	at org.codehaus.groovy.runtime.callsite.AbstractCallSite.call(AbstractCallSite.java:125)
	at Script1540231019546.run(Script1540231019546.groovy:18)
	at com.kms.katalon.core.main.ScriptEngine.run(ScriptEngine.java:183)
	at com.kms.katalon.core.main.ScriptEngine.runScriptAsRawText(ScriptEngine.java:108)
	at com.kms.katalon.core.main.TestCaseExecutor.runScript(TestCaseExecutor.java:294)
	at com.kms.katalon.core.main.TestCaseExecutor.doExecute(TestCaseExecutor.java:285)
	at com.kms.katalon.core.main.TestCaseExecutor.processExecutionPhase(TestCaseExecutor.java:264)
	at com.kms.katalon.core.main.TestCaseExecutor.accessMainPhase(TestCaseExecutor.java:256)
	at com.kms.katalon.core.main.TestCaseExecutor.execute(TestCaseExecutor.java:200)
	at com.kms.katalon.core.main.TestSuiteExecutor.accessTestCaseMainPhase(TestSuiteExecutor.java:129)
	at com.kms.katalon.core.main.TestSuiteExecutor.accessTestSuiteMainPhase(TestSuiteExecutor.java:112)
	at com.kms.katalon.core.main.TestSuiteExecutor.execute(TestSuiteExecutor.java:81)
	at com.kms.katalon.core.main.TestCaseMain.startTestSuite(TestCaseMain.java:142)
	at com.kms.katalon.core.main.TestCaseMain$startTestSuite$0.call(Unknown Source)
	at org.codehaus.groovy.runtime.callsite.CallSiteArray.defaultCall(CallSiteArray.java:48)
	at org.codehaus.groovy.runtime.callsite.AbstractCallSite.call(AbstractCallSite.java:113)
	at org.codehaus.groovy.runtime.callsite.AbstractCallSite.call(AbstractCallSite.java:141)
	at TempTestSuite1540820515506.run(TempTestSuite1540820515506.groovy:36)
	at groovy.lang.GroovyShell.runScriptOrMainOrTestOrRunnable(GroovyShell.java:263)
	at groovy.lang.GroovyShell.run(GroovyShell.java:518)
	at groovy.lang.GroovyShell.run(GroovyShell.java:507)
	at groovy.ui.GroovyMain.processOnce(GroovyMain.java:653)
	at groovy.ui.GroovyMain.run(GroovyMain.java:384)
	at groovy.ui.GroovyMain.process(GroovyMain.java:370)
	at groovy.ui.GroovyMain.processArgs(GroovyMain.java:129)
	at groovy.ui.GroovyMain.main(GroovyMain.java:109)
	at sun.reflect.NativeMethodAccessorImpl.invoke0(Native Method)
	at sun.reflect.NativeMethodAccessorImpl.invoke(NativeMethodAccessorImpl.java:62)
	at sun.reflect.DelegatingMethodAccessorImpl.invoke(DelegatingMethodAccessorImpl.java:43)
	at java.lang.reflect.Method.invoke(Method.java:498)
	at org.codehaus.groovy.tools.GroovyStarter.rootLoader(GroovyStarter.java:109)
	at org.codehaus.groovy.tools.GroovyStarter.main(GroovyStarter.java:131)
)]]></system-err>
      </testcase>
      <testcase name="Test Cases/Denvergov/Denvergov - RecyclingDirectory" classname="Test Cases/Denvergov/Denvergov - RecyclingDirectory" status="PASSED">
         <system-out><![CDATA[2018-10-29 07:50:02 - [TEST_CASE][PASSED] - Test Cases/Denvergov/Denvergov - RecyclingDirectory: Test Cases/Denvergov/Denvergov - RecyclingDirectory

2018-10-29 07:50:13 - [TEST_STEP][PASSED] - navigateToUrl: Navigate to 'https://www.denvergov.org/content/denvergov/en/trash-and-recycling/recycling/recycling-directory-dropoff-locations.html' successfully

2018-10-29 07:50:15 - [MESSAGE][PASSED] - Navigate to 'https://www.denvergov.org/content/denvergov/en/trash-and-recycling/recycling/recycling-directory-dropoff-locations.html' successfully

2018-10-29 07:50:15 - [TEST_STEP][PASSED] - setText: Text 'plastic' is set on object 'Object Repository/Page_Recycling Directory  Dropoff L/inputrow-input-0'

2018-10-29 07:50:16 - [MESSAGE][PASSED] - Text 'plastic' is set on object 'Object Repository/Page_Recycling Directory  Dropoff L/inputrow-input-0'

2018-10-29 07:50:16 - [TEST_STEP][PASSED] - click: Object: 'Object Repository/Page_Recycling Directory  Dropoff L/a_Search' is clicked on

2018-10-29 07:50:16 - [MESSAGE][PASSED] - Object: 'Object Repository/Page_Recycling Directory  Dropoff L/a_Search' is clicked on]]></system-out>
         <system-err><![CDATA[]]></system-err>
      </testcase>
      <testcase name="Test Cases/Denvergov/Denvergov - DIAPayments" classname="Test Cases/Denvergov/Denvergov - DIAPayments" status="PASSED">
         <system-out><![CDATA[2018-10-29 07:50:16 - [TEST_CASE][PASSED] - Test Cases/Denvergov/Denvergov - DIAPayments: Test Cases/Denvergov/Denvergov - DIAPayments

2018-10-29 07:50:27 - [TEST_STEP][PASSED] - navigateToUrl: Navigate to 'https://www.denvergov.org/payments/dia/vendors' successfully

2018-10-29 07:50:27 - [MESSAGE][PASSED] - Navigate to 'https://www.denvergov.org/payments/dia/vendors' successfully

2018-10-29 07:50:27 - [TEST_STEP][PASSED] - click: Object: 'Object Repository/Page_DEN Payments/div_Pay by customer code' is clicked on

2018-10-29 07:50:28 - [MESSAGE][PASSED] - Object: 'Object Repository/Page_DEN Payments/div_Pay by customer code' is clicked on

2018-10-29 07:50:28 - [TEST_STEP][PASSED] - waitForElementClickable: Object 'Object Repository/Page_DEN Payments/button_I accept' is clickable

2018-10-29 07:50:28 - [MESSAGE][PASSED] - Object 'Object Repository/Page_DEN Payments/button_I accept' is clickable

2018-10-29 07:50:28 - [TEST_STEP][PASSED] - click: Object: 'Object Repository/Page_DEN Payments/button_I accept' is clicked on

2018-10-29 07:50:30 - [MESSAGE][PASSED] - Object: 'Object Repository/Page_DEN Payments/button_I accept' is clicked on]]></system-out>
         <system-err><![CDATA[]]></system-err>
      </testcase>
      <testcase name="Test Cases/Denvergov/Denvergov - InmateSearch" classname="Test Cases/Denvergov/Denvergov - InmateSearch" status="PASSED">
         <system-out><![CDATA[2018-10-29 07:50:30 - [TEST_CASE][PASSED] - Test Cases/Denvergov/Denvergov - InmateSearch: Test Cases/Denvergov/Denvergov - InmateSearch

2018-10-29 07:50:43 - [TEST_STEP][PASSED] - navigateToUrl: Navigate to 'https://www.denvergov.org/inmatesearch' successfully

2018-10-29 07:50:44 - [MESSAGE][PASSED] - Navigate to 'https://www.denvergov.org/inmatesearch' successfully

2018-10-29 07:50:44 - [TEST_STEP][PASSED] - setText: Text 'smith' is set on object 'Object Repository/Page_Inmate Search/input_Search_SearchBox'

2018-10-29 07:50:44 - [MESSAGE][PASSED] - Text 'smith' is set on object 'Object Repository/Page_Inmate Search/input_Search_SearchBox'

2018-10-29 07:50:44 - [TEST_STEP][PASSED] - click: Object: 'Object Repository/Page_Inmate Search/button_Search' is clicked on

2018-10-29 07:50:44 - [MESSAGE][PASSED] - Object: 'Object Repository/Page_Inmate Search/button_Search' is clicked on

2018-10-29 07:50:44 - [TEST_STEP][PASSED] - click: Object: 'Object Repository/Page_Inmate Search/a_SMITH' is clicked on

2018-10-29 07:50:45 - [MESSAGE][PASSED] - Object: 'Object Repository/Page_Inmate Search/a_SMITH' is clicked on]]></system-out>
         <system-err><![CDATA[]]></system-err>
      </testcase>
      <testcase name="Test Cases/Denvergov/Denvergov - CouncilBills" classname="Test Cases/Denvergov/Denvergov - CouncilBills" status="FAILED">
         <failure type="FAILED" message="(Stack trace: com.kms.katalon.core.exception.StepFailedException: Unable to click on object 'Object Repository/Page_Home  Application/button_Search' (Root cause: org.openqa.selenium.WebDriverException: unknown error: Element &lt;button id=&quot;btn...&quot; class=&quot;btn btn-lg btn-primary&quot; data-bind=&quot;click: $parent.search&quot;>Search&lt;/button> is not clickable at point (84, 634). Other element would receive the click: &lt;li>...&lt;/li>
  (Session info: chrome=64.0.3282.186)
  (Driver info: chromedriver=2.35.528161 (5b82f2d2aae0ca24b877009200ced9065a772e73),platform=Windows NT 10.0.15063 x86_64) (WARNING: The server did not provide any stacktrace information)
Command duration or timeout: 0 milliseconds
Build info: version: '3.7.1', revision: '8a0099a', time: '2017-11-06T21:07:36.161Z'
System info: host: 'TSD8LRSJM2', ip: '10.151.6.250', os.name: 'Windows 10', os.arch: 'amd64', os.version: '10.0', java.version: '1.8.0_181'
Driver info: com.kms.katalon.selenium.driver.CChromeDriver
Capabilities {acceptInsecureCerts: false, acceptSslCerts: false, applicationCacheEnabled: false, browserConnectionEnabled: false, browserName: chrome, chrome: {chromedriverVersion: 2.35.528161 (5b82f2d2aae0ca..., userDataDir: C:\Users\134527\AppData\Loc...}, cssSelectorsEnabled: true, databaseEnabled: false, handlesAlerts: true, hasTouchScreen: false, javascriptEnabled: true, locationContextEnabled: true, mobileEmulationEnabled: false, nativeEvents: true, networkConnectionEnabled: false, pageLoadStrategy: normal, platform: XP, platformName: XP, rotatable: false, setWindowRect: true, takesHeapSnapshot: true, takesScreenshot: true, unexpectedAlertBehaviour: , unhandledPromptBehavior: , version: 64.0.3282.186, webStorageEnabled: true}
Session ID: 42f92312cc164a5cca3e7c97e160f4b4)
	at com.kms.katalon.core.keyword.internal.KeywordMain.stepFailed(KeywordMain.groovy:36)
	at com.kms.katalon.core.webui.keyword.internal.WebUIKeywordMain.stepFailed(WebUIKeywordMain.groovy:65)
	at com.kms.katalon.core.webui.keyword.internal.WebUIKeywordMain.runKeyword(WebUIKeywordMain.groovy:27)
	at com.kms.katalon.core.webui.keyword.builtin.ClickKeyword.click(ClickKeyword.groovy:86)
	at com.kms.katalon.core.webui.keyword.builtin.ClickKeyword.execute(ClickKeyword.groovy:67)
	at com.kms.katalon.core.keyword.internal.KeywordExecutor.executeKeywordForPlatform(KeywordExecutor.groovy:53)
	at com.kms.katalon.core.webui.keyword.WebUiBuiltInKeywords.click(WebUiBuiltInKeywords.groovy:616)
	at com.kms.katalon.core.webui.keyword.WebUiBuiltInKeywords$click$4.call(Unknown Source)
	at org.codehaus.groovy.runtime.callsite.CallSiteArray.defaultCall(CallSiteArray.java:48)
	at org.codehaus.groovy.runtime.callsite.AbstractCallSite.call(AbstractCallSite.java:113)
	at org.codehaus.groovy.runtime.callsite.AbstractCallSite.call(AbstractCallSite.java:125)
	at Script1539977464160.run(Script1539977464160.groovy:20)
	at com.kms.katalon.core.main.ScriptEngine.run(ScriptEngine.java:183)
	at com.kms.katalon.core.main.ScriptEngine.runScriptAsRawText(ScriptEngine.java:108)
	at com.kms.katalon.core.main.TestCaseExecutor.runScript(TestCaseExecutor.java:294)
	at com.kms.katalon.core.main.TestCaseExecutor.doExecute(TestCaseExecutor.java:285)
	at com.kms.katalon.core.main.TestCaseExecutor.processExecutionPhase(TestCaseExecutor.java:264)
	at com.kms.katalon.core.main.TestCaseExecutor.accessMainPhase(TestCaseExecutor.java:256)
	at com.kms.katalon.core.main.TestCaseExecutor.execute(TestCaseExecutor.java:200)
	at com.kms.katalon.core.main.TestSuiteExecutor.accessTestCaseMainPhase(TestSuiteExecutor.java:129)
	at com.kms.katalon.core.main.TestSuiteExecutor.accessTestSuiteMainPhase(TestSuiteExecutor.java:112)
	at com.kms.katalon.core.main.TestSuiteExecutor.execute(TestSuiteExecutor.java:81)
	at com.kms.katalon.core.main.TestCaseMain.startTestSuite(TestCaseMain.java:142)
	at com.kms.katalon.core.main.TestCaseMain$startTestSuite$0.call(Unknown Source)
	at org.codehaus.groovy.runtime.callsite.CallSiteArray.defaultCall(CallSiteArray.java:48)
	at org.codehaus.groovy.runtime.callsite.AbstractCallSite.call(AbstractCallSite.java:113)
	at org.codehaus.groovy.runtime.callsite.AbstractCallSite.call(AbstractCallSite.java:141)
	at TempTestSuite1540820515506.run(TempTestSuite1540820515506.groovy:36)
	at groovy.lang.GroovyShell.runScriptOrMainOrTestOrRunnable(GroovyShell.java:263)
	at groovy.lang.GroovyShell.run(GroovyShell.java:518)
	at groovy.lang.GroovyShell.run(GroovyShell.java:507)
	at groovy.ui.GroovyMain.processOnce(GroovyMain.java:653)
	at groovy.ui.GroovyMain.run(GroovyMain.java:384)
	at groovy.ui.GroovyMain.process(GroovyMain.java:370)
	at groovy.ui.GroovyMain.processArgs(GroovyMain.java:129)
	at groovy.ui.GroovyMain.main(GroovyMain.java:109)
	at sun.reflect.NativeMethodAccessorImpl.invoke0(Native Method)
	at sun.reflect.NativeMethodAccessorImpl.invoke(NativeMethodAccessorImpl.java:62)
	at sun.reflect.DelegatingMethodAccessorImpl.invoke(DelegatingMethodAccessorImpl.java:43)
	at java.lang.reflect.Method.invoke(Method.java:498)
	at org.codehaus.groovy.tools.GroovyStarter.rootLoader(GroovyStarter.java:109)
	at org.codehaus.groovy.tools.GroovyStarter.main(GroovyStarter.java:131)
)"/>
         <system-out><![CDATA[2018-10-29 07:50:45 - [TEST_CASE][FAILED] - Test Cases/Denvergov/Denvergov - CouncilBills: Test Cases/Denvergov/Denvergov - CouncilBills FAILED because (of) (Stack trace: com.kms.katalon.core.exception.StepFailedException: Unable to click on object 'Object Repository/Page_Home  Application/button_Search' (Root cause: org.openqa.selenium.WebDriverException: unknown error: Element <button id="btn..." class="btn btn-lg btn-primary" data-bind="click: $parent.search">Search</button> is not clickable at point (84, 634). Other element would receive the click: <li>...</li>
  (Session info: chrome=64.0.3282.186)
  (Driver info: chromedriver=2.35.528161 (5b82f2d2aae0ca24b877009200ced9065a772e73),platform=Windows NT 10.0.15063 x86_64) (WARNING: The server did not provide any stacktrace information)
Command duration or timeout: 0 milliseconds
Build info: version: '3.7.1', revision: '8a0099a', time: '2017-11-06T21:07:36.161Z'
System info: host: 'TSD8LRSJM2', ip: '10.151.6.250', os.name: 'Windows 10', os.arch: 'amd64', os.version: '10.0', java.version: '1.8.0_181'
Driver info: com.kms.katalon.selenium.driver.CChromeDriver
Capabilities {acceptInsecureCerts: false, acceptSslCerts: false, applicationCacheEnabled: false, browserConnectionEnabled: false, browserName: chrome, chrome: {chromedriverVersion: 2.35.528161 (5b82f2d2aae0ca..., userDataDir: C:\Users\134527\AppData\Loc...}, cssSelectorsEnabled: true, databaseEnabled: false, handlesAlerts: true, hasTouchScreen: false, javascriptEnabled: true, locationContextEnabled: true, mobileEmulationEnabled: false, nativeEvents: true, networkConnectionEnabled: false, pageLoadStrategy: normal, platform: XP, platformName: XP, rotatable: false, setWindowRect: true, takesHeapSnapshot: true, takesScreenshot: true, unexpectedAlertBehaviour: , unhandledPromptBehavior: , version: 64.0.3282.186, webStorageEnabled: true}
Session ID: 42f92312cc164a5cca3e7c97e160f4b4)
	at com.kms.katalon.core.keyword.internal.KeywordMain.stepFailed(KeywordMain.groovy:36)
	at com.kms.katalon.core.webui.keyword.internal.WebUIKeywordMain.stepFailed(WebUIKeywordMain.groovy:65)
	at com.kms.katalon.core.webui.keyword.internal.WebUIKeywordMain.runKeyword(WebUIKeywordMain.groovy:27)
	at com.kms.katalon.core.webui.keyword.builtin.ClickKeyword.click(ClickKeyword.groovy:86)
	at com.kms.katalon.core.webui.keyword.builtin.ClickKeyword.execute(ClickKeyword.groovy:67)
	at com.kms.katalon.core.keyword.internal.KeywordExecutor.executeKeywordForPlatform(KeywordExecutor.groovy:53)
	at com.kms.katalon.core.webui.keyword.WebUiBuiltInKeywords.click(WebUiBuiltInKeywords.groovy:616)
	at com.kms.katalon.core.webui.keyword.WebUiBuiltInKeywords$click$4.call(Unknown Source)
	at org.codehaus.groovy.runtime.callsite.CallSiteArray.defaultCall(CallSiteArray.java:48)
	at org.codehaus.groovy.runtime.callsite.AbstractCallSite.call(AbstractCallSite.java:113)
	at org.codehaus.groovy.runtime.callsite.AbstractCallSite.call(AbstractCallSite.java:125)
	at Script1539977464160.run(Script1539977464160.groovy:20)
	at com.kms.katalon.core.main.ScriptEngine.run(ScriptEngine.java:183)
	at com.kms.katalon.core.main.ScriptEngine.runScriptAsRawText(ScriptEngine.java:108)
	at com.kms.katalon.core.main.TestCaseExecutor.runScript(TestCaseExecutor.java:294)
	at com.kms.katalon.core.main.TestCaseExecutor.doExecute(TestCaseExecutor.java:285)
	at com.kms.katalon.core.main.TestCaseExecutor.processExecutionPhase(TestCaseExecutor.java:264)
	at com.kms.katalon.core.main.TestCaseExecutor.accessMainPhase(TestCaseExecutor.java:256)
	at com.kms.katalon.core.main.TestCaseExecutor.execute(TestCaseExecutor.java:200)
	at com.kms.katalon.core.main.TestSuiteExecutor.accessTestCaseMainPhase(TestSuiteExecutor.java:129)
	at com.kms.katalon.core.main.TestSuiteExecutor.accessTestSuiteMainPhase(TestSuiteExecutor.java:112)
	at com.kms.katalon.core.main.TestSuiteExecutor.execute(TestSuiteExecutor.java:81)
	at com.kms.katalon.core.main.TestCaseMain.startTestSuite(TestCaseMain.java:142)
	at com.kms.katalon.core.main.TestCaseMain$startTestSuite$0.call(Unknown Source)
	at org.codehaus.groovy.runtime.callsite.CallSiteArray.defaultCall(CallSiteArray.java:48)
	at org.codehaus.groovy.runtime.callsite.AbstractCallSite.call(AbstractCallSite.java:113)
	at org.codehaus.groovy.runtime.callsite.AbstractCallSite.call(AbstractCallSite.java:141)
	at TempTestSuite1540820515506.run(TempTestSuite1540820515506.groovy:36)
	at groovy.lang.GroovyShell.runScriptOrMainOrTestOrRunnable(GroovyShell.java:263)
	at groovy.lang.GroovyShell.run(GroovyShell.java:518)
	at groovy.lang.GroovyShell.run(GroovyShell.java:507)
	at groovy.ui.GroovyMain.processOnce(GroovyMain.java:653)
	at groovy.ui.GroovyMain.run(GroovyMain.java:384)
	at groovy.ui.GroovyMain.process(GroovyMain.java:370)
	at groovy.ui.GroovyMain.processArgs(GroovyMain.java:129)
	at groovy.ui.GroovyMain.main(GroovyMain.java:109)
	at sun.reflect.NativeMethodAccessorImpl.invoke0(Native Method)
	at sun.reflect.NativeMethodAccessorImpl.invoke(NativeMethodAccessorImpl.java:62)
	at sun.reflect.DelegatingMethodAccessorImpl.invoke(DelegatingMethodAccessorImpl.java:43)
	at java.lang.reflect.Method.invoke(Method.java:498)
	at org.codehaus.groovy.tools.GroovyStarter.rootLoader(GroovyStarter.java:109)
	at org.codehaus.groovy.tools.GroovyStarter.main(GroovyStarter.java:131)
)

2018-10-29 07:50:57 - [TEST_STEP][PASSED] - navigateToUrl: Navigate to 'https://www.denvergov.org/councilbills' successfully

2018-10-29 07:51:00 - [MESSAGE][PASSED] - Navigate to 'https://www.denvergov.org/councilbills' successfully

2018-10-29 07:51:00 - [TEST_STEP][PASSED] - setText: Text 'Denver' is set on object 'Object Repository/Page_Home  Application/input_Subject or Keyword_subje'

2018-10-29 07:51:05 - [MESSAGE][PASSED] - Text 'Denver' is set on object 'Object Repository/Page_Home  Application/input_Subject or Keyword_subje'

2018-10-29 07:51:05 - [TEST_STEP][FAILED] - click: Unable to click on object 'Object Repository/Page_Home  Application/button_Search' (Root cause: org.openqa.selenium.WebDriverException: unknown error: Element <button id="btn..." class="btn btn-lg btn-primary" data-bind="click: $parent.search">Search</button> is not clickable at point (84, 634). Other element would receive the click: <li>...</li>
  (Session info: chrome=64.0.3282.186)
  (Driver info: chromedriver=2.35.528161 (5b82f2d2aae0ca24b877009200ced9065a772e73),platform=Windows NT 10.0.15063 x86_64) (WARNING: The server did not provide any stacktrace information)
Command duration or timeout: 0 milliseconds
Build info: version: '3.7.1', revision: '8a0099a', time: '2017-11-06T21:07:36.161Z'
System info: host: 'TSD8LRSJM2', ip: '10.151.6.250', os.name: 'Windows 10', os.arch: 'amd64', os.version: '10.0', java.version: '1.8.0_181'
Driver info: com.kms.katalon.selenium.driver.CChromeDriver
Capabilities {acceptInsecureCerts: false, acceptSslCerts: false, applicationCacheEnabled: false, browserConnectionEnabled: false, browserName: chrome, chrome: {chromedriverVersion: 2.35.528161 (5b82f2d2aae0ca..., userDataDir: C:\Users\134527\AppData\Loc...}, cssSelectorsEnabled: true, databaseEnabled: false, handlesAlerts: true, hasTouchScreen: false, javascriptEnabled: true, locationContextEnabled: true, mobileEmulationEnabled: false, nativeEvents: true, networkConnectionEnabled: false, pageLoadStrategy: normal, platform: XP, platformName: XP, rotatable: false, setWindowRect: true, takesHeapSnapshot: true, takesScreenshot: true, unexpectedAlertBehaviour: , unhandledPromptBehavior: , version: 64.0.3282.186, webStorageEnabled: true}
Session ID: 42f92312cc164a5cca3e7c97e160f4b4)

2018-10-29 07:51:05 - [MESSAGE][FAILED] - Unable to click on object 'Object Repository/Page_Home  Application/button_Search' (Root cause: org.openqa.selenium.WebDriverException: unknown error: Element <button id="btn..." class="btn btn-lg btn-primary" data-bind="click: $parent.search">Search</button> is not clickable at point (84, 634). Other element would receive the click: <li>...</li>
  (Session info: chrome=64.0.3282.186)
  (Driver info: chromedriver=2.35.528161 (5b82f2d2aae0ca24b877009200ced9065a772e73),platform=Windows NT 10.0.15063 x86_64) (WARNING: The server did not provide any stacktrace information)
Command duration or timeout: 0 milliseconds
Build info: version: '3.7.1', revision: '8a0099a', time: '2017-11-06T21:07:36.161Z'
System info: host: 'TSD8LRSJM2', ip: '10.151.6.250', os.name: 'Windows 10', os.arch: 'amd64', os.version: '10.0', java.version: '1.8.0_181'
Driver info: com.kms.katalon.selenium.driver.CChromeDriver
Capabilities {acceptInsecureCerts: false, acceptSslCerts: false, applicationCacheEnabled: false, browserConnectionEnabled: false, browserName: chrome, chrome: {chromedriverVersion: 2.35.528161 (5b82f2d2aae0ca..., userDataDir: C:\Users\134527\AppData\Loc...}, cssSelectorsEnabled: true, databaseEnabled: false, handlesAlerts: true, hasTouchScreen: false, javascriptEnabled: true, locationContextEnabled: true, mobileEmulationEnabled: false, nativeEvents: true, networkConnectionEnabled: false, pageLoadStrategy: normal, platform: XP, platformName: XP, rotatable: false, setWindowRect: true, takesHeapSnapshot: true, takesScreenshot: true, unexpectedAlertBehaviour: , unhandledPromptBehavior: , version: 64.0.3282.186, webStorageEnabled: true}
Session ID: 42f92312cc164a5cca3e7c97e160f4b4)
[[ATTACHMENT|S:\\_EAS\\_Quality_Management\\Automation\\Katalon\\CCD Prod Validation\\Reports\\Denvergov\\20181029_074155\\1540821065200.png]]]]></system-out>
         <system-err><![CDATA[2018-10-29 07:50:45 - [TEST_CASE][FAILED] - Test Cases/Denvergov/Denvergov - CouncilBills: Test Cases/Denvergov/Denvergov - CouncilBills FAILED because (of) (Stack trace: com.kms.katalon.core.exception.StepFailedException: Unable to click on object 'Object Repository/Page_Home  Application/button_Search' (Root cause: org.openqa.selenium.WebDriverException: unknown error: Element <button id="btn..." class="btn btn-lg btn-primary" data-bind="click: $parent.search">Search</button> is not clickable at point (84, 634). Other element would receive the click: <li>...</li>
  (Session info: chrome=64.0.3282.186)
  (Driver info: chromedriver=2.35.528161 (5b82f2d2aae0ca24b877009200ced9065a772e73),platform=Windows NT 10.0.15063 x86_64) (WARNING: The server did not provide any stacktrace information)
Command duration or timeout: 0 milliseconds
Build info: version: '3.7.1', revision: '8a0099a', time: '2017-11-06T21:07:36.161Z'
System info: host: 'TSD8LRSJM2', ip: '10.151.6.250', os.name: 'Windows 10', os.arch: 'amd64', os.version: '10.0', java.version: '1.8.0_181'
Driver info: com.kms.katalon.selenium.driver.CChromeDriver
Capabilities {acceptInsecureCerts: false, acceptSslCerts: false, applicationCacheEnabled: false, browserConnectionEnabled: false, browserName: chrome, chrome: {chromedriverVersion: 2.35.528161 (5b82f2d2aae0ca..., userDataDir: C:\Users\134527\AppData\Loc...}, cssSelectorsEnabled: true, databaseEnabled: false, handlesAlerts: true, hasTouchScreen: false, javascriptEnabled: true, locationContextEnabled: true, mobileEmulationEnabled: false, nativeEvents: true, networkConnectionEnabled: false, pageLoadStrategy: normal, platform: XP, platformName: XP, rotatable: false, setWindowRect: true, takesHeapSnapshot: true, takesScreenshot: true, unexpectedAlertBehaviour: , unhandledPromptBehavior: , version: 64.0.3282.186, webStorageEnabled: true}
Session ID: 42f92312cc164a5cca3e7c97e160f4b4)
	at com.kms.katalon.core.keyword.internal.KeywordMain.stepFailed(KeywordMain.groovy:36)
	at com.kms.katalon.core.webui.keyword.internal.WebUIKeywordMain.stepFailed(WebUIKeywordMain.groovy:65)
	at com.kms.katalon.core.webui.keyword.internal.WebUIKeywordMain.runKeyword(WebUIKeywordMain.groovy:27)
	at com.kms.katalon.core.webui.keyword.builtin.ClickKeyword.click(ClickKeyword.groovy:86)
	at com.kms.katalon.core.webui.keyword.builtin.ClickKeyword.execute(ClickKeyword.groovy:67)
	at com.kms.katalon.core.keyword.internal.KeywordExecutor.executeKeywordForPlatform(KeywordExecutor.groovy:53)
	at com.kms.katalon.core.webui.keyword.WebUiBuiltInKeywords.click(WebUiBuiltInKeywords.groovy:616)
	at com.kms.katalon.core.webui.keyword.WebUiBuiltInKeywords$click$4.call(Unknown Source)
	at org.codehaus.groovy.runtime.callsite.CallSiteArray.defaultCall(CallSiteArray.java:48)
	at org.codehaus.groovy.runtime.callsite.AbstractCallSite.call(AbstractCallSite.java:113)
	at org.codehaus.groovy.runtime.callsite.AbstractCallSite.call(AbstractCallSite.java:125)
	at Script1539977464160.run(Script1539977464160.groovy:20)
	at com.kms.katalon.core.main.ScriptEngine.run(ScriptEngine.java:183)
	at com.kms.katalon.core.main.ScriptEngine.runScriptAsRawText(ScriptEngine.java:108)
	at com.kms.katalon.core.main.TestCaseExecutor.runScript(TestCaseExecutor.java:294)
	at com.kms.katalon.core.main.TestCaseExecutor.doExecute(TestCaseExecutor.java:285)
	at com.kms.katalon.core.main.TestCaseExecutor.processExecutionPhase(TestCaseExecutor.java:264)
	at com.kms.katalon.core.main.TestCaseExecutor.accessMainPhase(TestCaseExecutor.java:256)
	at com.kms.katalon.core.main.TestCaseExecutor.execute(TestCaseExecutor.java:200)
	at com.kms.katalon.core.main.TestSuiteExecutor.accessTestCaseMainPhase(TestSuiteExecutor.java:129)
	at com.kms.katalon.core.main.TestSuiteExecutor.accessTestSuiteMainPhase(TestSuiteExecutor.java:112)
	at com.kms.katalon.core.main.TestSuiteExecutor.execute(TestSuiteExecutor.java:81)
	at com.kms.katalon.core.main.TestCaseMain.startTestSuite(TestCaseMain.java:142)
	at com.kms.katalon.core.main.TestCaseMain$startTestSuite$0.call(Unknown Source)
	at org.codehaus.groovy.runtime.callsite.CallSiteArray.defaultCall(CallSiteArray.java:48)
	at org.codehaus.groovy.runtime.callsite.AbstractCallSite.call(AbstractCallSite.java:113)
	at org.codehaus.groovy.runtime.callsite.AbstractCallSite.call(AbstractCallSite.java:141)
	at TempTestSuite1540820515506.run(TempTestSuite1540820515506.groovy:36)
	at groovy.lang.GroovyShell.runScriptOrMainOrTestOrRunnable(GroovyShell.java:263)
	at groovy.lang.GroovyShell.run(GroovyShell.java:518)
	at groovy.lang.GroovyShell.run(GroovyShell.java:507)
	at groovy.ui.GroovyMain.processOnce(GroovyMain.java:653)
	at groovy.ui.GroovyMain.run(GroovyMain.java:384)
	at groovy.ui.GroovyMain.process(GroovyMain.java:370)
	at groovy.ui.GroovyMain.processArgs(GroovyMain.java:129)
	at groovy.ui.GroovyMain.main(GroovyMain.java:109)
	at sun.reflect.NativeMethodAccessorImpl.invoke0(Native Method)
	at sun.reflect.NativeMethodAccessorImpl.invoke(NativeMethodAccessorImpl.java:62)
	at sun.reflect.DelegatingMethodAccessorImpl.invoke(DelegatingMethodAccessorImpl.java:43)
	at java.lang.reflect.Method.invoke(Method.java:498)
	at org.codehaus.groovy.tools.GroovyStarter.rootLoader(GroovyStarter.java:109)
	at org.codehaus.groovy.tools.GroovyStarter.main(GroovyStarter.java:131)
)]]></system-err>
      </testcase>
      <testcase name="Test Cases/Denvergov/Denvergov - VoterRegistration" classname="Test Cases/Denvergov/Denvergov - VoterRegistration" status="PASSED">
         <system-out><![CDATA[2018-10-29 07:51:05 - [TEST_CASE][PASSED] - Test Cases/Denvergov/Denvergov - VoterRegistration: Test Cases/Denvergov/Denvergov - VoterRegistration

2018-10-29 07:51:18 - [TEST_STEP][PASSED] - navigateToUrl: Navigate to 'https://www.denvergov.org/content/denvergov/en/denver-elections-divison.html' successfully

2018-10-29 07:51:20 - [MESSAGE][PASSED] - Navigate to 'https://www.denvergov.org/content/denvergov/en/denver-elections-divison.html' successfully

2018-10-29 07:51:20 - [TEST_STEP][PASSED] - Statement - titleWindow = com.kms.katalon.core.webui.keyword.WebUiBuiltInKeywords.getWindowTitle(): Current window's title is: 'Denver Elections Division | DenverGov.org'

2018-10-29 07:51:20 - [MESSAGE][PASSED] - Current window's title is: 'Denver Elections Division | DenverGov.org'

2018-10-29 07:51:20 - [TEST_STEP][PASSED] - verifyMatch: Actual text 'Denver Elections Division | DenverGov.org' and expected text 'Denver Elections Division | DenverGov.org' are matched 

2018-10-29 07:51:20 - [MESSAGE][PASSED] - Actual text 'Denver Elections Division | DenverGov.org' and expected text 'Denver Elections Division | DenverGov.org' are matched]]></system-out>
         <system-err><![CDATA[]]></system-err>
      </testcase>
      <testcase name="Test Cases/Denvergov/Denvergov - ParkCitations" classname="Test Cases/Denvergov/Denvergov - ParkCitations" status="PASSED">
         <system-out><![CDATA[2018-10-29 07:51:20 - [TEST_CASE][PASSED] - Test Cases/Denvergov/Denvergov - ParkCitations: Test Cases/Denvergov/Denvergov - ParkCitations

2018-10-29 07:51:33 - [TEST_STEP][PASSED] - navigateToUrl: Navigate to 'https://www.denvergov.org/parkcitations' successfully

2018-10-29 07:51:34 - [MESSAGE][PASSED] - Navigate to 'https://www.denvergov.org/parkcitations' successfully

2018-10-29 07:51:34 - [TEST_STEP][PASSED] - click: Object: 'Object Repository/Page_Pay Park Citations/button_Submit' is clicked on

2018-10-29 07:51:34 - [MESSAGE][PASSED] - Object: 'Object Repository/Page_Pay Park Citations/button_Submit' is clicked on]]></system-out>
         <system-err><![CDATA[]]></system-err>
      </testcase>
      <testcase name="Test Cases/Denvergov/Denvergov - CSAHearingsMediation" classname="Test Cases/Denvergov/Denvergov - CSAHearingsMediation" status="PASSED">
         <system-out><![CDATA[2018-10-29 07:51:34 - [TEST_CASE][PASSED] - Test Cases/Denvergov/Denvergov - CSAHearingsMediation: Test Cases/Denvergov/Denvergov - CSAHearingsMediation

2018-10-29 07:51:47 - [TEST_STEP][PASSED] - navigateToUrl: Navigate to 'https://www.denvergov.org/content/denvergov/en/grievances-hearings-and-appeals/Mediations.html' successfully

2018-10-29 07:51:48 - [MESSAGE][PASSED] - Navigate to 'https://www.denvergov.org/content/denvergov/en/grievances-hearings-and-appeals/Mediations.html' successfully]]></system-out>
         <system-err><![CDATA[]]></system-err>
      </testcase>
      <testcase name="Test Cases/Denvergov/Denvergov - WaitlistEL" classname="Test Cases/Denvergov/Denvergov - WaitlistEL" status="PASSED">
         <system-out><![CDATA[2018-10-29 07:51:48 - [TEST_CASE][PASSED] - Test Cases/Denvergov/Denvergov - WaitlistEL: Test Cases/Denvergov/Denvergov - WaitlistEL

2018-10-29 07:52:01 - [TEST_STEP][PASSED] - navigateToUrl: Navigate to 'https://www.denvergov.org/content/denvergov/en/denver-business-licensing-center.html' successfully

2018-10-29 07:52:01 - [MESSAGE][PASSED] - Navigate to 'https://www.denvergov.org/content/denvergov/en/denver-business-licensing-center.html' successfully

2018-10-29 07:52:01 - [TEST_STEP][PASSED] - click: Object: 'Object Repository/Page_Business Licensing Center/div_x     Community Input Requ' is clicked on

2018-10-29 07:52:02 - [MESSAGE][PASSED] - Object: 'Object Repository/Page_Business Licensing Center/div_x     Community Input Requ' is clicked on

2018-10-29 07:52:02 - [TEST_STEP][PASSED] - click: Object: 'Object Repository/Page_Business Licensing Center/img' is clicked on

2018-10-29 07:52:02 - [MESSAGE][PASSED] - Object: 'Object Repository/Page_Business Licensing Center/img' is clicked on]]></system-out>
         <system-err><![CDATA[]]></system-err>
      </testcase>
      <testcase name="Test Cases/Denvergov/Denvergov - ElectionResults" classname="Test Cases/Denvergov/Denvergov - ElectionResults" status="PASSED">
         <system-out><![CDATA[2018-10-29 07:52:02 - [TEST_CASE][PASSED] - Test Cases/Denvergov/Denvergov - ElectionResults: Test Cases/Denvergov/Denvergov - ElectionResults

2018-10-29 07:52:16 - [TEST_STEP][PASSED] - navigateToUrl: Navigate to 'https://www.denvergov.org/electionresults' successfully

2018-10-29 07:52:16 - [MESSAGE][PASSED] - Navigate to 'https://www.denvergov.org/electionresults' successfully

2018-10-29 07:52:16 - [TEST_STEP][PASSED] - click: Object: 'Object Repository/Page_Denver Election Results/button_Select an election' is clicked on

2018-10-29 07:52:17 - [MESSAGE][PASSED] - Object: 'Object Repository/Page_Denver Election Results/button_Select an election' is clicked on]]></system-out>
         <system-err><![CDATA[]]></system-err>
      </testcase>
      <testcase name="Test Cases/Denvergov/Denvergov - PoliceRecords" classname="Test Cases/Denvergov/Denvergov - PoliceRecords" status="PASSED">
         <system-out><![CDATA[2018-10-29 07:52:17 - [TEST_CASE][PASSED] - Test Cases/Denvergov/Denvergov - PoliceRecords: Test Cases/Denvergov/Denvergov - PoliceRecords

2018-10-29 07:52:30 - [TEST_STEP][PASSED] - navigateToUrl: Navigate to 'https://www.denvergov.org/content/denvergov/en/police-department/records/request-records-online.html' successfully

2018-10-29 07:52:30 - [MESSAGE][PASSED] - Navigate to 'https://www.denvergov.org/content/denvergov/en/police-department/records/request-records-online.html' successfully

2018-10-29 07:52:30 - [TEST_STEP][PASSED] - setText: Text 'Test' is set on object 'Object Repository/Page_request-records-online/input_First Name_firstName'

2018-10-29 07:52:31 - [MESSAGE][PASSED] - Text 'Test' is set on object 'Object Repository/Page_request-records-online/input_First Name_firstName']]></system-out>
         <system-err><![CDATA[]]></system-err>
      </testcase>
      <testcase name="Test Cases/Denvergov/Denvergov - ArtsVenues-AdvancedDeposit" classname="Test Cases/Denvergov/Denvergov - ArtsVenues-AdvancedDeposit" status="FAILED">
         <failure type="FAILED" message="(Stack trace: com.kms.katalon.core.exception.StepFailedException: Unable to set text 'Test' of object 'Object Repository/Page_Arts and Venues Advanced Depos/input__RESULT_TextField-0' (Root cause: java.lang.IllegalArgumentException: Cannot find elements when the XPath expression is null.)
	at com.kms.katalon.core.keyword.internal.KeywordMain.stepFailed(KeywordMain.groovy:36)
	at com.kms.katalon.core.webui.keyword.internal.WebUIKeywordMain.stepFailed(WebUIKeywordMain.groovy:65)
	at com.kms.katalon.core.webui.keyword.internal.WebUIKeywordMain.runKeyword(WebUIKeywordMain.groovy:27)
	at com.kms.katalon.core.webui.keyword.builtin.SetTextKeyword.setText(SetTextKeyword.groovy:65)
	at com.kms.katalon.core.webui.keyword.builtin.SetTextKeyword.execute(SetTextKeyword.groovy:37)
	at com.kms.katalon.core.keyword.internal.KeywordExecutor.executeKeywordForPlatform(KeywordExecutor.groovy:53)
	at com.kms.katalon.core.webui.keyword.WebUiBuiltInKeywords.setText(WebUiBuiltInKeywords.groovy:950)
	at com.kms.katalon.core.webui.keyword.WebUiBuiltInKeywords$setText$3.call(Unknown Source)
	at org.codehaus.groovy.runtime.callsite.CallSiteArray.defaultCall(CallSiteArray.java:48)
	at org.codehaus.groovy.runtime.callsite.AbstractCallSite.call(AbstractCallSite.java:113)
	at org.codehaus.groovy.runtime.callsite.AbstractCallSite.call(AbstractCallSite.java:133)
	at Script1539957724407.run(Script1539957724407.groovy:18)
	at com.kms.katalon.core.main.ScriptEngine.run(ScriptEngine.java:183)
	at com.kms.katalon.core.main.ScriptEngine.runScriptAsRawText(ScriptEngine.java:108)
	at com.kms.katalon.core.main.TestCaseExecutor.runScript(TestCaseExecutor.java:294)
	at com.kms.katalon.core.main.TestCaseExecutor.doExecute(TestCaseExecutor.java:285)
	at com.kms.katalon.core.main.TestCaseExecutor.processExecutionPhase(TestCaseExecutor.java:264)
	at com.kms.katalon.core.main.TestCaseExecutor.accessMainPhase(TestCaseExecutor.java:256)
	at com.kms.katalon.core.main.TestCaseExecutor.execute(TestCaseExecutor.java:200)
	at com.kms.katalon.core.main.TestSuiteExecutor.accessTestCaseMainPhase(TestSuiteExecutor.java:129)
	at com.kms.katalon.core.main.TestSuiteExecutor.accessTestSuiteMainPhase(TestSuiteExecutor.java:112)
	at com.kms.katalon.core.main.TestSuiteExecutor.execute(TestSuiteExecutor.java:81)
	at com.kms.katalon.core.main.TestCaseMain.startTestSuite(TestCaseMain.java:142)
	at com.kms.katalon.core.main.TestCaseMain$startTestSuite$0.call(Unknown Source)
	at org.codehaus.groovy.runtime.callsite.CallSiteArray.defaultCall(CallSiteArray.java:48)
	at org.codehaus.groovy.runtime.callsite.AbstractCallSite.call(AbstractCallSite.java:113)
	at org.codehaus.groovy.runtime.callsite.AbstractCallSite.call(AbstractCallSite.java:141)
	at TempTestSuite1540820515506.run(TempTestSuite1540820515506.groovy:36)
	at groovy.lang.GroovyShell.runScriptOrMainOrTestOrRunnable(GroovyShell.java:263)
	at groovy.lang.GroovyShell.run(GroovyShell.java:518)
	at groovy.lang.GroovyShell.run(GroovyShell.java:507)
	at groovy.ui.GroovyMain.processOnce(GroovyMain.java:653)
	at groovy.ui.GroovyMain.run(GroovyMain.java:384)
	at groovy.ui.GroovyMain.process(GroovyMain.java:370)
	at groovy.ui.GroovyMain.processArgs(GroovyMain.java:129)
	at groovy.ui.GroovyMain.main(GroovyMain.java:109)
	at sun.reflect.NativeMethodAccessorImpl.invoke0(Native Method)
	at sun.reflect.NativeMethodAccessorImpl.invoke(NativeMethodAccessorImpl.java:62)
	at sun.reflect.DelegatingMethodAccessorImpl.invoke(DelegatingMethodAccessorImpl.java:43)
	at java.lang.reflect.Method.invoke(Method.java:498)
	at org.codehaus.groovy.tools.GroovyStarter.rootLoader(GroovyStarter.java:109)
	at org.codehaus.groovy.tools.GroovyStarter.main(GroovyStarter.java:131)
)"/>
         <system-out><![CDATA[2018-10-29 07:52:31 - [TEST_CASE][FAILED] - Test Cases/Denvergov/Denvergov - ArtsVenues-AdvancedDeposit: Test Cases/Denvergov/Denvergov - ArtsVenues-AdvancedDeposit FAILED because (of) (Stack trace: com.kms.katalon.core.exception.StepFailedException: Unable to set text 'Test' of object 'Object Repository/Page_Arts and Venues Advanced Depos/input__RESULT_TextField-0' (Root cause: java.lang.IllegalArgumentException: Cannot find elements when the XPath expression is null.)
	at com.kms.katalon.core.keyword.internal.KeywordMain.stepFailed(KeywordMain.groovy:36)
	at com.kms.katalon.core.webui.keyword.internal.WebUIKeywordMain.stepFailed(WebUIKeywordMain.groovy:65)
	at com.kms.katalon.core.webui.keyword.internal.WebUIKeywordMain.runKeyword(WebUIKeywordMain.groovy:27)
	at com.kms.katalon.core.webui.keyword.builtin.SetTextKeyword.setText(SetTextKeyword.groovy:65)
	at com.kms.katalon.core.webui.keyword.builtin.SetTextKeyword.execute(SetTextKeyword.groovy:37)
	at com.kms.katalon.core.keyword.internal.KeywordExecutor.executeKeywordForPlatform(KeywordExecutor.groovy:53)
	at com.kms.katalon.core.webui.keyword.WebUiBuiltInKeywords.setText(WebUiBuiltInKeywords.groovy:950)
	at com.kms.katalon.core.webui.keyword.WebUiBuiltInKeywords$setText$3.call(Unknown Source)
	at org.codehaus.groovy.runtime.callsite.CallSiteArray.defaultCall(CallSiteArray.java:48)
	at org.codehaus.groovy.runtime.callsite.AbstractCallSite.call(AbstractCallSite.java:113)
	at org.codehaus.groovy.runtime.callsite.AbstractCallSite.call(AbstractCallSite.java:133)
	at Script1539957724407.run(Script1539957724407.groovy:18)
	at com.kms.katalon.core.main.ScriptEngine.run(ScriptEngine.java:183)
	at com.kms.katalon.core.main.ScriptEngine.runScriptAsRawText(ScriptEngine.java:108)
	at com.kms.katalon.core.main.TestCaseExecutor.runScript(TestCaseExecutor.java:294)
	at com.kms.katalon.core.main.TestCaseExecutor.doExecute(TestCaseExecutor.java:285)
	at com.kms.katalon.core.main.TestCaseExecutor.processExecutionPhase(TestCaseExecutor.java:264)
	at com.kms.katalon.core.main.TestCaseExecutor.accessMainPhase(TestCaseExecutor.java:256)
	at com.kms.katalon.core.main.TestCaseExecutor.execute(TestCaseExecutor.java:200)
	at com.kms.katalon.core.main.TestSuiteExecutor.accessTestCaseMainPhase(TestSuiteExecutor.java:129)
	at com.kms.katalon.core.main.TestSuiteExecutor.accessTestSuiteMainPhase(TestSuiteExecutor.java:112)
	at com.kms.katalon.core.main.TestSuiteExecutor.execute(TestSuiteExecutor.java:81)
	at com.kms.katalon.core.main.TestCaseMain.startTestSuite(TestCaseMain.java:142)
	at com.kms.katalon.core.main.TestCaseMain$startTestSuite$0.call(Unknown Source)
	at org.codehaus.groovy.runtime.callsite.CallSiteArray.defaultCall(CallSiteArray.java:48)
	at org.codehaus.groovy.runtime.callsite.AbstractCallSite.call(AbstractCallSite.java:113)
	at org.codehaus.groovy.runtime.callsite.AbstractCallSite.call(AbstractCallSite.java:141)
	at TempTestSuite1540820515506.run(TempTestSuite1540820515506.groovy:36)
	at groovy.lang.GroovyShell.runScriptOrMainOrTestOrRunnable(GroovyShell.java:263)
	at groovy.lang.GroovyShell.run(GroovyShell.java:518)
	at groovy.lang.GroovyShell.run(GroovyShell.java:507)
	at groovy.ui.GroovyMain.processOnce(GroovyMain.java:653)
	at groovy.ui.GroovyMain.run(GroovyMain.java:384)
	at groovy.ui.GroovyMain.process(GroovyMain.java:370)
	at groovy.ui.GroovyMain.processArgs(GroovyMain.java:129)
	at groovy.ui.GroovyMain.main(GroovyMain.java:109)
	at sun.reflect.NativeMethodAccessorImpl.invoke0(Native Method)
	at sun.reflect.NativeMethodAccessorImpl.invoke(NativeMethodAccessorImpl.java:62)
	at sun.reflect.DelegatingMethodAccessorImpl.invoke(DelegatingMethodAccessorImpl.java:43)
	at java.lang.reflect.Method.invoke(Method.java:498)
	at org.codehaus.groovy.tools.GroovyStarter.rootLoader(GroovyStarter.java:109)
	at org.codehaus.groovy.tools.GroovyStarter.main(GroovyStarter.java:131)
)

2018-10-29 07:52:44 - [TEST_STEP][PASSED] - navigateToUrl: Navigate to 'https://www.denvergov.org/content/denvergov/en/city-of-denver-home/online-services-center/arts-and-venues-advanced-deposit.html' successfully

2018-10-29 07:52:47 - [MESSAGE][PASSED] - Navigate to 'https://www.denvergov.org/content/denvergov/en/city-of-denver-home/online-services-center/arts-and-venues-advanced-deposit.html' successfully

2018-10-29 07:52:47 - [TEST_STEP][FAILED] - setText: Unable to set text 'Test' of object 'Object Repository/Page_Arts and Venues Advanced Depos/input__RESULT_TextField-0' (Root cause: java.lang.IllegalArgumentException: Cannot find elements when the XPath expression is null.)

2018-10-29 07:52:48 - [MESSAGE][FAILED] - Unable to set text 'Test' of object 'Object Repository/Page_Arts and Venues Advanced Depos/input__RESULT_TextField-0' (Root cause: java.lang.IllegalArgumentException: Cannot find elements when the XPath expression is null.)
[[ATTACHMENT|S:\\_EAS\\_Quality_Management\\Automation\\Katalon\\CCD Prod Validation\\Reports\\Denvergov\\20181029_074155\\1540821167818.png]]]]></system-out>
         <system-err><![CDATA[2018-10-29 07:52:31 - [TEST_CASE][FAILED] - Test Cases/Denvergov/Denvergov - ArtsVenues-AdvancedDeposit: Test Cases/Denvergov/Denvergov - ArtsVenues-AdvancedDeposit FAILED because (of) (Stack trace: com.kms.katalon.core.exception.StepFailedException: Unable to set text 'Test' of object 'Object Repository/Page_Arts and Venues Advanced Depos/input__RESULT_TextField-0' (Root cause: java.lang.IllegalArgumentException: Cannot find elements when the XPath expression is null.)
	at com.kms.katalon.core.keyword.internal.KeywordMain.stepFailed(KeywordMain.groovy:36)
	at com.kms.katalon.core.webui.keyword.internal.WebUIKeywordMain.stepFailed(WebUIKeywordMain.groovy:65)
	at com.kms.katalon.core.webui.keyword.internal.WebUIKeywordMain.runKeyword(WebUIKeywordMain.groovy:27)
	at com.kms.katalon.core.webui.keyword.builtin.SetTextKeyword.setText(SetTextKeyword.groovy:65)
	at com.kms.katalon.core.webui.keyword.builtin.SetTextKeyword.execute(SetTextKeyword.groovy:37)
	at com.kms.katalon.core.keyword.internal.KeywordExecutor.executeKeywordForPlatform(KeywordExecutor.groovy:53)
	at com.kms.katalon.core.webui.keyword.WebUiBuiltInKeywords.setText(WebUiBuiltInKeywords.groovy:950)
	at com.kms.katalon.core.webui.keyword.WebUiBuiltInKeywords$setText$3.call(Unknown Source)
	at org.codehaus.groovy.runtime.callsite.CallSiteArray.defaultCall(CallSiteArray.java:48)
	at org.codehaus.groovy.runtime.callsite.AbstractCallSite.call(AbstractCallSite.java:113)
	at org.codehaus.groovy.runtime.callsite.AbstractCallSite.call(AbstractCallSite.java:133)
	at Script1539957724407.run(Script1539957724407.groovy:18)
	at com.kms.katalon.core.main.ScriptEngine.run(ScriptEngine.java:183)
	at com.kms.katalon.core.main.ScriptEngine.runScriptAsRawText(ScriptEngine.java:108)
	at com.kms.katalon.core.main.TestCaseExecutor.runScript(TestCaseExecutor.java:294)
	at com.kms.katalon.core.main.TestCaseExecutor.doExecute(TestCaseExecutor.java:285)
	at com.kms.katalon.core.main.TestCaseExecutor.processExecutionPhase(TestCaseExecutor.java:264)
	at com.kms.katalon.core.main.TestCaseExecutor.accessMainPhase(TestCaseExecutor.java:256)
	at com.kms.katalon.core.main.TestCaseExecutor.execute(TestCaseExecutor.java:200)
	at com.kms.katalon.core.main.TestSuiteExecutor.accessTestCaseMainPhase(TestSuiteExecutor.java:129)
	at com.kms.katalon.core.main.TestSuiteExecutor.accessTestSuiteMainPhase(TestSuiteExecutor.java:112)
	at com.kms.katalon.core.main.TestSuiteExecutor.execute(TestSuiteExecutor.java:81)
	at com.kms.katalon.core.main.TestCaseMain.startTestSuite(TestCaseMain.java:142)
	at com.kms.katalon.core.main.TestCaseMain$startTestSuite$0.call(Unknown Source)
	at org.codehaus.groovy.runtime.callsite.CallSiteArray.defaultCall(CallSiteArray.java:48)
	at org.codehaus.groovy.runtime.callsite.AbstractCallSite.call(AbstractCallSite.java:113)
	at org.codehaus.groovy.runtime.callsite.AbstractCallSite.call(AbstractCallSite.java:141)
	at TempTestSuite1540820515506.run(TempTestSuite1540820515506.groovy:36)
	at groovy.lang.GroovyShell.runScriptOrMainOrTestOrRunnable(GroovyShell.java:263)
	at groovy.lang.GroovyShell.run(GroovyShell.java:518)
	at groovy.lang.GroovyShell.run(GroovyShell.java:507)
	at groovy.ui.GroovyMain.processOnce(GroovyMain.java:653)
	at groovy.ui.GroovyMain.run(GroovyMain.java:384)
	at groovy.ui.GroovyMain.process(GroovyMain.java:370)
	at groovy.ui.GroovyMain.processArgs(GroovyMain.java:129)
	at groovy.ui.GroovyMain.main(GroovyMain.java:109)
	at sun.reflect.NativeMethodAccessorImpl.invoke0(Native Method)
	at sun.reflect.NativeMethodAccessorImpl.invoke(NativeMethodAccessorImpl.java:62)
	at sun.reflect.DelegatingMethodAccessorImpl.invoke(DelegatingMethodAccessorImpl.java:43)
	at java.lang.reflect.Method.invoke(Method.java:498)
	at org.codehaus.groovy.tools.GroovyStarter.rootLoader(GroovyStarter.java:109)
	at org.codehaus.groovy.tools.GroovyStarter.main(GroovyStarter.java:131)
)]]></system-err>
      </testcase>
      <testcase name="Test Cases/Denvergov/Denvergov - eForclosure" classname="Test Cases/Denvergov/Denvergov - eForclosure" status="FAILED">
         <failure type="FAILED" message="(Stack trace: com.kms.katalon.core.exception.StepFailedException: Unable to click on object 'Object Repository/Page_Search/a_Search' (Root cause: com.kms.katalon.core.webui.exception.WebElementNotFoundException: Web element with id: 'Object Repository/Page_Search/a_Search' located by 'By.xpath: //a[@id='searchButton']' not found)
	at com.kms.katalon.core.keyword.internal.KeywordMain.stepFailed(KeywordMain.groovy:36)
	at com.kms.katalon.core.webui.keyword.internal.WebUIKeywordMain.stepFailed(WebUIKeywordMain.groovy:65)
	at com.kms.katalon.core.webui.keyword.internal.WebUIKeywordMain.runKeyword(WebUIKeywordMain.groovy:27)
	at com.kms.katalon.core.webui.keyword.builtin.ClickKeyword.click(ClickKeyword.groovy:86)
	at com.kms.katalon.core.webui.keyword.builtin.ClickKeyword.execute(ClickKeyword.groovy:67)
	at com.kms.katalon.core.keyword.internal.KeywordExecutor.executeKeywordForPlatform(KeywordExecutor.groovy:53)
	at com.kms.katalon.core.webui.keyword.WebUiBuiltInKeywords.click(WebUiBuiltInKeywords.groovy:616)
	at com.kms.katalon.core.webui.keyword.WebUiBuiltInKeywords$click$4.call(Unknown Source)
	at org.codehaus.groovy.runtime.callsite.CallSiteArray.defaultCall(CallSiteArray.java:48)
	at org.codehaus.groovy.runtime.callsite.AbstractCallSite.call(AbstractCallSite.java:113)
	at org.codehaus.groovy.runtime.callsite.AbstractCallSite.call(AbstractCallSite.java:125)
	at Script1540229241930.run(Script1540229241930.groovy:18)
	at com.kms.katalon.core.main.ScriptEngine.run(ScriptEngine.java:183)
	at com.kms.katalon.core.main.ScriptEngine.runScriptAsRawText(ScriptEngine.java:108)
	at com.kms.katalon.core.main.TestCaseExecutor.runScript(TestCaseExecutor.java:294)
	at com.kms.katalon.core.main.TestCaseExecutor.doExecute(TestCaseExecutor.java:285)
	at com.kms.katalon.core.main.TestCaseExecutor.processExecutionPhase(TestCaseExecutor.java:264)
	at com.kms.katalon.core.main.TestCaseExecutor.accessMainPhase(TestCaseExecutor.java:256)
	at com.kms.katalon.core.main.TestCaseExecutor.execute(TestCaseExecutor.java:200)
	at com.kms.katalon.core.main.TestSuiteExecutor.accessTestCaseMainPhase(TestSuiteExecutor.java:129)
	at com.kms.katalon.core.main.TestSuiteExecutor.accessTestSuiteMainPhase(TestSuiteExecutor.java:112)
	at com.kms.katalon.core.main.TestSuiteExecutor.execute(TestSuiteExecutor.java:81)
	at com.kms.katalon.core.main.TestCaseMain.startTestSuite(TestCaseMain.java:142)
	at com.kms.katalon.core.main.TestCaseMain$startTestSuite$0.call(Unknown Source)
	at org.codehaus.groovy.runtime.callsite.CallSiteArray.defaultCall(CallSiteArray.java:48)
	at org.codehaus.groovy.runtime.callsite.AbstractCallSite.call(AbstractCallSite.java:113)
	at org.codehaus.groovy.runtime.callsite.AbstractCallSite.call(AbstractCallSite.java:141)
	at TempTestSuite1540820515506.run(TempTestSuite1540820515506.groovy:36)
	at groovy.lang.GroovyShell.runScriptOrMainOrTestOrRunnable(GroovyShell.java:263)
	at groovy.lang.GroovyShell.run(GroovyShell.java:518)
	at groovy.lang.GroovyShell.run(GroovyShell.java:507)
	at groovy.ui.GroovyMain.processOnce(GroovyMain.java:653)
	at groovy.ui.GroovyMain.run(GroovyMain.java:384)
	at groovy.ui.GroovyMain.process(GroovyMain.java:370)
	at groovy.ui.GroovyMain.processArgs(GroovyMain.java:129)
	at groovy.ui.GroovyMain.main(GroovyMain.java:109)
	at sun.reflect.NativeMethodAccessorImpl.invoke0(Native Method)
	at sun.reflect.NativeMethodAccessorImpl.invoke(NativeMethodAccessorImpl.java:62)
	at sun.reflect.DelegatingMethodAccessorImpl.invoke(DelegatingMethodAccessorImpl.java:43)
	at java.lang.reflect.Method.invoke(Method.java:498)
	at org.codehaus.groovy.tools.GroovyStarter.rootLoader(GroovyStarter.java:109)
	at org.codehaus.groovy.tools.GroovyStarter.main(GroovyStarter.java:131)
)"/>
         <system-out><![CDATA[2018-10-29 07:52:48 - [TEST_CASE][FAILED] - Test Cases/Denvergov/Denvergov - eForclosure: Test Cases/Denvergov/Denvergov - eForclosure FAILED because (of) (Stack trace: com.kms.katalon.core.exception.StepFailedException: Unable to click on object 'Object Repository/Page_Search/a_Search' (Root cause: com.kms.katalon.core.webui.exception.WebElementNotFoundException: Web element with id: 'Object Repository/Page_Search/a_Search' located by 'By.xpath: //a[@id='searchButton']' not found)
	at com.kms.katalon.core.keyword.internal.KeywordMain.stepFailed(KeywordMain.groovy:36)
	at com.kms.katalon.core.webui.keyword.internal.WebUIKeywordMain.stepFailed(WebUIKeywordMain.groovy:65)
	at com.kms.katalon.core.webui.keyword.internal.WebUIKeywordMain.runKeyword(WebUIKeywordMain.groovy:27)
	at com.kms.katalon.core.webui.keyword.builtin.ClickKeyword.click(ClickKeyword.groovy:86)
	at com.kms.katalon.core.webui.keyword.builtin.ClickKeyword.execute(ClickKeyword.groovy:67)
	at com.kms.katalon.core.keyword.internal.KeywordExecutor.executeKeywordForPlatform(KeywordExecutor.groovy:53)
	at com.kms.katalon.core.webui.keyword.WebUiBuiltInKeywords.click(WebUiBuiltInKeywords.groovy:616)
	at com.kms.katalon.core.webui.keyword.WebUiBuiltInKeywords$click$4.call(Unknown Source)
	at org.codehaus.groovy.runtime.callsite.CallSiteArray.defaultCall(CallSiteArray.java:48)
	at org.codehaus.groovy.runtime.callsite.AbstractCallSite.call(AbstractCallSite.java:113)
	at org.codehaus.groovy.runtime.callsite.AbstractCallSite.call(AbstractCallSite.java:125)
	at Script1540229241930.run(Script1540229241930.groovy:18)
	at com.kms.katalon.core.main.ScriptEngine.run(ScriptEngine.java:183)
	at com.kms.katalon.core.main.ScriptEngine.runScriptAsRawText(ScriptEngine.java:108)
	at com.kms.katalon.core.main.TestCaseExecutor.runScript(TestCaseExecutor.java:294)
	at com.kms.katalon.core.main.TestCaseExecutor.doExecute(TestCaseExecutor.java:285)
	at com.kms.katalon.core.main.TestCaseExecutor.processExecutionPhase(TestCaseExecutor.java:264)
	at com.kms.katalon.core.main.TestCaseExecutor.accessMainPhase(TestCaseExecutor.java:256)
	at com.kms.katalon.core.main.TestCaseExecutor.execute(TestCaseExecutor.java:200)
	at com.kms.katalon.core.main.TestSuiteExecutor.accessTestCaseMainPhase(TestSuiteExecutor.java:129)
	at com.kms.katalon.core.main.TestSuiteExecutor.accessTestSuiteMainPhase(TestSuiteExecutor.java:112)
	at com.kms.katalon.core.main.TestSuiteExecutor.execute(TestSuiteExecutor.java:81)
	at com.kms.katalon.core.main.TestCaseMain.startTestSuite(TestCaseMain.java:142)
	at com.kms.katalon.core.main.TestCaseMain$startTestSuite$0.call(Unknown Source)
	at org.codehaus.groovy.runtime.callsite.CallSiteArray.defaultCall(CallSiteArray.java:48)
	at org.codehaus.groovy.runtime.callsite.AbstractCallSite.call(AbstractCallSite.java:113)
	at org.codehaus.groovy.runtime.callsite.AbstractCallSite.call(AbstractCallSite.java:141)
	at TempTestSuite1540820515506.run(TempTestSuite1540820515506.groovy:36)
	at groovy.lang.GroovyShell.runScriptOrMainOrTestOrRunnable(GroovyShell.java:263)
	at groovy.lang.GroovyShell.run(GroovyShell.java:518)
	at groovy.lang.GroovyShell.run(GroovyShell.java:507)
	at groovy.ui.GroovyMain.processOnce(GroovyMain.java:653)
	at groovy.ui.GroovyMain.run(GroovyMain.java:384)
	at groovy.ui.GroovyMain.process(GroovyMain.java:370)
	at groovy.ui.GroovyMain.processArgs(GroovyMain.java:129)
	at groovy.ui.GroovyMain.main(GroovyMain.java:109)
	at sun.reflect.NativeMethodAccessorImpl.invoke0(Native Method)
	at sun.reflect.NativeMethodAccessorImpl.invoke(NativeMethodAccessorImpl.java:62)
	at sun.reflect.DelegatingMethodAccessorImpl.invoke(DelegatingMethodAccessorImpl.java:43)
	at java.lang.reflect.Method.invoke(Method.java:498)
	at org.codehaus.groovy.tools.GroovyStarter.rootLoader(GroovyStarter.java:109)
	at org.codehaus.groovy.tools.GroovyStarter.main(GroovyStarter.java:131)
)

2018-10-29 07:53:00 - [TEST_STEP][PASSED] - navigateToUrl: Navigate to 'https://www.denvergov.org/ForeclosurePortal/Home.aspx/Search' successfully

2018-10-29 07:53:00 - [MESSAGE][PASSED] - Navigate to 'https://www.denvergov.org/ForeclosurePortal/Home.aspx/Search' successfully

2018-10-29 07:53:00 - [TEST_STEP][FAILED] - click: Unable to click on object 'Object Repository/Page_Search/a_Search' (Root cause: com.kms.katalon.core.webui.exception.WebElementNotFoundException: Web element with id: 'Object Repository/Page_Search/a_Search' located by 'By.xpath: //a[@id='searchButton']' not found)

2018-10-29 07:53:32 - [MESSAGE][FAILED] - Unable to click on object 'Object Repository/Page_Search/a_Search' (Root cause: com.kms.katalon.core.webui.exception.WebElementNotFoundException: Web element with id: 'Object Repository/Page_Search/a_Search' located by 'By.xpath: //a[@id='searchButton']' not found)
[[ATTACHMENT|S:\\_EAS\\_Quality_Management\\Automation\\Katalon\\CCD Prod Validation\\Reports\\Denvergov\\20181029_074155\\1540821211747.png]]]]></system-out>
         <system-err><![CDATA[2018-10-29 07:52:48 - [TEST_CASE][FAILED] - Test Cases/Denvergov/Denvergov - eForclosure: Test Cases/Denvergov/Denvergov - eForclosure FAILED because (of) (Stack trace: com.kms.katalon.core.exception.StepFailedException: Unable to click on object 'Object Repository/Page_Search/a_Search' (Root cause: com.kms.katalon.core.webui.exception.WebElementNotFoundException: Web element with id: 'Object Repository/Page_Search/a_Search' located by 'By.xpath: //a[@id='searchButton']' not found)
	at com.kms.katalon.core.keyword.internal.KeywordMain.stepFailed(KeywordMain.groovy:36)
	at com.kms.katalon.core.webui.keyword.internal.WebUIKeywordMain.stepFailed(WebUIKeywordMain.groovy:65)
	at com.kms.katalon.core.webui.keyword.internal.WebUIKeywordMain.runKeyword(WebUIKeywordMain.groovy:27)
	at com.kms.katalon.core.webui.keyword.builtin.ClickKeyword.click(ClickKeyword.groovy:86)
	at com.kms.katalon.core.webui.keyword.builtin.ClickKeyword.execute(ClickKeyword.groovy:67)
	at com.kms.katalon.core.keyword.internal.KeywordExecutor.executeKeywordForPlatform(KeywordExecutor.groovy:53)
	at com.kms.katalon.core.webui.keyword.WebUiBuiltInKeywords.click(WebUiBuiltInKeywords.groovy:616)
	at com.kms.katalon.core.webui.keyword.WebUiBuiltInKeywords$click$4.call(Unknown Source)
	at org.codehaus.groovy.runtime.callsite.CallSiteArray.defaultCall(CallSiteArray.java:48)
	at org.codehaus.groovy.runtime.callsite.AbstractCallSite.call(AbstractCallSite.java:113)
	at org.codehaus.groovy.runtime.callsite.AbstractCallSite.call(AbstractCallSite.java:125)
	at Script1540229241930.run(Script1540229241930.groovy:18)
	at com.kms.katalon.core.main.ScriptEngine.run(ScriptEngine.java:183)
	at com.kms.katalon.core.main.ScriptEngine.runScriptAsRawText(ScriptEngine.java:108)
	at com.kms.katalon.core.main.TestCaseExecutor.runScript(TestCaseExecutor.java:294)
	at com.kms.katalon.core.main.TestCaseExecutor.doExecute(TestCaseExecutor.java:285)
	at com.kms.katalon.core.main.TestCaseExecutor.processExecutionPhase(TestCaseExecutor.java:264)
	at com.kms.katalon.core.main.TestCaseExecutor.accessMainPhase(TestCaseExecutor.java:256)
	at com.kms.katalon.core.main.TestCaseExecutor.execute(TestCaseExecutor.java:200)
	at com.kms.katalon.core.main.TestSuiteExecutor.accessTestCaseMainPhase(TestSuiteExecutor.java:129)
	at com.kms.katalon.core.main.TestSuiteExecutor.accessTestSuiteMainPhase(TestSuiteExecutor.java:112)
	at com.kms.katalon.core.main.TestSuiteExecutor.execute(TestSuiteExecutor.java:81)
	at com.kms.katalon.core.main.TestCaseMain.startTestSuite(TestCaseMain.java:142)
	at com.kms.katalon.core.main.TestCaseMain$startTestSuite$0.call(Unknown Source)
	at org.codehaus.groovy.runtime.callsite.CallSiteArray.defaultCall(CallSiteArray.java:48)
	at org.codehaus.groovy.runtime.callsite.AbstractCallSite.call(AbstractCallSite.java:113)
	at org.codehaus.groovy.runtime.callsite.AbstractCallSite.call(AbstractCallSite.java:141)
	at TempTestSuite1540820515506.run(TempTestSuite1540820515506.groovy:36)
	at groovy.lang.GroovyShell.runScriptOrMainOrTestOrRunnable(GroovyShell.java:263)
	at groovy.lang.GroovyShell.run(GroovyShell.java:518)
	at groovy.lang.GroovyShell.run(GroovyShell.java:507)
	at groovy.ui.GroovyMain.processOnce(GroovyMain.java:653)
	at groovy.ui.GroovyMain.run(GroovyMain.java:384)
	at groovy.ui.GroovyMain.process(GroovyMain.java:370)
	at groovy.ui.GroovyMain.processArgs(GroovyMain.java:129)
	at groovy.ui.GroovyMain.main(GroovyMain.java:109)
	at sun.reflect.NativeMethodAccessorImpl.invoke0(Native Method)
	at sun.reflect.NativeMethodAccessorImpl.invoke(NativeMethodAccessorImpl.java:62)
	at sun.reflect.DelegatingMethodAccessorImpl.invoke(DelegatingMethodAccessorImpl.java:43)
	at java.lang.reflect.Method.invoke(Method.java:498)
	at org.codehaus.groovy.tools.GroovyStarter.rootLoader(GroovyStarter.java:109)
	at org.codehaus.groovy.tools.GroovyStarter.main(GroovyStarter.java:131)
)]]></system-err>
      </testcase>
      <testcase name="Test Cases/Denvergov/Denvergov - ElectionArchive" classname="Test Cases/Denvergov/Denvergov - ElectionArchive" status="PASSED">
         <system-out><![CDATA[2018-10-29 07:53:32 - [TEST_CASE][PASSED] - Test Cases/Denvergov/Denvergov - ElectionArchive: Test Cases/Denvergov/Denvergov - ElectionArchive

2018-10-29 07:53:46 - [TEST_STEP][PASSED] - navigateToUrl: Navigate to 'https://www.denvergov.org/content/denvergov/en/denver-elections-divison/election-archives-and-maps/elections-data-and-maps.html' successfully

2018-10-29 07:53:47 - [MESSAGE][PASSED] - Navigate to 'https://www.denvergov.org/content/denvergov/en/denver-elections-divison/election-archives-and-maps/elections-data-and-maps.html' successfully

2018-10-29 07:53:47 - [TEST_STEP][PASSED] - getWindowTitle: Current window's title is: 'Denver Elections Division | Data & Records | Historical Election Results & Maps'

2018-10-29 07:53:47 - [MESSAGE][PASSED] - Current window's title is: 'Denver Elections Division | Data & Records | Historical Election Results & Maps']]></system-out>
         <system-err><![CDATA[]]></system-err>
      </testcase>
      <testcase name="Test Cases/Denvergov/Denvergov - BuldingPermitStatus" classname="Test Cases/Denvergov/Denvergov - BuldingPermitStatus" status="PASSED">
         <system-out><![CDATA[2018-10-29 07:53:47 - [TEST_CASE][PASSED] - Test Cases/Denvergov/Denvergov - BuldingPermitStatus: Test Cases/Denvergov/Denvergov - BuldingPermitStatus

2018-10-29 07:53:58 - [TEST_STEP][PASSED] - navigateToUrl: Navigate to 'https://www.denvergov.org/buildingpermitstatus' successfully

2018-10-29 07:53:59 - [MESSAGE][PASSED] - Navigate to 'https://www.denvergov.org/buildingpermitstatus' successfully

2018-10-29 07:53:59 - [TEST_STEP][PASSED] - setText: Text '2017-LOG-0000920' is set on object 'Object Repository/Page_Building Permit Status/input_Enter your log number_tx'

2018-10-29 07:53:59 - [MESSAGE][PASSED] - Text '2017-LOG-0000920' is set on object 'Object Repository/Page_Building Permit Status/input_Enter your log number_tx'

2018-10-29 07:53:59 - [TEST_STEP][PASSED] - click: Object: 'Object Repository/Page_Building Permit Status/button_Search' is clicked on

2018-10-29 07:53:59 - [MESSAGE][PASSED] - Object: 'Object Repository/Page_Building Permit Status/button_Search' is clicked on

2018-10-29 07:53:59 - [TEST_STEP][PASSED] - verifyElementVisible: Object 'Object Repository/Page_Building Permit Status/h2_Project Log Number 2017-LOG' is visible

2018-10-29 07:54:01 - [MESSAGE][PASSED] - Object 'Object Repository/Page_Building Permit Status/h2_Project Log Number 2017-LOG' is visible]]></system-out>
         <system-err><![CDATA[]]></system-err>
      </testcase>
      <testcase name="Test Cases/Denvergov/Denvergov - TieBookSearch" classname="Test Cases/Denvergov/Denvergov - TieBookSearch" status="FAILED">
         <failure type="FAILED" message="(Stack trace: com.kms.katalon.core.exception.StepFailedException: Unable to click on object 'Object Repository/Page_Tie Book Search Results/h3_Results' (Root cause: org.openqa.selenium.WebDriverException: unknown error: Element &lt;h3>...&lt;/h3> is not clickable at point (428, 163). Other element would receive the click: &lt;h3>...&lt;/h3>
  (Session info: chrome=64.0.3282.186)
  (Driver info: chromedriver=2.35.528161 (5b82f2d2aae0ca24b877009200ced9065a772e73),platform=Windows NT 10.0.15063 x86_64) (WARNING: The server did not provide any stacktrace information)
Command duration or timeout: 0 milliseconds
Build info: version: '3.7.1', revision: '8a0099a', time: '2017-11-06T21:07:36.161Z'
System info: host: 'TSD8LRSJM2', ip: '10.151.6.250', os.name: 'Windows 10', os.arch: 'amd64', os.version: '10.0', java.version: '1.8.0_181'
Driver info: com.kms.katalon.selenium.driver.CChromeDriver
Capabilities {acceptInsecureCerts: false, acceptSslCerts: false, applicationCacheEnabled: false, browserConnectionEnabled: false, browserName: chrome, chrome: {chromedriverVersion: 2.35.528161 (5b82f2d2aae0ca..., userDataDir: C:\Users\134527\AppData\Loc...}, cssSelectorsEnabled: true, databaseEnabled: false, handlesAlerts: true, hasTouchScreen: false, javascriptEnabled: true, locationContextEnabled: true, mobileEmulationEnabled: false, nativeEvents: true, networkConnectionEnabled: false, pageLoadStrategy: normal, platform: XP, platformName: XP, rotatable: false, setWindowRect: true, takesHeapSnapshot: true, takesScreenshot: true, unexpectedAlertBehaviour: , unhandledPromptBehavior: , version: 64.0.3282.186, webStorageEnabled: true}
Session ID: 42f92312cc164a5cca3e7c97e160f4b4)
	at com.kms.katalon.core.keyword.internal.KeywordMain.stepFailed(KeywordMain.groovy:36)
	at com.kms.katalon.core.webui.keyword.internal.WebUIKeywordMain.stepFailed(WebUIKeywordMain.groovy:65)
	at com.kms.katalon.core.webui.keyword.internal.WebUIKeywordMain.runKeyword(WebUIKeywordMain.groovy:27)
	at com.kms.katalon.core.webui.keyword.builtin.ClickKeyword.click(ClickKeyword.groovy:86)
	at com.kms.katalon.core.webui.keyword.builtin.ClickKeyword.execute(ClickKeyword.groovy:67)
	at com.kms.katalon.core.keyword.internal.KeywordExecutor.executeKeywordForPlatform(KeywordExecutor.groovy:53)
	at com.kms.katalon.core.webui.keyword.WebUiBuiltInKeywords.click(WebUiBuiltInKeywords.groovy:616)
	at com.kms.katalon.core.webui.keyword.WebUiBuiltInKeywords$click$4.call(Unknown Source)
	at org.codehaus.groovy.runtime.callsite.CallSiteArray.defaultCall(CallSiteArray.java:48)
	at org.codehaus.groovy.runtime.callsite.AbstractCallSite.call(AbstractCallSite.java:113)
	at org.codehaus.groovy.runtime.callsite.AbstractCallSite.call(AbstractCallSite.java:125)
	at Script1540244835363.run(Script1540244835363.groovy:24)
	at com.kms.katalon.core.main.ScriptEngine.run(ScriptEngine.java:183)
	at com.kms.katalon.core.main.ScriptEngine.runScriptAsRawText(ScriptEngine.java:108)
	at com.kms.katalon.core.main.TestCaseExecutor.runScript(TestCaseExecutor.java:294)
	at com.kms.katalon.core.main.TestCaseExecutor.doExecute(TestCaseExecutor.java:285)
	at com.kms.katalon.core.main.TestCaseExecutor.processExecutionPhase(TestCaseExecutor.java:264)
	at com.kms.katalon.core.main.TestCaseExecutor.accessMainPhase(TestCaseExecutor.java:256)
	at com.kms.katalon.core.main.TestCaseExecutor.execute(TestCaseExecutor.java:200)
	at com.kms.katalon.core.main.TestSuiteExecutor.accessTestCaseMainPhase(TestSuiteExecutor.java:129)
	at com.kms.katalon.core.main.TestSuiteExecutor.accessTestSuiteMainPhase(TestSuiteExecutor.java:112)
	at com.kms.katalon.core.main.TestSuiteExecutor.execute(TestSuiteExecutor.java:81)
	at com.kms.katalon.core.main.TestCaseMain.startTestSuite(TestCaseMain.java:142)
	at com.kms.katalon.core.main.TestCaseMain$startTestSuite$0.call(Unknown Source)
	at org.codehaus.groovy.runtime.callsite.CallSiteArray.defaultCall(CallSiteArray.java:48)
	at org.codehaus.groovy.runtime.callsite.AbstractCallSite.call(AbstractCallSite.java:113)
	at org.codehaus.groovy.runtime.callsite.AbstractCallSite.call(AbstractCallSite.java:141)
	at TempTestSuite1540820515506.run(TempTestSuite1540820515506.groovy:36)
	at groovy.lang.GroovyShell.runScriptOrMainOrTestOrRunnable(GroovyShell.java:263)
	at groovy.lang.GroovyShell.run(GroovyShell.java:518)
	at groovy.lang.GroovyShell.run(GroovyShell.java:507)
	at groovy.ui.GroovyMain.processOnce(GroovyMain.java:653)
	at groovy.ui.GroovyMain.run(GroovyMain.java:384)
	at groovy.ui.GroovyMain.process(GroovyMain.java:370)
	at groovy.ui.GroovyMain.processArgs(GroovyMain.java:129)
	at groovy.ui.GroovyMain.main(GroovyMain.java:109)
	at sun.reflect.NativeMethodAccessorImpl.invoke0(Native Method)
	at sun.reflect.NativeMethodAccessorImpl.invoke(NativeMethodAccessorImpl.java:62)
	at sun.reflect.DelegatingMethodAccessorImpl.invoke(DelegatingMethodAccessorImpl.java:43)
	at java.lang.reflect.Method.invoke(Method.java:498)
	at org.codehaus.groovy.tools.GroovyStarter.rootLoader(GroovyStarter.java:109)
	at org.codehaus.groovy.tools.GroovyStarter.main(GroovyStarter.java:131)
)"/>
         <system-out><![CDATA[2018-10-29 07:54:01 - [TEST_CASE][FAILED] - Test Cases/Denvergov/Denvergov - TieBookSearch: Test Cases/Denvergov/Denvergov - TieBookSearch FAILED because (of) (Stack trace: com.kms.katalon.core.exception.StepFailedException: Unable to click on object 'Object Repository/Page_Tie Book Search Results/h3_Results' (Root cause: org.openqa.selenium.WebDriverException: unknown error: Element <h3>...</h3> is not clickable at point (428, 163). Other element would receive the click: <h3>...</h3>
  (Session info: chrome=64.0.3282.186)
  (Driver info: chromedriver=2.35.528161 (5b82f2d2aae0ca24b877009200ced9065a772e73),platform=Windows NT 10.0.15063 x86_64) (WARNING: The server did not provide any stacktrace information)
Command duration or timeout: 0 milliseconds
Build info: version: '3.7.1', revision: '8a0099a', time: '2017-11-06T21:07:36.161Z'
System info: host: 'TSD8LRSJM2', ip: '10.151.6.250', os.name: 'Windows 10', os.arch: 'amd64', os.version: '10.0', java.version: '1.8.0_181'
Driver info: com.kms.katalon.selenium.driver.CChromeDriver
Capabilities {acceptInsecureCerts: false, acceptSslCerts: false, applicationCacheEnabled: false, browserConnectionEnabled: false, browserName: chrome, chrome: {chromedriverVersion: 2.35.528161 (5b82f2d2aae0ca..., userDataDir: C:\Users\134527\AppData\Loc...}, cssSelectorsEnabled: true, databaseEnabled: false, handlesAlerts: true, hasTouchScreen: false, javascriptEnabled: true, locationContextEnabled: true, mobileEmulationEnabled: false, nativeEvents: true, networkConnectionEnabled: false, pageLoadStrategy: normal, platform: XP, platformName: XP, rotatable: false, setWindowRect: true, takesHeapSnapshot: true, takesScreenshot: true, unexpectedAlertBehaviour: , unhandledPromptBehavior: , version: 64.0.3282.186, webStorageEnabled: true}
Session ID: 42f92312cc164a5cca3e7c97e160f4b4)
	at com.kms.katalon.core.keyword.internal.KeywordMain.stepFailed(KeywordMain.groovy:36)
	at com.kms.katalon.core.webui.keyword.internal.WebUIKeywordMain.stepFailed(WebUIKeywordMain.groovy:65)
	at com.kms.katalon.core.webui.keyword.internal.WebUIKeywordMain.runKeyword(WebUIKeywordMain.groovy:27)
	at com.kms.katalon.core.webui.keyword.builtin.ClickKeyword.click(ClickKeyword.groovy:86)
	at com.kms.katalon.core.webui.keyword.builtin.ClickKeyword.execute(ClickKeyword.groovy:67)
	at com.kms.katalon.core.keyword.internal.KeywordExecutor.executeKeywordForPlatform(KeywordExecutor.groovy:53)
	at com.kms.katalon.core.webui.keyword.WebUiBuiltInKeywords.click(WebUiBuiltInKeywords.groovy:616)
	at com.kms.katalon.core.webui.keyword.WebUiBuiltInKeywords$click$4.call(Unknown Source)
	at org.codehaus.groovy.runtime.callsite.CallSiteArray.defaultCall(CallSiteArray.java:48)
	at org.codehaus.groovy.runtime.callsite.AbstractCallSite.call(AbstractCallSite.java:113)
	at org.codehaus.groovy.runtime.callsite.AbstractCallSite.call(AbstractCallSite.java:125)
	at Script1540244835363.run(Script1540244835363.groovy:24)
	at com.kms.katalon.core.main.ScriptEngine.run(ScriptEngine.java:183)
	at com.kms.katalon.core.main.ScriptEngine.runScriptAsRawText(ScriptEngine.java:108)
	at com.kms.katalon.core.main.TestCaseExecutor.runScript(TestCaseExecutor.java:294)
	at com.kms.katalon.core.main.TestCaseExecutor.doExecute(TestCaseExecutor.java:285)
	at com.kms.katalon.core.main.TestCaseExecutor.processExecutionPhase(TestCaseExecutor.java:264)
	at com.kms.katalon.core.main.TestCaseExecutor.accessMainPhase(TestCaseExecutor.java:256)
	at com.kms.katalon.core.main.TestCaseExecutor.execute(TestCaseExecutor.java:200)
	at com.kms.katalon.core.main.TestSuiteExecutor.accessTestCaseMainPhase(TestSuiteExecutor.java:129)
	at com.kms.katalon.core.main.TestSuiteExecutor.accessTestSuiteMainPhase(TestSuiteExecutor.java:112)
	at com.kms.katalon.core.main.TestSuiteExecutor.execute(TestSuiteExecutor.java:81)
	at com.kms.katalon.core.main.TestCaseMain.startTestSuite(TestCaseMain.java:142)
	at com.kms.katalon.core.main.TestCaseMain$startTestSuite$0.call(Unknown Source)
	at org.codehaus.groovy.runtime.callsite.CallSiteArray.defaultCall(CallSiteArray.java:48)
	at org.codehaus.groovy.runtime.callsite.AbstractCallSite.call(AbstractCallSite.java:113)
	at org.codehaus.groovy.runtime.callsite.AbstractCallSite.call(AbstractCallSite.java:141)
	at TempTestSuite1540820515506.run(TempTestSuite1540820515506.groovy:36)
	at groovy.lang.GroovyShell.runScriptOrMainOrTestOrRunnable(GroovyShell.java:263)
	at groovy.lang.GroovyShell.run(GroovyShell.java:518)
	at groovy.lang.GroovyShell.run(GroovyShell.java:507)
	at groovy.ui.GroovyMain.processOnce(GroovyMain.java:653)
	at groovy.ui.GroovyMain.run(GroovyMain.java:384)
	at groovy.ui.GroovyMain.process(GroovyMain.java:370)
	at groovy.ui.GroovyMain.processArgs(GroovyMain.java:129)
	at groovy.ui.GroovyMain.main(GroovyMain.java:109)
	at sun.reflect.NativeMethodAccessorImpl.invoke0(Native Method)
	at sun.reflect.NativeMethodAccessorImpl.invoke(NativeMethodAccessorImpl.java:62)
	at sun.reflect.DelegatingMethodAccessorImpl.invoke(DelegatingMethodAccessorImpl.java:43)
	at java.lang.reflect.Method.invoke(Method.java:498)
	at org.codehaus.groovy.tools.GroovyStarter.rootLoader(GroovyStarter.java:109)
	at org.codehaus.groovy.tools.GroovyStarter.main(GroovyStarter.java:131)
)

2018-10-29 07:54:13 - [TEST_STEP][PASSED] - navigateToUrl: Navigate to 'https://www.denvergov.org/tiebooksearch' successfully

2018-10-29 07:54:15 - [MESSAGE][PASSED] - Navigate to 'https://www.denvergov.org/tiebooksearch' successfully

2018-10-29 07:54:15 - [TEST_STEP][PASSED] - setText: Text 'Broadway' is set on object 'Object Repository/Page_Tie Book Search/input_NorthSouth Street Name_n'

2018-10-29 07:54:15 - [MESSAGE][PASSED] - Text 'Broadway' is set on object 'Object Repository/Page_Tie Book Search/input_NorthSouth Street Name_n'

2018-10-29 07:54:15 - [TEST_STEP][PASSED] - setText: Text 'Colfax' is set on object 'Object Repository/Page_Tie Book Search/input_EastWest Avenue Name_eas'

2018-10-29 07:54:16 - [MESSAGE][PASSED] - Text 'Colfax' is set on object 'Object Repository/Page_Tie Book Search/input_EastWest Avenue Name_eas'

2018-10-29 07:54:16 - [TEST_STEP][PASSED] - click: Object: 'Object Repository/Page_Tie Book Search/button_Search' is clicked on

2018-10-29 07:54:20 - [MESSAGE][PASSED] - Object: 'Object Repository/Page_Tie Book Search/button_Search' is clicked on

2018-10-29 07:54:20 - [TEST_STEP][FAILED] - click: Unable to click on object 'Object Repository/Page_Tie Book Search Results/h3_Results' (Root cause: org.openqa.selenium.WebDriverException: unknown error: Element <h3>...</h3> is not clickable at point (428, 163). Other element would receive the click: <h3>...</h3>
  (Session info: chrome=64.0.3282.186)
  (Driver info: chromedriver=2.35.528161 (5b82f2d2aae0ca24b877009200ced9065a772e73),platform=Windows NT 10.0.15063 x86_64) (WARNING: The server did not provide any stacktrace information)
Command duration or timeout: 0 milliseconds
Build info: version: '3.7.1', revision: '8a0099a', time: '2017-11-06T21:07:36.161Z'
System info: host: 'TSD8LRSJM2', ip: '10.151.6.250', os.name: 'Windows 10', os.arch: 'amd64', os.version: '10.0', java.version: '1.8.0_181'
Driver info: com.kms.katalon.selenium.driver.CChromeDriver
Capabilities {acceptInsecureCerts: false, acceptSslCerts: false, applicationCacheEnabled: false, browserConnectionEnabled: false, browserName: chrome, chrome: {chromedriverVersion: 2.35.528161 (5b82f2d2aae0ca..., userDataDir: C:\Users\134527\AppData\Loc...}, cssSelectorsEnabled: true, databaseEnabled: false, handlesAlerts: true, hasTouchScreen: false, javascriptEnabled: true, locationContextEnabled: true, mobileEmulationEnabled: false, nativeEvents: true, networkConnectionEnabled: false, pageLoadStrategy: normal, platform: XP, platformName: XP, rotatable: false, setWindowRect: true, takesHeapSnapshot: true, takesScreenshot: true, unexpectedAlertBehaviour: , unhandledPromptBehavior: , version: 64.0.3282.186, webStorageEnabled: true}
Session ID: 42f92312cc164a5cca3e7c97e160f4b4)

2018-10-29 07:54:20 - [MESSAGE][FAILED] - Unable to click on object 'Object Repository/Page_Tie Book Search Results/h3_Results' (Root cause: org.openqa.selenium.WebDriverException: unknown error: Element <h3>...</h3> is not clickable at point (428, 163). Other element would receive the click: <h3>...</h3>
  (Session info: chrome=64.0.3282.186)
  (Driver info: chromedriver=2.35.528161 (5b82f2d2aae0ca24b877009200ced9065a772e73),platform=Windows NT 10.0.15063 x86_64) (WARNING: The server did not provide any stacktrace information)
Command duration or timeout: 0 milliseconds
Build info: version: '3.7.1', revision: '8a0099a', time: '2017-11-06T21:07:36.161Z'
System info: host: 'TSD8LRSJM2', ip: '10.151.6.250', os.name: 'Windows 10', os.arch: 'amd64', os.version: '10.0', java.version: '1.8.0_181'
Driver info: com.kms.katalon.selenium.driver.CChromeDriver
Capabilities {acceptInsecureCerts: false, acceptSslCerts: false, applicationCacheEnabled: false, browserConnectionEnabled: false, browserName: chrome, chrome: {chromedriverVersion: 2.35.528161 (5b82f2d2aae0ca..., userDataDir: C:\Users\134527\AppData\Loc...}, cssSelectorsEnabled: true, databaseEnabled: false, handlesAlerts: true, hasTouchScreen: false, javascriptEnabled: true, locationContextEnabled: true, mobileEmulationEnabled: false, nativeEvents: true, networkConnectionEnabled: false, pageLoadStrategy: normal, platform: XP, platformName: XP, rotatable: false, setWindowRect: true, takesHeapSnapshot: true, takesScreenshot: true, unexpectedAlertBehaviour: , unhandledPromptBehavior: , version: 64.0.3282.186, webStorageEnabled: true}
Session ID: 42f92312cc164a5cca3e7c97e160f4b4)
[[ATTACHMENT|S:\\_EAS\\_Quality_Management\\Automation\\Katalon\\CCD Prod Validation\\Reports\\Denvergov\\20181029_074155\\1540821260174.png]]]]></system-out>
         <system-err><![CDATA[2018-10-29 07:54:01 - [TEST_CASE][FAILED] - Test Cases/Denvergov/Denvergov - TieBookSearch: Test Cases/Denvergov/Denvergov - TieBookSearch FAILED because (of) (Stack trace: com.kms.katalon.core.exception.StepFailedException: Unable to click on object 'Object Repository/Page_Tie Book Search Results/h3_Results' (Root cause: org.openqa.selenium.WebDriverException: unknown error: Element <h3>...</h3> is not clickable at point (428, 163). Other element would receive the click: <h3>...</h3>
  (Session info: chrome=64.0.3282.186)
  (Driver info: chromedriver=2.35.528161 (5b82f2d2aae0ca24b877009200ced9065a772e73),platform=Windows NT 10.0.15063 x86_64) (WARNING: The server did not provide any stacktrace information)
Command duration or timeout: 0 milliseconds
Build info: version: '3.7.1', revision: '8a0099a', time: '2017-11-06T21:07:36.161Z'
System info: host: 'TSD8LRSJM2', ip: '10.151.6.250', os.name: 'Windows 10', os.arch: 'amd64', os.version: '10.0', java.version: '1.8.0_181'
Driver info: com.kms.katalon.selenium.driver.CChromeDriver
Capabilities {acceptInsecureCerts: false, acceptSslCerts: false, applicationCacheEnabled: false, browserConnectionEnabled: false, browserName: chrome, chrome: {chromedriverVersion: 2.35.528161 (5b82f2d2aae0ca..., userDataDir: C:\Users\134527\AppData\Loc...}, cssSelectorsEnabled: true, databaseEnabled: false, handlesAlerts: true, hasTouchScreen: false, javascriptEnabled: true, locationContextEnabled: true, mobileEmulationEnabled: false, nativeEvents: true, networkConnectionEnabled: false, pageLoadStrategy: normal, platform: XP, platformName: XP, rotatable: false, setWindowRect: true, takesHeapSnapshot: true, takesScreenshot: true, unexpectedAlertBehaviour: , unhandledPromptBehavior: , version: 64.0.3282.186, webStorageEnabled: true}
Session ID: 42f92312cc164a5cca3e7c97e160f4b4)
	at com.kms.katalon.core.keyword.internal.KeywordMain.stepFailed(KeywordMain.groovy:36)
	at com.kms.katalon.core.webui.keyword.internal.WebUIKeywordMain.stepFailed(WebUIKeywordMain.groovy:65)
	at com.kms.katalon.core.webui.keyword.internal.WebUIKeywordMain.runKeyword(WebUIKeywordMain.groovy:27)
	at com.kms.katalon.core.webui.keyword.builtin.ClickKeyword.click(ClickKeyword.groovy:86)
	at com.kms.katalon.core.webui.keyword.builtin.ClickKeyword.execute(ClickKeyword.groovy:67)
	at com.kms.katalon.core.keyword.internal.KeywordExecutor.executeKeywordForPlatform(KeywordExecutor.groovy:53)
	at com.kms.katalon.core.webui.keyword.WebUiBuiltInKeywords.click(WebUiBuiltInKeywords.groovy:616)
	at com.kms.katalon.core.webui.keyword.WebUiBuiltInKeywords$click$4.call(Unknown Source)
	at org.codehaus.groovy.runtime.callsite.CallSiteArray.defaultCall(CallSiteArray.java:48)
	at org.codehaus.groovy.runtime.callsite.AbstractCallSite.call(AbstractCallSite.java:113)
	at org.codehaus.groovy.runtime.callsite.AbstractCallSite.call(AbstractCallSite.java:125)
	at Script1540244835363.run(Script1540244835363.groovy:24)
	at com.kms.katalon.core.main.ScriptEngine.run(ScriptEngine.java:183)
	at com.kms.katalon.core.main.ScriptEngine.runScriptAsRawText(ScriptEngine.java:108)
	at com.kms.katalon.core.main.TestCaseExecutor.runScript(TestCaseExecutor.java:294)
	at com.kms.katalon.core.main.TestCaseExecutor.doExecute(TestCaseExecutor.java:285)
	at com.kms.katalon.core.main.TestCaseExecutor.processExecutionPhase(TestCaseExecutor.java:264)
	at com.kms.katalon.core.main.TestCaseExecutor.accessMainPhase(TestCaseExecutor.java:256)
	at com.kms.katalon.core.main.TestCaseExecutor.execute(TestCaseExecutor.java:200)
	at com.kms.katalon.core.main.TestSuiteExecutor.accessTestCaseMainPhase(TestSuiteExecutor.java:129)
	at com.kms.katalon.core.main.TestSuiteExecutor.accessTestSuiteMainPhase(TestSuiteExecutor.java:112)
	at com.kms.katalon.core.main.TestSuiteExecutor.execute(TestSuiteExecutor.java:81)
	at com.kms.katalon.core.main.TestCaseMain.startTestSuite(TestCaseMain.java:142)
	at com.kms.katalon.core.main.TestCaseMain$startTestSuite$0.call(Unknown Source)
	at org.codehaus.groovy.runtime.callsite.CallSiteArray.defaultCall(CallSiteArray.java:48)
	at org.codehaus.groovy.runtime.callsite.AbstractCallSite.call(AbstractCallSite.java:113)
	at org.codehaus.groovy.runtime.callsite.AbstractCallSite.call(AbstractCallSite.java:141)
	at TempTestSuite1540820515506.run(TempTestSuite1540820515506.groovy:36)
	at groovy.lang.GroovyShell.runScriptOrMainOrTestOrRunnable(GroovyShell.java:263)
	at groovy.lang.GroovyShell.run(GroovyShell.java:518)
	at groovy.lang.GroovyShell.run(GroovyShell.java:507)
	at groovy.ui.GroovyMain.processOnce(GroovyMain.java:653)
	at groovy.ui.GroovyMain.run(GroovyMain.java:384)
	at groovy.ui.GroovyMain.process(GroovyMain.java:370)
	at groovy.ui.GroovyMain.processArgs(GroovyMain.java:129)
	at groovy.ui.GroovyMain.main(GroovyMain.java:109)
	at sun.reflect.NativeMethodAccessorImpl.invoke0(Native Method)
	at sun.reflect.NativeMethodAccessorImpl.invoke(NativeMethodAccessorImpl.java:62)
	at sun.reflect.DelegatingMethodAccessorImpl.invoke(DelegatingMethodAccessorImpl.java:43)
	at java.lang.reflect.Method.invoke(Method.java:498)
	at org.codehaus.groovy.tools.GroovyStarter.rootLoader(GroovyStarter.java:109)
	at org.codehaus.groovy.tools.GroovyStarter.main(GroovyStarter.java:131)
)]]></system-err>
      </testcase>
      <testcase name="Test Cases/Denvergov/Denvergov - PoliceClasses" classname="Test Cases/Denvergov/Denvergov - PoliceClasses" status="PASSED">
         <system-out><![CDATA[2018-10-29 07:54:20 - [TEST_CASE][PASSED] - Test Cases/Denvergov/Denvergov - PoliceClasses: Test Cases/Denvergov/Denvergov - PoliceClasses

2018-10-29 07:54:32 - [TEST_STEP][PASSED] - navigateToUrl: Navigate to 'https://www.denvergov.org/apps4/policeclasses/' successfully

2018-10-29 07:54:33 - [MESSAGE][PASSED] - Navigate to 'https://www.denvergov.org/apps4/policeclasses/' successfully

2018-10-29 07:54:33 - [TEST_STEP][PASSED] - click: Object: 'Object Repository/Page_Denver Police Academy/input_Denver Police Department' is clicked on

2018-10-29 07:54:33 - [MESSAGE][PASSED] - Object: 'Object Repository/Page_Denver Police Academy/input_Denver Police Department' is clicked on

2018-10-29 07:54:33 - [TEST_STEP][PASSED] - click: Object: 'Object Repository/Page_Denver Police Academy/input__PCController1ctl00btnLo' is clicked on

2018-10-29 07:54:33 - [MESSAGE][PASSED] - Object: 'Object Repository/Page_Denver Police Academy/input__PCController1ctl00btnLo' is clicked on]]></system-out>
         <system-err><![CDATA[]]></system-err>
      </testcase>
      <testcase name="Test Cases/Denvergov/Denvergov - Waitlist" classname="Test Cases/Denvergov/Denvergov - Waitlist" status="PASSED">
         <system-out><![CDATA[2018-10-29 07:54:33 - [TEST_CASE][PASSED] - Test Cases/Denvergov/Denvergov - Waitlist: Test Cases/Denvergov/Denvergov - Waitlist

2018-10-29 07:54:45 - [TEST_STEP][PASSED] - navigateToUrl: Navigate to 'https://www.denvergov.org/content/denvergov/en/denver-office-of-the-clerk-and-recorder.html' successfully

2018-10-29 07:54:46 - [MESSAGE][PASSED] - Navigate to 'https://www.denvergov.org/content/denvergov/en/denver-office-of-the-clerk-and-recorder.html' successfully

2018-10-29 07:54:46 - [TEST_STEP][PASSED] - Statement - title = com.kms.katalon.core.webui.keyword.WebUiBuiltInKeywords.getWindowTitle(): Current window's title is: 'Office of the Clerk and Recorder'

2018-10-29 07:54:46 - [MESSAGE][PASSED] - Current window's title is: 'Office of the Clerk and Recorder'

2018-10-29 07:54:46 - [TEST_STEP][PASSED] - verifyMatch: Actual text 'Office of the Clerk and Recorder' and expected text 'Office of the Clerk and Recorder' are matched 

2018-10-29 07:54:46 - [MESSAGE][PASSED] - Actual text 'Office of the Clerk and Recorder' and expected text 'Office of the Clerk and Recorder' are matched]]></system-out>
         <system-err><![CDATA[]]></system-err>
      </testcase>
      <testcase name="Test Cases/Denvergov/Denvergov - CompostSignup" classname="Test Cases/Denvergov/Denvergov - CompostSignup" status="PASSED">
         <system-out><![CDATA[2018-10-29 07:54:46 - [TEST_CASE][PASSED] - Test Cases/Denvergov/Denvergov - CompostSignup: null]]></system-out>
         <system-err><![CDATA[]]></system-err>
      </testcase>
      <system-out><![CDATA[2018-10-29 07:42:26 - [TEST_SUITE][INCOMPLETE] - Denvergov: null]]></system-out>
      <system-err><![CDATA[2018-10-29 07:42:26 - [TEST_SUITE][INCOMPLETE] - Denvergov: null]]></system-err>
   </testsuite>
</testsuites>
