<?xml version="1.0" encoding="UTF-8"?>
<testsuites name="Denvergov" time="334" tests="37" failures="5" errors="0">
   <testsuite name="Denvergov" tests="37" failures="5" errors="0" time="334" timestamp="2018-10-31 08:23:52" hostname="134527 - TSD77V9282.gov.dnvr" id="Test Suites/Denvergov">
      <properties>
         <property name="deviceName" value=""/>
         <property name="devicePlatform" value=""/>
         <property name="logFolder" value="C:\\Users\\134527\\git\\CCD Prod Validation\\Reports\\Denvergov\\20181031_082350"/>
         <property name="logFiles" value="C:\\Users\\134527\\git\\CCD Prod Validation\\Reports\\Denvergov\\20181031_082350\\execution0.log"/>
         <property name="attachments" value="C:\\Users\\134527\\git\\CCD Prod Validation\\Reports\\Denvergov\\20181031_082350\\1540995871578.png, C:\\Users\\134527\\git\\CCD Prod Validation\\Reports\\Denvergov\\20181031_082350\\1540995930702.png, C:\\Users\\134527\\git\\CCD Prod Validation\\Reports\\Denvergov\\20181031_082350\\1540996030743.png, C:\\Users\\134527\\git\\CCD Prod Validation\\Reports\\Denvergov\\20181031_082350\\1540996100959.png, C:\\Users\\134527\\git\\CCD Prod Validation\\Reports\\Denvergov\\20181031_082350\\1540996158214.png"/>
         <property name="hostName" value="134527 - TSD77V9282.gov.dnvr"/>
         <property name="os" value="Windows 7 64bit"/>
         <property name="katalonVersion" value="5.8.4.14"/>
         <property name="browser" value="Chrome 70.0.3538.77"/>
         <property name="hostAddress" value="10.128.49.18"/>
         <property name="sessionId" value="ab19397549a0ad1643d0b155310dbd01"/>
         <property name="seleniumVersion" value="3.7.1"/>
         <property name="proxyInformation" value="ProxyInformation{proxyOption=NO_PROXY, proxyServerType=HTTP, password=, proxyServerAddress=, proxyServerPort=0}"/>
         <property name="platform" value="Windows 7"/>
      </properties>
      <testcase name="Test Cases/Denvergov/Denvergov - ArtsVenues-EventSettlement" classname="Test Cases/Denvergov/Denvergov - ArtsVenues-EventSettlement" status="FAILED">
         <failure type="FAILED" message="(Stack trace: com.kms.katalon.core.exception.StepFailedException: Unable to set text 'Test' of object 'Object Repository/Page_Arts and Venues Event Settleme/input__RESULT_TextField-0' (Root cause: com.kms.katalon.core.webui.exception.WebElementNotFoundException: Web element with id: 'Object Repository/Page_Arts and Venues Event Settleme/input__RESULT_TextField-0' located by 'By.xpath: //input[@id='RESULT_TextField-0']' not found)
	at com.kms.katalon.core.keyword.internal.KeywordMain.stepFailed(KeywordMain.groovy:36)
	at com.kms.katalon.core.webui.keyword.internal.WebUIKeywordMain.stepFailed(WebUIKeywordMain.groovy:65)
	at com.kms.katalon.core.webui.keyword.internal.WebUIKeywordMain.runKeyword(WebUIKeywordMain.groovy:27)
	at com.kms.katalon.core.webui.keyword.builtin.SetTextKeyword.setText(SetTextKeyword.groovy:65)
	at com.kms.katalon.core.webui.keyword.builtin.SetTextKeyword.execute(SetTextKeyword.groovy:37)
	at com.kms.katalon.core.keyword.internal.KeywordExecutor.executeKeywordForPlatform(KeywordExecutor.groovy:53)
	at com.kms.katalon.core.webui.keyword.WebUiBuiltInKeywords.setText(WebUiBuiltInKeywords.groovy:950)
	at com.kms.katalon.core.webui.keyword.WebUiBuiltInKeywords$setText$3.call(Unknown Source)
	at org.codehaus.groovy.runtime.callsite.CallSiteArray.defaultCall(CallSiteArray.java:48)
	at org.codehaus.groovy.runtime.callsite.AbstractCallSite.call(AbstractCallSite.java:113)
	at org.codehaus.groovy.runtime.callsite.AbstractCallSite.call(AbstractCallSite.java:133)
	at Script1540333569878.run(Script1540333569878.groovy:20)
	at com.kms.katalon.core.main.ScriptEngine.run(ScriptEngine.java:183)
	at com.kms.katalon.core.main.ScriptEngine.runScriptAsRawText(ScriptEngine.java:108)
	at com.kms.katalon.core.main.TestCaseExecutor.runScript(TestCaseExecutor.java:294)
	at com.kms.katalon.core.main.TestCaseExecutor.doExecute(TestCaseExecutor.java:285)
	at com.kms.katalon.core.main.TestCaseExecutor.processExecutionPhase(TestCaseExecutor.java:264)
	at com.kms.katalon.core.main.TestCaseExecutor.accessMainPhase(TestCaseExecutor.java:256)
	at com.kms.katalon.core.main.TestCaseExecutor.execute(TestCaseExecutor.java:200)
	at com.kms.katalon.core.main.TestSuiteExecutor.accessTestCaseMainPhase(TestSuiteExecutor.java:129)
	at com.kms.katalon.core.main.TestSuiteExecutor.accessTestSuiteMainPhase(TestSuiteExecutor.java:112)
	at com.kms.katalon.core.main.TestSuiteExecutor.execute(TestSuiteExecutor.java:81)
	at com.kms.katalon.core.main.TestCaseMain.startTestSuite(TestCaseMain.java:142)
	at com.kms.katalon.core.main.TestCaseMain$startTestSuite$0.call(Unknown Source)
	at org.codehaus.groovy.runtime.callsite.CallSiteArray.defaultCall(CallSiteArray.java:48)
	at org.codehaus.groovy.runtime.callsite.AbstractCallSite.call(AbstractCallSite.java:113)
	at org.codehaus.groovy.runtime.callsite.AbstractCallSite.call(AbstractCallSite.java:141)
	at TempTestSuite1540995830397.run(TempTestSuite1540995830397.groovy:36)
	at groovy.lang.GroovyShell.runScriptOrMainOrTestOrRunnable(GroovyShell.java:263)
	at groovy.lang.GroovyShell.run(GroovyShell.java:518)
	at groovy.lang.GroovyShell.run(GroovyShell.java:507)
	at groovy.ui.GroovyMain.processOnce(GroovyMain.java:653)
	at groovy.ui.GroovyMain.run(GroovyMain.java:384)
	at groovy.ui.GroovyMain.process(GroovyMain.java:370)
	at groovy.ui.GroovyMain.processArgs(GroovyMain.java:129)
	at groovy.ui.GroovyMain.main(GroovyMain.java:109)
	at sun.reflect.NativeMethodAccessorImpl.invoke0(Native Method)
	at sun.reflect.NativeMethodAccessorImpl.invoke(NativeMethodAccessorImpl.java:62)
	at sun.reflect.DelegatingMethodAccessorImpl.invoke(DelegatingMethodAccessorImpl.java:43)
	at java.lang.reflect.Method.invoke(Method.java:498)
	at org.codehaus.groovy.tools.GroovyStarter.rootLoader(GroovyStarter.java:109)
	at org.codehaus.groovy.tools.GroovyStarter.main(GroovyStarter.java:131)
)"/>
         <system-out><![CDATA[2018-10-31 08:23:58 - [TEST_CASE][FAILED] - Test Cases/Denvergov/Denvergov - ArtsVenues-EventSettlement: Test Cases/Denvergov/Denvergov - ArtsVenues-EventSettlement FAILED because (of) (Stack trace: com.kms.katalon.core.exception.StepFailedException: Unable to set text 'Test' of object 'Object Repository/Page_Arts and Venues Event Settleme/input__RESULT_TextField-0' (Root cause: com.kms.katalon.core.webui.exception.WebElementNotFoundException: Web element with id: 'Object Repository/Page_Arts and Venues Event Settleme/input__RESULT_TextField-0' located by 'By.xpath: //input[@id='RESULT_TextField-0']' not found)
	at com.kms.katalon.core.keyword.internal.KeywordMain.stepFailed(KeywordMain.groovy:36)
	at com.kms.katalon.core.webui.keyword.internal.WebUIKeywordMain.stepFailed(WebUIKeywordMain.groovy:65)
	at com.kms.katalon.core.webui.keyword.internal.WebUIKeywordMain.runKeyword(WebUIKeywordMain.groovy:27)
	at com.kms.katalon.core.webui.keyword.builtin.SetTextKeyword.setText(SetTextKeyword.groovy:65)
	at com.kms.katalon.core.webui.keyword.builtin.SetTextKeyword.execute(SetTextKeyword.groovy:37)
	at com.kms.katalon.core.keyword.internal.KeywordExecutor.executeKeywordForPlatform(KeywordExecutor.groovy:53)
	at com.kms.katalon.core.webui.keyword.WebUiBuiltInKeywords.setText(WebUiBuiltInKeywords.groovy:950)
	at com.kms.katalon.core.webui.keyword.WebUiBuiltInKeywords$setText$3.call(Unknown Source)
	at org.codehaus.groovy.runtime.callsite.CallSiteArray.defaultCall(CallSiteArray.java:48)
	at org.codehaus.groovy.runtime.callsite.AbstractCallSite.call(AbstractCallSite.java:113)
	at org.codehaus.groovy.runtime.callsite.AbstractCallSite.call(AbstractCallSite.java:133)
	at Script1540333569878.run(Script1540333569878.groovy:20)
	at com.kms.katalon.core.main.ScriptEngine.run(ScriptEngine.java:183)
	at com.kms.katalon.core.main.ScriptEngine.runScriptAsRawText(ScriptEngine.java:108)
	at com.kms.katalon.core.main.TestCaseExecutor.runScript(TestCaseExecutor.java:294)
	at com.kms.katalon.core.main.TestCaseExecutor.doExecute(TestCaseExecutor.java:285)
	at com.kms.katalon.core.main.TestCaseExecutor.processExecutionPhase(TestCaseExecutor.java:264)
	at com.kms.katalon.core.main.TestCaseExecutor.accessMainPhase(TestCaseExecutor.java:256)
	at com.kms.katalon.core.main.TestCaseExecutor.execute(TestCaseExecutor.java:200)
	at com.kms.katalon.core.main.TestSuiteExecutor.accessTestCaseMainPhase(TestSuiteExecutor.java:129)
	at com.kms.katalon.core.main.TestSuiteExecutor.accessTestSuiteMainPhase(TestSuiteExecutor.java:112)
	at com.kms.katalon.core.main.TestSuiteExecutor.execute(TestSuiteExecutor.java:81)
	at com.kms.katalon.core.main.TestCaseMain.startTestSuite(TestCaseMain.java:142)
	at com.kms.katalon.core.main.TestCaseMain$startTestSuite$0.call(Unknown Source)
	at org.codehaus.groovy.runtime.callsite.CallSiteArray.defaultCall(CallSiteArray.java:48)
	at org.codehaus.groovy.runtime.callsite.AbstractCallSite.call(AbstractCallSite.java:113)
	at org.codehaus.groovy.runtime.callsite.AbstractCallSite.call(AbstractCallSite.java:141)
	at TempTestSuite1540995830397.run(TempTestSuite1540995830397.groovy:36)
	at groovy.lang.GroovyShell.runScriptOrMainOrTestOrRunnable(GroovyShell.java:263)
	at groovy.lang.GroovyShell.run(GroovyShell.java:518)
	at groovy.lang.GroovyShell.run(GroovyShell.java:507)
	at groovy.ui.GroovyMain.processOnce(GroovyMain.java:653)
	at groovy.ui.GroovyMain.run(GroovyMain.java:384)
	at groovy.ui.GroovyMain.process(GroovyMain.java:370)
	at groovy.ui.GroovyMain.processArgs(GroovyMain.java:129)
	at groovy.ui.GroovyMain.main(GroovyMain.java:109)
	at sun.reflect.NativeMethodAccessorImpl.invoke0(Native Method)
	at sun.reflect.NativeMethodAccessorImpl.invoke(NativeMethodAccessorImpl.java:62)
	at sun.reflect.DelegatingMethodAccessorImpl.invoke(DelegatingMethodAccessorImpl.java:43)
	at java.lang.reflect.Method.invoke(Method.java:498)
	at org.codehaus.groovy.tools.GroovyStarter.rootLoader(GroovyStarter.java:109)
	at org.codehaus.groovy.tools.GroovyStarter.main(GroovyStarter.java:131)
)

2018-10-31 08:23:58 - [TEST_STEP][PASSED] - navigateToUrl: Navigate to 'https://www.denvergov.org/content/denvergov/en/city-of-denver-home/online-services-center/arts-and-venues-event-settlement-payment.html' successfully

2018-10-31 08:24:00 - [MESSAGE][PASSED] - Navigate to 'https://www.denvergov.org/content/denvergov/en/city-of-denver-home/online-services-center/arts-and-venues-event-settlement-payment.html' successfully

2018-10-31 08:24:00 - [TEST_STEP][PASSED] - waitForElementPresent: Object 'Object Repository/Page_Arts and Venues Event Settleme/iframe_Arts and Venues Event S' is present

2018-10-31 08:24:00 - [MESSAGE][PASSED] - Object 'Object Repository/Page_Arts and Venues Event Settleme/iframe_Arts and Venues Event S' is present

2018-10-31 08:24:00 - [TEST_STEP][FAILED] - setText: Unable to set text 'Test' of object 'Object Repository/Page_Arts and Venues Event Settleme/input__RESULT_TextField-0' (Root cause: com.kms.katalon.core.webui.exception.WebElementNotFoundException: Web element with id: 'Object Repository/Page_Arts and Venues Event Settleme/input__RESULT_TextField-0' located by 'By.xpath: //input[@id='RESULT_TextField-0']' not found)

2018-10-31 08:24:31 - [MESSAGE][FAILED] - Unable to set text 'Test' of object 'Object Repository/Page_Arts and Venues Event Settleme/input__RESULT_TextField-0' (Root cause: com.kms.katalon.core.webui.exception.WebElementNotFoundException: Web element with id: 'Object Repository/Page_Arts and Venues Event Settleme/input__RESULT_TextField-0' located by 'By.xpath: //input[@id='RESULT_TextField-0']' not found)
[[ATTACHMENT|C:\\Users\\134527\\git\\CCD Prod Validation\\Reports\\Denvergov\\20181031_082350\\1540995871578.png]]]]></system-out>
         <system-err><![CDATA[2018-10-31 08:23:58 - [TEST_CASE][FAILED] - Test Cases/Denvergov/Denvergov - ArtsVenues-EventSettlement: Test Cases/Denvergov/Denvergov - ArtsVenues-EventSettlement FAILED because (of) (Stack trace: com.kms.katalon.core.exception.StepFailedException: Unable to set text 'Test' of object 'Object Repository/Page_Arts and Venues Event Settleme/input__RESULT_TextField-0' (Root cause: com.kms.katalon.core.webui.exception.WebElementNotFoundException: Web element with id: 'Object Repository/Page_Arts and Venues Event Settleme/input__RESULT_TextField-0' located by 'By.xpath: //input[@id='RESULT_TextField-0']' not found)
	at com.kms.katalon.core.keyword.internal.KeywordMain.stepFailed(KeywordMain.groovy:36)
	at com.kms.katalon.core.webui.keyword.internal.WebUIKeywordMain.stepFailed(WebUIKeywordMain.groovy:65)
	at com.kms.katalon.core.webui.keyword.internal.WebUIKeywordMain.runKeyword(WebUIKeywordMain.groovy:27)
	at com.kms.katalon.core.webui.keyword.builtin.SetTextKeyword.setText(SetTextKeyword.groovy:65)
	at com.kms.katalon.core.webui.keyword.builtin.SetTextKeyword.execute(SetTextKeyword.groovy:37)
	at com.kms.katalon.core.keyword.internal.KeywordExecutor.executeKeywordForPlatform(KeywordExecutor.groovy:53)
	at com.kms.katalon.core.webui.keyword.WebUiBuiltInKeywords.setText(WebUiBuiltInKeywords.groovy:950)
	at com.kms.katalon.core.webui.keyword.WebUiBuiltInKeywords$setText$3.call(Unknown Source)
	at org.codehaus.groovy.runtime.callsite.CallSiteArray.defaultCall(CallSiteArray.java:48)
	at org.codehaus.groovy.runtime.callsite.AbstractCallSite.call(AbstractCallSite.java:113)
	at org.codehaus.groovy.runtime.callsite.AbstractCallSite.call(AbstractCallSite.java:133)
	at Script1540333569878.run(Script1540333569878.groovy:20)
	at com.kms.katalon.core.main.ScriptEngine.run(ScriptEngine.java:183)
	at com.kms.katalon.core.main.ScriptEngine.runScriptAsRawText(ScriptEngine.java:108)
	at com.kms.katalon.core.main.TestCaseExecutor.runScript(TestCaseExecutor.java:294)
	at com.kms.katalon.core.main.TestCaseExecutor.doExecute(TestCaseExecutor.java:285)
	at com.kms.katalon.core.main.TestCaseExecutor.processExecutionPhase(TestCaseExecutor.java:264)
	at com.kms.katalon.core.main.TestCaseExecutor.accessMainPhase(TestCaseExecutor.java:256)
	at com.kms.katalon.core.main.TestCaseExecutor.execute(TestCaseExecutor.java:200)
	at com.kms.katalon.core.main.TestSuiteExecutor.accessTestCaseMainPhase(TestSuiteExecutor.java:129)
	at com.kms.katalon.core.main.TestSuiteExecutor.accessTestSuiteMainPhase(TestSuiteExecutor.java:112)
	at com.kms.katalon.core.main.TestSuiteExecutor.execute(TestSuiteExecutor.java:81)
	at com.kms.katalon.core.main.TestCaseMain.startTestSuite(TestCaseMain.java:142)
	at com.kms.katalon.core.main.TestCaseMain$startTestSuite$0.call(Unknown Source)
	at org.codehaus.groovy.runtime.callsite.CallSiteArray.defaultCall(CallSiteArray.java:48)
	at org.codehaus.groovy.runtime.callsite.AbstractCallSite.call(AbstractCallSite.java:113)
	at org.codehaus.groovy.runtime.callsite.AbstractCallSite.call(AbstractCallSite.java:141)
	at TempTestSuite1540995830397.run(TempTestSuite1540995830397.groovy:36)
	at groovy.lang.GroovyShell.runScriptOrMainOrTestOrRunnable(GroovyShell.java:263)
	at groovy.lang.GroovyShell.run(GroovyShell.java:518)
	at groovy.lang.GroovyShell.run(GroovyShell.java:507)
	at groovy.ui.GroovyMain.processOnce(GroovyMain.java:653)
	at groovy.ui.GroovyMain.run(GroovyMain.java:384)
	at groovy.ui.GroovyMain.process(GroovyMain.java:370)
	at groovy.ui.GroovyMain.processArgs(GroovyMain.java:129)
	at groovy.ui.GroovyMain.main(GroovyMain.java:109)
	at sun.reflect.NativeMethodAccessorImpl.invoke0(Native Method)
	at sun.reflect.NativeMethodAccessorImpl.invoke(NativeMethodAccessorImpl.java:62)
	at sun.reflect.DelegatingMethodAccessorImpl.invoke(DelegatingMethodAccessorImpl.java:43)
	at java.lang.reflect.Method.invoke(Method.java:498)
	at org.codehaus.groovy.tools.GroovyStarter.rootLoader(GroovyStarter.java:109)
	at org.codehaus.groovy.tools.GroovyStarter.main(GroovyStarter.java:131)
)]]></system-err>
      </testcase>
      <testcase name="Test Cases/Denvergov/Denvergov - pocketgov" classname="Test Cases/Denvergov/Denvergov - pocketgov" status="PASSED">
         <system-out><![CDATA[2018-10-31 08:24:31 - [TEST_CASE][PASSED] - Test Cases/Denvergov/Denvergov - pocketgov: Test Cases/Denvergov/Denvergov - pocketgov

2018-10-31 08:24:32 - [TEST_STEP][PASSED] - navigateToUrl: Navigate to 'https://www.denvergov.org/pocketgov/#/' successfully

2018-10-31 08:24:33 - [MESSAGE][PASSED] - Navigate to 'https://www.denvergov.org/pocketgov/#/' successfully

2018-10-31 08:24:33 - [TEST_STEP][PASSED] - click: Object: 'Object Repository/Page_pocketgov/a_Report a Problem' is clicked on

2018-10-31 08:24:34 - [MESSAGE][PASSED] - Object: 'Object Repository/Page_pocketgov/a_Report a Problem' is clicked on

2018-10-31 08:24:34 - [TEST_STEP][PASSED] - waitForElementPresent: Object 'Object Repository/Page_pocketgov  Report a Problem/select_Select CategoryAbandone' is present

2018-10-31 08:24:34 - [MESSAGE][PASSED] - Object 'Object Repository/Page_pocketgov  Report a Problem/select_Select CategoryAbandone' is present

2018-10-31 08:24:34 - [TEST_STEP][PASSED] - selectOptionByValue: All options with value 'REP_GRAFFITI' are selected in object 'Object Repository/Page_pocketgov  Report a Problem/select_Select CategoryAbandone'  using regular expression

2018-10-31 08:24:34 - [MESSAGE][PASSED] - All options with value 'REP_GRAFFITI' are selected in object 'Object Repository/Page_pocketgov  Report a Problem/select_Select CategoryAbandone'  using regular expression]]></system-out>
         <system-err><![CDATA[]]></system-err>
      </testcase>
      <testcase name="Test Cases/Denvergov/Denvergov - Checkbook" classname="Test Cases/Denvergov/Denvergov - Checkbook" status="PASSED">
         <system-out><![CDATA[2018-10-31 08:24:34 - [TEST_CASE][PASSED] - Test Cases/Denvergov/Denvergov - Checkbook: Test Cases/Denvergov/Denvergov - Checkbook

2018-10-31 08:24:34 - [TEST_STEP][PASSED] - navigateToUrl: Navigate to 'https://www.denvergov.org/transparency/checkbook' successfully

2018-10-31 08:24:35 - [MESSAGE][PASSED] - Navigate to 'https://www.denvergov.org/transparency/checkbook' successfully

2018-10-31 08:24:35 - [TEST_STEP][PASSED] - setText: Text 'Denver' is set on object 'Object Repository/Page_Denvers Online Checkbook  City/input_Filter by Year_form-cont'

2018-10-31 08:24:36 - [MESSAGE][PASSED] - Text 'Denver' is set on object 'Object Repository/Page_Denvers Online Checkbook  City/input_Filter by Year_form-cont'

2018-10-31 08:24:36 - [TEST_STEP][PASSED] - click: Object: 'Object Repository/Page_Denvers Online Checkbook  City/div_Search' is clicked on

2018-10-31 08:24:36 - [MESSAGE][PASSED] - Object: 'Object Repository/Page_Denvers Online Checkbook  City/div_Search' is clicked on

2018-10-31 08:24:36 - [TEST_STEP][PASSED] - click: Object: 'Object Repository/Page_Denvers Online Checkbook  City/div_Search Results' is clicked on

2018-10-31 08:24:37 - [MESSAGE][PASSED] - Object: 'Object Repository/Page_Denvers Online Checkbook  City/div_Search Results' is clicked on]]></system-out>
         <system-err><![CDATA[]]></system-err>
      </testcase>
      <testcase name="Test Cases/Denvergov/Denvergov - Transparency" classname="Test Cases/Denvergov/Denvergov - Transparency" status="PASSED">
         <system-out><![CDATA[2018-10-31 08:24:37 - [TEST_CASE][PASSED] - Test Cases/Denvergov/Denvergov - Transparency: Test Cases/Denvergov/Denvergov - Transparency

2018-10-31 08:24:37 - [TEST_STEP][PASSED] - navigateToUrl: Navigate to 'https://www.denvergov.org/content/denvergov/en/transparent-denver.html' successfully

2018-10-31 08:24:38 - [MESSAGE][PASSED] - Navigate to 'https://www.denvergov.org/content/denvergov/en/transparent-denver.html' successfully

2018-10-31 08:24:38 - [TEST_STEP][PASSED] - waitForElementClickable: Object 'Object Repository/Page_Transparent Denver  Open. Visi/img' is clickable

2018-10-31 08:24:38 - [MESSAGE][PASSED] - Object 'Object Repository/Page_Transparent Denver  Open. Visi/img' is clickable

2018-10-31 08:24:38 - [TEST_STEP][PASSED] - click: Object: 'Object Repository/Page_Transparent Denver  Open. Visi/img' is clicked on

2018-10-31 08:24:38 - [MESSAGE][PASSED] - Object: 'Object Repository/Page_Transparent Denver  Open. Visi/img' is clicked on

2018-10-31 08:24:38 - [TEST_STEP][PASSED] - delay: Delayed 3 second(s)

2018-10-31 08:24:41 - [MESSAGE][PASSED] - Delayed 3 second(s)

2018-10-31 08:24:41 - [TEST_STEP][PASSED] - switchToWindowUrl: Switched to window with url: 'https://www.denvergov.org/transparency/checkbook#/home?year=2018'

2018-10-31 08:24:42 - [MESSAGE][PASSED] - Switched to window with url: 'https://www.denvergov.org/transparency/checkbook#/home?year=2018'

2018-10-31 08:24:42 - [TEST_STEP][PASSED] - closeWindowIndex: Window with index 1 is closed

2018-10-31 08:24:42 - [MESSAGE][PASSED] - Window with index 1 is closed

2018-10-31 08:24:42 - [TEST_STEP][PASSED] - switchToWindowIndex: Switched to window with index: '0'

2018-10-31 08:24:42 - [MESSAGE][PASSED] - Switched to window with index: '0']]></system-out>
         <system-err><![CDATA[]]></system-err>
      </testcase>
      <testcase name="Test Cases/Denvergov/Denvergov - ContractorLicenses" classname="Test Cases/Denvergov/Denvergov - ContractorLicenses" status="PASSED">
         <system-out><![CDATA[2018-10-31 08:24:42 - [TEST_CASE][PASSED] - Test Cases/Denvergov/Denvergov - ContractorLicenses: Test Cases/Denvergov/Denvergov - ContractorLicenses

2018-10-31 08:24:42 - [TEST_STEP][PASSED] - navigateToUrl: Navigate to 'https://www.denvergov.org/contractorlicenses' successfully

2018-10-31 08:24:43 - [MESSAGE][PASSED] - Navigate to 'https://www.denvergov.org/contractorlicenses' successfully

2018-10-31 08:24:43 - [TEST_STEP][PASSED] - setText: Text 'Denver' is set on object 'Object Repository/Page_Verify a Contractors License/input_Check whether a contract'

2018-10-31 08:24:43 - [MESSAGE][PASSED] - Text 'Denver' is set on object 'Object Repository/Page_Verify a Contractors License/input_Check whether a contract'

2018-10-31 08:24:43 - [TEST_STEP][PASSED] - click: Object: 'Object Repository/Page_Verify a Contractors License/button_Search' is clicked on

2018-10-31 08:24:43 - [MESSAGE][PASSED] - Object: 'Object Repository/Page_Verify a Contractors License/button_Search' is clicked on

2018-10-31 08:24:43 - [TEST_STEP][PASSED] - waitForElementNotVisible: Object 'Object Repository/Page_Verify a Contractors License/div_Searching...' is NOT visible

2018-10-31 08:24:45 - [MESSAGE][PASSED] - Object 'Object Repository/Page_Verify a Contractors License/div_Searching...' is NOT visible

2018-10-31 08:24:45 - [TEST_STEP][PASSED] - click: Object: 'Object Repository/Page_Verify a Contractors License/div_DENVER DRYWALL COMPANY' is clicked on

2018-10-31 08:24:45 - [MESSAGE][PASSED] - Object: 'Object Repository/Page_Verify a Contractors License/div_DENVER DRYWALL COMPANY' is clicked on]]></system-out>
         <system-err><![CDATA[]]></system-err>
      </testcase>
      <testcase name="Test Cases/Denvergov/Denvergov - VoterList" classname="Test Cases/Denvergov/Denvergov - VoterList" status="PASSED">
         <system-out><![CDATA[2018-10-31 08:24:45 - [TEST_CASE][PASSED] - Test Cases/Denvergov/Denvergov - VoterList: Test Cases/Denvergov/Denvergov - VoterList

2018-10-31 08:24:46 - [TEST_STEP][PASSED] - navigateToUrl: Navigate to 'https://www.denvergov.org/content/denvergov/en/denver-elections-divison/campaign-information/voter-data/voter-list-downloads.html' successfully

2018-10-31 08:24:47 - [MESSAGE][PASSED] - Navigate to 'https://www.denvergov.org/content/denvergov/en/denver-elections-divison/campaign-information/voter-data/voter-list-downloads.html' successfully

2018-10-31 08:24:47 - [TEST_STEP][PASSED] - click: Object: 'Object Repository/Page_Denver Elections Division  Vot/div_alert alert-dismissable al' is clicked on

2018-10-31 08:24:47 - [MESSAGE][PASSED] - Object: 'Object Repository/Page_Denver Elections Division  Vot/div_alert alert-dismissable al' is clicked on]]></system-out>
         <system-err><![CDATA[]]></system-err>
      </testcase>
      <testcase name="Test Cases/Denvergov/Denvergov - RecyclingSignup" classname="Test Cases/Denvergov/Denvergov - RecyclingSignup" status="FAILED">
         <failure type="FAILED" message="(Stack trace: com.kms.katalon.core.exception.StepFailedException: Unable to click on object 'Object Repository/Page_Home Page/a_201  ACOMA ST' (Root cause: com.kms.katalon.core.webui.exception.WebElementNotFoundException: Web element with id: 'Object Repository/Page_Home Page/a_201  ACOMA ST' located by 'By.xpath: //*[(text() = '201  ACOMA ST' or . = '201  ACOMA ST')]' not found)
	at com.kms.katalon.core.keyword.internal.KeywordMain.stepFailed(KeywordMain.groovy:36)
	at com.kms.katalon.core.webui.keyword.internal.WebUIKeywordMain.stepFailed(WebUIKeywordMain.groovy:65)
	at com.kms.katalon.core.webui.keyword.internal.WebUIKeywordMain.runKeyword(WebUIKeywordMain.groovy:27)
	at com.kms.katalon.core.webui.keyword.builtin.ClickKeyword.click(ClickKeyword.groovy:86)
	at com.kms.katalon.core.webui.keyword.builtin.ClickKeyword.execute(ClickKeyword.groovy:67)
	at com.kms.katalon.core.keyword.internal.KeywordExecutor.executeKeywordForPlatform(KeywordExecutor.groovy:53)
	at com.kms.katalon.core.webui.keyword.WebUiBuiltInKeywords.click(WebUiBuiltInKeywords.groovy:616)
	at com.kms.katalon.core.webui.keyword.WebUiBuiltInKeywords$click$4.call(Unknown Source)
	at org.codehaus.groovy.runtime.callsite.CallSiteArray.defaultCall(CallSiteArray.java:48)
	at org.codehaus.groovy.runtime.callsite.AbstractCallSite.call(AbstractCallSite.java:113)
	at org.codehaus.groovy.runtime.callsite.AbstractCallSite.call(AbstractCallSite.java:125)
	at Script1540242502279.run(Script1540242502279.groovy:24)
	at com.kms.katalon.core.main.ScriptEngine.run(ScriptEngine.java:183)
	at com.kms.katalon.core.main.ScriptEngine.runScriptAsRawText(ScriptEngine.java:108)
	at com.kms.katalon.core.main.TestCaseExecutor.runScript(TestCaseExecutor.java:294)
	at com.kms.katalon.core.main.TestCaseExecutor.doExecute(TestCaseExecutor.java:285)
	at com.kms.katalon.core.main.TestCaseExecutor.processExecutionPhase(TestCaseExecutor.java:264)
	at com.kms.katalon.core.main.TestCaseExecutor.accessMainPhase(TestCaseExecutor.java:256)
	at com.kms.katalon.core.main.TestCaseExecutor.execute(TestCaseExecutor.java:200)
	at com.kms.katalon.core.main.TestSuiteExecutor.accessTestCaseMainPhase(TestSuiteExecutor.java:129)
	at com.kms.katalon.core.main.TestSuiteExecutor.accessTestSuiteMainPhase(TestSuiteExecutor.java:112)
	at com.kms.katalon.core.main.TestSuiteExecutor.execute(TestSuiteExecutor.java:81)
	at com.kms.katalon.core.main.TestCaseMain.startTestSuite(TestCaseMain.java:142)
	at com.kms.katalon.core.main.TestCaseMain$startTestSuite$0.call(Unknown Source)
	at org.codehaus.groovy.runtime.callsite.CallSiteArray.defaultCall(CallSiteArray.java:48)
	at org.codehaus.groovy.runtime.callsite.AbstractCallSite.call(AbstractCallSite.java:113)
	at org.codehaus.groovy.runtime.callsite.AbstractCallSite.call(AbstractCallSite.java:141)
	at TempTestSuite1540995830397.run(TempTestSuite1540995830397.groovy:36)
	at groovy.lang.GroovyShell.runScriptOrMainOrTestOrRunnable(GroovyShell.java:263)
	at groovy.lang.GroovyShell.run(GroovyShell.java:518)
	at groovy.lang.GroovyShell.run(GroovyShell.java:507)
	at groovy.ui.GroovyMain.processOnce(GroovyMain.java:653)
	at groovy.ui.GroovyMain.run(GroovyMain.java:384)
	at groovy.ui.GroovyMain.process(GroovyMain.java:370)
	at groovy.ui.GroovyMain.processArgs(GroovyMain.java:129)
	at groovy.ui.GroovyMain.main(GroovyMain.java:109)
	at sun.reflect.NativeMethodAccessorImpl.invoke0(Native Method)
	at sun.reflect.NativeMethodAccessorImpl.invoke(NativeMethodAccessorImpl.java:62)
	at sun.reflect.DelegatingMethodAccessorImpl.invoke(DelegatingMethodAccessorImpl.java:43)
	at java.lang.reflect.Method.invoke(Method.java:498)
	at org.codehaus.groovy.tools.GroovyStarter.rootLoader(GroovyStarter.java:109)
	at org.codehaus.groovy.tools.GroovyStarter.main(GroovyStarter.java:131)
)"/>
         <system-out><![CDATA[2018-10-31 08:24:47 - [TEST_CASE][FAILED] - Test Cases/Denvergov/Denvergov - RecyclingSignup: Test Cases/Denvergov/Denvergov - RecyclingSignup FAILED because (of) (Stack trace: com.kms.katalon.core.exception.StepFailedException: Unable to click on object 'Object Repository/Page_Home Page/a_201  ACOMA ST' (Root cause: com.kms.katalon.core.webui.exception.WebElementNotFoundException: Web element with id: 'Object Repository/Page_Home Page/a_201  ACOMA ST' located by 'By.xpath: //*[(text() = '201  ACOMA ST' or . = '201  ACOMA ST')]' not found)
	at com.kms.katalon.core.keyword.internal.KeywordMain.stepFailed(KeywordMain.groovy:36)
	at com.kms.katalon.core.webui.keyword.internal.WebUIKeywordMain.stepFailed(WebUIKeywordMain.groovy:65)
	at com.kms.katalon.core.webui.keyword.internal.WebUIKeywordMain.runKeyword(WebUIKeywordMain.groovy:27)
	at com.kms.katalon.core.webui.keyword.builtin.ClickKeyword.click(ClickKeyword.groovy:86)
	at com.kms.katalon.core.webui.keyword.builtin.ClickKeyword.execute(ClickKeyword.groovy:67)
	at com.kms.katalon.core.keyword.internal.KeywordExecutor.executeKeywordForPlatform(KeywordExecutor.groovy:53)
	at com.kms.katalon.core.webui.keyword.WebUiBuiltInKeywords.click(WebUiBuiltInKeywords.groovy:616)
	at com.kms.katalon.core.webui.keyword.WebUiBuiltInKeywords$click$4.call(Unknown Source)
	at org.codehaus.groovy.runtime.callsite.CallSiteArray.defaultCall(CallSiteArray.java:48)
	at org.codehaus.groovy.runtime.callsite.AbstractCallSite.call(AbstractCallSite.java:113)
	at org.codehaus.groovy.runtime.callsite.AbstractCallSite.call(AbstractCallSite.java:125)
	at Script1540242502279.run(Script1540242502279.groovy:24)
	at com.kms.katalon.core.main.ScriptEngine.run(ScriptEngine.java:183)
	at com.kms.katalon.core.main.ScriptEngine.runScriptAsRawText(ScriptEngine.java:108)
	at com.kms.katalon.core.main.TestCaseExecutor.runScript(TestCaseExecutor.java:294)
	at com.kms.katalon.core.main.TestCaseExecutor.doExecute(TestCaseExecutor.java:285)
	at com.kms.katalon.core.main.TestCaseExecutor.processExecutionPhase(TestCaseExecutor.java:264)
	at com.kms.katalon.core.main.TestCaseExecutor.accessMainPhase(TestCaseExecutor.java:256)
	at com.kms.katalon.core.main.TestCaseExecutor.execute(TestCaseExecutor.java:200)
	at com.kms.katalon.core.main.TestSuiteExecutor.accessTestCaseMainPhase(TestSuiteExecutor.java:129)
	at com.kms.katalon.core.main.TestSuiteExecutor.accessTestSuiteMainPhase(TestSuiteExecutor.java:112)
	at com.kms.katalon.core.main.TestSuiteExecutor.execute(TestSuiteExecutor.java:81)
	at com.kms.katalon.core.main.TestCaseMain.startTestSuite(TestCaseMain.java:142)
	at com.kms.katalon.core.main.TestCaseMain$startTestSuite$0.call(Unknown Source)
	at org.codehaus.groovy.runtime.callsite.CallSiteArray.defaultCall(CallSiteArray.java:48)
	at org.codehaus.groovy.runtime.callsite.AbstractCallSite.call(AbstractCallSite.java:113)
	at org.codehaus.groovy.runtime.callsite.AbstractCallSite.call(AbstractCallSite.java:141)
	at TempTestSuite1540995830397.run(TempTestSuite1540995830397.groovy:36)
	at groovy.lang.GroovyShell.runScriptOrMainOrTestOrRunnable(GroovyShell.java:263)
	at groovy.lang.GroovyShell.run(GroovyShell.java:518)
	at groovy.lang.GroovyShell.run(GroovyShell.java:507)
	at groovy.ui.GroovyMain.processOnce(GroovyMain.java:653)
	at groovy.ui.GroovyMain.run(GroovyMain.java:384)
	at groovy.ui.GroovyMain.process(GroovyMain.java:370)
	at groovy.ui.GroovyMain.processArgs(GroovyMain.java:129)
	at groovy.ui.GroovyMain.main(GroovyMain.java:109)
	at sun.reflect.NativeMethodAccessorImpl.invoke0(Native Method)
	at sun.reflect.NativeMethodAccessorImpl.invoke(NativeMethodAccessorImpl.java:62)
	at sun.reflect.DelegatingMethodAccessorImpl.invoke(DelegatingMethodAccessorImpl.java:43)
	at java.lang.reflect.Method.invoke(Method.java:498)
	at org.codehaus.groovy.tools.GroovyStarter.rootLoader(GroovyStarter.java:109)
	at org.codehaus.groovy.tools.GroovyStarter.main(GroovyStarter.java:131)
)

2018-10-31 08:24:47 - [TEST_STEP][PASSED] - navigateToUrl: Navigate to 'https://www.denvergov.org/recyclingsignup' successfully

2018-10-31 08:24:49 - [MESSAGE][PASSED] - Navigate to 'https://www.denvergov.org/recyclingsignup' successfully

2018-10-31 08:24:49 - [TEST_STEP][PASSED] - setText: Text '201' is set on object 'Object Repository/Page_Home Page/input_Number_form-control ng-u (1)'

2018-10-31 08:24:50 - [MESSAGE][PASSED] - Text '201' is set on object 'Object Repository/Page_Home Page/input_Number_form-control ng-u (1)'

2018-10-31 08:24:50 - [TEST_STEP][PASSED] - click: Object: 'Object Repository/Page_Home Page/button_Search' is clicked on

2018-10-31 08:24:50 - [MESSAGE][PASSED] - Object: 'Object Repository/Page_Home Page/button_Search' is clicked on

2018-10-31 08:24:50 - [TEST_STEP][PASSED] - waitForElementPresent: Object 'Object Repository/Page_Home Page/a_201  ACOMA ST' is not present after 8 second(s)

2018-10-31 08:24:58 - [MESSAGE][WARNING] - Object 'Object Repository/Page_Home Page/a_201  ACOMA ST' is not present after 8 second(s)

2018-10-31 08:24:58 - [TEST_STEP][FAILED] - click: Unable to click on object 'Object Repository/Page_Home Page/a_201  ACOMA ST' (Root cause: com.kms.katalon.core.webui.exception.WebElementNotFoundException: Web element with id: 'Object Repository/Page_Home Page/a_201  ACOMA ST' located by 'By.xpath: //*[(text() = '201  ACOMA ST' or . = '201  ACOMA ST')]' not found)

2018-10-31 08:25:31 - [MESSAGE][FAILED] - Unable to click on object 'Object Repository/Page_Home Page/a_201  ACOMA ST' (Root cause: com.kms.katalon.core.webui.exception.WebElementNotFoundException: Web element with id: 'Object Repository/Page_Home Page/a_201  ACOMA ST' located by 'By.xpath: //*[(text() = '201  ACOMA ST' or . = '201  ACOMA ST')]' not found)
[[ATTACHMENT|C:\\Users\\134527\\git\\CCD Prod Validation\\Reports\\Denvergov\\20181031_082350\\1540995930702.png]]]]></system-out>
         <system-err><![CDATA[2018-10-31 08:24:47 - [TEST_CASE][FAILED] - Test Cases/Denvergov/Denvergov - RecyclingSignup: Test Cases/Denvergov/Denvergov - RecyclingSignup FAILED because (of) (Stack trace: com.kms.katalon.core.exception.StepFailedException: Unable to click on object 'Object Repository/Page_Home Page/a_201  ACOMA ST' (Root cause: com.kms.katalon.core.webui.exception.WebElementNotFoundException: Web element with id: 'Object Repository/Page_Home Page/a_201  ACOMA ST' located by 'By.xpath: //*[(text() = '201  ACOMA ST' or . = '201  ACOMA ST')]' not found)
	at com.kms.katalon.core.keyword.internal.KeywordMain.stepFailed(KeywordMain.groovy:36)
	at com.kms.katalon.core.webui.keyword.internal.WebUIKeywordMain.stepFailed(WebUIKeywordMain.groovy:65)
	at com.kms.katalon.core.webui.keyword.internal.WebUIKeywordMain.runKeyword(WebUIKeywordMain.groovy:27)
	at com.kms.katalon.core.webui.keyword.builtin.ClickKeyword.click(ClickKeyword.groovy:86)
	at com.kms.katalon.core.webui.keyword.builtin.ClickKeyword.execute(ClickKeyword.groovy:67)
	at com.kms.katalon.core.keyword.internal.KeywordExecutor.executeKeywordForPlatform(KeywordExecutor.groovy:53)
	at com.kms.katalon.core.webui.keyword.WebUiBuiltInKeywords.click(WebUiBuiltInKeywords.groovy:616)
	at com.kms.katalon.core.webui.keyword.WebUiBuiltInKeywords$click$4.call(Unknown Source)
	at org.codehaus.groovy.runtime.callsite.CallSiteArray.defaultCall(CallSiteArray.java:48)
	at org.codehaus.groovy.runtime.callsite.AbstractCallSite.call(AbstractCallSite.java:113)
	at org.codehaus.groovy.runtime.callsite.AbstractCallSite.call(AbstractCallSite.java:125)
	at Script1540242502279.run(Script1540242502279.groovy:24)
	at com.kms.katalon.core.main.ScriptEngine.run(ScriptEngine.java:183)
	at com.kms.katalon.core.main.ScriptEngine.runScriptAsRawText(ScriptEngine.java:108)
	at com.kms.katalon.core.main.TestCaseExecutor.runScript(TestCaseExecutor.java:294)
	at com.kms.katalon.core.main.TestCaseExecutor.doExecute(TestCaseExecutor.java:285)
	at com.kms.katalon.core.main.TestCaseExecutor.processExecutionPhase(TestCaseExecutor.java:264)
	at com.kms.katalon.core.main.TestCaseExecutor.accessMainPhase(TestCaseExecutor.java:256)
	at com.kms.katalon.core.main.TestCaseExecutor.execute(TestCaseExecutor.java:200)
	at com.kms.katalon.core.main.TestSuiteExecutor.accessTestCaseMainPhase(TestSuiteExecutor.java:129)
	at com.kms.katalon.core.main.TestSuiteExecutor.accessTestSuiteMainPhase(TestSuiteExecutor.java:112)
	at com.kms.katalon.core.main.TestSuiteExecutor.execute(TestSuiteExecutor.java:81)
	at com.kms.katalon.core.main.TestCaseMain.startTestSuite(TestCaseMain.java:142)
	at com.kms.katalon.core.main.TestCaseMain$startTestSuite$0.call(Unknown Source)
	at org.codehaus.groovy.runtime.callsite.CallSiteArray.defaultCall(CallSiteArray.java:48)
	at org.codehaus.groovy.runtime.callsite.AbstractCallSite.call(AbstractCallSite.java:113)
	at org.codehaus.groovy.runtime.callsite.AbstractCallSite.call(AbstractCallSite.java:141)
	at TempTestSuite1540995830397.run(TempTestSuite1540995830397.groovy:36)
	at groovy.lang.GroovyShell.runScriptOrMainOrTestOrRunnable(GroovyShell.java:263)
	at groovy.lang.GroovyShell.run(GroovyShell.java:518)
	at groovy.lang.GroovyShell.run(GroovyShell.java:507)
	at groovy.ui.GroovyMain.processOnce(GroovyMain.java:653)
	at groovy.ui.GroovyMain.run(GroovyMain.java:384)
	at groovy.ui.GroovyMain.process(GroovyMain.java:370)
	at groovy.ui.GroovyMain.processArgs(GroovyMain.java:129)
	at groovy.ui.GroovyMain.main(GroovyMain.java:109)
	at sun.reflect.NativeMethodAccessorImpl.invoke0(Native Method)
	at sun.reflect.NativeMethodAccessorImpl.invoke(NativeMethodAccessorImpl.java:62)
	at sun.reflect.DelegatingMethodAccessorImpl.invoke(DelegatingMethodAccessorImpl.java:43)
	at java.lang.reflect.Method.invoke(Method.java:498)
	at org.codehaus.groovy.tools.GroovyStarter.rootLoader(GroovyStarter.java:109)
	at org.codehaus.groovy.tools.GroovyStarter.main(GroovyStarter.java:131)
)]]></system-err>
      </testcase>
      <testcase name="Test Cases/Denvergov/Denvergov - CampaignFinanceReports" classname="Test Cases/Denvergov/Denvergov - CampaignFinanceReports" status="PASSED">
         <system-out><![CDATA[2018-10-31 08:25:31 - [TEST_CASE][PASSED] - Test Cases/Denvergov/Denvergov - CampaignFinanceReports: Test Cases/Denvergov/Denvergov - CampaignFinanceReports

2018-10-31 08:25:31 - [TEST_STEP][PASSED] - navigateToUrl: Navigate to 'https://www.denvergov.org/content/denvergov/en/denver-elections-divison/campaign-information/campaign-finance/campaign-finance-archives.html' successfully

2018-10-31 08:25:31 - [MESSAGE][PASSED] - Navigate to 'https://www.denvergov.org/content/denvergov/en/denver-elections-divison/campaign-information/campaign-finance/campaign-finance-archives.html' successfully

2018-10-31 08:25:31 - [TEST_STEP][PASSED] - setText: Text '2018' is set on object 'Object Repository/Page_Denver Elections Division  Cam/input_concat(Search by Year Or'

2018-10-31 08:25:33 - [MESSAGE][PASSED] - Text '2018' is set on object 'Object Repository/Page_Denver Elections Division  Cam/input_concat(Search by Year Or'

2018-10-31 08:25:33 - [TEST_STEP][PASSED] - waitForElementPresent: Object 'Object Repository/Page_Denver Elections Division  Cam/NumberOfResults' is not present after 5 second(s)

2018-10-31 08:25:38 - [MESSAGE][WARNING] - Object 'Object Repository/Page_Denver Elections Division  Cam/NumberOfResults' is not present after 5 second(s)

2018-10-31 08:25:38 - [TEST_STEP][NOT_RUN] - Statement - attribute = com.kms.katalon.core.webui.keyword.WebUiBuiltInKeywords.getAttribute(com.kms.katalon.core.testobject.ObjectRepository.findTestObject(Page_Denver Elections Division  Cam/NumberOfResults), "value"): NOT_RUN: Statement - attribute = com.kms.katalon.core.webui.keyword.WebUiBuiltInKeywords.getAttribute(com.kms.katalon.core.testobject.ObjectRepository.findTestObject(Page_Denver Elections Division  Cam/NumberOfResults), "value")

2018-10-31 08:25:38 - [MESSAGE][NOT_RUN] - NOT_RUN: Statement - attribute = com.kms.katalon.core.webui.keyword.WebUiBuiltInKeywords.getAttribute(com.kms.katalon.core.testobject.ObjectRepository.findTestObject(Page_Denver Elections Division  Cam/NumberOfResults), "value")]]></system-out>
         <system-err><![CDATA[]]></system-err>
      </testcase>
      <testcase name="Test Cases/Denvergov/Denvergov - LandSurveyPlats" classname="Test Cases/Denvergov/Denvergov - LandSurveyPlats" status="PASSED">
         <system-out><![CDATA[2018-10-31 08:25:38 - [TEST_CASE][PASSED] - Test Cases/Denvergov/Denvergov - LandSurveyPlats: Test Cases/Denvergov/Denvergov - LandSurveyPlats

2018-10-31 08:25:38 - [TEST_STEP][PASSED] - navigateToUrl: Navigate to 'https://www.denvergov.org/landsurveysearch' successfully

2018-10-31 08:25:44 - [MESSAGE][PASSED] - Navigate to 'https://www.denvergov.org/landsurveysearch' successfully

2018-10-31 08:25:44 - [TEST_STEP][PASSED] - selectOptionByValue: All options with value '1' are selected in object 'Object Repository/Page_Search for Land Survey Plats i/select_Select11011121314151617'  using regular expression

2018-10-31 08:25:44 - [MESSAGE][PASSED] - All options with value '1' are selected in object 'Object Repository/Page_Search for Land Survey Plats i/select_Select11011121314151617'  using regular expression

2018-10-31 08:25:44 - [TEST_STEP][PASSED] - click: Object: 'Object Repository/Page_Search for Land Survey Plats i/button_Search' is clicked on

2018-10-31 08:25:45 - [MESSAGE][PASSED] - Object: 'Object Repository/Page_Search for Land Survey Plats i/button_Search' is clicked on]]></system-out>
         <system-err><![CDATA[]]></system-err>
      </testcase>
      <testcase name="Test Cases/Denvergov/Denvergov - City Attorney Search" classname="Test Cases/Denvergov/Denvergov - City Attorney Search" status="PASSED">
         <system-out><![CDATA[2018-10-31 08:25:45 - [TEST_CASE][PASSED] - Test Cases/Denvergov/Denvergov - City Attorney Search: Test Cases/Denvergov/Denvergov - City Attorney Search

2018-10-31 08:25:45 - [TEST_STEP][PASSED] - navigateToUrl: Navigate to 'https://www.denvergov.org/cityattorneydirectory' successfully

2018-10-31 08:25:46 - [MESSAGE][PASSED] - Navigate to 'https://www.denvergov.org/cityattorneydirectory' successfully

2018-10-31 08:25:46 - [TEST_STEP][PASSED] - setText: Text 'a' is set on object 'Object Repository/Page_Home Page/input_Search for attorneys by'

2018-10-31 08:25:46 - [MESSAGE][PASSED] - Text 'a' is set on object 'Object Repository/Page_Home Page/input_Search for attorneys by'

2018-10-31 08:25:46 - [TEST_STEP][PASSED] - click: Object: 'Object Repository/Page_Home Page/AttorneyResults' is clicked on

2018-10-31 08:25:47 - [MESSAGE][PASSED] - Object: 'Object Repository/Page_Home Page/AttorneyResults' is clicked on]]></system-out>
         <system-err><![CDATA[]]></system-err>
      </testcase>
      <testcase name="Test Cases/Denvergov/Denvergov - CityContracts" classname="Test Cases/Denvergov/Denvergov - CityContracts" status="PASSED">
         <system-out><![CDATA[2018-10-31 08:25:47 - [TEST_CASE][PASSED] - Test Cases/Denvergov/Denvergov - CityContracts: Test Cases/Denvergov/Denvergov - CityContracts

2018-10-31 08:25:47 - [TEST_STEP][PASSED] - navigateToUrl: Navigate to 'https://www.denvergov.org/content/denvergov/en/denver-office-of-the-clerk-and-recorder/city-clerk-records/city-contracts-2018.html' successfully

2018-10-31 08:25:47 - [MESSAGE][PASSED] - Navigate to 'https://www.denvergov.org/content/denvergov/en/denver-office-of-the-clerk-and-recorder/city-clerk-records/city-contracts-2018.html' successfully

2018-10-31 08:25:47 - [TEST_STEP][PASSED] - click: Object: 'Object Repository/Page_City Contracts 2018/p_Pleaseemail usforcity contra' is clicked on

2018-10-31 08:25:48 - [MESSAGE][PASSED] - Object: 'Object Repository/Page_City Contracts 2018/p_Pleaseemail usforcity contra' is clicked on]]></system-out>
         <system-err><![CDATA[]]></system-err>
      </testcase>
      <testcase name="Test Cases/Denvergov/Denvergov - Denver8Schedule" classname="Test Cases/Denvergov/Denvergov - Denver8Schedule" status="PASSED">
         <system-out><![CDATA[2018-10-31 08:25:48 - [TEST_CASE][PASSED] - Test Cases/Denvergov/Denvergov - Denver8Schedule: Test Cases/Denvergov/Denvergov - Denver8Schedule

2018-10-31 08:25:48 - [TEST_STEP][PASSED] - navigateToUrl: Navigate to 'https://www.denvergov.org/denver8schedule' successfully

2018-10-31 08:25:50 - [MESSAGE][PASSED] - Navigate to 'https://www.denvergov.org/denver8schedule' successfully

2018-10-31 08:25:50 - [TEST_STEP][PASSED] - click: Object: 'Object Repository/Page_Denver 8 Television Schedule/a_Denver 8 TV ProgramsAirtimes' is clicked on

2018-10-31 08:25:51 - [MESSAGE][PASSED] - Object: 'Object Repository/Page_Denver 8 Television Schedule/a_Denver 8 TV ProgramsAirtimes' is clicked on]]></system-out>
         <system-err><![CDATA[]]></system-err>
      </testcase>
      <testcase name="Test Cases/Denvergov/Denvergov - RecyclingAdmin" classname="Test Cases/Denvergov/Denvergov - RecyclingAdmin" status="PASSED">
         <system-out><![CDATA[2018-10-31 08:25:51 - [TEST_CASE][PASSED] - Test Cases/Denvergov/Denvergov - RecyclingAdmin: Test Cases/Denvergov/Denvergov - RecyclingAdmin

2018-10-31 08:25:51 - [TEST_STEP][PASSED] - navigateToUrl: Navigate to 'https://www.denvergov.org/recyclingadmin#/login' successfully

2018-10-31 08:25:57 - [MESSAGE][PASSED] - Navigate to 'https://www.denvergov.org/recyclingadmin#/login' successfully

2018-10-31 08:25:57 - [TEST_STEP][PASSED] - click: Object: 'Object Repository/Page_Home Page/div_Login' is clicked on

2018-10-31 08:25:57 - [MESSAGE][PASSED] - Object: 'Object Repository/Page_Home Page/div_Login' is clicked on]]></system-out>
         <system-err><![CDATA[]]></system-err>
      </testcase>
      <testcase name="Test Cases/Denvergov/Denvergov - OpenDataCatalog" classname="Test Cases/Denvergov/Denvergov - OpenDataCatalog" status="PASSED">
         <system-out><![CDATA[2018-10-31 08:25:57 - [TEST_CASE][PASSED] - Test Cases/Denvergov/Denvergov - OpenDataCatalog: Test Cases/Denvergov/Denvergov - OpenDataCatalog

2018-10-31 08:25:57 - [TEST_STEP][PASSED] - navigateToUrl: Navigate to 'https://www.denvergov.org/opendata' successfully

2018-10-31 08:25:58 - [MESSAGE][PASSED] - Navigate to 'https://www.denvergov.org/opendata' successfully

2018-10-31 08:25:58 - [TEST_STEP][PASSED] - click: Object: 'Object Repository/Page_Denver Open Data Catalog/a_View All Datasets' is clicked on

2018-10-31 08:25:58 - [MESSAGE][PASSED] - Object: 'Object Repository/Page_Denver Open Data Catalog/a_View All Datasets' is clicked on

2018-10-31 08:25:58 - [TEST_STEP][PASSED] - click: Object: 'Object Repository/Page_Denver Open Data Catalog Searc/h2_Results        ListTable' is clicked on

2018-10-31 08:25:58 - [MESSAGE][PASSED] - Object: 'Object Repository/Page_Denver Open Data Catalog Searc/h2_Results        ListTable' is clicked on]]></system-out>
         <system-err><![CDATA[]]></system-err>
      </testcase>
      <testcase name="Test Cases/Denvergov/Denvergov - CSAHearingsFileSearch" classname="Test Cases/Denvergov/Denvergov - CSAHearingsFileSearch" status="PASSED">
         <system-out><![CDATA[2018-10-31 08:25:58 - [TEST_CASE][PASSED] - Test Cases/Denvergov/Denvergov - CSAHearingsFileSearch: Test Cases/Denvergov/Denvergov - CSAHearingsFileSearch

2018-10-31 08:25:59 - [TEST_STEP][PASSED] - navigateToUrl: Navigate to 'https://www.denvergov.org/denverapps/csa-hearings-files/R-20170405-003/index_server.html' successfully

2018-10-31 08:26:00 - [MESSAGE][PASSED] - Navigate to 'https://www.denvergov.org/denverapps/csa-hearings-files/R-20170405-003/index_server.html' successfully

2018-10-31 08:26:00 - [TEST_STEP][PASSED] - setText: Text 'Test' is set on object 'Object Repository/Page_Angular 2 QuickStart/input_Username_Username'

2018-10-31 08:26:08 - [MESSAGE][PASSED] - Text 'Test' is set on object 'Object Repository/Page_Angular 2 QuickStart/input_Username_Username'

2018-10-31 08:26:08 - [TEST_STEP][PASSED] - setEncryptedText: Text ****** has been set on object 'Object Repository/Page_Angular 2 QuickStart/input_Password_Password'

2018-10-31 08:26:08 - [MESSAGE][PASSED] - Text ****** has been set on object 'Object Repository/Page_Angular 2 QuickStart/input_Password_Password'

2018-10-31 08:26:08 - [TEST_STEP][PASSED] - click: Object: 'Object Repository/Page_Angular 2 QuickStart/button_Submit' is clicked on

2018-10-31 08:26:08 - [MESSAGE][PASSED] - Object: 'Object Repository/Page_Angular 2 QuickStart/button_Submit' is clicked on]]></system-out>
         <system-err><![CDATA[]]></system-err>
      </testcase>
      <testcase name="Test Cases/Denvergov/Denvergov - AnimalShelter" classname="Test Cases/Denvergov/Denvergov - AnimalShelter" status="PASSED">
         <system-out><![CDATA[2018-10-31 08:26:08 - [TEST_CASE][PASSED] - Test Cases/Denvergov/Denvergov - AnimalShelter: Test Cases/Denvergov/Denvergov - AnimalShelter

2018-10-31 08:26:08 - [TEST_STEP][PASSED] - navigateToUrl: Navigate to 'https://www.denvergov.org/content/denvergov/en/denver-animal-shelter/donate/animal-shelter-donation-form.html' successfully

2018-10-31 08:26:09 - [MESSAGE][PASSED] - Navigate to 'https://www.denvergov.org/content/denvergov/en/denver-animal-shelter/donate/animal-shelter-donation-form.html' successfully

2018-10-31 08:26:09 - [TEST_STEP][PASSED] - setText: Text 'Test' is set on object 'Object Repository/Page_Animal Shelter Donation Form/input_First Name_firstName'

2018-10-31 08:26:10 - [MESSAGE][PASSED] - Text 'Test' is set on object 'Object Repository/Page_Animal Shelter Donation Form/input_First Name_firstName']]></system-out>
         <system-err><![CDATA[]]></system-err>
      </testcase>
      <testcase name="Test Cases/Denvergov/Denvergov - CampaignFinance" classname="Test Cases/Denvergov/Denvergov - CampaignFinance" status="PASSED">
         <system-out><![CDATA[2018-10-31 08:26:10 - [TEST_CASE][PASSED] - Test Cases/Denvergov/Denvergov - CampaignFinance: Test Cases/Denvergov/Denvergov - CampaignFinance

2018-10-31 08:26:11 - [TEST_STEP][PASSED] - navigateToUrl: Navigate to 'https://www.denvergov.org/campaignfinancereport/Account?ReturnUrl=%2fcampaignfinancereport' successfully

2018-10-31 08:26:11 - [MESSAGE][PASSED] - Navigate to 'https://www.denvergov.org/campaignfinancereport/Account?ReturnUrl=%2fcampaignfinancereport' successfully

2018-10-31 08:26:11 - [TEST_STEP][PASSED] - setText: Text 'loadtest@denvergov.org' is set on object 'Object Repository/Page_Login/input_Login_Email'

2018-10-31 08:26:11 - [MESSAGE][PASSED] - Text 'loadtest@denvergov.org' is set on object 'Object Repository/Page_Login/input_Login_Email'

2018-10-31 08:26:11 - [TEST_STEP][PASSED] - setEncryptedText: Text ****** has been set on object 'Object Repository/Page_Login/input_Login_Password'

2018-10-31 08:26:11 - [MESSAGE][PASSED] - Text ****** has been set on object 'Object Repository/Page_Login/input_Login_Password'

2018-10-31 08:26:11 - [TEST_STEP][PASSED] - click: Object: 'Object Repository/Page_Login/input_Login_btn btn-info' is clicked on

2018-10-31 08:26:14 - [MESSAGE][PASSED] - Object: 'Object Repository/Page_Login/input_Login_btn btn-info' is clicked on

2018-10-31 08:26:14 - [TEST_STEP][PASSED] - verifyElementPresent: Object 'Object Repository/Page_Home Page/div_Current User loadtestdenve' is present

2018-10-31 08:26:16 - [MESSAGE][PASSED] - Object 'Object Repository/Page_Home Page/div_Current User loadtestdenve' is present]]></system-out>
         <system-err><![CDATA[]]></system-err>
      </testcase>
      <testcase name="Test Cases/Denvergov/Denvergov - CSAHearingsAppeals" classname="Test Cases/Denvergov/Denvergov - CSAHearingsAppeals" status="PASSED">
         <system-out><![CDATA[2018-10-31 08:26:16 - [TEST_CASE][PASSED] - Test Cases/Denvergov/Denvergov - CSAHearingsAppeals: Test Cases/Denvergov/Denvergov - CSAHearingsAppeals

2018-10-31 08:26:16 - [TEST_STEP][PASSED] - navigateToUrl: Navigate to 'https://www.denvergov.org/content/denvergov/en/grievances-hearings-and-appeals/appeal-form.html' successfully

2018-10-31 08:26:17 - [MESSAGE][PASSED] - Navigate to 'https://www.denvergov.org/content/denvergov/en/grievances-hearings-and-appeals/appeal-form.html' successfully]]></system-out>
         <system-err><![CDATA[]]></system-err>
      </testcase>
      <testcase name="Test Cases/Denvergov/Denvergov - PlannedBuildingGroups" classname="Test Cases/Denvergov/Denvergov - PlannedBuildingGroups" status="PASSED">
         <system-out><![CDATA[2018-10-31 08:26:17 - [TEST_CASE][PASSED] - Test Cases/Denvergov/Denvergov - PlannedBuildingGroups: Test Cases/Denvergov/Denvergov - PlannedBuildingGroups

2018-10-31 08:26:17 - [TEST_STEP][PASSED] - navigateToUrl: Navigate to 'https://www.denvergov.org/plannedbuildinggroups' successfully

2018-10-31 08:26:19 - [MESSAGE][PASSED] - Navigate to 'https://www.denvergov.org/plannedbuildinggroups' successfully

2018-10-31 08:26:19 - [TEST_STEP][PASSED] - setText: Text 'denver' is set on object 'Object Repository/Page_Search for Planned Building Gr/input_Project Name_SubName'

2018-10-31 08:26:19 - [MESSAGE][PASSED] - Text 'denver' is set on object 'Object Repository/Page_Search for Planned Building Gr/input_Project Name_SubName'

2018-10-31 08:26:19 - [TEST_STEP][PASSED] - click: Object: 'Object Repository/Page_Search for Planned Building Gr/button_Search' is clicked on

2018-10-31 08:26:20 - [MESSAGE][PASSED] - Object: 'Object Repository/Page_Search for Planned Building Gr/button_Search' is clicked on

2018-10-31 08:26:20 - [TEST_STEP][PASSED] - click: Object: 'Object Repository/Page_Planned Building Groups in Den/PlannedBuildingGroupFirstResult' is clicked on

2018-10-31 08:26:23 - [MESSAGE][PASSED] - Object: 'Object Repository/Page_Planned Building Groups in Den/PlannedBuildingGroupFirstResult' is clicked on]]></system-out>
         <system-err><![CDATA[]]></system-err>
      </testcase>
      <testcase name="Test Cases/Denvergov/Denvergov - eBiz" classname="Test Cases/Denvergov/Denvergov - eBiz" status="PASSED">
         <system-out><![CDATA[2018-10-31 08:26:23 - [TEST_CASE][PASSED] - Test Cases/Denvergov/Denvergov - eBiz: Test Cases/Denvergov/Denvergov - eBiz

2018-10-31 08:26:23 - [TEST_STEP][PASSED] - navigateToUrl: Navigate to 'https://www.denvergov.org/ebiztax/_/' successfully

2018-10-31 08:26:25 - [MESSAGE][PASSED] - Navigate to 'https://www.denvergov.org/ebiztax/_/' successfully

2018-10-31 08:26:25 - [TEST_STEP][PASSED] - setText: Text 'Test' is set on object 'Object Repository/Page_Denver eBiz Tax Center  City a/input_Username_d-6'

2018-10-31 08:26:25 - [MESSAGE][PASSED] - Text 'Test' is set on object 'Object Repository/Page_Denver eBiz Tax Center  City a/input_Username_d-6'

2018-10-31 08:26:25 - [TEST_STEP][PASSED] - setEncryptedText: Text ****** has been set on object 'Object Repository/Page_Denver eBiz Tax Center  City a/input_Password_d-7'

2018-10-31 08:26:25 - [MESSAGE][PASSED] - Text ****** has been set on object 'Object Repository/Page_Denver eBiz Tax Center  City a/input_Password_d-7'

2018-10-31 08:26:25 - [TEST_STEP][PASSED] - click: Object: 'Object Repository/Page_Denver eBiz Tax Center  City a/button_Login' is clicked on

2018-10-31 08:26:26 - [MESSAGE][PASSED] - Object: 'Object Repository/Page_Denver eBiz Tax Center  City a/button_Login' is clicked on]]></system-out>
         <system-err><![CDATA[]]></system-err>
      </testcase>
      <testcase name="Test Cases/Denvergov/Denvergov - LicenseHearings" classname="Test Cases/Denvergov/Denvergov - LicenseHearings" status="FAILED">
         <failure type="FAILED" message="(Stack trace: com.kms.katalon.core.exception.StepFailedException: Unable to click on object 'Object Repository/Page_E  L Public Hearing Schedule/BusinessName_Liquor' (Root cause: com.kms.katalon.core.webui.exception.WebElementNotFoundException: Web element with id: 'Object Repository/Page_E  L Public Hearing Schedule/BusinessName_Liquor' located by 'By.xpath: id(&quot;Liquor&quot;)/table[@class=&quot;table table-striped table-hover&quot;]/tbody[1]/tr[@class=&quot;actionable&quot;]/td[@class=&quot;limit-width&quot;][count(. | //td[@data-bind = 'text: BusinessName']) = count(//td[@data-bind = 'text: BusinessName'])]' not found)
	at com.kms.katalon.core.keyword.internal.KeywordMain.stepFailed(KeywordMain.groovy:36)
	at com.kms.katalon.core.webui.keyword.internal.WebUIKeywordMain.stepFailed(WebUIKeywordMain.groovy:65)
	at com.kms.katalon.core.webui.keyword.internal.WebUIKeywordMain.runKeyword(WebUIKeywordMain.groovy:27)
	at com.kms.katalon.core.webui.keyword.builtin.ClickKeyword.click(ClickKeyword.groovy:86)
	at com.kms.katalon.core.webui.keyword.builtin.ClickKeyword.execute(ClickKeyword.groovy:67)
	at com.kms.katalon.core.keyword.internal.KeywordExecutor.executeKeywordForPlatform(KeywordExecutor.groovy:53)
	at com.kms.katalon.core.webui.keyword.WebUiBuiltInKeywords.click(WebUiBuiltInKeywords.groovy:616)
	at com.kms.katalon.core.webui.keyword.WebUiBuiltInKeywords$click$4.call(Unknown Source)
	at org.codehaus.groovy.runtime.callsite.CallSiteArray.defaultCall(CallSiteArray.java:48)
	at org.codehaus.groovy.runtime.callsite.AbstractCallSite.call(AbstractCallSite.java:113)
	at org.codehaus.groovy.runtime.callsite.AbstractCallSite.call(AbstractCallSite.java:125)
	at Script1540231019546.run(Script1540231019546.groovy:20)
	at com.kms.katalon.core.main.ScriptEngine.run(ScriptEngine.java:183)
	at com.kms.katalon.core.main.ScriptEngine.runScriptAsRawText(ScriptEngine.java:108)
	at com.kms.katalon.core.main.TestCaseExecutor.runScript(TestCaseExecutor.java:294)
	at com.kms.katalon.core.main.TestCaseExecutor.doExecute(TestCaseExecutor.java:285)
	at com.kms.katalon.core.main.TestCaseExecutor.processExecutionPhase(TestCaseExecutor.java:264)
	at com.kms.katalon.core.main.TestCaseExecutor.accessMainPhase(TestCaseExecutor.java:256)
	at com.kms.katalon.core.main.TestCaseExecutor.execute(TestCaseExecutor.java:200)
	at com.kms.katalon.core.main.TestSuiteExecutor.accessTestCaseMainPhase(TestSuiteExecutor.java:129)
	at com.kms.katalon.core.main.TestSuiteExecutor.accessTestSuiteMainPhase(TestSuiteExecutor.java:112)
	at com.kms.katalon.core.main.TestSuiteExecutor.execute(TestSuiteExecutor.java:81)
	at com.kms.katalon.core.main.TestCaseMain.startTestSuite(TestCaseMain.java:142)
	at com.kms.katalon.core.main.TestCaseMain$startTestSuite$0.call(Unknown Source)
	at org.codehaus.groovy.runtime.callsite.CallSiteArray.defaultCall(CallSiteArray.java:48)
	at org.codehaus.groovy.runtime.callsite.AbstractCallSite.call(AbstractCallSite.java:113)
	at org.codehaus.groovy.runtime.callsite.AbstractCallSite.call(AbstractCallSite.java:141)
	at TempTestSuite1540995830397.run(TempTestSuite1540995830397.groovy:36)
	at groovy.lang.GroovyShell.runScriptOrMainOrTestOrRunnable(GroovyShell.java:263)
	at groovy.lang.GroovyShell.run(GroovyShell.java:518)
	at groovy.lang.GroovyShell.run(GroovyShell.java:507)
	at groovy.ui.GroovyMain.processOnce(GroovyMain.java:653)
	at groovy.ui.GroovyMain.run(GroovyMain.java:384)
	at groovy.ui.GroovyMain.process(GroovyMain.java:370)
	at groovy.ui.GroovyMain.processArgs(GroovyMain.java:129)
	at groovy.ui.GroovyMain.main(GroovyMain.java:109)
	at sun.reflect.NativeMethodAccessorImpl.invoke0(Native Method)
	at sun.reflect.NativeMethodAccessorImpl.invoke(NativeMethodAccessorImpl.java:62)
	at sun.reflect.DelegatingMethodAccessorImpl.invoke(DelegatingMethodAccessorImpl.java:43)
	at java.lang.reflect.Method.invoke(Method.java:498)
	at org.codehaus.groovy.tools.GroovyStarter.rootLoader(GroovyStarter.java:109)
	at org.codehaus.groovy.tools.GroovyStarter.main(GroovyStarter.java:131)
)"/>
         <system-out><![CDATA[2018-10-31 08:26:26 - [TEST_CASE][FAILED] - Test Cases/Denvergov/Denvergov - LicenseHearings: Test Cases/Denvergov/Denvergov - LicenseHearings FAILED because (of) (Stack trace: com.kms.katalon.core.exception.StepFailedException: Unable to click on object 'Object Repository/Page_E  L Public Hearing Schedule/BusinessName_Liquor' (Root cause: com.kms.katalon.core.webui.exception.WebElementNotFoundException: Web element with id: 'Object Repository/Page_E  L Public Hearing Schedule/BusinessName_Liquor' located by 'By.xpath: id("Liquor")/table[@class="table table-striped table-hover"]/tbody[1]/tr[@class="actionable"]/td[@class="limit-width"][count(. | //td[@data-bind = 'text: BusinessName']) = count(//td[@data-bind = 'text: BusinessName'])]' not found)
	at com.kms.katalon.core.keyword.internal.KeywordMain.stepFailed(KeywordMain.groovy:36)
	at com.kms.katalon.core.webui.keyword.internal.WebUIKeywordMain.stepFailed(WebUIKeywordMain.groovy:65)
	at com.kms.katalon.core.webui.keyword.internal.WebUIKeywordMain.runKeyword(WebUIKeywordMain.groovy:27)
	at com.kms.katalon.core.webui.keyword.builtin.ClickKeyword.click(ClickKeyword.groovy:86)
	at com.kms.katalon.core.webui.keyword.builtin.ClickKeyword.execute(ClickKeyword.groovy:67)
	at com.kms.katalon.core.keyword.internal.KeywordExecutor.executeKeywordForPlatform(KeywordExecutor.groovy:53)
	at com.kms.katalon.core.webui.keyword.WebUiBuiltInKeywords.click(WebUiBuiltInKeywords.groovy:616)
	at com.kms.katalon.core.webui.keyword.WebUiBuiltInKeywords$click$4.call(Unknown Source)
	at org.codehaus.groovy.runtime.callsite.CallSiteArray.defaultCall(CallSiteArray.java:48)
	at org.codehaus.groovy.runtime.callsite.AbstractCallSite.call(AbstractCallSite.java:113)
	at org.codehaus.groovy.runtime.callsite.AbstractCallSite.call(AbstractCallSite.java:125)
	at Script1540231019546.run(Script1540231019546.groovy:20)
	at com.kms.katalon.core.main.ScriptEngine.run(ScriptEngine.java:183)
	at com.kms.katalon.core.main.ScriptEngine.runScriptAsRawText(ScriptEngine.java:108)
	at com.kms.katalon.core.main.TestCaseExecutor.runScript(TestCaseExecutor.java:294)
	at com.kms.katalon.core.main.TestCaseExecutor.doExecute(TestCaseExecutor.java:285)
	at com.kms.katalon.core.main.TestCaseExecutor.processExecutionPhase(TestCaseExecutor.java:264)
	at com.kms.katalon.core.main.TestCaseExecutor.accessMainPhase(TestCaseExecutor.java:256)
	at com.kms.katalon.core.main.TestCaseExecutor.execute(TestCaseExecutor.java:200)
	at com.kms.katalon.core.main.TestSuiteExecutor.accessTestCaseMainPhase(TestSuiteExecutor.java:129)
	at com.kms.katalon.core.main.TestSuiteExecutor.accessTestSuiteMainPhase(TestSuiteExecutor.java:112)
	at com.kms.katalon.core.main.TestSuiteExecutor.execute(TestSuiteExecutor.java:81)
	at com.kms.katalon.core.main.TestCaseMain.startTestSuite(TestCaseMain.java:142)
	at com.kms.katalon.core.main.TestCaseMain$startTestSuite$0.call(Unknown Source)
	at org.codehaus.groovy.runtime.callsite.CallSiteArray.defaultCall(CallSiteArray.java:48)
	at org.codehaus.groovy.runtime.callsite.AbstractCallSite.call(AbstractCallSite.java:113)
	at org.codehaus.groovy.runtime.callsite.AbstractCallSite.call(AbstractCallSite.java:141)
	at TempTestSuite1540995830397.run(TempTestSuite1540995830397.groovy:36)
	at groovy.lang.GroovyShell.runScriptOrMainOrTestOrRunnable(GroovyShell.java:263)
	at groovy.lang.GroovyShell.run(GroovyShell.java:518)
	at groovy.lang.GroovyShell.run(GroovyShell.java:507)
	at groovy.ui.GroovyMain.processOnce(GroovyMain.java:653)
	at groovy.ui.GroovyMain.run(GroovyMain.java:384)
	at groovy.ui.GroovyMain.process(GroovyMain.java:370)
	at groovy.ui.GroovyMain.processArgs(GroovyMain.java:129)
	at groovy.ui.GroovyMain.main(GroovyMain.java:109)
	at sun.reflect.NativeMethodAccessorImpl.invoke0(Native Method)
	at sun.reflect.NativeMethodAccessorImpl.invoke(NativeMethodAccessorImpl.java:62)
	at sun.reflect.DelegatingMethodAccessorImpl.invoke(DelegatingMethodAccessorImpl.java:43)
	at java.lang.reflect.Method.invoke(Method.java:498)
	at org.codehaus.groovy.tools.GroovyStarter.rootLoader(GroovyStarter.java:109)
	at org.codehaus.groovy.tools.GroovyStarter.main(GroovyStarter.java:131)
)

2018-10-31 08:26:26 - [TEST_STEP][PASSED] - navigateToUrl: Navigate to 'https://www.denvergov.org/licensehearings' successfully

2018-10-31 08:26:29 - [MESSAGE][PASSED] - Navigate to 'https://www.denvergov.org/licensehearings' successfully

2018-10-31 08:26:29 - [TEST_STEP][PASSED] - waitForElementPresent: Object 'Object Repository/Page_E  L Public Hearing Schedule/BusinessName_Liquor' is not present after 10 second(s)

2018-10-31 08:26:39 - [MESSAGE][WARNING] - Object 'Object Repository/Page_E  L Public Hearing Schedule/BusinessName_Liquor' is not present after 10 second(s)

2018-10-31 08:26:39 - [TEST_STEP][FAILED] - click: Unable to click on object 'Object Repository/Page_E  L Public Hearing Schedule/BusinessName_Liquor' (Root cause: com.kms.katalon.core.webui.exception.WebElementNotFoundException: Web element with id: 'Object Repository/Page_E  L Public Hearing Schedule/BusinessName_Liquor' located by 'By.xpath: id("Liquor")/table[@class="table table-striped table-hover"]/tbody[1]/tr[@class="actionable"]/td[@class="limit-width"][count(. | //td[@data-bind = 'text: BusinessName']) = count(//td[@data-bind = 'text: BusinessName'])]' not found)

2018-10-31 08:27:11 - [MESSAGE][FAILED] - Unable to click on object 'Object Repository/Page_E  L Public Hearing Schedule/BusinessName_Liquor' (Root cause: com.kms.katalon.core.webui.exception.WebElementNotFoundException: Web element with id: 'Object Repository/Page_E  L Public Hearing Schedule/BusinessName_Liquor' located by 'By.xpath: id("Liquor")/table[@class="table table-striped table-hover"]/tbody[1]/tr[@class="actionable"]/td[@class="limit-width"][count(. | //td[@data-bind = 'text: BusinessName']) = count(//td[@data-bind = 'text: BusinessName'])]' not found)
[[ATTACHMENT|C:\\Users\\134527\\git\\CCD Prod Validation\\Reports\\Denvergov\\20181031_082350\\1540996030743.png]]]]></system-out>
         <system-err><![CDATA[2018-10-31 08:26:26 - [TEST_CASE][FAILED] - Test Cases/Denvergov/Denvergov - LicenseHearings: Test Cases/Denvergov/Denvergov - LicenseHearings FAILED because (of) (Stack trace: com.kms.katalon.core.exception.StepFailedException: Unable to click on object 'Object Repository/Page_E  L Public Hearing Schedule/BusinessName_Liquor' (Root cause: com.kms.katalon.core.webui.exception.WebElementNotFoundException: Web element with id: 'Object Repository/Page_E  L Public Hearing Schedule/BusinessName_Liquor' located by 'By.xpath: id("Liquor")/table[@class="table table-striped table-hover"]/tbody[1]/tr[@class="actionable"]/td[@class="limit-width"][count(. | //td[@data-bind = 'text: BusinessName']) = count(//td[@data-bind = 'text: BusinessName'])]' not found)
	at com.kms.katalon.core.keyword.internal.KeywordMain.stepFailed(KeywordMain.groovy:36)
	at com.kms.katalon.core.webui.keyword.internal.WebUIKeywordMain.stepFailed(WebUIKeywordMain.groovy:65)
	at com.kms.katalon.core.webui.keyword.internal.WebUIKeywordMain.runKeyword(WebUIKeywordMain.groovy:27)
	at com.kms.katalon.core.webui.keyword.builtin.ClickKeyword.click(ClickKeyword.groovy:86)
	at com.kms.katalon.core.webui.keyword.builtin.ClickKeyword.execute(ClickKeyword.groovy:67)
	at com.kms.katalon.core.keyword.internal.KeywordExecutor.executeKeywordForPlatform(KeywordExecutor.groovy:53)
	at com.kms.katalon.core.webui.keyword.WebUiBuiltInKeywords.click(WebUiBuiltInKeywords.groovy:616)
	at com.kms.katalon.core.webui.keyword.WebUiBuiltInKeywords$click$4.call(Unknown Source)
	at org.codehaus.groovy.runtime.callsite.CallSiteArray.defaultCall(CallSiteArray.java:48)
	at org.codehaus.groovy.runtime.callsite.AbstractCallSite.call(AbstractCallSite.java:113)
	at org.codehaus.groovy.runtime.callsite.AbstractCallSite.call(AbstractCallSite.java:125)
	at Script1540231019546.run(Script1540231019546.groovy:20)
	at com.kms.katalon.core.main.ScriptEngine.run(ScriptEngine.java:183)
	at com.kms.katalon.core.main.ScriptEngine.runScriptAsRawText(ScriptEngine.java:108)
	at com.kms.katalon.core.main.TestCaseExecutor.runScript(TestCaseExecutor.java:294)
	at com.kms.katalon.core.main.TestCaseExecutor.doExecute(TestCaseExecutor.java:285)
	at com.kms.katalon.core.main.TestCaseExecutor.processExecutionPhase(TestCaseExecutor.java:264)
	at com.kms.katalon.core.main.TestCaseExecutor.accessMainPhase(TestCaseExecutor.java:256)
	at com.kms.katalon.core.main.TestCaseExecutor.execute(TestCaseExecutor.java:200)
	at com.kms.katalon.core.main.TestSuiteExecutor.accessTestCaseMainPhase(TestSuiteExecutor.java:129)
	at com.kms.katalon.core.main.TestSuiteExecutor.accessTestSuiteMainPhase(TestSuiteExecutor.java:112)
	at com.kms.katalon.core.main.TestSuiteExecutor.execute(TestSuiteExecutor.java:81)
	at com.kms.katalon.core.main.TestCaseMain.startTestSuite(TestCaseMain.java:142)
	at com.kms.katalon.core.main.TestCaseMain$startTestSuite$0.call(Unknown Source)
	at org.codehaus.groovy.runtime.callsite.CallSiteArray.defaultCall(CallSiteArray.java:48)
	at org.codehaus.groovy.runtime.callsite.AbstractCallSite.call(AbstractCallSite.java:113)
	at org.codehaus.groovy.runtime.callsite.AbstractCallSite.call(AbstractCallSite.java:141)
	at TempTestSuite1540995830397.run(TempTestSuite1540995830397.groovy:36)
	at groovy.lang.GroovyShell.runScriptOrMainOrTestOrRunnable(GroovyShell.java:263)
	at groovy.lang.GroovyShell.run(GroovyShell.java:518)
	at groovy.lang.GroovyShell.run(GroovyShell.java:507)
	at groovy.ui.GroovyMain.processOnce(GroovyMain.java:653)
	at groovy.ui.GroovyMain.run(GroovyMain.java:384)
	at groovy.ui.GroovyMain.process(GroovyMain.java:370)
	at groovy.ui.GroovyMain.processArgs(GroovyMain.java:129)
	at groovy.ui.GroovyMain.main(GroovyMain.java:109)
	at sun.reflect.NativeMethodAccessorImpl.invoke0(Native Method)
	at sun.reflect.NativeMethodAccessorImpl.invoke(NativeMethodAccessorImpl.java:62)
	at sun.reflect.DelegatingMethodAccessorImpl.invoke(DelegatingMethodAccessorImpl.java:43)
	at java.lang.reflect.Method.invoke(Method.java:498)
	at org.codehaus.groovy.tools.GroovyStarter.rootLoader(GroovyStarter.java:109)
	at org.codehaus.groovy.tools.GroovyStarter.main(GroovyStarter.java:131)
)]]></system-err>
      </testcase>
      <testcase name="Test Cases/Denvergov/Denvergov - RecyclingDirectory" classname="Test Cases/Denvergov/Denvergov - RecyclingDirectory" status="PASSED">
         <system-out><![CDATA[2018-10-31 08:27:11 - [TEST_CASE][PASSED] - Test Cases/Denvergov/Denvergov - RecyclingDirectory: Test Cases/Denvergov/Denvergov - RecyclingDirectory

2018-10-31 08:27:11 - [TEST_STEP][PASSED] - navigateToUrl: Navigate to 'https://www.denvergov.org/content/denvergov/en/trash-and-recycling/recycling/recycling-directory-dropoff-locations.html' successfully

2018-10-31 08:27:13 - [MESSAGE][PASSED] - Navigate to 'https://www.denvergov.org/content/denvergov/en/trash-and-recycling/recycling/recycling-directory-dropoff-locations.html' successfully

2018-10-31 08:27:13 - [TEST_STEP][PASSED] - setText: Text 'plastic' is set on object 'Object Repository/Page_Recycling Directory  Dropoff L/inputrow-input-0'

2018-10-31 08:27:14 - [MESSAGE][PASSED] - Text 'plastic' is set on object 'Object Repository/Page_Recycling Directory  Dropoff L/inputrow-input-0'

2018-10-31 08:27:14 - [TEST_STEP][PASSED] - click: Object: 'Object Repository/Page_Recycling Directory  Dropoff L/a_Search' is clicked on

2018-10-31 08:27:14 - [MESSAGE][PASSED] - Object: 'Object Repository/Page_Recycling Directory  Dropoff L/a_Search' is clicked on]]></system-out>
         <system-err><![CDATA[]]></system-err>
      </testcase>
      <testcase name="Test Cases/Denvergov/Denvergov - DIAPayments" classname="Test Cases/Denvergov/Denvergov - DIAPayments" status="PASSED">
         <system-out><![CDATA[2018-10-31 08:27:14 - [TEST_CASE][PASSED] - Test Cases/Denvergov/Denvergov - DIAPayments: Test Cases/Denvergov/Denvergov - DIAPayments

2018-10-31 08:27:14 - [TEST_STEP][PASSED] - navigateToUrl: Navigate to 'https://www.denvergov.org/payments/dia/vendors' successfully

2018-10-31 08:27:15 - [MESSAGE][PASSED] - Navigate to 'https://www.denvergov.org/payments/dia/vendors' successfully

2018-10-31 08:27:15 - [TEST_STEP][PASSED] - click: Object: 'Object Repository/Page_DEN Payments/div_Pay by customer code' is clicked on

2018-10-31 08:27:15 - [MESSAGE][PASSED] - Object: 'Object Repository/Page_DEN Payments/div_Pay by customer code' is clicked on

2018-10-31 08:27:15 - [TEST_STEP][PASSED] - waitForElementVisible: Object 'Object Repository/Page_DEN Payments/button_I accept' is visible

2018-10-31 08:27:15 - [MESSAGE][PASSED] - Object 'Object Repository/Page_DEN Payments/button_I accept' is visible

2018-10-31 08:27:15 - [TEST_STEP][PASSED] - click: Object: 'Object Repository/Page_DEN Payments/button_I accept' is clicked on

2018-10-31 08:27:16 - [MESSAGE][PASSED] - Object: 'Object Repository/Page_DEN Payments/button_I accept' is clicked on]]></system-out>
         <system-err><![CDATA[]]></system-err>
      </testcase>
      <testcase name="Test Cases/Denvergov/Denvergov - InmateSearch" classname="Test Cases/Denvergov/Denvergov - InmateSearch" status="PASSED">
         <system-out><![CDATA[2018-10-31 08:27:16 - [TEST_CASE][PASSED] - Test Cases/Denvergov/Denvergov - InmateSearch: Test Cases/Denvergov/Denvergov - InmateSearch

2018-10-31 08:27:16 - [TEST_STEP][PASSED] - navigateToUrl: Navigate to 'https://www.denvergov.org/inmatesearch' successfully

2018-10-31 08:27:17 - [MESSAGE][PASSED] - Navigate to 'https://www.denvergov.org/inmatesearch' successfully

2018-10-31 08:27:17 - [TEST_STEP][PASSED] - setText: Text 'smith' is set on object 'Object Repository/Page_Inmate Search/input_Search_SearchBox'

2018-10-31 08:27:17 - [MESSAGE][PASSED] - Text 'smith' is set on object 'Object Repository/Page_Inmate Search/input_Search_SearchBox'

2018-10-31 08:27:17 - [TEST_STEP][PASSED] - click: Object: 'Object Repository/Page_Inmate Search/button_Search' is clicked on

2018-10-31 08:27:17 - [MESSAGE][PASSED] - Object: 'Object Repository/Page_Inmate Search/button_Search' is clicked on

2018-10-31 08:27:17 - [TEST_STEP][PASSED] - click: Object: 'Object Repository/Page_Inmate Search/a_SMITH' is clicked on

2018-10-31 08:27:18 - [MESSAGE][PASSED] - Object: 'Object Repository/Page_Inmate Search/a_SMITH' is clicked on]]></system-out>
         <system-err><![CDATA[]]></system-err>
      </testcase>
      <testcase name="Test Cases/Denvergov/Denvergov - CouncilBills" classname="Test Cases/Denvergov/Denvergov - CouncilBills" status="PASSED">
         <system-out><![CDATA[2018-10-31 08:27:18 - [TEST_CASE][PASSED] - Test Cases/Denvergov/Denvergov - CouncilBills: Test Cases/Denvergov/Denvergov - CouncilBills

2018-10-31 08:27:18 - [TEST_STEP][PASSED] - navigateToUrl: Navigate to 'https://www.denvergov.org/councilbills' successfully

2018-10-31 08:27:24 - [MESSAGE][PASSED] - Navigate to 'https://www.denvergov.org/councilbills' successfully

2018-10-31 08:27:24 - [TEST_STEP][PASSED] - setText: Text 'Denver' is set on object 'Object Repository/Page_Home  Application/input_Subject or Keyword_subje'

2018-10-31 08:27:31 - [MESSAGE][PASSED] - Text 'Denver' is set on object 'Object Repository/Page_Home  Application/input_Subject or Keyword_subje'

2018-10-31 08:27:31 - [TEST_STEP][PASSED] - click: Object: 'Object Repository/Page_Home  Application/button_Search' is clicked on

2018-10-31 08:27:31 - [MESSAGE][PASSED] - Object: 'Object Repository/Page_Home  Application/button_Search' is clicked on

2018-10-31 08:27:31 - [TEST_STEP][PASSED] - click: Object: 'Object Repository/Page_Results  Application/div_Series2008-209R' is clicked on

2018-10-31 08:27:37 - [MESSAGE][PASSED] - Object: 'Object Repository/Page_Results  Application/div_Series2008-209R' is clicked on]]></system-out>
         <system-err><![CDATA[]]></system-err>
      </testcase>
      <testcase name="Test Cases/Denvergov/Denvergov - VoterRegistration" classname="Test Cases/Denvergov/Denvergov - VoterRegistration" status="PASSED">
         <system-out><![CDATA[2018-10-31 08:27:37 - [TEST_CASE][PASSED] - Test Cases/Denvergov/Denvergov - VoterRegistration: Test Cases/Denvergov/Denvergov - VoterRegistration

2018-10-31 08:27:37 - [TEST_STEP][PASSED] - navigateToUrl: Navigate to 'https://www.denvergov.org/content/denvergov/en/denver-elections-divison.html' successfully

2018-10-31 08:27:38 - [MESSAGE][PASSED] - Navigate to 'https://www.denvergov.org/content/denvergov/en/denver-elections-divison.html' successfully

2018-10-31 08:27:38 - [TEST_STEP][PASSED] - Statement - titleWindow = com.kms.katalon.core.webui.keyword.WebUiBuiltInKeywords.getWindowTitle(): Current window's title is: 'Denver Elections Division | DenverGov.org'

2018-10-31 08:27:38 - [MESSAGE][PASSED] - Current window's title is: 'Denver Elections Division | DenverGov.org'

2018-10-31 08:27:38 - [TEST_STEP][PASSED] - verifyMatch: Actual text 'Denver Elections Division | DenverGov.org' and expected text 'Denver Elections Division | DenverGov.org' are matched 

2018-10-31 08:27:38 - [MESSAGE][PASSED] - Actual text 'Denver Elections Division | DenverGov.org' and expected text 'Denver Elections Division | DenverGov.org' are matched]]></system-out>
         <system-err><![CDATA[]]></system-err>
      </testcase>
      <testcase name="Test Cases/Denvergov/Denvergov - ParkCitations" classname="Test Cases/Denvergov/Denvergov - ParkCitations" status="PASSED">
         <system-out><![CDATA[2018-10-31 08:27:38 - [TEST_CASE][PASSED] - Test Cases/Denvergov/Denvergov - ParkCitations: Test Cases/Denvergov/Denvergov - ParkCitations

2018-10-31 08:27:38 - [TEST_STEP][PASSED] - navigateToUrl: Navigate to 'https://www.denvergov.org/parkcitations' successfully

2018-10-31 08:27:40 - [MESSAGE][PASSED] - Navigate to 'https://www.denvergov.org/parkcitations' successfully

2018-10-31 08:27:40 - [TEST_STEP][PASSED] - click: Object: 'Object Repository/Page_Pay Park Citations/button_Submit' is clicked on

2018-10-31 08:27:40 - [MESSAGE][PASSED] - Object: 'Object Repository/Page_Pay Park Citations/button_Submit' is clicked on]]></system-out>
         <system-err><![CDATA[]]></system-err>
      </testcase>
      <testcase name="Test Cases/Denvergov/Denvergov - CSAHearingsMediation" classname="Test Cases/Denvergov/Denvergov - CSAHearingsMediation" status="PASSED">
         <system-out><![CDATA[2018-10-31 08:27:40 - [TEST_CASE][PASSED] - Test Cases/Denvergov/Denvergov - CSAHearingsMediation: Test Cases/Denvergov/Denvergov - CSAHearingsMediation

2018-10-31 08:27:41 - [TEST_STEP][PASSED] - navigateToUrl: Navigate to 'https://www.denvergov.org/content/denvergov/en/grievances-hearings-and-appeals/Mediations.html' successfully

2018-10-31 08:27:42 - [MESSAGE][PASSED] - Navigate to 'https://www.denvergov.org/content/denvergov/en/grievances-hearings-and-appeals/Mediations.html' successfully]]></system-out>
         <system-err><![CDATA[]]></system-err>
      </testcase>
      <testcase name="Test Cases/Denvergov/Denvergov - WaitlistEL" classname="Test Cases/Denvergov/Denvergov - WaitlistEL" status="PASSED">
         <system-out><![CDATA[2018-10-31 08:27:42 - [TEST_CASE][PASSED] - Test Cases/Denvergov/Denvergov - WaitlistEL: Test Cases/Denvergov/Denvergov - WaitlistEL

2018-10-31 08:27:42 - [TEST_STEP][PASSED] - navigateToUrl: Navigate to 'https://www.denvergov.org/content/denvergov/en/denver-business-licensing-center.html' successfully

2018-10-31 08:27:43 - [MESSAGE][PASSED] - Navigate to 'https://www.denvergov.org/content/denvergov/en/denver-business-licensing-center.html' successfully

2018-10-31 08:27:43 - [TEST_STEP][PASSED] - click: Object: 'Object Repository/Page_Business Licensing Center/div_x     Community Input Requ' is clicked on

2018-10-31 08:27:43 - [MESSAGE][PASSED] - Object: 'Object Repository/Page_Business Licensing Center/div_x     Community Input Requ' is clicked on

2018-10-31 08:27:43 - [TEST_STEP][PASSED] - click: Object: 'Object Repository/Page_Business Licensing Center/img' is clicked on

2018-10-31 08:27:44 - [MESSAGE][PASSED] - Object: 'Object Repository/Page_Business Licensing Center/img' is clicked on]]></system-out>
         <system-err><![CDATA[]]></system-err>
      </testcase>
      <testcase name="Test Cases/Denvergov/Denvergov - ElectionResults" classname="Test Cases/Denvergov/Denvergov - ElectionResults" status="PASSED">
         <system-out><![CDATA[2018-10-31 08:27:44 - [TEST_CASE][PASSED] - Test Cases/Denvergov/Denvergov - ElectionResults: Test Cases/Denvergov/Denvergov - ElectionResults

2018-10-31 08:27:44 - [TEST_STEP][PASSED] - navigateToUrl: Navigate to 'https://www.denvergov.org/electionresults' successfully

2018-10-31 08:27:45 - [MESSAGE][PASSED] - Navigate to 'https://www.denvergov.org/electionresults' successfully

2018-10-31 08:27:45 - [TEST_STEP][PASSED] - click: Object: 'Object Repository/Page_Denver Election Results/button_Select an election' is clicked on

2018-10-31 08:27:46 - [MESSAGE][PASSED] - Object: 'Object Repository/Page_Denver Election Results/button_Select an election' is clicked on]]></system-out>
         <system-err><![CDATA[]]></system-err>
      </testcase>
      <testcase name="Test Cases/Denvergov/Denvergov - PoliceRecords" classname="Test Cases/Denvergov/Denvergov - PoliceRecords" status="PASSED">
         <system-out><![CDATA[2018-10-31 08:27:46 - [TEST_CASE][PASSED] - Test Cases/Denvergov/Denvergov - PoliceRecords: Test Cases/Denvergov/Denvergov - PoliceRecords

2018-10-31 08:27:46 - [TEST_STEP][PASSED] - navigateToUrl: Navigate to 'https://www.denvergov.org/content/denvergov/en/police-department/records/request-records-online.html' successfully

2018-10-31 08:27:47 - [MESSAGE][PASSED] - Navigate to 'https://www.denvergov.org/content/denvergov/en/police-department/records/request-records-online.html' successfully

2018-10-31 08:27:47 - [TEST_STEP][PASSED] - setText: Text 'Test' is set on object 'Object Repository/Page_request-records-online/input_First Name_firstName'

2018-10-31 08:27:48 - [MESSAGE][PASSED] - Text 'Test' is set on object 'Object Repository/Page_request-records-online/input_First Name_firstName']]></system-out>
         <system-err><![CDATA[]]></system-err>
      </testcase>
      <testcase name="Test Cases/Denvergov/Denvergov - ArtsVenues-AdvancedDeposit" classname="Test Cases/Denvergov/Denvergov - ArtsVenues-AdvancedDeposit" status="FAILED">
         <failure type="FAILED" message="(Stack trace: com.kms.katalon.core.exception.StepFailedException: Unable to set text 'Test' of object 'Object Repository/Page_Arts and Venues Advanced Depos/input__RESULT_TextField-0' (Root cause: com.kms.katalon.core.webui.exception.WebElementNotFoundException: Web element with id: 'Object Repository/Page_Arts and Venues Advanced Depos/input__RESULT_TextField-0' located by 'By.xpath: //*[@id = 'RESULT_TextField-0']' not found)
	at com.kms.katalon.core.keyword.internal.KeywordMain.stepFailed(KeywordMain.groovy:36)
	at com.kms.katalon.core.webui.keyword.internal.WebUIKeywordMain.stepFailed(WebUIKeywordMain.groovy:65)
	at com.kms.katalon.core.webui.keyword.internal.WebUIKeywordMain.runKeyword(WebUIKeywordMain.groovy:27)
	at com.kms.katalon.core.webui.keyword.builtin.SetTextKeyword.setText(SetTextKeyword.groovy:65)
	at com.kms.katalon.core.webui.keyword.builtin.SetTextKeyword.execute(SetTextKeyword.groovy:37)
	at com.kms.katalon.core.keyword.internal.KeywordExecutor.executeKeywordForPlatform(KeywordExecutor.groovy:53)
	at com.kms.katalon.core.webui.keyword.WebUiBuiltInKeywords.setText(WebUiBuiltInKeywords.groovy:950)
	at com.kms.katalon.core.webui.keyword.WebUiBuiltInKeywords$setText$3.call(Unknown Source)
	at org.codehaus.groovy.runtime.callsite.CallSiteArray.defaultCall(CallSiteArray.java:48)
	at org.codehaus.groovy.runtime.callsite.AbstractCallSite.call(AbstractCallSite.java:113)
	at org.codehaus.groovy.runtime.callsite.AbstractCallSite.call(AbstractCallSite.java:133)
	at Script1539957724407.run(Script1539957724407.groovy:20)
	at com.kms.katalon.core.main.ScriptEngine.run(ScriptEngine.java:183)
	at com.kms.katalon.core.main.ScriptEngine.runScriptAsRawText(ScriptEngine.java:108)
	at com.kms.katalon.core.main.TestCaseExecutor.runScript(TestCaseExecutor.java:294)
	at com.kms.katalon.core.main.TestCaseExecutor.doExecute(TestCaseExecutor.java:285)
	at com.kms.katalon.core.main.TestCaseExecutor.processExecutionPhase(TestCaseExecutor.java:264)
	at com.kms.katalon.core.main.TestCaseExecutor.accessMainPhase(TestCaseExecutor.java:256)
	at com.kms.katalon.core.main.TestCaseExecutor.execute(TestCaseExecutor.java:200)
	at com.kms.katalon.core.main.TestSuiteExecutor.accessTestCaseMainPhase(TestSuiteExecutor.java:129)
	at com.kms.katalon.core.main.TestSuiteExecutor.accessTestSuiteMainPhase(TestSuiteExecutor.java:112)
	at com.kms.katalon.core.main.TestSuiteExecutor.execute(TestSuiteExecutor.java:81)
	at com.kms.katalon.core.main.TestCaseMain.startTestSuite(TestCaseMain.java:142)
	at com.kms.katalon.core.main.TestCaseMain$startTestSuite$0.call(Unknown Source)
	at org.codehaus.groovy.runtime.callsite.CallSiteArray.defaultCall(CallSiteArray.java:48)
	at org.codehaus.groovy.runtime.callsite.AbstractCallSite.call(AbstractCallSite.java:113)
	at org.codehaus.groovy.runtime.callsite.AbstractCallSite.call(AbstractCallSite.java:141)
	at TempTestSuite1540995830397.run(TempTestSuite1540995830397.groovy:36)
	at groovy.lang.GroovyShell.runScriptOrMainOrTestOrRunnable(GroovyShell.java:263)
	at groovy.lang.GroovyShell.run(GroovyShell.java:518)
	at groovy.lang.GroovyShell.run(GroovyShell.java:507)
	at groovy.ui.GroovyMain.processOnce(GroovyMain.java:653)
	at groovy.ui.GroovyMain.run(GroovyMain.java:384)
	at groovy.ui.GroovyMain.process(GroovyMain.java:370)
	at groovy.ui.GroovyMain.processArgs(GroovyMain.java:129)
	at groovy.ui.GroovyMain.main(GroovyMain.java:109)
	at sun.reflect.NativeMethodAccessorImpl.invoke0(Native Method)
	at sun.reflect.NativeMethodAccessorImpl.invoke(NativeMethodAccessorImpl.java:62)
	at sun.reflect.DelegatingMethodAccessorImpl.invoke(DelegatingMethodAccessorImpl.java:43)
	at java.lang.reflect.Method.invoke(Method.java:498)
	at org.codehaus.groovy.tools.GroovyStarter.rootLoader(GroovyStarter.java:109)
	at org.codehaus.groovy.tools.GroovyStarter.main(GroovyStarter.java:131)
)"/>
         <system-out><![CDATA[2018-10-31 08:27:48 - [TEST_CASE][FAILED] - Test Cases/Denvergov/Denvergov - ArtsVenues-AdvancedDeposit: Test Cases/Denvergov/Denvergov - ArtsVenues-AdvancedDeposit FAILED because (of) (Stack trace: com.kms.katalon.core.exception.StepFailedException: Unable to set text 'Test' of object 'Object Repository/Page_Arts and Venues Advanced Depos/input__RESULT_TextField-0' (Root cause: com.kms.katalon.core.webui.exception.WebElementNotFoundException: Web element with id: 'Object Repository/Page_Arts and Venues Advanced Depos/input__RESULT_TextField-0' located by 'By.xpath: //*[@id = 'RESULT_TextField-0']' not found)
	at com.kms.katalon.core.keyword.internal.KeywordMain.stepFailed(KeywordMain.groovy:36)
	at com.kms.katalon.core.webui.keyword.internal.WebUIKeywordMain.stepFailed(WebUIKeywordMain.groovy:65)
	at com.kms.katalon.core.webui.keyword.internal.WebUIKeywordMain.runKeyword(WebUIKeywordMain.groovy:27)
	at com.kms.katalon.core.webui.keyword.builtin.SetTextKeyword.setText(SetTextKeyword.groovy:65)
	at com.kms.katalon.core.webui.keyword.builtin.SetTextKeyword.execute(SetTextKeyword.groovy:37)
	at com.kms.katalon.core.keyword.internal.KeywordExecutor.executeKeywordForPlatform(KeywordExecutor.groovy:53)
	at com.kms.katalon.core.webui.keyword.WebUiBuiltInKeywords.setText(WebUiBuiltInKeywords.groovy:950)
	at com.kms.katalon.core.webui.keyword.WebUiBuiltInKeywords$setText$3.call(Unknown Source)
	at org.codehaus.groovy.runtime.callsite.CallSiteArray.defaultCall(CallSiteArray.java:48)
	at org.codehaus.groovy.runtime.callsite.AbstractCallSite.call(AbstractCallSite.java:113)
	at org.codehaus.groovy.runtime.callsite.AbstractCallSite.call(AbstractCallSite.java:133)
	at Script1539957724407.run(Script1539957724407.groovy:20)
	at com.kms.katalon.core.main.ScriptEngine.run(ScriptEngine.java:183)
	at com.kms.katalon.core.main.ScriptEngine.runScriptAsRawText(ScriptEngine.java:108)
	at com.kms.katalon.core.main.TestCaseExecutor.runScript(TestCaseExecutor.java:294)
	at com.kms.katalon.core.main.TestCaseExecutor.doExecute(TestCaseExecutor.java:285)
	at com.kms.katalon.core.main.TestCaseExecutor.processExecutionPhase(TestCaseExecutor.java:264)
	at com.kms.katalon.core.main.TestCaseExecutor.accessMainPhase(TestCaseExecutor.java:256)
	at com.kms.katalon.core.main.TestCaseExecutor.execute(TestCaseExecutor.java:200)
	at com.kms.katalon.core.main.TestSuiteExecutor.accessTestCaseMainPhase(TestSuiteExecutor.java:129)
	at com.kms.katalon.core.main.TestSuiteExecutor.accessTestSuiteMainPhase(TestSuiteExecutor.java:112)
	at com.kms.katalon.core.main.TestSuiteExecutor.execute(TestSuiteExecutor.java:81)
	at com.kms.katalon.core.main.TestCaseMain.startTestSuite(TestCaseMain.java:142)
	at com.kms.katalon.core.main.TestCaseMain$startTestSuite$0.call(Unknown Source)
	at org.codehaus.groovy.runtime.callsite.CallSiteArray.defaultCall(CallSiteArray.java:48)
	at org.codehaus.groovy.runtime.callsite.AbstractCallSite.call(AbstractCallSite.java:113)
	at org.codehaus.groovy.runtime.callsite.AbstractCallSite.call(AbstractCallSite.java:141)
	at TempTestSuite1540995830397.run(TempTestSuite1540995830397.groovy:36)
	at groovy.lang.GroovyShell.runScriptOrMainOrTestOrRunnable(GroovyShell.java:263)
	at groovy.lang.GroovyShell.run(GroovyShell.java:518)
	at groovy.lang.GroovyShell.run(GroovyShell.java:507)
	at groovy.ui.GroovyMain.processOnce(GroovyMain.java:653)
	at groovy.ui.GroovyMain.run(GroovyMain.java:384)
	at groovy.ui.GroovyMain.process(GroovyMain.java:370)
	at groovy.ui.GroovyMain.processArgs(GroovyMain.java:129)
	at groovy.ui.GroovyMain.main(GroovyMain.java:109)
	at sun.reflect.NativeMethodAccessorImpl.invoke0(Native Method)
	at sun.reflect.NativeMethodAccessorImpl.invoke(NativeMethodAccessorImpl.java:62)
	at sun.reflect.DelegatingMethodAccessorImpl.invoke(DelegatingMethodAccessorImpl.java:43)
	at java.lang.reflect.Method.invoke(Method.java:498)
	at org.codehaus.groovy.tools.GroovyStarter.rootLoader(GroovyStarter.java:109)
	at org.codehaus.groovy.tools.GroovyStarter.main(GroovyStarter.java:131)
)

2018-10-31 08:27:49 - [TEST_STEP][PASSED] - navigateToUrl: Navigate to 'https://www.denvergov.org/content/denvergov/en/city-of-denver-home/online-services-center/arts-and-venues-advanced-deposit.html' successfully

2018-10-31 08:27:49 - [MESSAGE][PASSED] - Navigate to 'https://www.denvergov.org/content/denvergov/en/city-of-denver-home/online-services-center/arts-and-venues-advanced-deposit.html' successfully

2018-10-31 08:27:49 - [TEST_STEP][PASSED] - switchToFrame: Switched to iframe: 'Object Repository/Page_Arts and Venues Advanced Depos/iframe_Arts and Venues Advance'

2018-10-31 08:27:49 - [TEST_STEP][FAILED] - setText: Unable to set text 'Test' of object 'Object Repository/Page_Arts and Venues Advanced Depos/input__RESULT_TextField-0' (Root cause: com.kms.katalon.core.webui.exception.WebElementNotFoundException: Web element with id: 'Object Repository/Page_Arts and Venues Advanced Depos/input__RESULT_TextField-0' located by 'By.xpath: //*[@id = 'RESULT_TextField-0']' not found)

2018-10-31 08:28:21 - [MESSAGE][FAILED] - Unable to set text 'Test' of object 'Object Repository/Page_Arts and Venues Advanced Depos/input__RESULT_TextField-0' (Root cause: com.kms.katalon.core.webui.exception.WebElementNotFoundException: Web element with id: 'Object Repository/Page_Arts and Venues Advanced Depos/input__RESULT_TextField-0' located by 'By.xpath: //*[@id = 'RESULT_TextField-0']' not found)
[[ATTACHMENT|C:\\Users\\134527\\git\\CCD Prod Validation\\Reports\\Denvergov\\20181031_082350\\1540996100959.png]]]]></system-out>
         <system-err><![CDATA[2018-10-31 08:27:48 - [TEST_CASE][FAILED] - Test Cases/Denvergov/Denvergov - ArtsVenues-AdvancedDeposit: Test Cases/Denvergov/Denvergov - ArtsVenues-AdvancedDeposit FAILED because (of) (Stack trace: com.kms.katalon.core.exception.StepFailedException: Unable to set text 'Test' of object 'Object Repository/Page_Arts and Venues Advanced Depos/input__RESULT_TextField-0' (Root cause: com.kms.katalon.core.webui.exception.WebElementNotFoundException: Web element with id: 'Object Repository/Page_Arts and Venues Advanced Depos/input__RESULT_TextField-0' located by 'By.xpath: //*[@id = 'RESULT_TextField-0']' not found)
	at com.kms.katalon.core.keyword.internal.KeywordMain.stepFailed(KeywordMain.groovy:36)
	at com.kms.katalon.core.webui.keyword.internal.WebUIKeywordMain.stepFailed(WebUIKeywordMain.groovy:65)
	at com.kms.katalon.core.webui.keyword.internal.WebUIKeywordMain.runKeyword(WebUIKeywordMain.groovy:27)
	at com.kms.katalon.core.webui.keyword.builtin.SetTextKeyword.setText(SetTextKeyword.groovy:65)
	at com.kms.katalon.core.webui.keyword.builtin.SetTextKeyword.execute(SetTextKeyword.groovy:37)
	at com.kms.katalon.core.keyword.internal.KeywordExecutor.executeKeywordForPlatform(KeywordExecutor.groovy:53)
	at com.kms.katalon.core.webui.keyword.WebUiBuiltInKeywords.setText(WebUiBuiltInKeywords.groovy:950)
	at com.kms.katalon.core.webui.keyword.WebUiBuiltInKeywords$setText$3.call(Unknown Source)
	at org.codehaus.groovy.runtime.callsite.CallSiteArray.defaultCall(CallSiteArray.java:48)
	at org.codehaus.groovy.runtime.callsite.AbstractCallSite.call(AbstractCallSite.java:113)
	at org.codehaus.groovy.runtime.callsite.AbstractCallSite.call(AbstractCallSite.java:133)
	at Script1539957724407.run(Script1539957724407.groovy:20)
	at com.kms.katalon.core.main.ScriptEngine.run(ScriptEngine.java:183)
	at com.kms.katalon.core.main.ScriptEngine.runScriptAsRawText(ScriptEngine.java:108)
	at com.kms.katalon.core.main.TestCaseExecutor.runScript(TestCaseExecutor.java:294)
	at com.kms.katalon.core.main.TestCaseExecutor.doExecute(TestCaseExecutor.java:285)
	at com.kms.katalon.core.main.TestCaseExecutor.processExecutionPhase(TestCaseExecutor.java:264)
	at com.kms.katalon.core.main.TestCaseExecutor.accessMainPhase(TestCaseExecutor.java:256)
	at com.kms.katalon.core.main.TestCaseExecutor.execute(TestCaseExecutor.java:200)
	at com.kms.katalon.core.main.TestSuiteExecutor.accessTestCaseMainPhase(TestSuiteExecutor.java:129)
	at com.kms.katalon.core.main.TestSuiteExecutor.accessTestSuiteMainPhase(TestSuiteExecutor.java:112)
	at com.kms.katalon.core.main.TestSuiteExecutor.execute(TestSuiteExecutor.java:81)
	at com.kms.katalon.core.main.TestCaseMain.startTestSuite(TestCaseMain.java:142)
	at com.kms.katalon.core.main.TestCaseMain$startTestSuite$0.call(Unknown Source)
	at org.codehaus.groovy.runtime.callsite.CallSiteArray.defaultCall(CallSiteArray.java:48)
	at org.codehaus.groovy.runtime.callsite.AbstractCallSite.call(AbstractCallSite.java:113)
	at org.codehaus.groovy.runtime.callsite.AbstractCallSite.call(AbstractCallSite.java:141)
	at TempTestSuite1540995830397.run(TempTestSuite1540995830397.groovy:36)
	at groovy.lang.GroovyShell.runScriptOrMainOrTestOrRunnable(GroovyShell.java:263)
	at groovy.lang.GroovyShell.run(GroovyShell.java:518)
	at groovy.lang.GroovyShell.run(GroovyShell.java:507)
	at groovy.ui.GroovyMain.processOnce(GroovyMain.java:653)
	at groovy.ui.GroovyMain.run(GroovyMain.java:384)
	at groovy.ui.GroovyMain.process(GroovyMain.java:370)
	at groovy.ui.GroovyMain.processArgs(GroovyMain.java:129)
	at groovy.ui.GroovyMain.main(GroovyMain.java:109)
	at sun.reflect.NativeMethodAccessorImpl.invoke0(Native Method)
	at sun.reflect.NativeMethodAccessorImpl.invoke(NativeMethodAccessorImpl.java:62)
	at sun.reflect.DelegatingMethodAccessorImpl.invoke(DelegatingMethodAccessorImpl.java:43)
	at java.lang.reflect.Method.invoke(Method.java:498)
	at org.codehaus.groovy.tools.GroovyStarter.rootLoader(GroovyStarter.java:109)
	at org.codehaus.groovy.tools.GroovyStarter.main(GroovyStarter.java:131)
)]]></system-err>
      </testcase>
      <testcase name="Test Cases/Denvergov/Denvergov - eForclosure" classname="Test Cases/Denvergov/Denvergov - eForclosure" status="PASSED">
         <system-out><![CDATA[2018-10-31 08:28:21 - [TEST_CASE][PASSED] - Test Cases/Denvergov/Denvergov - eForclosure: Test Cases/Denvergov/Denvergov - eForclosure

2018-10-31 08:28:21 - [TEST_STEP][PASSED] - navigateToUrl: Navigate to 'https://www.denvergov.org/ForeclosurePortal/Home.aspx/Search' successfully

2018-10-31 08:28:22 - [MESSAGE][PASSED] - Navigate to 'https://www.denvergov.org/ForeclosurePortal/Home.aspx/Search' successfully

2018-10-31 08:28:22 - [TEST_STEP][PASSED] - click: Object: 'Object Repository/Page_Search/a_Search' is clicked on

2018-10-31 08:28:22 - [MESSAGE][PASSED] - Object: 'Object Repository/Page_Search/a_Search' is clicked on]]></system-out>
         <system-err><![CDATA[]]></system-err>
      </testcase>
      <testcase name="Test Cases/Denvergov/Denvergov - ElectionArchive" classname="Test Cases/Denvergov/Denvergov - ElectionArchive" status="PASSED">
         <system-out><![CDATA[2018-10-31 08:28:22 - [TEST_CASE][PASSED] - Test Cases/Denvergov/Denvergov - ElectionArchive: Test Cases/Denvergov/Denvergov - ElectionArchive

2018-10-31 08:28:22 - [TEST_STEP][PASSED] - navigateToUrl: Navigate to 'https://www.denvergov.org/content/denvergov/en/denver-elections-divison/election-archives-and-maps/elections-data-and-maps.html' successfully

2018-10-31 08:28:23 - [MESSAGE][PASSED] - Navigate to 'https://www.denvergov.org/content/denvergov/en/denver-elections-divison/election-archives-and-maps/elections-data-and-maps.html' successfully

2018-10-31 08:28:23 - [TEST_STEP][PASSED] - getWindowTitle: Current window's title is: 'Denver Elections Division | Data & Records | Historical Election Results & Maps'

2018-10-31 08:28:23 - [MESSAGE][PASSED] - Current window's title is: 'Denver Elections Division | Data & Records | Historical Election Results & Maps']]></system-out>
         <system-err><![CDATA[]]></system-err>
      </testcase>
      <testcase name="Test Cases/Denvergov/Denvergov - BuldingPermitStatus" classname="Test Cases/Denvergov/Denvergov - BuldingPermitStatus" status="PASSED">
         <system-out><![CDATA[2018-10-31 08:28:23 - [TEST_CASE][PASSED] - Test Cases/Denvergov/Denvergov - BuldingPermitStatus: Test Cases/Denvergov/Denvergov - BuldingPermitStatus

2018-10-31 08:28:23 - [TEST_STEP][PASSED] - navigateToUrl: Navigate to 'https://www.denvergov.org/buildingpermitstatus' successfully

2018-10-31 08:28:24 - [MESSAGE][PASSED] - Navigate to 'https://www.denvergov.org/buildingpermitstatus' successfully

2018-10-31 08:28:24 - [TEST_STEP][PASSED] - setText: Text '2017-LOG-0000920' is set on object 'Object Repository/Page_Building Permit Status/input_Enter your log number_tx'

2018-10-31 08:28:24 - [MESSAGE][PASSED] - Text '2017-LOG-0000920' is set on object 'Object Repository/Page_Building Permit Status/input_Enter your log number_tx'

2018-10-31 08:28:24 - [TEST_STEP][PASSED] - click: Object: 'Object Repository/Page_Building Permit Status/button_Search' is clicked on

2018-10-31 08:28:24 - [MESSAGE][PASSED] - Object: 'Object Repository/Page_Building Permit Status/button_Search' is clicked on

2018-10-31 08:28:24 - [TEST_STEP][PASSED] - verifyElementVisible: Object 'Object Repository/Page_Building Permit Status/h2_Project Log Number 2017-LOG' is visible

2018-10-31 08:28:25 - [MESSAGE][PASSED] - Object 'Object Repository/Page_Building Permit Status/h2_Project Log Number 2017-LOG' is visible]]></system-out>
         <system-err><![CDATA[]]></system-err>
      </testcase>
      <testcase name="Test Cases/Denvergov/Denvergov - TieBookSearch" classname="Test Cases/Denvergov/Denvergov - TieBookSearch" status="PASSED">
         <system-out><![CDATA[2018-10-31 08:28:25 - [TEST_CASE][PASSED] - Test Cases/Denvergov/Denvergov - TieBookSearch: Test Cases/Denvergov/Denvergov - TieBookSearch

2018-10-31 08:28:25 - [TEST_STEP][PASSED] - navigateToUrl: Navigate to 'https://www.denvergov.org/tiebooksearch' successfully

2018-10-31 08:28:27 - [MESSAGE][PASSED] - Navigate to 'https://www.denvergov.org/tiebooksearch' successfully

2018-10-31 08:28:27 - [TEST_STEP][PASSED] - setText: Text 'Broadway' is set on object 'Object Repository/Page_Tie Book Search/input_NorthSouth Street Name_n'

2018-10-31 08:28:27 - [MESSAGE][PASSED] - Text 'Broadway' is set on object 'Object Repository/Page_Tie Book Search/input_NorthSouth Street Name_n'

2018-10-31 08:28:27 - [TEST_STEP][PASSED] - setText: Text 'Colfax' is set on object 'Object Repository/Page_Tie Book Search/input_EastWest Avenue Name_eas'

2018-10-31 08:28:27 - [MESSAGE][PASSED] - Text 'Colfax' is set on object 'Object Repository/Page_Tie Book Search/input_EastWest Avenue Name_eas'

2018-10-31 08:28:27 - [TEST_STEP][PASSED] - click: Object: 'Object Repository/Page_Tie Book Search/button_Search' is clicked on

2018-10-31 08:28:30 - [MESSAGE][PASSED] - Object: 'Object Repository/Page_Tie Book Search/button_Search' is clicked on

2018-10-31 08:28:30 - [TEST_STEP][PASSED] - click: Object: 'Object Repository/Page_Tie Book Search Results/h3_Results' is clicked on

2018-10-31 08:28:30 - [MESSAGE][PASSED] - Object: 'Object Repository/Page_Tie Book Search Results/h3_Results' is clicked on]]></system-out>
         <system-err><![CDATA[]]></system-err>
      </testcase>
      <testcase name="Test Cases/Denvergov/Denvergov - PoliceClasses" classname="Test Cases/Denvergov/Denvergov - PoliceClasses" status="PASSED">
         <system-out><![CDATA[2018-10-31 08:28:30 - [TEST_CASE][PASSED] - Test Cases/Denvergov/Denvergov - PoliceClasses: Test Cases/Denvergov/Denvergov - PoliceClasses

2018-10-31 08:28:30 - [TEST_STEP][PASSED] - navigateToUrl: Navigate to 'https://www.denvergov.org/apps4/policeclasses/' successfully

2018-10-31 08:28:31 - [MESSAGE][PASSED] - Navigate to 'https://www.denvergov.org/apps4/policeclasses/' successfully

2018-10-31 08:28:31 - [TEST_STEP][PASSED] - click: Object: 'Object Repository/Page_Denver Police Academy/input_Denver Police Department' is clicked on

2018-10-31 08:28:31 - [MESSAGE][PASSED] - Object: 'Object Repository/Page_Denver Police Academy/input_Denver Police Department' is clicked on

2018-10-31 08:28:31 - [TEST_STEP][PASSED] - click: Object: 'Object Repository/Page_Denver Police Academy/input__PCController1ctl00btnLo' is clicked on

2018-10-31 08:28:31 - [MESSAGE][PASSED] - Object: 'Object Repository/Page_Denver Police Academy/input__PCController1ctl00btnLo' is clicked on]]></system-out>
         <system-err><![CDATA[]]></system-err>
      </testcase>
      <testcase name="Test Cases/Denvergov/Denvergov - Waitlist" classname="Test Cases/Denvergov/Denvergov - Waitlist" status="PASSED">
         <system-out><![CDATA[2018-10-31 08:28:31 - [TEST_CASE][PASSED] - Test Cases/Denvergov/Denvergov - Waitlist: Test Cases/Denvergov/Denvergov - Waitlist

2018-10-31 08:28:31 - [TEST_STEP][PASSED] - navigateToUrl: Navigate to 'https://www.denvergov.org/content/denvergov/en/denver-office-of-the-clerk-and-recorder.html' successfully

2018-10-31 08:28:33 - [MESSAGE][PASSED] - Navigate to 'https://www.denvergov.org/content/denvergov/en/denver-office-of-the-clerk-and-recorder.html' successfully

2018-10-31 08:28:33 - [TEST_STEP][PASSED] - Statement - title = com.kms.katalon.core.webui.keyword.WebUiBuiltInKeywords.getWindowTitle(): Current window's title is: 'Office of the Clerk and Recorder'

2018-10-31 08:28:33 - [MESSAGE][PASSED] - Current window's title is: 'Office of the Clerk and Recorder'

2018-10-31 08:28:33 - [TEST_STEP][PASSED] - verifyMatch: Actual text 'Office of the Clerk and Recorder' and expected text 'Office of the Clerk and Recorder' are matched 

2018-10-31 08:28:33 - [MESSAGE][PASSED] - Actual text 'Office of the Clerk and Recorder' and expected text 'Office of the Clerk and Recorder' are matched]]></system-out>
         <system-err><![CDATA[]]></system-err>
      </testcase>
      <testcase name="Test Cases/Denvergov/Denvergov - CompostSignup" classname="Test Cases/Denvergov/Denvergov - CompostSignup" status="FAILED">
         <failure type="FAILED" message="(Stack trace: com.kms.katalon.core.exception.StepFailedException: Unable to click on object 'Object Repository/Page_Home  Application/button_Search' (Root cause: com.kms.katalon.core.webui.exception.WebElementNotFoundException: Web element with id: 'Object Repository/Page_Home  Application/button_Search' located by 'By.xpath: //*[@id = 'btnSearch' and (text() = 'Search' or . = 'Search')]' not found)
	at com.kms.katalon.core.keyword.internal.KeywordMain.stepFailed(KeywordMain.groovy:36)
	at com.kms.katalon.core.webui.keyword.internal.WebUIKeywordMain.stepFailed(WebUIKeywordMain.groovy:65)
	at com.kms.katalon.core.webui.keyword.internal.WebUIKeywordMain.runKeyword(WebUIKeywordMain.groovy:27)
	at com.kms.katalon.core.webui.keyword.builtin.ClickKeyword.click(ClickKeyword.groovy:86)
	at com.kms.katalon.core.webui.keyword.builtin.ClickKeyword.execute(ClickKeyword.groovy:67)
	at com.kms.katalon.core.keyword.internal.KeywordExecutor.executeKeywordForPlatform(KeywordExecutor.groovy:53)
	at com.kms.katalon.core.webui.keyword.WebUiBuiltInKeywords.click(WebUiBuiltInKeywords.groovy:616)
	at com.kms.katalon.core.webui.keyword.WebUiBuiltInKeywords$click$4.call(Unknown Source)
	at org.codehaus.groovy.runtime.callsite.CallSiteArray.defaultCall(CallSiteArray.java:48)
	at org.codehaus.groovy.runtime.callsite.AbstractCallSite.call(AbstractCallSite.java:113)
	at org.codehaus.groovy.runtime.callsite.AbstractCallSite.call(AbstractCallSite.java:125)
	at Script1539975566882.run(Script1539975566882.groovy:29)
	at com.kms.katalon.core.main.ScriptEngine.run(ScriptEngine.java:183)
	at com.kms.katalon.core.main.ScriptEngine.runScriptAsRawText(ScriptEngine.java:108)
	at com.kms.katalon.core.main.TestCaseExecutor.runScript(TestCaseExecutor.java:294)
	at com.kms.katalon.core.main.TestCaseExecutor.doExecute(TestCaseExecutor.java:285)
	at com.kms.katalon.core.main.TestCaseExecutor.processExecutionPhase(TestCaseExecutor.java:264)
	at com.kms.katalon.core.main.TestCaseExecutor.accessMainPhase(TestCaseExecutor.java:256)
	at com.kms.katalon.core.main.TestCaseExecutor.execute(TestCaseExecutor.java:200)
	at com.kms.katalon.core.main.TestSuiteExecutor.accessTestCaseMainPhase(TestSuiteExecutor.java:129)
	at com.kms.katalon.core.main.TestSuiteExecutor.accessTestSuiteMainPhase(TestSuiteExecutor.java:112)
	at com.kms.katalon.core.main.TestSuiteExecutor.execute(TestSuiteExecutor.java:81)
	at com.kms.katalon.core.main.TestCaseMain.startTestSuite(TestCaseMain.java:142)
	at com.kms.katalon.core.main.TestCaseMain$startTestSuite$0.call(Unknown Source)
	at org.codehaus.groovy.runtime.callsite.CallSiteArray.defaultCall(CallSiteArray.java:48)
	at org.codehaus.groovy.runtime.callsite.AbstractCallSite.call(AbstractCallSite.java:113)
	at org.codehaus.groovy.runtime.callsite.AbstractCallSite.call(AbstractCallSite.java:141)
	at TempTestSuite1540995830397.run(TempTestSuite1540995830397.groovy:36)
	at groovy.lang.GroovyShell.runScriptOrMainOrTestOrRunnable(GroovyShell.java:263)
	at groovy.lang.GroovyShell.run(GroovyShell.java:518)
	at groovy.lang.GroovyShell.run(GroovyShell.java:507)
	at groovy.ui.GroovyMain.processOnce(GroovyMain.java:653)
	at groovy.ui.GroovyMain.run(GroovyMain.java:384)
	at groovy.ui.GroovyMain.process(GroovyMain.java:370)
	at groovy.ui.GroovyMain.processArgs(GroovyMain.java:129)
	at groovy.ui.GroovyMain.main(GroovyMain.java:109)
	at sun.reflect.NativeMethodAccessorImpl.invoke0(Native Method)
	at sun.reflect.NativeMethodAccessorImpl.invoke(NativeMethodAccessorImpl.java:62)
	at sun.reflect.DelegatingMethodAccessorImpl.invoke(DelegatingMethodAccessorImpl.java:43)
	at java.lang.reflect.Method.invoke(Method.java:498)
	at org.codehaus.groovy.tools.GroovyStarter.rootLoader(GroovyStarter.java:109)
	at org.codehaus.groovy.tools.GroovyStarter.main(GroovyStarter.java:131)
)"/>
         <system-out><![CDATA[2018-10-31 08:28:33 - [TEST_CASE][FAILED] - Test Cases/Denvergov/Denvergov - CompostSignup: Test Cases/Denvergov/Denvergov - CompostSignup FAILED because (of) (Stack trace: com.kms.katalon.core.exception.StepFailedException: Unable to click on object 'Object Repository/Page_Home  Application/button_Search' (Root cause: com.kms.katalon.core.webui.exception.WebElementNotFoundException: Web element with id: 'Object Repository/Page_Home  Application/button_Search' located by 'By.xpath: //*[@id = 'btnSearch' and (text() = 'Search' or . = 'Search')]' not found)
	at com.kms.katalon.core.keyword.internal.KeywordMain.stepFailed(KeywordMain.groovy:36)
	at com.kms.katalon.core.webui.keyword.internal.WebUIKeywordMain.stepFailed(WebUIKeywordMain.groovy:65)
	at com.kms.katalon.core.webui.keyword.internal.WebUIKeywordMain.runKeyword(WebUIKeywordMain.groovy:27)
	at com.kms.katalon.core.webui.keyword.builtin.ClickKeyword.click(ClickKeyword.groovy:86)
	at com.kms.katalon.core.webui.keyword.builtin.ClickKeyword.execute(ClickKeyword.groovy:67)
	at com.kms.katalon.core.keyword.internal.KeywordExecutor.executeKeywordForPlatform(KeywordExecutor.groovy:53)
	at com.kms.katalon.core.webui.keyword.WebUiBuiltInKeywords.click(WebUiBuiltInKeywords.groovy:616)
	at com.kms.katalon.core.webui.keyword.WebUiBuiltInKeywords$click$4.call(Unknown Source)
	at org.codehaus.groovy.runtime.callsite.CallSiteArray.defaultCall(CallSiteArray.java:48)
	at org.codehaus.groovy.runtime.callsite.AbstractCallSite.call(AbstractCallSite.java:113)
	at org.codehaus.groovy.runtime.callsite.AbstractCallSite.call(AbstractCallSite.java:125)
	at Script1539975566882.run(Script1539975566882.groovy:29)
	at com.kms.katalon.core.main.ScriptEngine.run(ScriptEngine.java:183)
	at com.kms.katalon.core.main.ScriptEngine.runScriptAsRawText(ScriptEngine.java:108)
	at com.kms.katalon.core.main.TestCaseExecutor.runScript(TestCaseExecutor.java:294)
	at com.kms.katalon.core.main.TestCaseExecutor.doExecute(TestCaseExecutor.java:285)
	at com.kms.katalon.core.main.TestCaseExecutor.processExecutionPhase(TestCaseExecutor.java:264)
	at com.kms.katalon.core.main.TestCaseExecutor.accessMainPhase(TestCaseExecutor.java:256)
	at com.kms.katalon.core.main.TestCaseExecutor.execute(TestCaseExecutor.java:200)
	at com.kms.katalon.core.main.TestSuiteExecutor.accessTestCaseMainPhase(TestSuiteExecutor.java:129)
	at com.kms.katalon.core.main.TestSuiteExecutor.accessTestSuiteMainPhase(TestSuiteExecutor.java:112)
	at com.kms.katalon.core.main.TestSuiteExecutor.execute(TestSuiteExecutor.java:81)
	at com.kms.katalon.core.main.TestCaseMain.startTestSuite(TestCaseMain.java:142)
	at com.kms.katalon.core.main.TestCaseMain$startTestSuite$0.call(Unknown Source)
	at org.codehaus.groovy.runtime.callsite.CallSiteArray.defaultCall(CallSiteArray.java:48)
	at org.codehaus.groovy.runtime.callsite.AbstractCallSite.call(AbstractCallSite.java:113)
	at org.codehaus.groovy.runtime.callsite.AbstractCallSite.call(AbstractCallSite.java:141)
	at TempTestSuite1540995830397.run(TempTestSuite1540995830397.groovy:36)
	at groovy.lang.GroovyShell.runScriptOrMainOrTestOrRunnable(GroovyShell.java:263)
	at groovy.lang.GroovyShell.run(GroovyShell.java:518)
	at groovy.lang.GroovyShell.run(GroovyShell.java:507)
	at groovy.ui.GroovyMain.processOnce(GroovyMain.java:653)
	at groovy.ui.GroovyMain.run(GroovyMain.java:384)
	at groovy.ui.GroovyMain.process(GroovyMain.java:370)
	at groovy.ui.GroovyMain.processArgs(GroovyMain.java:129)
	at groovy.ui.GroovyMain.main(GroovyMain.java:109)
	at sun.reflect.NativeMethodAccessorImpl.invoke0(Native Method)
	at sun.reflect.NativeMethodAccessorImpl.invoke(NativeMethodAccessorImpl.java:62)
	at sun.reflect.DelegatingMethodAccessorImpl.invoke(DelegatingMethodAccessorImpl.java:43)
	at java.lang.reflect.Method.invoke(Method.java:498)
	at org.codehaus.groovy.tools.GroovyStarter.rootLoader(GroovyStarter.java:109)
	at org.codehaus.groovy.tools.GroovyStarter.main(GroovyStarter.java:131)
)

2018-10-31 08:28:33 - [TEST_STEP][PASSED] - navigateToUrl: Navigate to 'https://www.denvergov.org/compostsignup' successfully

2018-10-31 08:28:34 - [MESSAGE][PASSED] - Navigate to 'https://www.denvergov.org/compostsignup' successfully

2018-10-31 08:28:34 - [TEST_STEP][PASSED] - setText: Text '201' is set on object 'Object Repository/Page_Home  Application/input_Number_form-control'

2018-10-31 08:28:35 - [MESSAGE][PASSED] - Text '201' is set on object 'Object Repository/Page_Home  Application/input_Number_form-control'

2018-10-31 08:28:35 - [TEST_STEP][PASSED] - selectOptionByValue: All options with value 'W' are selected in object 'Object Repository/Page_Home  Application/select_Filter Direction......N'  using regular expression

2018-10-31 08:28:35 - [MESSAGE][PASSED] - All options with value 'W' are selected in object 'Object Repository/Page_Home  Application/select_Filter Direction......N'  using regular expression

2018-10-31 08:28:35 - [TEST_STEP][PASSED] - selectOptionByValue: All options with value 'COLFAX' are selected in object 'Object Repository/Page_Home  Application/select_Filter Street Name ....'  using regular expression

2018-10-31 08:28:46 - [MESSAGE][PASSED] - All options with value 'COLFAX' are selected in object 'Object Repository/Page_Home  Application/select_Filter Street Name ....'  using regular expression

2018-10-31 08:28:46 - [TEST_STEP][PASSED] - selectOptionByValue: All options with value 'AVE' are selected in object 'Object Repository/Page_Home  Application/select_Filter Qualifier......A'  using regular expression

2018-10-31 08:28:46 - [MESSAGE][PASSED] - All options with value 'AVE' are selected in object 'Object Repository/Page_Home  Application/select_Filter Qualifier......A'  using regular expression

2018-10-31 08:28:46 - [TEST_STEP][FAILED] - click: Unable to click on object 'Object Repository/Page_Home  Application/button_Search' (Root cause: com.kms.katalon.core.webui.exception.WebElementNotFoundException: Web element with id: 'Object Repository/Page_Home  Application/button_Search' located by 'By.xpath: //*[@id = 'btnSearch' and (text() = 'Search' or . = 'Search')]' not found)

2018-10-31 08:29:18 - [MESSAGE][FAILED] - Unable to click on object 'Object Repository/Page_Home  Application/button_Search' (Root cause: com.kms.katalon.core.webui.exception.WebElementNotFoundException: Web element with id: 'Object Repository/Page_Home  Application/button_Search' located by 'By.xpath: //*[@id = 'btnSearch' and (text() = 'Search' or . = 'Search')]' not found)
[[ATTACHMENT|C:\\Users\\134527\\git\\CCD Prod Validation\\Reports\\Denvergov\\20181031_082350\\1540996158214.png]]]]></system-out>
         <system-err><![CDATA[2018-10-31 08:28:33 - [TEST_CASE][FAILED] - Test Cases/Denvergov/Denvergov - CompostSignup: Test Cases/Denvergov/Denvergov - CompostSignup FAILED because (of) (Stack trace: com.kms.katalon.core.exception.StepFailedException: Unable to click on object 'Object Repository/Page_Home  Application/button_Search' (Root cause: com.kms.katalon.core.webui.exception.WebElementNotFoundException: Web element with id: 'Object Repository/Page_Home  Application/button_Search' located by 'By.xpath: //*[@id = 'btnSearch' and (text() = 'Search' or . = 'Search')]' not found)
	at com.kms.katalon.core.keyword.internal.KeywordMain.stepFailed(KeywordMain.groovy:36)
	at com.kms.katalon.core.webui.keyword.internal.WebUIKeywordMain.stepFailed(WebUIKeywordMain.groovy:65)
	at com.kms.katalon.core.webui.keyword.internal.WebUIKeywordMain.runKeyword(WebUIKeywordMain.groovy:27)
	at com.kms.katalon.core.webui.keyword.builtin.ClickKeyword.click(ClickKeyword.groovy:86)
	at com.kms.katalon.core.webui.keyword.builtin.ClickKeyword.execute(ClickKeyword.groovy:67)
	at com.kms.katalon.core.keyword.internal.KeywordExecutor.executeKeywordForPlatform(KeywordExecutor.groovy:53)
	at com.kms.katalon.core.webui.keyword.WebUiBuiltInKeywords.click(WebUiBuiltInKeywords.groovy:616)
	at com.kms.katalon.core.webui.keyword.WebUiBuiltInKeywords$click$4.call(Unknown Source)
	at org.codehaus.groovy.runtime.callsite.CallSiteArray.defaultCall(CallSiteArray.java:48)
	at org.codehaus.groovy.runtime.callsite.AbstractCallSite.call(AbstractCallSite.java:113)
	at org.codehaus.groovy.runtime.callsite.AbstractCallSite.call(AbstractCallSite.java:125)
	at Script1539975566882.run(Script1539975566882.groovy:29)
	at com.kms.katalon.core.main.ScriptEngine.run(ScriptEngine.java:183)
	at com.kms.katalon.core.main.ScriptEngine.runScriptAsRawText(ScriptEngine.java:108)
	at com.kms.katalon.core.main.TestCaseExecutor.runScript(TestCaseExecutor.java:294)
	at com.kms.katalon.core.main.TestCaseExecutor.doExecute(TestCaseExecutor.java:285)
	at com.kms.katalon.core.main.TestCaseExecutor.processExecutionPhase(TestCaseExecutor.java:264)
	at com.kms.katalon.core.main.TestCaseExecutor.accessMainPhase(TestCaseExecutor.java:256)
	at com.kms.katalon.core.main.TestCaseExecutor.execute(TestCaseExecutor.java:200)
	at com.kms.katalon.core.main.TestSuiteExecutor.accessTestCaseMainPhase(TestSuiteExecutor.java:129)
	at com.kms.katalon.core.main.TestSuiteExecutor.accessTestSuiteMainPhase(TestSuiteExecutor.java:112)
	at com.kms.katalon.core.main.TestSuiteExecutor.execute(TestSuiteExecutor.java:81)
	at com.kms.katalon.core.main.TestCaseMain.startTestSuite(TestCaseMain.java:142)
	at com.kms.katalon.core.main.TestCaseMain$startTestSuite$0.call(Unknown Source)
	at org.codehaus.groovy.runtime.callsite.CallSiteArray.defaultCall(CallSiteArray.java:48)
	at org.codehaus.groovy.runtime.callsite.AbstractCallSite.call(AbstractCallSite.java:113)
	at org.codehaus.groovy.runtime.callsite.AbstractCallSite.call(AbstractCallSite.java:141)
	at TempTestSuite1540995830397.run(TempTestSuite1540995830397.groovy:36)
	at groovy.lang.GroovyShell.runScriptOrMainOrTestOrRunnable(GroovyShell.java:263)
	at groovy.lang.GroovyShell.run(GroovyShell.java:518)
	at groovy.lang.GroovyShell.run(GroovyShell.java:507)
	at groovy.ui.GroovyMain.processOnce(GroovyMain.java:653)
	at groovy.ui.GroovyMain.run(GroovyMain.java:384)
	at groovy.ui.GroovyMain.process(GroovyMain.java:370)
	at groovy.ui.GroovyMain.processArgs(GroovyMain.java:129)
	at groovy.ui.GroovyMain.main(GroovyMain.java:109)
	at sun.reflect.NativeMethodAccessorImpl.invoke0(Native Method)
	at sun.reflect.NativeMethodAccessorImpl.invoke(NativeMethodAccessorImpl.java:62)
	at sun.reflect.DelegatingMethodAccessorImpl.invoke(DelegatingMethodAccessorImpl.java:43)
	at java.lang.reflect.Method.invoke(Method.java:498)
	at org.codehaus.groovy.tools.GroovyStarter.rootLoader(GroovyStarter.java:109)
	at org.codehaus.groovy.tools.GroovyStarter.main(GroovyStarter.java:131)
)]]></system-err>
      </testcase>
      <testcase name="Test Cases/Denvergov/Denvergov - SubdivisionSurveys" classname="Test Cases/Denvergov/Denvergov - SubdivisionSurveys" status="PASSED">
         <system-out><![CDATA[2018-10-31 08:29:18 - [TEST_CASE][PASSED] - Test Cases/Denvergov/Denvergov - SubdivisionSurveys: Test Cases/Denvergov/Denvergov - SubdivisionSurveys

2018-10-31 08:29:18 - [TEST_STEP][PASSED] - navigateToUrl: Navigate to 'https://www.denvergov.org/subdivisionsurveys' successfully

2018-10-31 08:29:20 - [MESSAGE][PASSED] - Navigate to 'https://www.denvergov.org/subdivisionsurveys' successfully

2018-10-31 08:29:20 - [TEST_STEP][PASSED] - setText: Text 'washington park' is set on object 'Object Repository/Page_Search for Subdivision Plats i/input_Subdivision Name_SubName'

2018-10-31 08:29:20 - [MESSAGE][PASSED] - Text 'washington park' is set on object 'Object Repository/Page_Search for Subdivision Plats i/input_Subdivision Name_SubName'

2018-10-31 08:29:20 - [TEST_STEP][PASSED] - click: Object: 'Object Repository/Page_Search for Subdivision Plats i/button_Search' is clicked on

2018-10-31 08:29:21 - [MESSAGE][PASSED] - Object: 'Object Repository/Page_Search for Subdivision Plats i/button_Search' is clicked on

2018-10-31 08:29:21 - [TEST_STEP][PASSED] - click: Object: 'Object Repository/Page_Subdivision Plats in Denver/div_WASHINGTON PARK ADDITION I' is clicked on

2018-10-31 08:29:21 - [MESSAGE][PASSED] - Object: 'Object Repository/Page_Subdivision Plats in Denver/div_WASHINGTON PARK ADDITION I' is clicked on]]></system-out>
         <system-err><![CDATA[]]></system-err>
      </testcase>
      <testcase name="Test Cases/Denvergov/Denvergov - RestaurantInspections" classname="Test Cases/Denvergov/Denvergov - RestaurantInspections" status="PASSED">
         <system-out><![CDATA[2018-10-31 08:29:21 - [TEST_CASE][PASSED] - Test Cases/Denvergov/Denvergov - RestaurantInspections: Test Cases/Denvergov/Denvergov - RestaurantInspections

2018-10-31 08:29:21 - [TEST_STEP][PASSED] - navigateToUrl: Navigate to 'https://www.denvergov.org/restaurantinspections' successfully

2018-10-31 08:29:21 - [MESSAGE][PASSED] - Navigate to 'https://www.denvergov.org/restaurantinspections' successfully

2018-10-31 08:29:21 - [TEST_STEP][PASSED] - setText: Text 'McDonalds' is set on object 'Object Repository/Page_Restaurant Health Inspection S/input_Business Name_Restaurant'

2018-10-31 08:29:22 - [MESSAGE][PASSED] - Text 'McDonalds' is set on object 'Object Repository/Page_Restaurant Health Inspection S/input_Business Name_Restaurant'

2018-10-31 08:29:22 - [TEST_STEP][PASSED] - click: Object: 'Object Repository/Page_Restaurant Health Inspection S/button_Search' is clicked on

2018-10-31 08:29:22 - [MESSAGE][PASSED] - Object: 'Object Repository/Page_Restaurant Health Inspection S/button_Search' is clicked on

2018-10-31 08:29:22 - [TEST_STEP][PASSED] - click: Object: 'Object Repository/Page_Business Results/a_McDONALDS  6201 E COLFAX AVE' is clicked on

2018-10-31 08:29:23 - [MESSAGE][PASSED] - Object: 'Object Repository/Page_Business Results/a_McDONALDS  6201 E COLFAX AVE' is clicked on]]></system-out>
         <system-err><![CDATA[]]></system-err>
      </testcase>
      <testcase name="Test Cases/Denvergov/Denvergov - Property" classname="Test Cases/Denvergov/Denvergov - Property" status="PASSED">
         <system-out><![CDATA[2018-10-31 08:29:23 - [TEST_CASE][PASSED] - Test Cases/Denvergov/Denvergov - Property: Test Cases/Denvergov/Denvergov - Property

2018-10-31 08:29:23 - [TEST_STEP][PASSED] - navigateToUrl: Navigate to 'https://www.denvergov.org/property' successfully

2018-10-31 08:29:24 - [MESSAGE][PASSED] - Navigate to 'https://www.denvergov.org/property' successfully

2018-10-31 08:29:24 - [TEST_STEP][PASSED] - setText: Text '201 w colfax ave' is set on object 'Object Repository/Page_Denver Property Taxation and A/input_Note_search'

2018-10-31 08:29:24 - [MESSAGE][PASSED] - Text '201 w colfax ave' is set on object 'Object Repository/Page_Denver Property Taxation and A/input_Note_search'

2018-10-31 08:29:24 - [TEST_STEP][PASSED] - click: Object: 'Object Repository/Page_Denver Property Taxation and A/button_Search' is clicked on

2018-10-31 08:29:24 - [MESSAGE][PASSED] - Object: 'Object Repository/Page_Denver Property Taxation and A/button_Search' is clicked on

2018-10-31 08:29:24 - [TEST_STEP][PASSED] - click: Object: 'Object Repository/Page_Denver Property Taxation and A/a_201 W COLFAX AVE' is clicked on

2018-10-31 08:29:26 - [MESSAGE][PASSED] - Object: 'Object Repository/Page_Denver Property Taxation and A/a_201 W COLFAX AVE' is clicked on

2018-10-31 08:29:26 - [TEST_STEP][PASSED] - verifyElementPresent: Object 'Object Repository/Page_201 W COLFAX AVE  160965341/h1_201 W COLFAX AVE' is present

2018-10-31 08:29:26 - [MESSAGE][PASSED] - Object 'Object Repository/Page_201 W COLFAX AVE  160965341/h1_201 W COLFAX AVE' is present]]></system-out>
         <system-err><![CDATA[]]></system-err>
      </testcase>
      <system-out><![CDATA[2018-10-31 08:23:52 - [TEST_SUITE][FAILED] - Denvergov: Test Cases/Denvergov/Denvergov - ArtsVenues-EventSettlement FAILED because (of) (Stack trace: com.kms.katalon.core.exception.StepFailedException: Unable to set text 'Test' of object 'Object Repository/Page_Arts and Venues Event Settleme/input__RESULT_TextField-0' (Root cause: com.kms.katalon.core.webui.exception.WebElementNotFoundException: Web element with id: 'Object Repository/Page_Arts and Venues Event Settleme/input__RESULT_TextField-0' located by 'By.xpath: //input[@id='RESULT_TextField-0']' not found)
	at com.kms.katalon.core.keyword.internal.KeywordMain.stepFailed(KeywordMain.groovy:36)
	at com.kms.katalon.core.webui.keyword.internal.WebUIKeywordMain.stepFailed(WebUIKeywordMain.groovy:65)
	at com.kms.katalon.core.webui.keyword.internal.WebUIKeywordMain.runKeyword(WebUIKeywordMain.groovy:27)
	at com.kms.katalon.core.webui.keyword.builtin.SetTextKeyword.setText(SetTextKeyword.groovy:65)
	at com.kms.katalon.core.webui.keyword.builtin.SetTextKeyword.execute(SetTextKeyword.groovy:37)
	at com.kms.katalon.core.keyword.internal.KeywordExecutor.executeKeywordForPlatform(KeywordExecutor.groovy:53)
	at com.kms.katalon.core.webui.keyword.WebUiBuiltInKeywords.setText(WebUiBuiltInKeywords.groovy:950)
	at com.kms.katalon.core.webui.keyword.WebUiBuiltInKeywords$setText$3.call(Unknown Source)
	at org.codehaus.groovy.runtime.callsite.CallSiteArray.defaultCall(CallSiteArray.java:48)
	at org.codehaus.groovy.runtime.callsite.AbstractCallSite.call(AbstractCallSite.java:113)
	at org.codehaus.groovy.runtime.callsite.AbstractCallSite.call(AbstractCallSite.java:133)
	at Script1540333569878.run(Script1540333569878.groovy:20)
	at com.kms.katalon.core.main.ScriptEngine.run(ScriptEngine.java:183)
	at com.kms.katalon.core.main.ScriptEngine.runScriptAsRawText(ScriptEngine.java:108)
	at com.kms.katalon.core.main.TestCaseExecutor.runScript(TestCaseExecutor.java:294)
	at com.kms.katalon.core.main.TestCaseExecutor.doExecute(TestCaseExecutor.java:285)
	at com.kms.katalon.core.main.TestCaseExecutor.processExecutionPhase(TestCaseExecutor.java:264)
	at com.kms.katalon.core.main.TestCaseExecutor.accessMainPhase(TestCaseExecutor.java:256)
	at com.kms.katalon.core.main.TestCaseExecutor.execute(TestCaseExecutor.java:200)
	at com.kms.katalon.core.main.TestSuiteExecutor.accessTestCaseMainPhase(TestSuiteExecutor.java:129)
	at com.kms.katalon.core.main.TestSuiteExecutor.accessTestSuiteMainPhase(TestSuiteExecutor.java:112)
	at com.kms.katalon.core.main.TestSuiteExecutor.execute(TestSuiteExecutor.java:81)
	at com.kms.katalon.core.main.TestCaseMain.startTestSuite(TestCaseMain.java:142)
	at com.kms.katalon.core.main.TestCaseMain$startTestSuite$0.call(Unknown Source)
	at org.codehaus.groovy.runtime.callsite.CallSiteArray.defaultCall(CallSiteArray.java:48)
	at org.codehaus.groovy.runtime.callsite.AbstractCallSite.call(AbstractCallSite.java:113)
	at org.codehaus.groovy.runtime.callsite.AbstractCallSite.call(AbstractCallSite.java:141)
	at TempTestSuite1540995830397.run(TempTestSuite1540995830397.groovy:36)
	at groovy.lang.GroovyShell.runScriptOrMainOrTestOrRunnable(GroovyShell.java:263)
	at groovy.lang.GroovyShell.run(GroovyShell.java:518)
	at groovy.lang.GroovyShell.run(GroovyShell.java:507)
	at groovy.ui.GroovyMain.processOnce(GroovyMain.java:653)
	at groovy.ui.GroovyMain.run(GroovyMain.java:384)
	at groovy.ui.GroovyMain.process(GroovyMain.java:370)
	at groovy.ui.GroovyMain.processArgs(GroovyMain.java:129)
	at groovy.ui.GroovyMain.main(GroovyMain.java:109)
	at sun.reflect.NativeMethodAccessorImpl.invoke0(Native Method)
	at sun.reflect.NativeMethodAccessorImpl.invoke(NativeMethodAccessorImpl.java:62)
	at sun.reflect.DelegatingMethodAccessorImpl.invoke(DelegatingMethodAccessorImpl.java:43)
	at java.lang.reflect.Method.invoke(Method.java:498)
	at org.codehaus.groovy.tools.GroovyStarter.rootLoader(GroovyStarter.java:109)
	at org.codehaus.groovy.tools.GroovyStarter.main(GroovyStarter.java:131)
)]]></system-out>
      <system-err><![CDATA[2018-10-31 08:23:52 - [TEST_SUITE][FAILED] - Denvergov: Test Cases/Denvergov/Denvergov - ArtsVenues-EventSettlement FAILED because (of) (Stack trace: com.kms.katalon.core.exception.StepFailedException: Unable to set text 'Test' of object 'Object Repository/Page_Arts and Venues Event Settleme/input__RESULT_TextField-0' (Root cause: com.kms.katalon.core.webui.exception.WebElementNotFoundException: Web element with id: 'Object Repository/Page_Arts and Venues Event Settleme/input__RESULT_TextField-0' located by 'By.xpath: //input[@id='RESULT_TextField-0']' not found)
	at com.kms.katalon.core.keyword.internal.KeywordMain.stepFailed(KeywordMain.groovy:36)
	at com.kms.katalon.core.webui.keyword.internal.WebUIKeywordMain.stepFailed(WebUIKeywordMain.groovy:65)
	at com.kms.katalon.core.webui.keyword.internal.WebUIKeywordMain.runKeyword(WebUIKeywordMain.groovy:27)
	at com.kms.katalon.core.webui.keyword.builtin.SetTextKeyword.setText(SetTextKeyword.groovy:65)
	at com.kms.katalon.core.webui.keyword.builtin.SetTextKeyword.execute(SetTextKeyword.groovy:37)
	at com.kms.katalon.core.keyword.internal.KeywordExecutor.executeKeywordForPlatform(KeywordExecutor.groovy:53)
	at com.kms.katalon.core.webui.keyword.WebUiBuiltInKeywords.setText(WebUiBuiltInKeywords.groovy:950)
	at com.kms.katalon.core.webui.keyword.WebUiBuiltInKeywords$setText$3.call(Unknown Source)
	at org.codehaus.groovy.runtime.callsite.CallSiteArray.defaultCall(CallSiteArray.java:48)
	at org.codehaus.groovy.runtime.callsite.AbstractCallSite.call(AbstractCallSite.java:113)
	at org.codehaus.groovy.runtime.callsite.AbstractCallSite.call(AbstractCallSite.java:133)
	at Script1540333569878.run(Script1540333569878.groovy:20)
	at com.kms.katalon.core.main.ScriptEngine.run(ScriptEngine.java:183)
	at com.kms.katalon.core.main.ScriptEngine.runScriptAsRawText(ScriptEngine.java:108)
	at com.kms.katalon.core.main.TestCaseExecutor.runScript(TestCaseExecutor.java:294)
	at com.kms.katalon.core.main.TestCaseExecutor.doExecute(TestCaseExecutor.java:285)
	at com.kms.katalon.core.main.TestCaseExecutor.processExecutionPhase(TestCaseExecutor.java:264)
	at com.kms.katalon.core.main.TestCaseExecutor.accessMainPhase(TestCaseExecutor.java:256)
	at com.kms.katalon.core.main.TestCaseExecutor.execute(TestCaseExecutor.java:200)
	at com.kms.katalon.core.main.TestSuiteExecutor.accessTestCaseMainPhase(TestSuiteExecutor.java:129)
	at com.kms.katalon.core.main.TestSuiteExecutor.accessTestSuiteMainPhase(TestSuiteExecutor.java:112)
	at com.kms.katalon.core.main.TestSuiteExecutor.execute(TestSuiteExecutor.java:81)
	at com.kms.katalon.core.main.TestCaseMain.startTestSuite(TestCaseMain.java:142)
	at com.kms.katalon.core.main.TestCaseMain$startTestSuite$0.call(Unknown Source)
	at org.codehaus.groovy.runtime.callsite.CallSiteArray.defaultCall(CallSiteArray.java:48)
	at org.codehaus.groovy.runtime.callsite.AbstractCallSite.call(AbstractCallSite.java:113)
	at org.codehaus.groovy.runtime.callsite.AbstractCallSite.call(AbstractCallSite.java:141)
	at TempTestSuite1540995830397.run(TempTestSuite1540995830397.groovy:36)
	at groovy.lang.GroovyShell.runScriptOrMainOrTestOrRunnable(GroovyShell.java:263)
	at groovy.lang.GroovyShell.run(GroovyShell.java:518)
	at groovy.lang.GroovyShell.run(GroovyShell.java:507)
	at groovy.ui.GroovyMain.processOnce(GroovyMain.java:653)
	at groovy.ui.GroovyMain.run(GroovyMain.java:384)
	at groovy.ui.GroovyMain.process(GroovyMain.java:370)
	at groovy.ui.GroovyMain.processArgs(GroovyMain.java:129)
	at groovy.ui.GroovyMain.main(GroovyMain.java:109)
	at sun.reflect.NativeMethodAccessorImpl.invoke0(Native Method)
	at sun.reflect.NativeMethodAccessorImpl.invoke(NativeMethodAccessorImpl.java:62)
	at sun.reflect.DelegatingMethodAccessorImpl.invoke(DelegatingMethodAccessorImpl.java:43)
	at java.lang.reflect.Method.invoke(Method.java:498)
	at org.codehaus.groovy.tools.GroovyStarter.rootLoader(GroovyStarter.java:109)
	at org.codehaus.groovy.tools.GroovyStarter.main(GroovyStarter.java:131)
)]]></system-err>
   </testsuite>
</testsuites>
